During startup - Warning messages:
1: Setting LC_CTYPE failed, using "C" 
2: Setting LC_COLLATE failed, using "C" 
3: Setting LC_TIME failed, using "C" 
4: Setting LC_MESSAGES failed, using "C" 
5: Setting LC_MONETARY failed, using "C" 
6: Setting LC_PAPER failed, using "C" 
7: Setting LC_MEASUREMENT failed, using "C" 
input file: /storage/zhangyanxiaoLab/suzhuojie/projects/Aging_CUT_Tag/data/samples/all/H3K27me3/bed/merge-W1000-G3000-E100.bed
output file: /storage/zhangyanxiaoLab/suzhuojie/projects/Aging_CUT_Tag/data/samples/all/H3K27me3/bed/merge-W1000-G3000-E100.saf

        ==========     _____ _    _ ____  _____  ______          _____  
        =====         / ____| |  | |  _ \|  __ \|  ____|   /\   |  __ \ 
          =====      | (___ | |  | | |_) | |__) | |__     /  \  | |  | |
            ====      \___ \| |  | |  _ <|  _  /|  __|   / /\ \ | |  | |
              ====    ____) | |__| | |_) | | \ \| |____ / ____ \| |__| |
        ==========   |_____/ \____/|____/|_|  \_\______/_/    \_\_____/
	  v2.0.1

//========================== featureCounts setting ===========================\\
||                                                                            ||
||             Input files : 8 BAM files                                      ||
||                           o LLX148_S7_L003.nodup.bam                       ||
||                           o LLX154_S2_L001.nodup.bam                       ||
||                           o LLX160_S13_L001.nodup.bam                      ||
||                           o LLX166_S36_L002.nodup.bam                      ||
||                           o LLX180_S271_L001.nodup.bam                     ||
||                           o LLX186_S118_L002.nodup.bam                     ||
||                           o LLX192_S68_L001.nodup.bam                      ||
||                           o LLX198_S33_L001.nodup.bam                      ||
||                                                                            ||
||             Output file : merge-W1000-G3000-E100.counts                    ||
||                 Summary : merge-W1000-G3000-E100.counts.summary            ||
||              Annotation : merge-W1000-G3000-E100.saf (SAF)                 ||
||      Dir for temp files : /storage/zhangyanxiaoLab/suzhuojie/projects/ ... ||
||                                                                            ||
||                 Threads : 8                                                ||
||                   Level : meta-feature level                               ||
||              Paired-end : yes                                              ||
||      Multimapping reads : not counted                                      ||
|| Multi-overlapping reads : not counted                                      ||
||   Min overlapping bases : 1                                                ||
||                                                                            ||
||          Chimeric reads : counted                                          ||
||        Both ends mapped : not required                                     ||
||                                                                            ||
\\============================================================================//

//================================= Running ==================================\\
||                                                                            ||
|| Load annotation file merge-W1000-G3000-E100.saf ...                        ||
||    Features : 25954                                                        ||
||    Meta-features : 25954                                                   ||
||    Chromosomes/contigs : 20                                                ||
||                                                                            ||
|| Process BAM file LLX148_S7_L003.nodup.bam...                               ||
||    Paired-end reads are included.                                          ||
||    Total alignments : 34636341                                             ||
||    Successfully assigned alignments : 26689743 (77.1%)                     ||
||    Running time : 0.21 minutes                                             ||
||                                                                            ||
|| Process BAM file LLX154_S2_L001.nodup.bam...                               ||
||    Paired-end reads are included.                                          ||
||    Total alignments : 22994719                                             ||
||    Successfully assigned alignments : 15331113 (66.7%)                     ||
||    Running time : 0.13 minutes                                             ||
||                                                                            ||
|| Process BAM file LLX160_S13_L001.nodup.bam...                              ||
||    Paired-end reads are included.                                          ||
||    Total alignments : 17870882                                             ||
||    Successfully assigned alignments : 13563803 (75.9%)                     ||
||    Running time : 0.12 minutes                                             ||
||                                                                            ||
|| Process BAM file LLX166_S36_L002.nodup.bam...                              ||
||    Paired-end reads are included.                                          ||
||    Total alignments : 20295045                                             ||
||    Successfully assigned alignments : 13171571 (64.9%)                     ||
||    Running time : 0.12 minutes                                             ||
||                                                                            ||
|| Process BAM file LLX180_S271_L001.nodup.bam...                             ||
||    Paired-end reads are included.                                          ||
||    Total alignments : 18220678                                             ||
||    Successfully assigned alignments : 13171068 (72.3%)                     ||
||    Running time : 0.11 minutes                                             ||
||                                                                            ||
|| Process BAM file LLX186_S118_L002.nodup.bam...                             ||
||    Paired-end reads are included.                                          ||
||    Total alignments : 19725932                                             ||
||    Successfully assigned alignments : 13628178 (69.1%)                     ||
||    Running time : 0.11 minutes                                             ||
||                                                                            ||
|| Process BAM file LLX192_S68_L001.nodup.bam...                              ||
||    Paired-end reads are included.                                          ||
||    Total alignments : 28459647                                             ||
||    Successfully assigned alignments : 21309045 (74.9%)                     ||
||    Running time : 0.17 minutes                                             ||
||                                                                            ||
|| Process BAM file LLX198_S33_L001.nodup.bam...                              ||
||    Paired-end reads are included.                                          ||
||    Total alignments : 25243967                                             ||
||    Successfully assigned alignments : 17276342 (68.4%)                     ||
||    Running time : 0.16 minutes                                             ||
||                                                                            ||
|| Write the final count table.                                               ||
|| Write the read assignment summary.                                         ||
||                                                                            ||
|| Summary of counting results can be found in file "/storage/zhangyanxiaoLa  ||
|| b/suzhuojie/projects/Aging_CUT_Tag/data/samples/all/H3K27me3/merge-W1000-  ||
|| G3000-E100.counts.summary"                                                 ||
||                                                                            ||
\\============================================================================//

During startup - Warning messages:
1: Setting LC_CTYPE failed, using "C" 
2: Setting LC_COLLATE failed, using "C" 
3: Setting LC_TIME failed, using "C" 
4: Setting LC_MESSAGES failed, using "C" 
5: Setting LC_MONETARY failed, using "C" 
6: Setting LC_PAPER failed, using "C" 
7: Setting LC_MEASUREMENT failed, using "C" 
input file: /storage/zhangyanxiaoLab/suzhuojie/projects/Aging_CUT_Tag/data/samples/all/H3K9me3/bed/merge-W1000-G3000-E100.bed
output file: /storage/zhangyanxiaoLab/suzhuojie/projects/Aging_CUT_Tag/data/samples/all/H3K9me3/bed/merge-W1000-G3000-E100.saf

        ==========     _____ _    _ ____  _____  ______          _____  
        =====         / ____| |  | |  _ \|  __ \|  ____|   /\   |  __ \ 
          =====      | (___ | |  | | |_) | |__) | |__     /  \  | |  | |
            ====      \___ \| |  | |  _ <|  _  /|  __|   / /\ \ | |  | |
              ====    ____) | |__| | |_) | | \ \| |____ / ____ \| |__| |
        ==========   |_____/ \____/|____/|_|  \_\______/_/    \_\_____/
	  v2.0.1

//========================== featureCounts setting ===========================\\
||                                                                            ||
||             Input files : 8 BAM files                                      ||
||                           o LLX145_S3_L001.nodup.bam                       ||
||                           o LLX151_S1_L001.nodup.bam                       ||
||                           o LLX157_S102_L003.nodup.bam                     ||
||                           o LLX163_S105_L003.nodup.bam                     ||
||                           o LLX177_S270_L001.nodup.bam                     ||
||                           o LLX183_S273_L001.nodup.bam                     ||
||                           o LLX189_S33_L001.nodup.bam                      ||
||                           o LLX195_S76_L003.nodup.bam                      ||
||                                                                            ||
||             Output file : merge-W1000-G3000-E100.counts                    ||
||                 Summary : merge-W1000-G3000-E100.counts.summary            ||
||              Annotation : merge-W1000-G3000-E100.saf (SAF)                 ||
||      Dir for temp files : /storage/zhangyanxiaoLab/suzhuojie/projects/ ... ||
||                                                                            ||
||                 Threads : 8                                                ||
||                   Level : meta-feature level                               ||
||              Paired-end : yes                                              ||
||      Multimapping reads : not counted                                      ||
|| Multi-overlapping reads : not counted                                      ||
||   Min overlapping bases : 1                                                ||
||                                                                            ||
||          Chimeric reads : counted                                          ||
||        Both ends mapped : not required                                     ||
||                                                                            ||
\\============================================================================//

//================================= Running ==================================\\
||                                                                            ||
|| Load annotation file merge-W1000-G3000-E100.saf ...                        ||
||    Features : 50483                                                        ||
||    Meta-features : 50483                                                   ||
||    Chromosomes/contigs : 20                                                ||
||                                                                            ||
|| Process BAM file LLX145_S3_L001.nodup.bam...                               ||
||    Paired-end reads are included.                                          ||
||    Total alignments : 26504237                                             ||
||    Successfully assigned alignments : 14277370 (53.9%)                     ||
||    Running time : 0.14 minutes                                             ||
||                                                                            ||
|| Process BAM file LLX151_S1_L001.nodup.bam...                               ||
||    Paired-end reads are included.                                          ||
||    Total alignments : 22410631                                             ||
||    Successfully assigned alignments : 11725076 (52.3%)                     ||
||    Running time : 0.12 minutes                                             ||
||                                                                            ||
|| Process BAM file LLX157_S102_L003.nodup.bam...                             ||
||    Paired-end reads are included.                                          ||
||    Total alignments : 29055952                                             ||
||    Successfully assigned alignments : 15921937 (54.8%)                     ||
||    Running time : 0.16 minutes                                             ||
||                                                                            ||
|| Process BAM file LLX163_S105_L003.nodup.bam...                             ||
||    Paired-end reads are included.                                          ||
||    Total alignments : 26073708                                             ||
||    Successfully assigned alignments : 14382686 (55.2%)                     ||
||    Running time : 0.16 minutes                                             ||
||                                                                            ||
|| Process BAM file LLX177_S270_L001.nodup.bam...                             ||
||    Paired-end reads are included.                                          ||
||    Total alignments : 24986155                                             ||
||    Successfully assigned alignments : 13421216 (53.7%)                     ||
||    Running time : 0.14 minutes                                             ||
||                                                                            ||
|| Process BAM file LLX183_S273_L001.nodup.bam...                             ||
||    Paired-end reads are included.                                          ||
||    Total alignments : 23993958                                             ||
||    Successfully assigned alignments : 12405194 (51.7%)                     ||
||    Running time : 0.13 minutes                                             ||
||                                                                            ||
|| Process BAM file LLX189_S33_L001.nodup.bam...                              ||
||    Paired-end reads are included.                                          ||
||    Total alignments : 19226608                                             ||
||    Successfully assigned alignments : 10789597 (56.1%)                     ||
||    Running time : 0.15 minutes                                             ||
||                                                                            ||
|| Process BAM file LLX195_S76_L003.nodup.bam...                              ||
||    Paired-end reads are included.                                          ||
||    Total alignments : 17729308                                             ||
||    Successfully assigned alignments : 9330809 (52.6%)                      ||
||    Running time : 0.14 minutes                                             ||
||                                                                            ||
|| Write the final count table.                                               ||
|| Write the read assignment summary.                                         ||
||                                                                            ||
|| Summary of counting results can be found in file "/storage/zhangyanxiaoLa  ||
|| b/suzhuojie/projects/Aging_CUT_Tag/data/samples/all/H3K9me3/merge-W1000-G  ||
|| 3000-E100.counts.summary"                                                  ||
||                                                                            ||
\\============================================================================//

During startup - Warning messages:
1: Setting LC_CTYPE failed, using "C" 
2: Setting LC_COLLATE failed, using "C" 
3: Setting LC_TIME failed, using "C" 
4: Setting LC_MESSAGES failed, using "C" 
5: Setting LC_MONETARY failed, using "C" 
6: Setting LC_PAPER failed, using "C" 
7: Setting LC_MEASUREMENT failed, using "C" 
input file: /storage/zhangyanxiaoLab/suzhuojie/projects/Aging_CUT_Tag/data/samples/all/H3K36me3/bed/merge-W1000-G3000-E100.bed
output file: /storage/zhangyanxiaoLab/suzhuojie/projects/Aging_CUT_Tag/data/samples/all/H3K36me3/bed/merge-W1000-G3000-E100.saf

        ==========     _____ _    _ ____  _____  ______          _____  
        =====         / ____| |  | |  _ \|  __ \|  ____|   /\   |  __ \ 
          =====      | (___ | |  | | |_) | |__) | |__     /  \  | |  | |
            ====      \___ \| |  | |  _ <|  _  /|  __|   / /\ \ | |  | |
              ====    ____) | |__| | |_) | | \ \| |____ / ____ \| |__| |
        ==========   |_____/ \____/|____/|_|  \_\______/_/    \_\_____/
	  v2.0.1

//========================== featureCounts setting ===========================\\
||                                                                            ||
||             Input files : 8 BAM files                                      ||
||                           o LLX146_S9_L004.nodup.bam                       ||
||                           o LLX152_S10_L003.nodup.bam                      ||
||                           o LLX158_S103_L003.nodup.bam                     ||
||                           o LLX164_S106_L003.nodup.bam                     ||
||                           o LLX178_S44_L004.nodup.bam                      ||
||                           o LLX184_S116_L002.nodup.bam                     ||
||                           o LLX190_S66_L001.nodup.bam                      ||
||                           o LLX196_S31_L001.nodup.bam                      ||
||                                                                            ||
||             Output file : merge-W1000-G3000-E100.counts                    ||
||                 Summary : merge-W1000-G3000-E100.counts.summary            ||
||              Annotation : merge-W1000-G3000-E100.saf (SAF)                 ||
||      Dir for temp files : /storage/zhangyanxiaoLab/suzhuojie/projects/ ... ||
||                                                                            ||
||                 Threads : 8                                                ||
||                   Level : meta-feature level                               ||
||              Paired-end : yes                                              ||
||      Multimapping reads : not counted                                      ||
|| Multi-overlapping reads : not counted                                      ||
||   Min overlapping bases : 1                                                ||
||                                                                            ||
||          Chimeric reads : counted                                          ||
||        Both ends mapped : not required                                     ||
||                                                                            ||
\\============================================================================//

//================================= Running ==================================\\
||                                                                            ||
|| Load annotation file merge-W1000-G3000-E100.saf ...                        ||
||    Features : 35480                                                        ||
||    Meta-features : 35480                                                   ||
||    Chromosomes/contigs : 20                                                ||
||                                                                            ||
|| Process BAM file LLX146_S9_L004.nodup.bam...                               ||
||    Paired-end reads are included.                                          ||
||    Total alignments : 33117431                                             ||
||    Successfully assigned alignments : 20619513 (62.3%)                     ||
||    Running time : 0.17 minutes                                             ||
||                                                                            ||
|| Process BAM file LLX152_S10_L003.nodup.bam...                              ||
||    Paired-end reads are included.                                          ||
||    Total alignments : 28590042                                             ||
||    Successfully assigned alignments : 17612172 (61.6%)                     ||
||    Running time : 0.15 minutes                                             ||
||                                                                            ||
|| Process BAM file LLX158_S103_L003.nodup.bam...                             ||
||    Paired-end reads are included.                                          ||
||    Total alignments : 30890377                                             ||
||    Successfully assigned alignments : 18391686 (59.5%)                     ||
||    Running time : 0.16 minutes                                             ||
||                                                                            ||
|| Process BAM file LLX164_S106_L003.nodup.bam...                             ||
||    Paired-end reads are included.                                          ||
||    Total alignments : 26779238                                             ||
||    Successfully assigned alignments : 14570635 (54.4%)                     ||
||    Running time : 0.15 minutes                                             ||
||                                                                            ||
|| Process BAM file LLX178_S44_L004.nodup.bam...                              ||
||    Paired-end reads are included.                                          ||
||    Total alignments : 24577568                                             ||
||    Successfully assigned alignments : 18038847 (73.4%)                     ||
||    Running time : 0.14 minutes                                             ||
||                                                                            ||
|| Process BAM file LLX184_S116_L002.nodup.bam...                             ||
||    Paired-end reads are included.                                          ||
||    Total alignments : 26720190                                             ||
||    Successfully assigned alignments : 19048775 (71.3%)                     ||
||    Running time : 0.14 minutes                                             ||
||                                                                            ||
|| Process BAM file LLX190_S66_L001.nodup.bam...                              ||
||    Paired-end reads are included.                                          ||
||    Total alignments : 28072205                                             ||
||    Successfully assigned alignments : 20423509 (72.8%)                     ||
||    Running time : 0.15 minutes                                             ||
||                                                                            ||
|| Process BAM file LLX196_S31_L001.nodup.bam...                              ||
||    Paired-end reads are included.                                          ||
||    Total alignments : 30846748                                             ||
||    Successfully assigned alignments : 21666685 (70.2%)                     ||
||    Running time : 0.17 minutes                                             ||
||                                                                            ||
|| Write the final count table.                                               ||
|| Write the read assignment summary.                                         ||
||                                                                            ||
|| Summary of counting results can be found in file "/storage/zhangyanxiaoLa  ||
|| b/suzhuojie/projects/Aging_CUT_Tag/data/samples/all/H3K36me3/merge-W1000-  ||
|| G3000-E100.counts.summary"                                                 ||
||                                                                            ||
\\============================================================================//

