normalization: RPKM
*WARNING*: read extension is smaller than read length (read length = 149). Reads will not be extended.
bamFilesList: ['/storage/zhangyanxiaoLab/suzhuojie/projects/Aging_CUT_Tag/data/samples/bladder/H3K36me3/bam/SZJ233_S27_L006.nodup.bam']
binLength: 1000
numberOfSamples: None
blackListFileName: None
skipZeroOverZero: False
bed_and_bin: False
genomeChunkSize: None
defaultFragmentLength: read length
numberOfProcessors: 30
verbose: False
region: None
bedFile: None
minMappingQuality: None
ignoreDuplicates: False
chrsToSkip: []
stepSize: 1000
center_read: False
samFlag_include: None
samFlag_exclude: None
minFragmentLength: 0
maxFragmentLength: 0
zerosToNans: False
smoothLength: 3000
save_data: False
out_file_for_raw_data: None
maxPairedFragmentLength: 1000
normalization: RPKM
*WARNING*: read extension is smaller than read length (read length = 148). Reads will not be extended.
bamFilesList: ['/storage/zhangyanxiaoLab/suzhuojie/projects/Aging_CUT_Tag/data/samples/bladder/H3K36me3/bam/SZJ239_S30_L006.nodup.bam']
binLength: 1000
numberOfSamples: None
blackListFileName: None
skipZeroOverZero: False
bed_and_bin: False
genomeChunkSize: None
defaultFragmentLength: read length
numberOfProcessors: 30
verbose: False
region: None
bedFile: None
minMappingQuality: None
ignoreDuplicates: False
chrsToSkip: []
stepSize: 1000
center_read: False
samFlag_include: None
samFlag_exclude: None
minFragmentLength: 0
maxFragmentLength: 0
zerosToNans: False
smoothLength: 3000
save_data: False
out_file_for_raw_data: None
maxPairedFragmentLength: 1000
normalization: RPKM
*WARNING*: read extension is smaller than read length (read length = 149). Reads will not be extended.
bamFilesList: ['/storage/zhangyanxiaoLab/suzhuojie/projects/Aging_CUT_Tag/data/samples/bladder/H3K36me3/bam/SZJ247_S20_L001.nodup.bam']
binLength: 1000
numberOfSamples: None
blackListFileName: None
skipZeroOverZero: False
bed_and_bin: False
genomeChunkSize: None
defaultFragmentLength: read length
numberOfProcessors: 30
verbose: False
region: None
bedFile: None
minMappingQuality: None
ignoreDuplicates: False
chrsToSkip: []
stepSize: 1000
center_read: False
samFlag_include: None
samFlag_exclude: None
minFragmentLength: 0
maxFragmentLength: 0
zerosToNans: False
smoothLength: 3000
save_data: False
out_file_for_raw_data: None
maxPairedFragmentLength: 1000
normalization: RPKM
*WARNING*: read extension is smaller than read length (read length = 147). Reads will not be extended.
bamFilesList: ['/storage/zhangyanxiaoLab/suzhuojie/projects/Aging_CUT_Tag/data/samples/bladder/H3K36me3/bam/SZJ253_S23_L001.nodup.bam']
binLength: 1000
numberOfSamples: None
blackListFileName: None
skipZeroOverZero: False
bed_and_bin: False
genomeChunkSize: None
defaultFragmentLength: read length
numberOfProcessors: 30
verbose: False
region: None
bedFile: None
minMappingQuality: None
ignoreDuplicates: False
chrsToSkip: []
stepSize: 1000
center_read: False
samFlag_include: None
samFlag_exclude: None
minFragmentLength: 0
maxFragmentLength: 0
zerosToNans: False
smoothLength: 3000
save_data: False
out_file_for_raw_data: None
maxPairedFragmentLength: 1000
normalization: RPKM
*WARNING*: read extension is smaller than read length (read length = 149). Reads will not be extended.
bamFilesList: ['/storage/zhangyanxiaoLab/suzhuojie/projects/Aging_CUT_Tag/data/samples/bladder/H3K27me3/bam/SZJ230_S122_L004.nodup.bam']
binLength: 1000
numberOfSamples: None
blackListFileName: None
skipZeroOverZero: False
bed_and_bin: False
genomeChunkSize: None
defaultFragmentLength: read length
numberOfProcessors: 30
verbose: False
region: None
bedFile: None
minMappingQuality: None
ignoreDuplicates: False
chrsToSkip: []
stepSize: 1000
center_read: False
samFlag_include: None
samFlag_exclude: None
minFragmentLength: 0
maxFragmentLength: 0
zerosToNans: False
smoothLength: 3000
save_data: False
out_file_for_raw_data: None
maxPairedFragmentLength: 1000
normalization: RPKM
*WARNING*: read extension is smaller than read length (read length = 149). Reads will not be extended.
bamFilesList: ['/storage/zhangyanxiaoLab/suzhuojie/projects/Aging_CUT_Tag/data/samples/bladder/H3K27me3/bam/SZJ236_S29_L001.nodup.bam']
binLength: 1000
numberOfSamples: None
blackListFileName: None
skipZeroOverZero: False
bed_and_bin: False
genomeChunkSize: None
defaultFragmentLength: read length
numberOfProcessors: 30
verbose: False
region: None
bedFile: None
minMappingQuality: None
ignoreDuplicates: False
chrsToSkip: []
stepSize: 1000
center_read: False
samFlag_include: None
samFlag_exclude: None
minFragmentLength: 0
maxFragmentLength: 0
zerosToNans: False
smoothLength: 3000
save_data: False
out_file_for_raw_data: None
maxPairedFragmentLength: 1000
normalization: RPKM
*WARNING*: read extension is smaller than read length (read length = 149). Reads will not be extended.
bamFilesList: ['/storage/zhangyanxiaoLab/suzhuojie/projects/Aging_CUT_Tag/data/samples/bladder/H3K27me3/bam/SZJ244_S33_L006.nodup.bam']
binLength: 1000
numberOfSamples: None
blackListFileName: None
skipZeroOverZero: False
bed_and_bin: False
genomeChunkSize: None
defaultFragmentLength: read length
numberOfProcessors: 30
verbose: False
region: None
bedFile: None
minMappingQuality: None
ignoreDuplicates: False
chrsToSkip: []
stepSize: 1000
center_read: False
samFlag_include: None
samFlag_exclude: None
minFragmentLength: 0
maxFragmentLength: 0
zerosToNans: False
smoothLength: 3000
save_data: False
out_file_for_raw_data: None
maxPairedFragmentLength: 1000
normalization: RPKM
*WARNING*: read extension is smaller than read length (read length = 149). Reads will not be extended.
bamFilesList: ['/storage/zhangyanxiaoLab/suzhuojie/projects/Aging_CUT_Tag/data/samples/bladder/H3K27me3/bam/SZJ250_S36_L006.nodup.bam']
binLength: 1000
numberOfSamples: None
blackListFileName: None
skipZeroOverZero: False
bed_and_bin: False
genomeChunkSize: None
defaultFragmentLength: read length
numberOfProcessors: 30
verbose: False
region: None
bedFile: None
minMappingQuality: None
ignoreDuplicates: False
chrsToSkip: []
stepSize: 1000
center_read: False
samFlag_include: None
samFlag_exclude: None
minFragmentLength: 0
maxFragmentLength: 0
zerosToNans: False
smoothLength: 3000
save_data: False
out_file_for_raw_data: None
maxPairedFragmentLength: 1000
normalization: RPKM
*WARNING*: read extension is smaller than read length (read length = 129). Reads will not be extended.
bamFilesList: ['/storage/zhangyanxiaoLab/suzhuojie/projects/Aging_CUT_Tag/data/samples/bladder/H3K9me3/bam/SZJ231_S123_L004.nodup.bam']
binLength: 1000
numberOfSamples: None
blackListFileName: None
skipZeroOverZero: False
bed_and_bin: False
genomeChunkSize: None
defaultFragmentLength: read length
numberOfProcessors: 30
verbose: False
region: None
bedFile: None
minMappingQuality: None
ignoreDuplicates: False
chrsToSkip: []
stepSize: 1000
center_read: False
samFlag_include: None
samFlag_exclude: None
minFragmentLength: 0
maxFragmentLength: 0
zerosToNans: False
smoothLength: 3000
save_data: False
out_file_for_raw_data: None
maxPairedFragmentLength: 1000
normalization: RPKM
*WARNING*: read extension is smaller than read length (read length = 105). Reads will not be extended.
bamFilesList: ['/storage/zhangyanxiaoLab/suzhuojie/projects/Aging_CUT_Tag/data/samples/bladder/H3K9me3/bam/SZJ237_S30_L001.nodup.bam']
binLength: 1000
numberOfSamples: None
blackListFileName: None
skipZeroOverZero: False
bed_and_bin: False
genomeChunkSize: None
defaultFragmentLength: read length
numberOfProcessors: 30
verbose: False
region: None
bedFile: None
minMappingQuality: None
ignoreDuplicates: False
chrsToSkip: []
stepSize: 1000
center_read: False
samFlag_include: None
samFlag_exclude: None
minFragmentLength: 0
maxFragmentLength: 0
zerosToNans: False
smoothLength: 3000
save_data: False
out_file_for_raw_data: None
maxPairedFragmentLength: 1000
normalization: RPKM
*WARNING*: read extension is smaller than read length (read length = 149). Reads will not be extended.
bamFilesList: ['/storage/zhangyanxiaoLab/suzhuojie/projects/Aging_CUT_Tag/data/samples/bladder/H3K9me3/bam/SZJ245_S34_L006.nodup.bam']
binLength: 1000
numberOfSamples: None
blackListFileName: None
skipZeroOverZero: False
bed_and_bin: False
genomeChunkSize: None
defaultFragmentLength: read length
numberOfProcessors: 30
verbose: False
region: None
bedFile: None
minMappingQuality: None
ignoreDuplicates: False
chrsToSkip: []
stepSize: 1000
center_read: False
samFlag_include: None
samFlag_exclude: None
minFragmentLength: 0
maxFragmentLength: 0
zerosToNans: False
smoothLength: 3000
save_data: False
out_file_for_raw_data: None
maxPairedFragmentLength: 1000
normalization: RPKM
*WARNING*: read extension is smaller than read length (read length = 148). Reads will not be extended.
bamFilesList: ['/storage/zhangyanxiaoLab/suzhuojie/projects/Aging_CUT_Tag/data/samples/bladder/H3K9me3/bam/SZJ251_S37_L006.nodup.bam']
binLength: 1000
numberOfSamples: None
blackListFileName: None
skipZeroOverZero: False
bed_and_bin: False
genomeChunkSize: None
defaultFragmentLength: read length
numberOfProcessors: 30
verbose: False
region: None
bedFile: None
minMappingQuality: None
ignoreDuplicates: False
chrsToSkip: []
stepSize: 1000
center_read: False
samFlag_include: None
samFlag_exclude: None
minFragmentLength: 0
maxFragmentLength: 0
zerosToNans: False
smoothLength: 3000
save_data: False
out_file_for_raw_data: None
maxPairedFragmentLength: 1000
normalization: RPKM
*WARNING*: read extension is smaller than read length (read length = 149). Reads will not be extended.
bamFilesList: ['/storage/zhangyanxiaoLab/suzhuojie/projects/Aging_CUT_Tag/data/samples/aorta/H3K36me3/bam/HJC_156_S75_L006.nodup.bam']
binLength: 1000
numberOfSamples: None
blackListFileName: None
skipZeroOverZero: False
bed_and_bin: False
genomeChunkSize: None
defaultFragmentLength: read length
numberOfProcessors: 30
verbose: False
region: None
bedFile: None
minMappingQuality: None
ignoreDuplicates: False
chrsToSkip: []
stepSize: 1000
center_read: False
samFlag_include: None
samFlag_exclude: None
minFragmentLength: 0
maxFragmentLength: 0
zerosToNans: False
smoothLength: 3000
save_data: False
out_file_for_raw_data: None
maxPairedFragmentLength: 1000
normalization: RPKM
*WARNING*: read extension is smaller than read length (read length = 148). Reads will not be extended.
bamFilesList: ['/storage/zhangyanxiaoLab/suzhuojie/projects/Aging_CUT_Tag/data/samples/aorta/H3K36me3/bam/HJC_162_S80_L006.nodup.bam']
binLength: 1000
numberOfSamples: None
blackListFileName: None
skipZeroOverZero: False
bed_and_bin: False
genomeChunkSize: None
defaultFragmentLength: read length
numberOfProcessors: 30
verbose: False
region: None
bedFile: None
minMappingQuality: None
ignoreDuplicates: False
chrsToSkip: []
stepSize: 1000
center_read: False
samFlag_include: None
samFlag_exclude: None
minFragmentLength: 0
maxFragmentLength: 0
zerosToNans: False
smoothLength: 3000
save_data: False
out_file_for_raw_data: None
maxPairedFragmentLength: 1000
normalization: RPKM
*WARNING*: read extension is smaller than read length (read length = 149). Reads will not be extended.
bamFilesList: ['/storage/zhangyanxiaoLab/suzhuojie/projects/Aging_CUT_Tag/data/samples/aorta/H3K36me3/bam/HJC_182_S10_L008.nodup.bam']
binLength: 1000
numberOfSamples: None
blackListFileName: None
skipZeroOverZero: False
bed_and_bin: False
genomeChunkSize: None
defaultFragmentLength: read length
numberOfProcessors: 30
verbose: False
region: None
bedFile: None
minMappingQuality: None
ignoreDuplicates: False
chrsToSkip: []
stepSize: 1000
center_read: False
samFlag_include: None
samFlag_exclude: None
minFragmentLength: 0
maxFragmentLength: 0
zerosToNans: False
smoothLength: 3000
save_data: False
out_file_for_raw_data: None
maxPairedFragmentLength: 1000
normalization: RPKM
*WARNING*: read extension is smaller than read length (read length = 149). Reads will not be extended.
bamFilesList: ['/storage/zhangyanxiaoLab/suzhuojie/projects/Aging_CUT_Tag/data/samples/aorta/H3K36me3/bam/HJC_188_S16_L008.nodup.bam']
binLength: 1000
numberOfSamples: None
blackListFileName: None
skipZeroOverZero: False
bed_and_bin: False
genomeChunkSize: None
defaultFragmentLength: read length
numberOfProcessors: 30
verbose: False
region: None
bedFile: None
minMappingQuality: None
ignoreDuplicates: False
chrsToSkip: []
stepSize: 1000
center_read: False
samFlag_include: None
samFlag_exclude: None
minFragmentLength: 0
maxFragmentLength: 0
zerosToNans: False
smoothLength: 3000
save_data: False
out_file_for_raw_data: None
maxPairedFragmentLength: 1000
normalization: RPKM
*WARNING*: read extension is smaller than read length (read length = 149). Reads will not be extended.
bamFilesList: ['/storage/zhangyanxiaoLab/suzhuojie/projects/Aging_CUT_Tag/data/samples/aorta/H3K27me3/bam/HJC_158_S76_L006.nodup.bam']
binLength: 1000
numberOfSamples: None
blackListFileName: None
skipZeroOverZero: False
bed_and_bin: False
genomeChunkSize: None
defaultFragmentLength: read length
numberOfProcessors: 30
verbose: False
region: None
bedFile: None
minMappingQuality: None
ignoreDuplicates: False
chrsToSkip: []
stepSize: 1000
center_read: False
samFlag_include: None
samFlag_exclude: None
minFragmentLength: 0
maxFragmentLength: 0
zerosToNans: False
smoothLength: 3000
save_data: False
out_file_for_raw_data: None
maxPairedFragmentLength: 1000
normalization: RPKM
*WARNING*: read extension is smaller than read length (read length = 149). Reads will not be extended.
bamFilesList: ['/storage/zhangyanxiaoLab/suzhuojie/projects/Aging_CUT_Tag/data/samples/aorta/H3K27me3/bam/HJC_164_S81_L006.nodup.bam']
binLength: 1000
numberOfSamples: None
blackListFileName: None
skipZeroOverZero: False
bed_and_bin: False
genomeChunkSize: None
defaultFragmentLength: read length
numberOfProcessors: 30
verbose: False
region: None
bedFile: None
minMappingQuality: None
ignoreDuplicates: False
chrsToSkip: []
stepSize: 1000
center_read: False
samFlag_include: None
samFlag_exclude: None
minFragmentLength: 0
maxFragmentLength: 0
zerosToNans: False
smoothLength: 3000
save_data: False
out_file_for_raw_data: None
maxPairedFragmentLength: 1000
normalization: RPKM
*WARNING*: read extension is smaller than read length (read length = 149). Reads will not be extended.
bamFilesList: ['/storage/zhangyanxiaoLab/suzhuojie/projects/Aging_CUT_Tag/data/samples/aorta/H3K27me3/bam/HJC_184_S12_L008.nodup.bam']
binLength: 1000
numberOfSamples: None
blackListFileName: None
skipZeroOverZero: False
bed_and_bin: False
genomeChunkSize: None
defaultFragmentLength: read length
numberOfProcessors: 30
verbose: False
region: None
bedFile: None
minMappingQuality: None
ignoreDuplicates: False
chrsToSkip: []
stepSize: 1000
center_read: False
samFlag_include: None
samFlag_exclude: None
minFragmentLength: 0
maxFragmentLength: 0
zerosToNans: False
smoothLength: 3000
save_data: False
out_file_for_raw_data: None
maxPairedFragmentLength: 1000
normalization: RPKM
*WARNING*: read extension is smaller than read length (read length = 149). Reads will not be extended.
bamFilesList: ['/storage/zhangyanxiaoLab/suzhuojie/projects/Aging_CUT_Tag/data/samples/aorta/H3K27me3/bam/HJC_190_S18_L008.nodup.bam']
binLength: 1000
numberOfSamples: None
blackListFileName: None
skipZeroOverZero: False
bed_and_bin: False
genomeChunkSize: None
defaultFragmentLength: read length
numberOfProcessors: 30
verbose: False
region: None
bedFile: None
minMappingQuality: None
ignoreDuplicates: False
chrsToSkip: []
stepSize: 1000
center_read: False
samFlag_include: None
samFlag_exclude: None
minFragmentLength: 0
maxFragmentLength: 0
zerosToNans: False
smoothLength: 3000
save_data: False
out_file_for_raw_data: None
maxPairedFragmentLength: 1000
normalization: RPKM
*WARNING*: read extension is smaller than read length (read length = 111). Reads will not be extended.
bamFilesList: ['/storage/zhangyanxiaoLab/suzhuojie/projects/Aging_CUT_Tag/data/samples/aorta/H3K9me3/bam/HJC_155_S74_L006.nodup.bam']
binLength: 1000
numberOfSamples: None
blackListFileName: None
skipZeroOverZero: False
bed_and_bin: False
genomeChunkSize: None
defaultFragmentLength: read length
numberOfProcessors: 30
verbose: False
region: None
bedFile: None
minMappingQuality: None
ignoreDuplicates: False
chrsToSkip: []
stepSize: 1000
center_read: False
samFlag_include: None
samFlag_exclude: None
minFragmentLength: 0
maxFragmentLength: 0
zerosToNans: False
smoothLength: 3000
save_data: False
out_file_for_raw_data: None
maxPairedFragmentLength: 1000
normalization: RPKM
*WARNING*: read extension is smaller than read length (read length = 131). Reads will not be extended.
bamFilesList: ['/storage/zhangyanxiaoLab/suzhuojie/projects/Aging_CUT_Tag/data/samples/aorta/H3K9me3/bam/HJC_161_S79_L006.nodup.bam']
binLength: 1000
numberOfSamples: None
blackListFileName: None
skipZeroOverZero: False
bed_and_bin: False
genomeChunkSize: None
defaultFragmentLength: read length
numberOfProcessors: 30
verbose: False
region: None
bedFile: None
minMappingQuality: None
ignoreDuplicates: False
chrsToSkip: []
stepSize: 1000
center_read: False
samFlag_include: None
samFlag_exclude: None
minFragmentLength: 0
maxFragmentLength: 0
zerosToNans: False
smoothLength: 3000
save_data: False
out_file_for_raw_data: None
maxPairedFragmentLength: 1000
normalization: RPKM
*WARNING*: read extension is smaller than read length (read length = 148). Reads will not be extended.
bamFilesList: ['/storage/zhangyanxiaoLab/suzhuojie/projects/Aging_CUT_Tag/data/samples/aorta/H3K9me3/bam/HJC_181_S9_L008.nodup.bam']
binLength: 1000
numberOfSamples: None
blackListFileName: None
skipZeroOverZero: False
bed_and_bin: False
genomeChunkSize: None
defaultFragmentLength: read length
numberOfProcessors: 30
verbose: False
region: None
bedFile: None
minMappingQuality: None
ignoreDuplicates: False
chrsToSkip: []
stepSize: 1000
center_read: False
samFlag_include: None
samFlag_exclude: None
minFragmentLength: 0
maxFragmentLength: 0
zerosToNans: False
smoothLength: 3000
save_data: False
out_file_for_raw_data: None
maxPairedFragmentLength: 1000
normalization: RPKM
*WARNING*: read extension is smaller than read length (read length = 148). Reads will not be extended.
bamFilesList: ['/storage/zhangyanxiaoLab/suzhuojie/projects/Aging_CUT_Tag/data/samples/aorta/H3K9me3/bam/HJC_187_S15_L008.nodup.bam']
binLength: 1000
numberOfSamples: None
blackListFileName: None
skipZeroOverZero: False
bed_and_bin: False
genomeChunkSize: None
defaultFragmentLength: read length
numberOfProcessors: 30
verbose: False
region: None
bedFile: None
minMappingQuality: None
ignoreDuplicates: False
chrsToSkip: []
stepSize: 1000
center_read: False
samFlag_include: None
samFlag_exclude: None
minFragmentLength: 0
maxFragmentLength: 0
zerosToNans: False
smoothLength: 3000
save_data: False
out_file_for_raw_data: None
maxPairedFragmentLength: 1000
normalization: RPKM
*WARNING*: read extension is smaller than read length (read length = 142). Reads will not be extended.
bamFilesList: ['/storage/zhangyanxiaoLab/suzhuojie/projects/Aging_CUT_Tag/data/samples/tongue/H3K36me3/bam/HJC_196_S4_L008.nodup.bam']
binLength: 1000
numberOfSamples: None
blackListFileName: None
skipZeroOverZero: False
bed_and_bin: False
genomeChunkSize: None
defaultFragmentLength: read length
numberOfProcessors: 30
verbose: False
region: None
bedFile: None
minMappingQuality: None
ignoreDuplicates: False
chrsToSkip: []
stepSize: 1000
center_read: False
samFlag_include: None
samFlag_exclude: None
minFragmentLength: 0
maxFragmentLength: 0
zerosToNans: False
smoothLength: 3000
save_data: False
out_file_for_raw_data: None
maxPairedFragmentLength: 1000
normalization: RPKM
*WARNING*: read extension is smaller than read length (read length = 123). Reads will not be extended.
bamFilesList: ['/storage/zhangyanxiaoLab/suzhuojie/projects/Aging_CUT_Tag/data/samples/tongue/H3K36me3/bam/HJC_202_S10_L008.nodup.bam']
binLength: 1000
numberOfSamples: None
blackListFileName: None
skipZeroOverZero: False
bed_and_bin: False
genomeChunkSize: None
defaultFragmentLength: read length
numberOfProcessors: 30
verbose: False
region: None
bedFile: None
minMappingQuality: None
ignoreDuplicates: False
chrsToSkip: []
stepSize: 1000
center_read: False
samFlag_include: None
samFlag_exclude: None
minFragmentLength: 0
maxFragmentLength: 0
zerosToNans: False
smoothLength: 3000
save_data: False
out_file_for_raw_data: None
maxPairedFragmentLength: 1000
normalization: RPKM
*WARNING*: read extension is smaller than read length (read length = 148). Reads will not be extended.
bamFilesList: ['/storage/zhangyanxiaoLab/suzhuojie/projects/Aging_CUT_Tag/data/samples/tongue/H3K36me3/bam/HJC_210_S51_L005.nodup.bam']
binLength: 1000
numberOfSamples: None
blackListFileName: None
skipZeroOverZero: False
bed_and_bin: False
genomeChunkSize: None
defaultFragmentLength: read length
numberOfProcessors: 30
verbose: False
region: None
bedFile: None
minMappingQuality: None
ignoreDuplicates: False
chrsToSkip: []
stepSize: 1000
center_read: False
samFlag_include: None
samFlag_exclude: None
minFragmentLength: 0
maxFragmentLength: 0
zerosToNans: False
smoothLength: 3000
save_data: False
out_file_for_raw_data: None
maxPairedFragmentLength: 1000
normalization: RPKM
bamFilesList: ['/storage/zhangyanxiaoLab/suzhuojie/projects/Aging_CUT_Tag/data/samples/tongue/H3K36me3/bam/HJC_216_S57_L005.nodup.bam']
binLength: 1000
numberOfSamples: None
blackListFileName: None
skipZeroOverZero: False
bed_and_bin: False
genomeChunkSize: None
defaultFragmentLength: 100
numberOfProcessors: 30
verbose: False
region: None
bedFile: None
minMappingQuality: None
ignoreDuplicates: False
chrsToSkip: []
stepSize: 1000
center_read: False
samFlag_include: None
samFlag_exclude: None
minFragmentLength: 0
maxFragmentLength: 0
zerosToNans: False
smoothLength: 3000
save_data: False
out_file_for_raw_data: None
maxPairedFragmentLength: 400
normalization: RPKM
*WARNING*: read extension is smaller than read length (read length = 149). Reads will not be extended.
bamFilesList: ['/storage/zhangyanxiaoLab/suzhuojie/projects/Aging_CUT_Tag/data/samples/tongue/H3K27me3/bam/HJC_198_S6_L008.nodup.bam']
binLength: 1000
numberOfSamples: None
blackListFileName: None
skipZeroOverZero: False
bed_and_bin: False
genomeChunkSize: None
defaultFragmentLength: read length
numberOfProcessors: 30
verbose: False
region: None
bedFile: None
minMappingQuality: None
ignoreDuplicates: False
chrsToSkip: []
stepSize: 1000
center_read: False
samFlag_include: None
samFlag_exclude: None
minFragmentLength: 0
maxFragmentLength: 0
zerosToNans: False
smoothLength: 3000
save_data: False
out_file_for_raw_data: None
maxPairedFragmentLength: 1000
normalization: RPKM
*WARNING*: read extension is smaller than read length (read length = 148). Reads will not be extended.
bamFilesList: ['/storage/zhangyanxiaoLab/suzhuojie/projects/Aging_CUT_Tag/data/samples/tongue/H3K27me3/bam/HJC_204_S12_L008.nodup.bam']
binLength: 1000
numberOfSamples: None
blackListFileName: None
skipZeroOverZero: False
bed_and_bin: False
genomeChunkSize: None
defaultFragmentLength: read length
numberOfProcessors: 30
verbose: False
region: None
bedFile: None
minMappingQuality: None
ignoreDuplicates: False
chrsToSkip: []
stepSize: 1000
center_read: False
samFlag_include: None
samFlag_exclude: None
minFragmentLength: 0
maxFragmentLength: 0
zerosToNans: False
smoothLength: 3000
save_data: False
out_file_for_raw_data: None
maxPairedFragmentLength: 1000
normalization: RPKM
*WARNING*: read extension is smaller than read length (read length = 149). Reads will not be extended.
bamFilesList: ['/storage/zhangyanxiaoLab/suzhuojie/projects/Aging_CUT_Tag/data/samples/tongue/H3K27me3/bam/HJC_212_S53_L005.nodup.bam']
binLength: 1000
numberOfSamples: None
blackListFileName: None
skipZeroOverZero: False
bed_and_bin: False
genomeChunkSize: None
defaultFragmentLength: read length
numberOfProcessors: 30
verbose: False
region: None
bedFile: None
minMappingQuality: None
ignoreDuplicates: False
chrsToSkip: []
stepSize: 1000
center_read: False
samFlag_include: None
samFlag_exclude: None
minFragmentLength: 0
maxFragmentLength: 0
zerosToNans: False
smoothLength: 3000
save_data: False
out_file_for_raw_data: None
maxPairedFragmentLength: 1000
normalization: RPKM
*WARNING*: read extension is smaller than read length (read length = 149). Reads will not be extended.
bamFilesList: ['/storage/zhangyanxiaoLab/suzhuojie/projects/Aging_CUT_Tag/data/samples/tongue/H3K27me3/bam/HJC_218_S59_L005.nodup.bam']
binLength: 1000
numberOfSamples: None
blackListFileName: None
skipZeroOverZero: False
bed_and_bin: False
genomeChunkSize: None
defaultFragmentLength: read length
numberOfProcessors: 30
verbose: False
region: None
bedFile: None
minMappingQuality: None
ignoreDuplicates: False
chrsToSkip: []
stepSize: 1000
center_read: False
samFlag_include: None
samFlag_exclude: None
minFragmentLength: 0
maxFragmentLength: 0
zerosToNans: False
smoothLength: 3000
save_data: False
out_file_for_raw_data: None
maxPairedFragmentLength: 1000
normalization: RPKM
bamFilesList: ['/storage/zhangyanxiaoLab/suzhuojie/projects/Aging_CUT_Tag/data/samples/tongue/H3K9me3/bam/HJC_195_S3_L008.nodup.bam']
binLength: 1000
numberOfSamples: None
blackListFileName: None
skipZeroOverZero: False
bed_and_bin: False
genomeChunkSize: None
defaultFragmentLength: 100
numberOfProcessors: 30
verbose: False
region: None
bedFile: None
minMappingQuality: None
ignoreDuplicates: False
chrsToSkip: []
stepSize: 1000
center_read: False
samFlag_include: None
samFlag_exclude: None
minFragmentLength: 0
maxFragmentLength: 0
zerosToNans: False
smoothLength: 3000
save_data: False
out_file_for_raw_data: None
maxPairedFragmentLength: 400
normalization: RPKM
bamFilesList: ['/storage/zhangyanxiaoLab/suzhuojie/projects/Aging_CUT_Tag/data/samples/tongue/H3K9me3/bam/HJC_201_S9_L008.nodup.bam']
binLength: 1000
numberOfSamples: None
blackListFileName: None
skipZeroOverZero: False
bed_and_bin: False
genomeChunkSize: None
defaultFragmentLength: 100
numberOfProcessors: 30
verbose: False
region: None
bedFile: None
minMappingQuality: None
ignoreDuplicates: False
chrsToSkip: []
stepSize: 1000
center_read: False
samFlag_include: None
samFlag_exclude: None
minFragmentLength: 0
maxFragmentLength: 0
zerosToNans: False
smoothLength: 3000
save_data: False
out_file_for_raw_data: None
maxPairedFragmentLength: 400
normalization: RPKM
bamFilesList: ['/storage/zhangyanxiaoLab/suzhuojie/projects/Aging_CUT_Tag/data/samples/tongue/H3K9me3/bam/HJC_209_S50_L005.nodup.bam']
binLength: 1000
numberOfSamples: None
blackListFileName: None
skipZeroOverZero: False
bed_and_bin: False
genomeChunkSize: None
defaultFragmentLength: 100
numberOfProcessors: 30
verbose: False
region: None
bedFile: None
minMappingQuality: None
ignoreDuplicates: False
chrsToSkip: []
stepSize: 1000
center_read: False
samFlag_include: None
samFlag_exclude: None
minFragmentLength: 0
maxFragmentLength: 0
zerosToNans: False
smoothLength: 3000
save_data: False
out_file_for_raw_data: None
maxPairedFragmentLength: 400
normalization: RPKM
bamFilesList: ['/storage/zhangyanxiaoLab/suzhuojie/projects/Aging_CUT_Tag/data/samples/tongue/H3K9me3/bam/HJC_215_S56_L005.nodup.bam']
binLength: 1000
numberOfSamples: None
blackListFileName: None
skipZeroOverZero: False
bed_and_bin: False
genomeChunkSize: None
defaultFragmentLength: 100
numberOfProcessors: 30
verbose: False
region: None
bedFile: None
minMappingQuality: None
ignoreDuplicates: False
chrsToSkip: []
stepSize: 1000
center_read: False
samFlag_include: None
samFlag_exclude: None
minFragmentLength: 0
maxFragmentLength: 0
zerosToNans: False
smoothLength: 3000
save_data: False
out_file_for_raw_data: None
maxPairedFragmentLength: 400
normalization: RPKM
*WARNING*: read extension is smaller than read length (read length = 149). Reads will not be extended.
bamFilesList: ['/storage/zhangyanxiaoLab/suzhuojie/projects/Aging_CUT_Tag/data/samples/bladder/H3K36me3/bam/SZJ233_S27_L006.nodup.bam']
binLength: 10000
numberOfSamples: None
blackListFileName: None
skipZeroOverZero: False
bed_and_bin: False
genomeChunkSize: None
defaultFragmentLength: read length
numberOfProcessors: 30
verbose: False
region: None
bedFile: None
minMappingQuality: None
ignoreDuplicates: False
chrsToSkip: []
stepSize: 10000
center_read: False
samFlag_include: None
samFlag_exclude: None
minFragmentLength: 0
maxFragmentLength: 0
zerosToNans: False
smoothLength: 100000
save_data: False
out_file_for_raw_data: None
maxPairedFragmentLength: 1000
normalization: RPKM
*WARNING*: read extension is smaller than read length (read length = 148). Reads will not be extended.
bamFilesList: ['/storage/zhangyanxiaoLab/suzhuojie/projects/Aging_CUT_Tag/data/samples/bladder/H3K36me3/bam/SZJ239_S30_L006.nodup.bam']
binLength: 10000
numberOfSamples: None
blackListFileName: None
skipZeroOverZero: False
bed_and_bin: False
genomeChunkSize: None
defaultFragmentLength: read length
numberOfProcessors: 30
verbose: False
region: None
bedFile: None
minMappingQuality: None
ignoreDuplicates: False
chrsToSkip: []
stepSize: 10000
center_read: False
samFlag_include: None
samFlag_exclude: None
minFragmentLength: 0
maxFragmentLength: 0
zerosToNans: False
smoothLength: 100000
save_data: False
out_file_for_raw_data: None
maxPairedFragmentLength: 1000
normalization: RPKM
*WARNING*: read extension is smaller than read length (read length = 149). Reads will not be extended.
bamFilesList: ['/storage/zhangyanxiaoLab/suzhuojie/projects/Aging_CUT_Tag/data/samples/bladder/H3K36me3/bam/SZJ247_S20_L001.nodup.bam']
binLength: 10000
numberOfSamples: None
blackListFileName: None
skipZeroOverZero: False
bed_and_bin: False
genomeChunkSize: None
defaultFragmentLength: read length
numberOfProcessors: 30
verbose: False
region: None
bedFile: None
minMappingQuality: None
ignoreDuplicates: False
chrsToSkip: []
stepSize: 10000
center_read: False
samFlag_include: None
samFlag_exclude: None
minFragmentLength: 0
maxFragmentLength: 0
zerosToNans: False
smoothLength: 100000
save_data: False
out_file_for_raw_data: None
maxPairedFragmentLength: 1000
normalization: RPKM
*WARNING*: read extension is smaller than read length (read length = 147). Reads will not be extended.
bamFilesList: ['/storage/zhangyanxiaoLab/suzhuojie/projects/Aging_CUT_Tag/data/samples/bladder/H3K36me3/bam/SZJ253_S23_L001.nodup.bam']
binLength: 10000
numberOfSamples: None
blackListFileName: None
skipZeroOverZero: False
bed_and_bin: False
genomeChunkSize: None
defaultFragmentLength: read length
numberOfProcessors: 30
verbose: False
region: None
bedFile: None
minMappingQuality: None
ignoreDuplicates: False
chrsToSkip: []
stepSize: 10000
center_read: False
samFlag_include: None
samFlag_exclude: None
minFragmentLength: 0
maxFragmentLength: 0
zerosToNans: False
smoothLength: 100000
save_data: False
out_file_for_raw_data: None
maxPairedFragmentLength: 1000
normalization: RPKM
*WARNING*: read extension is smaller than read length (read length = 149). Reads will not be extended.
bamFilesList: ['/storage/zhangyanxiaoLab/suzhuojie/projects/Aging_CUT_Tag/data/samples/bladder/H3K27me3/bam/SZJ230_S122_L004.nodup.bam']
binLength: 10000
numberOfSamples: None
blackListFileName: None
skipZeroOverZero: False
bed_and_bin: False
genomeChunkSize: None
defaultFragmentLength: read length
numberOfProcessors: 30
verbose: False
region: None
bedFile: None
minMappingQuality: None
ignoreDuplicates: False
chrsToSkip: []
stepSize: 10000
center_read: False
samFlag_include: None
samFlag_exclude: None
minFragmentLength: 0
maxFragmentLength: 0
zerosToNans: False
smoothLength: 100000
save_data: False
out_file_for_raw_data: None
maxPairedFragmentLength: 1000
normalization: RPKM
*WARNING*: read extension is smaller than read length (read length = 149). Reads will not be extended.
bamFilesList: ['/storage/zhangyanxiaoLab/suzhuojie/projects/Aging_CUT_Tag/data/samples/bladder/H3K27me3/bam/SZJ236_S29_L001.nodup.bam']
binLength: 10000
numberOfSamples: None
blackListFileName: None
skipZeroOverZero: False
bed_and_bin: False
genomeChunkSize: None
defaultFragmentLength: read length
numberOfProcessors: 30
verbose: False
region: None
bedFile: None
minMappingQuality: None
ignoreDuplicates: False
chrsToSkip: []
stepSize: 10000
center_read: False
samFlag_include: None
samFlag_exclude: None
minFragmentLength: 0
maxFragmentLength: 0
zerosToNans: False
smoothLength: 100000
save_data: False
out_file_for_raw_data: None
maxPairedFragmentLength: 1000
normalization: RPKM
*WARNING*: read extension is smaller than read length (read length = 149). Reads will not be extended.
bamFilesList: ['/storage/zhangyanxiaoLab/suzhuojie/projects/Aging_CUT_Tag/data/samples/bladder/H3K27me3/bam/SZJ244_S33_L006.nodup.bam']
binLength: 10000
numberOfSamples: None
blackListFileName: None
skipZeroOverZero: False
bed_and_bin: False
genomeChunkSize: None
defaultFragmentLength: read length
numberOfProcessors: 30
verbose: False
region: None
bedFile: None
minMappingQuality: None
ignoreDuplicates: False
chrsToSkip: []
stepSize: 10000
center_read: False
samFlag_include: None
samFlag_exclude: None
minFragmentLength: 0
maxFragmentLength: 0
zerosToNans: False
smoothLength: 100000
save_data: False
out_file_for_raw_data: None
maxPairedFragmentLength: 1000
normalization: RPKM
*WARNING*: read extension is smaller than read length (read length = 149). Reads will not be extended.
bamFilesList: ['/storage/zhangyanxiaoLab/suzhuojie/projects/Aging_CUT_Tag/data/samples/bladder/H3K27me3/bam/SZJ250_S36_L006.nodup.bam']
binLength: 10000
numberOfSamples: None
blackListFileName: None
skipZeroOverZero: False
bed_and_bin: False
genomeChunkSize: None
defaultFragmentLength: read length
numberOfProcessors: 30
verbose: False
region: None
bedFile: None
minMappingQuality: None
ignoreDuplicates: False
chrsToSkip: []
stepSize: 10000
center_read: False
samFlag_include: None
samFlag_exclude: None
minFragmentLength: 0
maxFragmentLength: 0
zerosToNans: False
smoothLength: 100000
save_data: False
out_file_for_raw_data: None
maxPairedFragmentLength: 1000
normalization: RPKM
*WARNING*: read extension is smaller than read length (read length = 129). Reads will not be extended.
bamFilesList: ['/storage/zhangyanxiaoLab/suzhuojie/projects/Aging_CUT_Tag/data/samples/bladder/H3K9me3/bam/SZJ231_S123_L004.nodup.bam']
binLength: 10000
numberOfSamples: None
blackListFileName: None
skipZeroOverZero: False
bed_and_bin: False
genomeChunkSize: None
defaultFragmentLength: read length
numberOfProcessors: 30
verbose: False
region: None
bedFile: None
minMappingQuality: None
ignoreDuplicates: False
chrsToSkip: []
stepSize: 10000
center_read: False
samFlag_include: None
samFlag_exclude: None
minFragmentLength: 0
maxFragmentLength: 0
zerosToNans: False
smoothLength: 100000
save_data: False
out_file_for_raw_data: None
maxPairedFragmentLength: 1000
normalization: RPKM
*WARNING*: read extension is smaller than read length (read length = 105). Reads will not be extended.
bamFilesList: ['/storage/zhangyanxiaoLab/suzhuojie/projects/Aging_CUT_Tag/data/samples/bladder/H3K9me3/bam/SZJ237_S30_L001.nodup.bam']
binLength: 10000
numberOfSamples: None
blackListFileName: None
skipZeroOverZero: False
bed_and_bin: False
genomeChunkSize: None
defaultFragmentLength: read length
numberOfProcessors: 30
verbose: False
region: None
bedFile: None
minMappingQuality: None
ignoreDuplicates: False
chrsToSkip: []
stepSize: 10000
center_read: False
samFlag_include: None
samFlag_exclude: None
minFragmentLength: 0
maxFragmentLength: 0
zerosToNans: False
smoothLength: 100000
save_data: False
out_file_for_raw_data: None
maxPairedFragmentLength: 1000
normalization: RPKM
*WARNING*: read extension is smaller than read length (read length = 149). Reads will not be extended.
bamFilesList: ['/storage/zhangyanxiaoLab/suzhuojie/projects/Aging_CUT_Tag/data/samples/bladder/H3K9me3/bam/SZJ245_S34_L006.nodup.bam']
binLength: 10000
numberOfSamples: None
blackListFileName: None
skipZeroOverZero: False
bed_and_bin: False
genomeChunkSize: None
defaultFragmentLength: read length
numberOfProcessors: 30
verbose: False
region: None
bedFile: None
minMappingQuality: None
ignoreDuplicates: False
chrsToSkip: []
stepSize: 10000
center_read: False
samFlag_include: None
samFlag_exclude: None
minFragmentLength: 0
maxFragmentLength: 0
zerosToNans: False
smoothLength: 100000
save_data: False
out_file_for_raw_data: None
maxPairedFragmentLength: 1000
normalization: RPKM
*WARNING*: read extension is smaller than read length (read length = 148). Reads will not be extended.
bamFilesList: ['/storage/zhangyanxiaoLab/suzhuojie/projects/Aging_CUT_Tag/data/samples/bladder/H3K9me3/bam/SZJ251_S37_L006.nodup.bam']
binLength: 10000
numberOfSamples: None
blackListFileName: None
skipZeroOverZero: False
bed_and_bin: False
genomeChunkSize: None
defaultFragmentLength: read length
numberOfProcessors: 30
verbose: False
region: None
bedFile: None
minMappingQuality: None
ignoreDuplicates: False
chrsToSkip: []
stepSize: 10000
center_read: False
samFlag_include: None
samFlag_exclude: None
minFragmentLength: 0
maxFragmentLength: 0
zerosToNans: False
smoothLength: 100000
save_data: False
out_file_for_raw_data: None
maxPairedFragmentLength: 1000
normalization: RPKM
*WARNING*: read extension is smaller than read length (read length = 149). Reads will not be extended.
bamFilesList: ['/storage/zhangyanxiaoLab/suzhuojie/projects/Aging_CUT_Tag/data/samples/aorta/H3K36me3/bam/HJC_156_S75_L006.nodup.bam']
binLength: 10000
numberOfSamples: None
blackListFileName: None
skipZeroOverZero: False
bed_and_bin: False
genomeChunkSize: None
defaultFragmentLength: read length
numberOfProcessors: 30
verbose: False
region: None
bedFile: None
minMappingQuality: None
ignoreDuplicates: False
chrsToSkip: []
stepSize: 10000
center_read: False
samFlag_include: None
samFlag_exclude: None
minFragmentLength: 0
maxFragmentLength: 0
zerosToNans: False
smoothLength: 100000
save_data: False
out_file_for_raw_data: None
maxPairedFragmentLength: 1000
normalization: RPKM
*WARNING*: read extension is smaller than read length (read length = 148). Reads will not be extended.
bamFilesList: ['/storage/zhangyanxiaoLab/suzhuojie/projects/Aging_CUT_Tag/data/samples/aorta/H3K36me3/bam/HJC_162_S80_L006.nodup.bam']
binLength: 10000
numberOfSamples: None
blackListFileName: None
skipZeroOverZero: False
bed_and_bin: False
genomeChunkSize: None
defaultFragmentLength: read length
numberOfProcessors: 30
verbose: False
region: None
bedFile: None
minMappingQuality: None
ignoreDuplicates: False
chrsToSkip: []
stepSize: 10000
center_read: False
samFlag_include: None
samFlag_exclude: None
minFragmentLength: 0
maxFragmentLength: 0
zerosToNans: False
smoothLength: 100000
save_data: False
out_file_for_raw_data: None
maxPairedFragmentLength: 1000
normalization: RPKM
*WARNING*: read extension is smaller than read length (read length = 149). Reads will not be extended.
bamFilesList: ['/storage/zhangyanxiaoLab/suzhuojie/projects/Aging_CUT_Tag/data/samples/aorta/H3K36me3/bam/HJC_182_S10_L008.nodup.bam']
binLength: 10000
numberOfSamples: None
blackListFileName: None
skipZeroOverZero: False
bed_and_bin: False
genomeChunkSize: None
defaultFragmentLength: read length
numberOfProcessors: 30
verbose: False
region: None
bedFile: None
minMappingQuality: None
ignoreDuplicates: False
chrsToSkip: []
stepSize: 10000
center_read: False
samFlag_include: None
samFlag_exclude: None
minFragmentLength: 0
maxFragmentLength: 0
zerosToNans: False
smoothLength: 100000
save_data: False
out_file_for_raw_data: None
maxPairedFragmentLength: 1000
normalization: RPKM
*WARNING*: read extension is smaller than read length (read length = 149). Reads will not be extended.
bamFilesList: ['/storage/zhangyanxiaoLab/suzhuojie/projects/Aging_CUT_Tag/data/samples/aorta/H3K36me3/bam/HJC_188_S16_L008.nodup.bam']
binLength: 10000
numberOfSamples: None
blackListFileName: None
skipZeroOverZero: False
bed_and_bin: False
genomeChunkSize: None
defaultFragmentLength: read length
numberOfProcessors: 30
verbose: False
region: None
bedFile: None
minMappingQuality: None
ignoreDuplicates: False
chrsToSkip: []
stepSize: 10000
center_read: False
samFlag_include: None
samFlag_exclude: None
minFragmentLength: 0
maxFragmentLength: 0
zerosToNans: False
smoothLength: 100000
save_data: False
out_file_for_raw_data: None
maxPairedFragmentLength: 1000
normalization: RPKM
*WARNING*: read extension is smaller than read length (read length = 149). Reads will not be extended.
bamFilesList: ['/storage/zhangyanxiaoLab/suzhuojie/projects/Aging_CUT_Tag/data/samples/aorta/H3K27me3/bam/HJC_158_S76_L006.nodup.bam']
binLength: 10000
numberOfSamples: None
blackListFileName: None
skipZeroOverZero: False
bed_and_bin: False
genomeChunkSize: None
defaultFragmentLength: read length
numberOfProcessors: 30
verbose: False
region: None
bedFile: None
minMappingQuality: None
ignoreDuplicates: False
chrsToSkip: []
stepSize: 10000
center_read: False
samFlag_include: None
samFlag_exclude: None
minFragmentLength: 0
maxFragmentLength: 0
zerosToNans: False
smoothLength: 100000
save_data: False
out_file_for_raw_data: None
maxPairedFragmentLength: 1000
normalization: RPKM
*WARNING*: read extension is smaller than read length (read length = 149). Reads will not be extended.
bamFilesList: ['/storage/zhangyanxiaoLab/suzhuojie/projects/Aging_CUT_Tag/data/samples/aorta/H3K27me3/bam/HJC_164_S81_L006.nodup.bam']
binLength: 10000
numberOfSamples: None
blackListFileName: None
skipZeroOverZero: False
bed_and_bin: False
genomeChunkSize: None
defaultFragmentLength: read length
numberOfProcessors: 30
verbose: False
region: None
bedFile: None
minMappingQuality: None
ignoreDuplicates: False
chrsToSkip: []
stepSize: 10000
center_read: False
samFlag_include: None
samFlag_exclude: None
minFragmentLength: 0
maxFragmentLength: 0
zerosToNans: False
smoothLength: 100000
save_data: False
out_file_for_raw_data: None
maxPairedFragmentLength: 1000
normalization: RPKM
*WARNING*: read extension is smaller than read length (read length = 149). Reads will not be extended.
bamFilesList: ['/storage/zhangyanxiaoLab/suzhuojie/projects/Aging_CUT_Tag/data/samples/aorta/H3K27me3/bam/HJC_184_S12_L008.nodup.bam']
binLength: 10000
numberOfSamples: None
blackListFileName: None
skipZeroOverZero: False
bed_and_bin: False
genomeChunkSize: None
defaultFragmentLength: read length
numberOfProcessors: 30
verbose: False
region: None
bedFile: None
minMappingQuality: None
ignoreDuplicates: False
chrsToSkip: []
stepSize: 10000
center_read: False
samFlag_include: None
samFlag_exclude: None
minFragmentLength: 0
maxFragmentLength: 0
zerosToNans: False
smoothLength: 100000
save_data: False
out_file_for_raw_data: None
maxPairedFragmentLength: 1000
normalization: RPKM
*WARNING*: read extension is smaller than read length (read length = 149). Reads will not be extended.
bamFilesList: ['/storage/zhangyanxiaoLab/suzhuojie/projects/Aging_CUT_Tag/data/samples/aorta/H3K27me3/bam/HJC_190_S18_L008.nodup.bam']
binLength: 10000
numberOfSamples: None
blackListFileName: None
skipZeroOverZero: False
bed_and_bin: False
genomeChunkSize: None
defaultFragmentLength: read length
numberOfProcessors: 30
verbose: False
region: None
bedFile: None
minMappingQuality: None
ignoreDuplicates: False
chrsToSkip: []
stepSize: 10000
center_read: False
samFlag_include: None
samFlag_exclude: None
minFragmentLength: 0
maxFragmentLength: 0
zerosToNans: False
smoothLength: 100000
save_data: False
out_file_for_raw_data: None
maxPairedFragmentLength: 1000
normalization: RPKM
*WARNING*: read extension is smaller than read length (read length = 111). Reads will not be extended.
bamFilesList: ['/storage/zhangyanxiaoLab/suzhuojie/projects/Aging_CUT_Tag/data/samples/aorta/H3K9me3/bam/HJC_155_S74_L006.nodup.bam']
binLength: 10000
numberOfSamples: None
blackListFileName: None
skipZeroOverZero: False
bed_and_bin: False
genomeChunkSize: None
defaultFragmentLength: read length
numberOfProcessors: 30
verbose: False
region: None
bedFile: None
minMappingQuality: None
ignoreDuplicates: False
chrsToSkip: []
stepSize: 10000
center_read: False
samFlag_include: None
samFlag_exclude: None
minFragmentLength: 0
maxFragmentLength: 0
zerosToNans: False
smoothLength: 100000
save_data: False
out_file_for_raw_data: None
maxPairedFragmentLength: 1000
normalization: RPKM
*WARNING*: read extension is smaller than read length (read length = 131). Reads will not be extended.
bamFilesList: ['/storage/zhangyanxiaoLab/suzhuojie/projects/Aging_CUT_Tag/data/samples/aorta/H3K9me3/bam/HJC_161_S79_L006.nodup.bam']
binLength: 10000
numberOfSamples: None
blackListFileName: None
skipZeroOverZero: False
bed_and_bin: False
genomeChunkSize: None
defaultFragmentLength: read length
numberOfProcessors: 30
verbose: False
region: None
bedFile: None
minMappingQuality: None
ignoreDuplicates: False
chrsToSkip: []
stepSize: 10000
center_read: False
samFlag_include: None
samFlag_exclude: None
minFragmentLength: 0
maxFragmentLength: 0
zerosToNans: False
smoothLength: 100000
save_data: False
out_file_for_raw_data: None
maxPairedFragmentLength: 1000
normalization: RPKM
*WARNING*: read extension is smaller than read length (read length = 148). Reads will not be extended.
bamFilesList: ['/storage/zhangyanxiaoLab/suzhuojie/projects/Aging_CUT_Tag/data/samples/aorta/H3K9me3/bam/HJC_181_S9_L008.nodup.bam']
binLength: 10000
numberOfSamples: None
blackListFileName: None
skipZeroOverZero: False
bed_and_bin: False
genomeChunkSize: None
defaultFragmentLength: read length
numberOfProcessors: 30
verbose: False
region: None
bedFile: None
minMappingQuality: None
ignoreDuplicates: False
chrsToSkip: []
stepSize: 10000
center_read: False
samFlag_include: None
samFlag_exclude: None
minFragmentLength: 0
maxFragmentLength: 0
zerosToNans: False
smoothLength: 100000
save_data: False
out_file_for_raw_data: None
maxPairedFragmentLength: 1000
normalization: RPKM
*WARNING*: read extension is smaller than read length (read length = 148). Reads will not be extended.
bamFilesList: ['/storage/zhangyanxiaoLab/suzhuojie/projects/Aging_CUT_Tag/data/samples/aorta/H3K9me3/bam/HJC_187_S15_L008.nodup.bam']
binLength: 10000
numberOfSamples: None
blackListFileName: None
skipZeroOverZero: False
bed_and_bin: False
genomeChunkSize: None
defaultFragmentLength: read length
numberOfProcessors: 30
verbose: False
region: None
bedFile: None
minMappingQuality: None
ignoreDuplicates: False
chrsToSkip: []
stepSize: 10000
center_read: False
samFlag_include: None
samFlag_exclude: None
minFragmentLength: 0
maxFragmentLength: 0
zerosToNans: False
smoothLength: 100000
save_data: False
out_file_for_raw_data: None
maxPairedFragmentLength: 1000
normalization: RPKM
*WARNING*: read extension is smaller than read length (read length = 142). Reads will not be extended.
bamFilesList: ['/storage/zhangyanxiaoLab/suzhuojie/projects/Aging_CUT_Tag/data/samples/tongue/H3K36me3/bam/HJC_196_S4_L008.nodup.bam']
binLength: 10000
numberOfSamples: None
blackListFileName: None
skipZeroOverZero: False
bed_and_bin: False
genomeChunkSize: None
defaultFragmentLength: read length
numberOfProcessors: 30
verbose: False
region: None
bedFile: None
minMappingQuality: None
ignoreDuplicates: False
chrsToSkip: []
stepSize: 10000
center_read: False
samFlag_include: None
samFlag_exclude: None
minFragmentLength: 0
maxFragmentLength: 0
zerosToNans: False
smoothLength: 100000
save_data: False
out_file_for_raw_data: None
maxPairedFragmentLength: 1000
normalization: RPKM
*WARNING*: read extension is smaller than read length (read length = 123). Reads will not be extended.
bamFilesList: ['/storage/zhangyanxiaoLab/suzhuojie/projects/Aging_CUT_Tag/data/samples/tongue/H3K36me3/bam/HJC_202_S10_L008.nodup.bam']
binLength: 10000
numberOfSamples: None
blackListFileName: None
skipZeroOverZero: False
bed_and_bin: False
genomeChunkSize: None
defaultFragmentLength: read length
numberOfProcessors: 30
verbose: False
region: None
bedFile: None
minMappingQuality: None
ignoreDuplicates: False
chrsToSkip: []
stepSize: 10000
center_read: False
samFlag_include: None
samFlag_exclude: None
minFragmentLength: 0
maxFragmentLength: 0
zerosToNans: False
smoothLength: 100000
save_data: False
out_file_for_raw_data: None
maxPairedFragmentLength: 1000
normalization: RPKM
*WARNING*: read extension is smaller than read length (read length = 148). Reads will not be extended.
bamFilesList: ['/storage/zhangyanxiaoLab/suzhuojie/projects/Aging_CUT_Tag/data/samples/tongue/H3K36me3/bam/HJC_210_S51_L005.nodup.bam']
binLength: 10000
numberOfSamples: None
blackListFileName: None
skipZeroOverZero: False
bed_and_bin: False
genomeChunkSize: None
defaultFragmentLength: read length
numberOfProcessors: 30
verbose: False
region: None
bedFile: None
minMappingQuality: None
ignoreDuplicates: False
chrsToSkip: []
stepSize: 10000
center_read: False
samFlag_include: None
samFlag_exclude: None
minFragmentLength: 0
maxFragmentLength: 0
zerosToNans: False
smoothLength: 100000
save_data: False
out_file_for_raw_data: None
maxPairedFragmentLength: 1000
normalization: RPKM
bamFilesList: ['/storage/zhangyanxiaoLab/suzhuojie/projects/Aging_CUT_Tag/data/samples/tongue/H3K36me3/bam/HJC_216_S57_L005.nodup.bam']
binLength: 10000
numberOfSamples: None
blackListFileName: None
skipZeroOverZero: False
bed_and_bin: False
genomeChunkSize: None
defaultFragmentLength: 100
numberOfProcessors: 30
verbose: False
region: None
bedFile: None
minMappingQuality: None
ignoreDuplicates: False
chrsToSkip: []
stepSize: 10000
center_read: False
samFlag_include: None
samFlag_exclude: None
minFragmentLength: 0
maxFragmentLength: 0
zerosToNans: False
smoothLength: 100000
save_data: False
out_file_for_raw_data: None
maxPairedFragmentLength: 400
normalization: RPKM
*WARNING*: read extension is smaller than read length (read length = 149). Reads will not be extended.
bamFilesList: ['/storage/zhangyanxiaoLab/suzhuojie/projects/Aging_CUT_Tag/data/samples/tongue/H3K27me3/bam/HJC_198_S6_L008.nodup.bam']
binLength: 10000
numberOfSamples: None
blackListFileName: None
skipZeroOverZero: False
bed_and_bin: False
genomeChunkSize: None
defaultFragmentLength: read length
numberOfProcessors: 30
verbose: False
region: None
bedFile: None
minMappingQuality: None
ignoreDuplicates: False
chrsToSkip: []
stepSize: 10000
center_read: False
samFlag_include: None
samFlag_exclude: None
minFragmentLength: 0
maxFragmentLength: 0
zerosToNans: False
smoothLength: 100000
save_data: False
out_file_for_raw_data: None
maxPairedFragmentLength: 1000
normalization: RPKM
*WARNING*: read extension is smaller than read length (read length = 148). Reads will not be extended.
bamFilesList: ['/storage/zhangyanxiaoLab/suzhuojie/projects/Aging_CUT_Tag/data/samples/tongue/H3K27me3/bam/HJC_204_S12_L008.nodup.bam']
binLength: 10000
numberOfSamples: None
blackListFileName: None
skipZeroOverZero: False
bed_and_bin: False
genomeChunkSize: None
defaultFragmentLength: read length
numberOfProcessors: 30
verbose: False
region: None
bedFile: None
minMappingQuality: None
ignoreDuplicates: False
chrsToSkip: []
stepSize: 10000
center_read: False
samFlag_include: None
samFlag_exclude: None
minFragmentLength: 0
maxFragmentLength: 0
zerosToNans: False
smoothLength: 100000
save_data: False
out_file_for_raw_data: None
maxPairedFragmentLength: 1000
normalization: RPKM
*WARNING*: read extension is smaller than read length (read length = 149). Reads will not be extended.
bamFilesList: ['/storage/zhangyanxiaoLab/suzhuojie/projects/Aging_CUT_Tag/data/samples/tongue/H3K27me3/bam/HJC_212_S53_L005.nodup.bam']
binLength: 10000
numberOfSamples: None
blackListFileName: None
skipZeroOverZero: False
bed_and_bin: False
genomeChunkSize: None
defaultFragmentLength: read length
numberOfProcessors: 30
verbose: False
region: None
bedFile: None
minMappingQuality: None
ignoreDuplicates: False
chrsToSkip: []
stepSize: 10000
center_read: False
samFlag_include: None
samFlag_exclude: None
minFragmentLength: 0
maxFragmentLength: 0
zerosToNans: False
smoothLength: 100000
save_data: False
out_file_for_raw_data: None
maxPairedFragmentLength: 1000
normalization: RPKM
*WARNING*: read extension is smaller than read length (read length = 149). Reads will not be extended.
bamFilesList: ['/storage/zhangyanxiaoLab/suzhuojie/projects/Aging_CUT_Tag/data/samples/tongue/H3K27me3/bam/HJC_218_S59_L005.nodup.bam']
binLength: 10000
numberOfSamples: None
blackListFileName: None
skipZeroOverZero: False
bed_and_bin: False
genomeChunkSize: None
defaultFragmentLength: read length
numberOfProcessors: 30
verbose: False
region: None
bedFile: None
minMappingQuality: None
ignoreDuplicates: False
chrsToSkip: []
stepSize: 10000
center_read: False
samFlag_include: None
samFlag_exclude: None
minFragmentLength: 0
maxFragmentLength: 0
zerosToNans: False
smoothLength: 100000
save_data: False
out_file_for_raw_data: None
maxPairedFragmentLength: 1000
normalization: RPKM
bamFilesList: ['/storage/zhangyanxiaoLab/suzhuojie/projects/Aging_CUT_Tag/data/samples/tongue/H3K9me3/bam/HJC_195_S3_L008.nodup.bam']
binLength: 10000
numberOfSamples: None
blackListFileName: None
skipZeroOverZero: False
bed_and_bin: False
genomeChunkSize: None
defaultFragmentLength: 100
numberOfProcessors: 30
verbose: False
region: None
bedFile: None
minMappingQuality: None
ignoreDuplicates: False
chrsToSkip: []
stepSize: 10000
center_read: False
samFlag_include: None
samFlag_exclude: None
minFragmentLength: 0
maxFragmentLength: 0
zerosToNans: False
smoothLength: 100000
save_data: False
out_file_for_raw_data: None
maxPairedFragmentLength: 400
normalization: RPKM
bamFilesList: ['/storage/zhangyanxiaoLab/suzhuojie/projects/Aging_CUT_Tag/data/samples/tongue/H3K9me3/bam/HJC_201_S9_L008.nodup.bam']
binLength: 10000
numberOfSamples: None
blackListFileName: None
skipZeroOverZero: False
bed_and_bin: False
genomeChunkSize: None
defaultFragmentLength: 100
numberOfProcessors: 30
verbose: False
region: None
bedFile: None
minMappingQuality: None
ignoreDuplicates: False
chrsToSkip: []
stepSize: 10000
center_read: False
samFlag_include: None
samFlag_exclude: None
minFragmentLength: 0
maxFragmentLength: 0
zerosToNans: False
smoothLength: 100000
save_data: False
out_file_for_raw_data: None
maxPairedFragmentLength: 400
normalization: RPKM
bamFilesList: ['/storage/zhangyanxiaoLab/suzhuojie/projects/Aging_CUT_Tag/data/samples/tongue/H3K9me3/bam/HJC_209_S50_L005.nodup.bam']
binLength: 10000
numberOfSamples: None
blackListFileName: None
skipZeroOverZero: False
bed_and_bin: False
genomeChunkSize: None
defaultFragmentLength: 100
numberOfProcessors: 30
verbose: False
region: None
bedFile: None
minMappingQuality: None
ignoreDuplicates: False
chrsToSkip: []
stepSize: 10000
center_read: False
samFlag_include: None
samFlag_exclude: None
minFragmentLength: 0
maxFragmentLength: 0
zerosToNans: False
smoothLength: 100000
save_data: False
out_file_for_raw_data: None
maxPairedFragmentLength: 400
normalization: RPKM
bamFilesList: ['/storage/zhangyanxiaoLab/suzhuojie/projects/Aging_CUT_Tag/data/samples/tongue/H3K9me3/bam/HJC_215_S56_L005.nodup.bam']
binLength: 10000
numberOfSamples: None
blackListFileName: None
skipZeroOverZero: False
bed_and_bin: False
genomeChunkSize: None
defaultFragmentLength: 100
numberOfProcessors: 30
verbose: False
region: None
bedFile: None
minMappingQuality: None
ignoreDuplicates: False
chrsToSkip: []
stepSize: 10000
center_read: False
samFlag_include: None
samFlag_exclude: None
minFragmentLength: 0
maxFragmentLength: 0
zerosToNans: False
smoothLength: 100000
save_data: False
out_file_for_raw_data: None
maxPairedFragmentLength: 400
