INFO  @ Tue, 19 Mar 2024 17:01:02: 
# Command line: callpeak -t /storage/zhangyanxiaoLab/suzhuojie/projects/Aging_CUT_Tag/data/samples/bonemarrow/H3K27ac/tmp.merge.bam -f BAMPE -n H3K27ac --outdir /storage/zhangyanxiaoLab/suzhuojie/projects/Aging_CUT_Tag/data/samples/bonemarrow/H3K27ac/peaks/macs_narrowpeak -g mm --nomodel -q 0.0001 --keep-dup all
# ARGUMENTS LIST:
# name = H3K27ac
# format = BAMPE
# ChIP-seq file = ['/storage/zhangyanxiaoLab/suzhuojie/projects/Aging_CUT_Tag/data/samples/bonemarrow/H3K27ac/tmp.merge.bam']
# control file = None
# effective genome size = 1.87e+09
# band width = 300
# model fold = [5, 50]
# qvalue cutoff = 1.00e-04
# The maximum gap between significant sites is assigned as the read length/tag size.
# The minimum length of peaks is assigned as the predicted fragment length "d".
# Larger dataset will be scaled towards smaller dataset.
# Range for calculating regional lambda is: 10000 bps
# Broad region calling is off
# Paired-End mode is on
 
INFO  @ Tue, 19 Mar 2024 17:01:02: #1 read fragment files... 
INFO  @ Tue, 19 Mar 2024 17:01:02: #1 read treatment fragments... 
INFO  @ Tue, 19 Mar 2024 17:01:05:  1000000 
INFO  @ Tue, 19 Mar 2024 17:01:08:  2000000 
INFO  @ Tue, 19 Mar 2024 17:01:11:  3000000 
INFO  @ Tue, 19 Mar 2024 17:01:14:  4000000 
INFO  @ Tue, 19 Mar 2024 17:01:16:  5000000 
INFO  @ Tue, 19 Mar 2024 17:01:19:  6000000 
INFO  @ Tue, 19 Mar 2024 17:01:22:  7000000 
INFO  @ Tue, 19 Mar 2024 17:01:25:  8000000 
INFO  @ Tue, 19 Mar 2024 17:01:28:  9000000 
INFO  @ Tue, 19 Mar 2024 17:01:30:  10000000 
INFO  @ Tue, 19 Mar 2024 17:01:33:  11000000 
INFO  @ Tue, 19 Mar 2024 17:01:36:  12000000 
INFO  @ Tue, 19 Mar 2024 17:01:39:  13000000 
INFO  @ Tue, 19 Mar 2024 17:01:42:  14000000 
INFO  @ Tue, 19 Mar 2024 17:01:45:  15000000 
INFO  @ Tue, 19 Mar 2024 17:01:47:  16000000 
INFO  @ Tue, 19 Mar 2024 17:01:50:  17000000 
INFO  @ Tue, 19 Mar 2024 17:01:53:  18000000 
INFO  @ Tue, 19 Mar 2024 17:01:56:  19000000 
INFO  @ Tue, 19 Mar 2024 17:01:59:  20000000 
INFO  @ Tue, 19 Mar 2024 17:02:02:  21000000 
INFO  @ Tue, 19 Mar 2024 17:02:04:  22000000 
INFO  @ Tue, 19 Mar 2024 17:02:07:  23000000 
INFO  @ Tue, 19 Mar 2024 17:02:10:  24000000 
INFO  @ Tue, 19 Mar 2024 17:02:13:  25000000 
INFO  @ Tue, 19 Mar 2024 17:02:16:  26000000 
INFO  @ Tue, 19 Mar 2024 17:02:19:  27000000 
INFO  @ Tue, 19 Mar 2024 17:02:21:  28000000 
INFO  @ Tue, 19 Mar 2024 17:02:24:  29000000 
INFO  @ Tue, 19 Mar 2024 17:02:27:  30000000 
INFO  @ Tue, 19 Mar 2024 17:02:30:  31000000 
INFO  @ Tue, 19 Mar 2024 17:02:33:  32000000 
INFO  @ Tue, 19 Mar 2024 17:02:35:  33000000 
INFO  @ Tue, 19 Mar 2024 17:02:38:  34000000 
INFO  @ Tue, 19 Mar 2024 17:02:41:  35000000 
INFO  @ Tue, 19 Mar 2024 17:02:44:  36000000 
INFO  @ Tue, 19 Mar 2024 17:02:47:  37000000 
INFO  @ Tue, 19 Mar 2024 17:02:50:  38000000 
INFO  @ Tue, 19 Mar 2024 17:02:53:  39000000 
INFO  @ Tue, 19 Mar 2024 17:02:55:  40000000 
INFO  @ Tue, 19 Mar 2024 17:02:58:  41000000 
INFO  @ Tue, 19 Mar 2024 17:03:01:  42000000 
INFO  @ Tue, 19 Mar 2024 17:03:04:  43000000 
INFO  @ Tue, 19 Mar 2024 17:03:07:  44000000 
INFO  @ Tue, 19 Mar 2024 17:03:10:  45000000 
INFO  @ Tue, 19 Mar 2024 17:03:13:  46000000 
INFO  @ Tue, 19 Mar 2024 17:03:16:  47000000 
INFO  @ Tue, 19 Mar 2024 17:03:19:  48000000 
INFO  @ Tue, 19 Mar 2024 17:03:21:  49000000 
INFO  @ Tue, 19 Mar 2024 17:03:24:  50000000 
INFO  @ Tue, 19 Mar 2024 17:03:27:  51000000 
INFO  @ Tue, 19 Mar 2024 17:03:30:  52000000 
INFO  @ Tue, 19 Mar 2024 17:03:33:  53000000 
INFO  @ Tue, 19 Mar 2024 17:03:36:  54000000 
INFO  @ Tue, 19 Mar 2024 17:03:39:  55000000 
INFO  @ Tue, 19 Mar 2024 17:03:42:  56000000 
INFO  @ Tue, 19 Mar 2024 17:03:44:  57000000 
INFO  @ Tue, 19 Mar 2024 17:03:47:  58000000 
INFO  @ Tue, 19 Mar 2024 17:03:50:  59000000 
INFO  @ Tue, 19 Mar 2024 17:03:53:  60000000 
INFO  @ Tue, 19 Mar 2024 17:03:56:  61000000 
INFO  @ Tue, 19 Mar 2024 17:03:59:  62000000 
INFO  @ Tue, 19 Mar 2024 17:04:02:  63000000 
INFO  @ Tue, 19 Mar 2024 17:04:05:  64000000 
INFO  @ Tue, 19 Mar 2024 17:04:07:  65000000 
INFO  @ Tue, 19 Mar 2024 17:04:10:  66000000 
INFO  @ Tue, 19 Mar 2024 17:04:13:  67000000 
INFO  @ Tue, 19 Mar 2024 17:04:16:  68000000 
INFO  @ Tue, 19 Mar 2024 17:04:19:  69000000 
INFO  @ Tue, 19 Mar 2024 17:04:22:  70000000 
INFO  @ Tue, 19 Mar 2024 17:04:25:  71000000 
INFO  @ Tue, 19 Mar 2024 17:04:28:  72000000 
INFO  @ Tue, 19 Mar 2024 17:04:31:  73000000 
INFO  @ Tue, 19 Mar 2024 17:04:33:  74000000 
INFO  @ Tue, 19 Mar 2024 17:04:36:  75000000 
INFO  @ Tue, 19 Mar 2024 17:04:39:  76000000 
INFO  @ Tue, 19 Mar 2024 17:04:42:  77000000 
INFO  @ Tue, 19 Mar 2024 17:04:45:  78000000 
INFO  @ Tue, 19 Mar 2024 17:04:49:  79000000 
INFO  @ Tue, 19 Mar 2024 17:04:52:  80000000 
INFO  @ Tue, 19 Mar 2024 17:04:55:  81000000 
INFO  @ Tue, 19 Mar 2024 17:04:58:  82000000 
INFO  @ Tue, 19 Mar 2024 17:05:00:  83000000 
INFO  @ Tue, 19 Mar 2024 17:05:03:  84000000 
INFO  @ Tue, 19 Mar 2024 17:05:06:  85000000 
INFO  @ Tue, 19 Mar 2024 17:05:09:  86000000 
INFO  @ Tue, 19 Mar 2024 17:05:12:  87000000 
INFO  @ Tue, 19 Mar 2024 17:05:15:  88000000 
INFO  @ Tue, 19 Mar 2024 17:05:18:  89000000 
INFO  @ Tue, 19 Mar 2024 17:05:21:  90000000 
INFO  @ Tue, 19 Mar 2024 17:05:24:  91000000 
INFO  @ Tue, 19 Mar 2024 17:05:27:  92000000 
INFO  @ Tue, 19 Mar 2024 17:05:30:  93000000 
INFO  @ Tue, 19 Mar 2024 17:05:33:  94000000 
INFO  @ Tue, 19 Mar 2024 17:05:37:  95000000 
INFO  @ Tue, 19 Mar 2024 17:05:41:  96000000 
INFO  @ Tue, 19 Mar 2024 17:05:44:  97000000 
INFO  @ Tue, 19 Mar 2024 17:05:47:  98000000 
INFO  @ Tue, 19 Mar 2024 17:05:50:  99000000 
INFO  @ Tue, 19 Mar 2024 17:05:53:  100000000 
INFO  @ Tue, 19 Mar 2024 17:05:56:  101000000 
INFO  @ Tue, 19 Mar 2024 17:05:59:  102000000 
INFO  @ Tue, 19 Mar 2024 17:06:01: 102014394 fragments have been read. 
INFO  @ Tue, 19 Mar 2024 17:06:50: #1 mean fragment size is determined as 369.0 bp from treatment 
INFO  @ Tue, 19 Mar 2024 17:06:50: #1 fragment size = 369.0 
INFO  @ Tue, 19 Mar 2024 17:06:50: #1  total fragments in treatment: 102014394 
INFO  @ Tue, 19 Mar 2024 17:06:50: #1 finished! 
INFO  @ Tue, 19 Mar 2024 17:06:50: #2 Build Peak Model... 
INFO  @ Tue, 19 Mar 2024 17:06:50: #2 Skipped... 
INFO  @ Tue, 19 Mar 2024 17:06:50: #3 Call peaks... 
INFO  @ Tue, 19 Mar 2024 17:06:50: #3 Pre-compute pvalue-qvalue table... 
INFO  @ Tue, 19 Mar 2024 17:11:19: #3 Call peaks for each chromosome... 
INFO  @ Tue, 19 Mar 2024 17:13:39: #4 Write output xls file... /storage/zhangyanxiaoLab/suzhuojie/projects/Aging_CUT_Tag/data/samples/bonemarrow/H3K27ac/peaks/macs_narrowpeak/H3K27ac_peaks.xls 
INFO  @ Tue, 19 Mar 2024 17:13:40: #4 Write peak in narrowPeak format file... /storage/zhangyanxiaoLab/suzhuojie/projects/Aging_CUT_Tag/data/samples/bonemarrow/H3K27ac/peaks/macs_narrowpeak/H3K27ac_peaks.narrowPeak 
INFO  @ Tue, 19 Mar 2024 17:13:40: #4 Write summits bed file... /storage/zhangyanxiaoLab/suzhuojie/projects/Aging_CUT_Tag/data/samples/bonemarrow/H3K27ac/peaks/macs_narrowpeak/H3K27ac_summits.bed 
INFO  @ Tue, 19 Mar 2024 17:13:40: Done! 
input file: /storage/zhangyanxiaoLab/suzhuojie/projects/Aging_CUT_Tag/data/samples/bonemarrow/H3K27ac/bed/H3K27ac_macs_narrowpeak.bed
output file: /storage/zhangyanxiaoLab/suzhuojie/projects/Aging_CUT_Tag/data/samples/bonemarrow/H3K27ac/bed/H3K27ac_macs_narrowpeak.saf

        ==========     _____ _    _ ____  _____  ______          _____  
        =====         / ____| |  | |  _ \|  __ \|  ____|   /\   |  __ \ 
          =====      | (___ | |  | | |_) | |__) | |__     /  \  | |  | |
            ====      \___ \| |  | |  _ <|  _  /|  __|   / /\ \ | |  | |
              ====    ____) | |__| | |_) | | \ \| |____ / ____ \| |__| |
        ==========   |_____/ \____/|____/|_|  \_\______/_/    \_\_____/
	  v2.0.1

//========================== featureCounts setting ===========================\\
||                                                                            ||
||             Input files : 4 BAM files                                      ||
||                           o LLX339_S40_L001.nodup.bam                      ||
||                           o LLX345_S43_L001.nodup.bam                      ||
||                           o LLX353_S32_L004.nodup.bam                      ||
||                           o LLX359_S46_L003.nodup.bam                      ||
||                                                                            ||
||             Output file : H3K27ac_macs_narrowpeak.counts                   ||
||                 Summary : H3K27ac_macs_narrowpeak.counts.summary           ||
||              Annotation : H3K27ac_macs_narrowpeak.saf (SAF)                ||
||      Dir for temp files : /storage/zhangyanxiaoLab/suzhuojie/projects/ ... ||
||                                                                            ||
||                 Threads : 8                                                ||
||                   Level : meta-feature level                               ||
||              Paired-end : yes                                              ||
||      Multimapping reads : not counted                                      ||
|| Multi-overlapping reads : not counted                                      ||
||   Min overlapping bases : 1                                                ||
||                                                                            ||
||          Chimeric reads : counted                                          ||
||        Both ends mapped : not required                                     ||
||                                                                            ||
\\============================================================================//

//================================= Running ==================================\\
||                                                                            ||
|| Load annotation file H3K27ac_macs_narrowpeak.saf ...                       ||
||    Features : 62683                                                        ||
||    Meta-features : 62683                                                   ||
||    Chromosomes/contigs : 21                                                ||
||                                                                            ||
|| Process BAM file LLX339_S40_L001.nodup.bam...                              ||
||    Paired-end reads are included.                                          ||
||    Total alignments : 33479366                                             ||
||    Successfully assigned alignments : 9460679 (28.3%)                      ||
||    Running time : 0.22 minutes                                             ||
||                                                                            ||
|| Process BAM file LLX345_S43_L001.nodup.bam...                              ||
||    Paired-end reads are included.                                          ||
||    Total alignments : 27875355                                             ||
||    Successfully assigned alignments : 7340289 (26.3%)                      ||
||    Running time : 0.23 minutes                                             ||
||                                                                            ||
|| Process BAM file LLX353_S32_L004.nodup.bam...                              ||
||    Paired-end reads are included.                                          ||
||    Total alignments : 24958580                                             ||
||    Successfully assigned alignments : 7951899 (31.9%)                      ||
||    Running time : 0.17 minutes                                             ||
||                                                                            ||
|| Process BAM file LLX359_S46_L003.nodup.bam...                              ||
||    Paired-end reads are included.                                          ||
||    Total alignments : 24573205                                             ||
||    Successfully assigned alignments : 7166942 (29.2%)                      ||
||    Running time : 0.16 minutes                                             ||
||                                                                            ||
|| Write the final count table.                                               ||
|| Write the read assignment summary.                                         ||
||                                                                            ||
|| Summary of counting results can be found in file "/storage/zhangyanxiaoLa  ||
|| b/suzhuojie/projects/Aging_CUT_Tag/data/samples/bonemarrow/H3K27ac/H3K27a  ||
|| c_macs_narrowpeak.counts.summary"                                          ||
||                                                                            ||
\\============================================================================//

mkdir: cannot create directory ‘/storage/zhangyanxiaoLab/suzhuojie/projects/Aging_CUT_Tag/result/bonemarrow’: File exists
done
INFO  @ Tue, 19 Mar 2024 17:26:25: 
# Command line: callpeak -t /storage/zhangyanxiaoLab/suzhuojie/projects/Aging_CUT_Tag/data/samples/bonemarrow/H3K4me3/tmp.merge.bam -f BAMPE -n H3K4me3 --outdir /storage/zhangyanxiaoLab/suzhuojie/projects/Aging_CUT_Tag/data/samples/bonemarrow/H3K4me3/peaks/macs_narrowpeak -g mm --nomodel -q 0.0001 --keep-dup all
# ARGUMENTS LIST:
# name = H3K4me3
# format = BAMPE
# ChIP-seq file = ['/storage/zhangyanxiaoLab/suzhuojie/projects/Aging_CUT_Tag/data/samples/bonemarrow/H3K4me3/tmp.merge.bam']
# control file = None
# effective genome size = 1.87e+09
# band width = 300
# model fold = [5, 50]
# qvalue cutoff = 1.00e-04
# The maximum gap between significant sites is assigned as the read length/tag size.
# The minimum length of peaks is assigned as the predicted fragment length "d".
# Larger dataset will be scaled towards smaller dataset.
# Range for calculating regional lambda is: 10000 bps
# Broad region calling is off
# Paired-End mode is on
 
INFO  @ Tue, 19 Mar 2024 17:26:25: #1 read fragment files... 
INFO  @ Tue, 19 Mar 2024 17:26:25: #1 read treatment fragments... 
INFO  @ Tue, 19 Mar 2024 17:26:27:  1000000 
INFO  @ Tue, 19 Mar 2024 17:26:30:  2000000 
INFO  @ Tue, 19 Mar 2024 17:26:33:  3000000 
INFO  @ Tue, 19 Mar 2024 17:26:36:  4000000 
INFO  @ Tue, 19 Mar 2024 17:26:38:  5000000 
INFO  @ Tue, 19 Mar 2024 17:26:41:  6000000 
INFO  @ Tue, 19 Mar 2024 17:26:44:  7000000 
INFO  @ Tue, 19 Mar 2024 17:26:46:  8000000 
INFO  @ Tue, 19 Mar 2024 17:26:49:  9000000 
INFO  @ Tue, 19 Mar 2024 17:26:52:  10000000 
INFO  @ Tue, 19 Mar 2024 17:26:54:  11000000 
INFO  @ Tue, 19 Mar 2024 17:26:57:  12000000 
INFO  @ Tue, 19 Mar 2024 17:27:00:  13000000 
INFO  @ Tue, 19 Mar 2024 17:27:03:  14000000 
INFO  @ Tue, 19 Mar 2024 17:27:05:  15000000 
INFO  @ Tue, 19 Mar 2024 17:27:08:  16000000 
INFO  @ Tue, 19 Mar 2024 17:27:11:  17000000 
INFO  @ Tue, 19 Mar 2024 17:27:14:  18000000 
INFO  @ Tue, 19 Mar 2024 17:27:16:  19000000 
INFO  @ Tue, 19 Mar 2024 17:27:19:  20000000 
INFO  @ Tue, 19 Mar 2024 17:27:22:  21000000 
INFO  @ Tue, 19 Mar 2024 17:27:25:  22000000 
INFO  @ Tue, 19 Mar 2024 17:27:28:  23000000 
INFO  @ Tue, 19 Mar 2024 17:27:31:  24000000 
INFO  @ Tue, 19 Mar 2024 17:27:33:  25000000 
INFO  @ Tue, 19 Mar 2024 17:27:36:  26000000 
INFO  @ Tue, 19 Mar 2024 17:27:39:  27000000 
INFO  @ Tue, 19 Mar 2024 17:27:42:  28000000 
INFO  @ Tue, 19 Mar 2024 17:27:44:  29000000 
INFO  @ Tue, 19 Mar 2024 17:27:47:  30000000 
INFO  @ Tue, 19 Mar 2024 17:27:50:  31000000 
INFO  @ Tue, 19 Mar 2024 17:27:52:  32000000 
INFO  @ Tue, 19 Mar 2024 17:27:55:  33000000 
INFO  @ Tue, 19 Mar 2024 17:27:58:  34000000 
INFO  @ Tue, 19 Mar 2024 17:28:01:  35000000 
INFO  @ Tue, 19 Mar 2024 17:28:03:  36000000 
INFO  @ Tue, 19 Mar 2024 17:28:06:  37000000 
INFO  @ Tue, 19 Mar 2024 17:28:09:  38000000 
INFO  @ Tue, 19 Mar 2024 17:28:12:  39000000 
INFO  @ Tue, 19 Mar 2024 17:28:14:  40000000 
INFO  @ Tue, 19 Mar 2024 17:28:17:  41000000 
INFO  @ Tue, 19 Mar 2024 17:28:20:  42000000 
INFO  @ Tue, 19 Mar 2024 17:28:23:  43000000 
INFO  @ Tue, 19 Mar 2024 17:28:25:  44000000 
INFO  @ Tue, 19 Mar 2024 17:28:28:  45000000 
INFO  @ Tue, 19 Mar 2024 17:28:31:  46000000 
INFO  @ Tue, 19 Mar 2024 17:28:34:  47000000 
INFO  @ Tue, 19 Mar 2024 17:28:36:  48000000 
INFO  @ Tue, 19 Mar 2024 17:28:39:  49000000 
INFO  @ Tue, 19 Mar 2024 17:28:42:  50000000 
INFO  @ Tue, 19 Mar 2024 17:28:45:  51000000 
INFO  @ Tue, 19 Mar 2024 17:28:47:  52000000 
INFO  @ Tue, 19 Mar 2024 17:28:50:  53000000 
INFO  @ Tue, 19 Mar 2024 17:28:53:  54000000 
INFO  @ Tue, 19 Mar 2024 17:28:55:  55000000 
INFO  @ Tue, 19 Mar 2024 17:28:58:  56000000 
INFO  @ Tue, 19 Mar 2024 17:29:01:  57000000 
INFO  @ Tue, 19 Mar 2024 17:29:04:  58000000 
INFO  @ Tue, 19 Mar 2024 17:29:07:  59000000 
INFO  @ Tue, 19 Mar 2024 17:29:10:  60000000 
INFO  @ Tue, 19 Mar 2024 17:29:13:  61000000 
INFO  @ Tue, 19 Mar 2024 17:29:15:  62000000 
INFO  @ Tue, 19 Mar 2024 17:29:18:  63000000 
INFO  @ Tue, 19 Mar 2024 17:29:21:  64000000 
INFO  @ Tue, 19 Mar 2024 17:29:24:  65000000 
INFO  @ Tue, 19 Mar 2024 17:29:26:  66000000 
INFO  @ Tue, 19 Mar 2024 17:29:29:  67000000 
INFO  @ Tue, 19 Mar 2024 17:29:32:  68000000 
INFO  @ Tue, 19 Mar 2024 17:29:35:  69000000 
INFO  @ Tue, 19 Mar 2024 17:29:37:  70000000 
INFO  @ Tue, 19 Mar 2024 17:29:40:  71000000 
INFO  @ Tue, 19 Mar 2024 17:29:43:  72000000 
INFO  @ Tue, 19 Mar 2024 17:29:46:  73000000 
INFO  @ Tue, 19 Mar 2024 17:29:48:  74000000 
INFO  @ Tue, 19 Mar 2024 17:29:51:  75000000 
INFO  @ Tue, 19 Mar 2024 17:29:54:  76000000 
INFO  @ Tue, 19 Mar 2024 17:29:57:  77000000 
INFO  @ Tue, 19 Mar 2024 17:29:59:  78000000 
INFO  @ Tue, 19 Mar 2024 17:30:02:  79000000 
INFO  @ Tue, 19 Mar 2024 17:30:05:  80000000 
INFO  @ Tue, 19 Mar 2024 17:30:07:  81000000 
INFO  @ Tue, 19 Mar 2024 17:30:10:  82000000 
INFO  @ Tue, 19 Mar 2024 17:30:13:  83000000 
INFO  @ Tue, 19 Mar 2024 17:30:16:  84000000 
INFO  @ Tue, 19 Mar 2024 17:30:18:  85000000 
INFO  @ Tue, 19 Mar 2024 17:30:21:  86000000 
INFO  @ Tue, 19 Mar 2024 17:30:24:  87000000 
INFO  @ Tue, 19 Mar 2024 17:30:27:  88000000 
INFO  @ Tue, 19 Mar 2024 17:30:29:  89000000 
INFO  @ Tue, 19 Mar 2024 17:30:32:  90000000 
INFO  @ Tue, 19 Mar 2024 17:30:35:  91000000 
INFO  @ Tue, 19 Mar 2024 17:30:37:  92000000 
INFO  @ Tue, 19 Mar 2024 17:30:40:  93000000 
INFO  @ Tue, 19 Mar 2024 17:30:43:  94000000 
INFO  @ Tue, 19 Mar 2024 17:30:46:  95000000 
INFO  @ Tue, 19 Mar 2024 17:30:48:  96000000 
INFO  @ Tue, 19 Mar 2024 17:30:51:  97000000 
INFO  @ Tue, 19 Mar 2024 17:30:54:  98000000 
INFO  @ Tue, 19 Mar 2024 17:30:57:  99000000 
INFO  @ Tue, 19 Mar 2024 17:31:00:  100000000 
INFO  @ Tue, 19 Mar 2024 17:31:02:  101000000 
INFO  @ Tue, 19 Mar 2024 17:31:05:  102000000 
INFO  @ Tue, 19 Mar 2024 17:31:08:  103000000 
INFO  @ Tue, 19 Mar 2024 17:31:11:  104000000 
INFO  @ Tue, 19 Mar 2024 17:31:13:  105000000 
INFO  @ Tue, 19 Mar 2024 17:31:16:  106000000 
INFO  @ Tue, 19 Mar 2024 17:31:19:  107000000 
INFO  @ Tue, 19 Mar 2024 17:31:22:  108000000 
INFO  @ Tue, 19 Mar 2024 17:31:25:  109000000 
INFO  @ Tue, 19 Mar 2024 17:31:31: 109245864 fragments have been read. 
INFO  @ Tue, 19 Mar 2024 17:32:24: #1 mean fragment size is determined as 369.4 bp from treatment 
INFO  @ Tue, 19 Mar 2024 17:32:24: #1 fragment size = 369.4 
INFO  @ Tue, 19 Mar 2024 17:32:24: #1  total fragments in treatment: 109245864 
INFO  @ Tue, 19 Mar 2024 17:32:24: #1 finished! 
INFO  @ Tue, 19 Mar 2024 17:32:24: #2 Build Peak Model... 
INFO  @ Tue, 19 Mar 2024 17:32:24: #2 Skipped... 
INFO  @ Tue, 19 Mar 2024 17:32:24: #3 Call peaks... 
INFO  @ Tue, 19 Mar 2024 17:32:24: #3 Pre-compute pvalue-qvalue table... 
INFO  @ Tue, 19 Mar 2024 17:38:40: #3 Call peaks for each chromosome... 
INFO  @ Tue, 19 Mar 2024 17:40:35: #4 Write output xls file... /storage/zhangyanxiaoLab/suzhuojie/projects/Aging_CUT_Tag/data/samples/bonemarrow/H3K4me3/peaks/macs_narrowpeak/H3K4me3_peaks.xls 
INFO  @ Tue, 19 Mar 2024 17:40:35: #4 Write peak in narrowPeak format file... /storage/zhangyanxiaoLab/suzhuojie/projects/Aging_CUT_Tag/data/samples/bonemarrow/H3K4me3/peaks/macs_narrowpeak/H3K4me3_peaks.narrowPeak 
INFO  @ Tue, 19 Mar 2024 17:40:35: #4 Write summits bed file... /storage/zhangyanxiaoLab/suzhuojie/projects/Aging_CUT_Tag/data/samples/bonemarrow/H3K4me3/peaks/macs_narrowpeak/H3K4me3_summits.bed 
INFO  @ Tue, 19 Mar 2024 17:40:35: Done! 
input file: /storage/zhangyanxiaoLab/suzhuojie/projects/Aging_CUT_Tag/data/samples/bonemarrow/H3K4me3/bed/H3K4me3_macs_narrowpeak.bed
output file: /storage/zhangyanxiaoLab/suzhuojie/projects/Aging_CUT_Tag/data/samples/bonemarrow/H3K4me3/bed/H3K4me3_macs_narrowpeak.saf

        ==========     _____ _    _ ____  _____  ______          _____  
        =====         / ____| |  | |  _ \|  __ \|  ____|   /\   |  __ \ 
          =====      | (___ | |  | | |_) | |__) | |__     /  \  | |  | |
            ====      \___ \| |  | |  _ <|  _  /|  __|   / /\ \ | |  | |
              ====    ____) | |__| | |_) | | \ \| |____ / ____ \| |__| |
        ==========   |_____/ \____/|____/|_|  \_\______/_/    \_\_____/
	  v2.0.1

//========================== featureCounts setting ===========================\\
||                                                                            ||
||             Input files : 4 BAM files                                      ||
||                           o LLX342_S43_L002.nodup.bam                      ||
||                           o LLX348_S21_L002.nodup.bam                      ||
||                           o LLX356_S45_L003.nodup.bam                      ||
||                           o LLX362_S1_L001.nodup.bam                       ||
||                                                                            ||
||             Output file : H3K4me3_macs_narrowpeak.counts                   ||
||                 Summary : H3K4me3_macs_narrowpeak.counts.summary           ||
||              Annotation : H3K4me3_macs_narrowpeak.saf (SAF)                ||
||      Dir for temp files : /storage/zhangyanxiaoLab/suzhuojie/projects/ ... ||
||                                                                            ||
||                 Threads : 8                                                ||
||                   Level : meta-feature level                               ||
||              Paired-end : yes                                              ||
||      Multimapping reads : not counted                                      ||
|| Multi-overlapping reads : not counted                                      ||
||   Min overlapping bases : 1                                                ||
||                                                                            ||
||          Chimeric reads : counted                                          ||
||        Both ends mapped : not required                                     ||
||                                                                            ||
\\============================================================================//

//================================= Running ==================================\\
||                                                                            ||
|| Load annotation file H3K4me3_macs_narrowpeak.saf ...                       ||
||    Features : 59741                                                        ||
||    Meta-features : 59741                                                   ||
||    Chromosomes/contigs : 21                                                ||
||                                                                            ||
|| Process BAM file LLX342_S43_L002.nodup.bam...                              ||
||    Paired-end reads are included.                                          ||
||    Total alignments : 36440019                                             ||
||    Successfully assigned alignments : 15580040 (42.8%)                     ||
||    Running time : 0.21 minutes                                             ||
||                                                                            ||
|| Process BAM file LLX348_S21_L002.nodup.bam...                              ||
||    Paired-end reads are included.                                          ||
||    Total alignments : 30841516                                             ||
||    Successfully assigned alignments : 11965028 (38.8%)                     ||
||    Running time : 0.20 minutes                                             ||
||                                                                            ||
|| Process BAM file LLX356_S45_L003.nodup.bam...                              ||
||    Paired-end reads are included.                                          ||
||    Total alignments : 23382879                                             ||
||    Successfully assigned alignments : 12287921 (52.6%)                     ||
||    Running time : 0.12 minutes                                             ||
||                                                                            ||
|| Process BAM file LLX362_S1_L001.nodup.bam...                               ||
||    Paired-end reads are included.                                          ||
||    Total alignments : 28370992                                             ||
||    Successfully assigned alignments : 12616649 (44.5%)                     ||
||    Running time : 0.16 minutes                                             ||
||                                                                            ||
|| Write the final count table.                                               ||
|| Write the read assignment summary.                                         ||
||                                                                            ||
|| Summary of counting results can be found in file "/storage/zhangyanxiaoLa  ||
|| b/suzhuojie/projects/Aging_CUT_Tag/data/samples/bonemarrow/H3K4me3/H3K4me  ||
|| 3_macs_narrowpeak.counts.summary"                                          ||
||                                                                            ||
\\============================================================================//

mkdir: cannot create directory ‘/storage/zhangyanxiaoLab/suzhuojie/projects/Aging_CUT_Tag/result/bonemarrow’: File exists
done
INFO  @ Tue, 19 Mar 2024 17:50:37: 
# Command line: callpeak -t /storage/zhangyanxiaoLab/suzhuojie/projects/Aging_CUT_Tag/data/samples/bonemarrow/H3K4me1/tmp.merge.bam -f BAMPE -n H3K4me1 --outdir /storage/zhangyanxiaoLab/suzhuojie/projects/Aging_CUT_Tag/data/samples/bonemarrow/H3K4me1/peaks/macs_narrowpeak -g mm --nomodel -q 0.0001 --keep-dup all
# ARGUMENTS LIST:
# name = H3K4me1
# format = BAMPE
# ChIP-seq file = ['/storage/zhangyanxiaoLab/suzhuojie/projects/Aging_CUT_Tag/data/samples/bonemarrow/H3K4me1/tmp.merge.bam']
# control file = None
# effective genome size = 1.87e+09
# band width = 300
# model fold = [5, 50]
# qvalue cutoff = 1.00e-04
# The maximum gap between significant sites is assigned as the read length/tag size.
# The minimum length of peaks is assigned as the predicted fragment length "d".
# Larger dataset will be scaled towards smaller dataset.
# Range for calculating regional lambda is: 10000 bps
# Broad region calling is off
# Paired-End mode is on
 
INFO  @ Tue, 19 Mar 2024 17:50:37: #1 read fragment files... 
INFO  @ Tue, 19 Mar 2024 17:50:37: #1 read treatment fragments... 
INFO  @ Tue, 19 Mar 2024 17:50:40:  1000000 
INFO  @ Tue, 19 Mar 2024 17:50:43:  2000000 
INFO  @ Tue, 19 Mar 2024 17:50:45:  3000000 
INFO  @ Tue, 19 Mar 2024 17:50:48:  4000000 
INFO  @ Tue, 19 Mar 2024 17:50:50:  5000000 
INFO  @ Tue, 19 Mar 2024 17:50:53:  6000000 
INFO  @ Tue, 19 Mar 2024 17:50:56:  7000000 
INFO  @ Tue, 19 Mar 2024 17:50:58:  8000000 
INFO  @ Tue, 19 Mar 2024 17:51:01:  9000000 
INFO  @ Tue, 19 Mar 2024 17:51:04:  10000000 
INFO  @ Tue, 19 Mar 2024 17:51:06:  11000000 
INFO  @ Tue, 19 Mar 2024 17:51:09:  12000000 
INFO  @ Tue, 19 Mar 2024 17:51:12:  13000000 
INFO  @ Tue, 19 Mar 2024 17:51:14:  14000000 
INFO  @ Tue, 19 Mar 2024 17:51:17:  15000000 
INFO  @ Tue, 19 Mar 2024 17:51:20:  16000000 
INFO  @ Tue, 19 Mar 2024 17:51:22:  17000000 
INFO  @ Tue, 19 Mar 2024 17:51:25:  18000000 
INFO  @ Tue, 19 Mar 2024 17:51:28:  19000000 
INFO  @ Tue, 19 Mar 2024 17:51:31:  20000000 
INFO  @ Tue, 19 Mar 2024 17:51:33:  21000000 
INFO  @ Tue, 19 Mar 2024 17:51:36:  22000000 
INFO  @ Tue, 19 Mar 2024 17:51:39:  23000000 
INFO  @ Tue, 19 Mar 2024 17:51:41:  24000000 
INFO  @ Tue, 19 Mar 2024 17:51:44:  25000000 
INFO  @ Tue, 19 Mar 2024 17:51:47:  26000000 
INFO  @ Tue, 19 Mar 2024 17:51:50:  27000000 
INFO  @ Tue, 19 Mar 2024 17:51:52:  28000000 
INFO  @ Tue, 19 Mar 2024 17:51:55:  29000000 
INFO  @ Tue, 19 Mar 2024 17:51:58:  30000000 
INFO  @ Tue, 19 Mar 2024 17:52:00:  31000000 
INFO  @ Tue, 19 Mar 2024 17:52:03:  32000000 
INFO  @ Tue, 19 Mar 2024 17:52:06:  33000000 
INFO  @ Tue, 19 Mar 2024 17:52:08:  34000000 
INFO  @ Tue, 19 Mar 2024 17:52:11:  35000000 
INFO  @ Tue, 19 Mar 2024 17:52:14:  36000000 
INFO  @ Tue, 19 Mar 2024 17:52:17:  37000000 
INFO  @ Tue, 19 Mar 2024 17:52:19:  38000000 
INFO  @ Tue, 19 Mar 2024 17:52:22:  39000000 
INFO  @ Tue, 19 Mar 2024 17:52:25:  40000000 
INFO  @ Tue, 19 Mar 2024 17:52:27:  41000000 
INFO  @ Tue, 19 Mar 2024 17:52:30:  42000000 
INFO  @ Tue, 19 Mar 2024 17:52:33:  43000000 
INFO  @ Tue, 19 Mar 2024 17:52:35:  44000000 
INFO  @ Tue, 19 Mar 2024 17:52:38:  45000000 
INFO  @ Tue, 19 Mar 2024 17:52:41:  46000000 
INFO  @ Tue, 19 Mar 2024 17:52:43:  47000000 
INFO  @ Tue, 19 Mar 2024 17:52:46:  48000000 
INFO  @ Tue, 19 Mar 2024 17:52:49:  49000000 
INFO  @ Tue, 19 Mar 2024 17:52:51:  50000000 
INFO  @ Tue, 19 Mar 2024 17:52:54:  51000000 
INFO  @ Tue, 19 Mar 2024 17:52:57:  52000000 
INFO  @ Tue, 19 Mar 2024 17:52:59:  53000000 
INFO  @ Tue, 19 Mar 2024 17:53:02:  54000000 
INFO  @ Tue, 19 Mar 2024 17:53:04:  55000000 
INFO  @ Tue, 19 Mar 2024 17:53:07:  56000000 
INFO  @ Tue, 19 Mar 2024 17:53:10:  57000000 
INFO  @ Tue, 19 Mar 2024 17:53:12:  58000000 
INFO  @ Tue, 19 Mar 2024 17:53:15:  59000000 
INFO  @ Tue, 19 Mar 2024 17:53:18:  60000000 
INFO  @ Tue, 19 Mar 2024 17:53:20:  61000000 
INFO  @ Tue, 19 Mar 2024 17:53:23:  62000000 
INFO  @ Tue, 19 Mar 2024 17:53:26:  63000000 
INFO  @ Tue, 19 Mar 2024 17:53:28:  64000000 
INFO  @ Tue, 19 Mar 2024 17:53:31:  65000000 
INFO  @ Tue, 19 Mar 2024 17:53:34:  66000000 
INFO  @ Tue, 19 Mar 2024 17:53:36:  67000000 
INFO  @ Tue, 19 Mar 2024 17:53:39:  68000000 
INFO  @ Tue, 19 Mar 2024 17:53:41:  69000000 
INFO  @ Tue, 19 Mar 2024 17:53:44:  70000000 
INFO  @ Tue, 19 Mar 2024 17:53:47:  71000000 
INFO  @ Tue, 19 Mar 2024 17:53:49:  72000000 
INFO  @ Tue, 19 Mar 2024 17:53:52:  73000000 
INFO  @ Tue, 19 Mar 2024 17:53:55:  74000000 
INFO  @ Tue, 19 Mar 2024 17:53:57:  75000000 
INFO  @ Tue, 19 Mar 2024 17:54:00:  76000000 
INFO  @ Tue, 19 Mar 2024 17:54:03:  77000000 
INFO  @ Tue, 19 Mar 2024 17:54:05:  78000000 
INFO  @ Tue, 19 Mar 2024 17:54:08:  79000000 
INFO  @ Tue, 19 Mar 2024 17:54:10:  80000000 
INFO  @ Tue, 19 Mar 2024 17:54:13:  81000000 
INFO  @ Tue, 19 Mar 2024 17:54:16:  82000000 
INFO  @ Tue, 19 Mar 2024 17:54:18:  83000000 
INFO  @ Tue, 19 Mar 2024 17:54:21:  84000000 
INFO  @ Tue, 19 Mar 2024 17:54:24:  85000000 
INFO  @ Tue, 19 Mar 2024 17:54:27:  86000000 
INFO  @ Tue, 19 Mar 2024 17:54:29:  87000000 
INFO  @ Tue, 19 Mar 2024 17:54:32:  88000000 
INFO  @ Tue, 19 Mar 2024 17:54:34:  89000000 
INFO  @ Tue, 19 Mar 2024 17:54:37:  90000000 
INFO  @ Tue, 19 Mar 2024 17:54:40:  91000000 
INFO  @ Tue, 19 Mar 2024 17:54:42:  92000000 
INFO  @ Tue, 19 Mar 2024 17:54:45:  93000000 
INFO  @ Tue, 19 Mar 2024 17:54:48:  94000000 
INFO  @ Tue, 19 Mar 2024 17:54:50:  95000000 
INFO  @ Tue, 19 Mar 2024 17:54:53:  96000000 
INFO  @ Tue, 19 Mar 2024 17:54:55:  97000000 
INFO  @ Tue, 19 Mar 2024 17:54:58:  98000000 
INFO  @ Tue, 19 Mar 2024 17:55:01:  99000000 
INFO  @ Tue, 19 Mar 2024 17:55:03:  100000000 
INFO  @ Tue, 19 Mar 2024 17:55:06:  101000000 
INFO  @ Tue, 19 Mar 2024 17:55:09:  102000000 
INFO  @ Tue, 19 Mar 2024 17:55:11:  103000000 
INFO  @ Tue, 19 Mar 2024 17:55:14:  104000000 
INFO  @ Tue, 19 Mar 2024 17:55:16:  105000000 
INFO  @ Tue, 19 Mar 2024 17:55:19:  106000000 
INFO  @ Tue, 19 Mar 2024 17:55:22:  107000000 
INFO  @ Tue, 19 Mar 2024 17:55:24:  108000000 
INFO  @ Tue, 19 Mar 2024 17:55:27:  109000000 
INFO  @ Tue, 19 Mar 2024 17:55:30:  110000000 
INFO  @ Tue, 19 Mar 2024 17:55:32:  111000000 
INFO  @ Tue, 19 Mar 2024 17:55:35:  112000000 
INFO  @ Tue, 19 Mar 2024 17:55:38:  113000000 
INFO  @ Tue, 19 Mar 2024 17:55:41:  114000000 
INFO  @ Tue, 19 Mar 2024 17:55:43:  115000000 
INFO  @ Tue, 19 Mar 2024 17:55:48: 115438159 fragments have been read. 
INFO  @ Tue, 19 Mar 2024 17:56:44: #1 mean fragment size is determined as 308.9 bp from treatment 
INFO  @ Tue, 19 Mar 2024 17:56:44: #1 fragment size = 308.9 
INFO  @ Tue, 19 Mar 2024 17:56:44: #1  total fragments in treatment: 115438159 
INFO  @ Tue, 19 Mar 2024 17:56:44: #1 finished! 
INFO  @ Tue, 19 Mar 2024 17:56:44: #2 Build Peak Model... 
INFO  @ Tue, 19 Mar 2024 17:56:44: #2 Skipped... 
INFO  @ Tue, 19 Mar 2024 17:56:44: #3 Call peaks... 
INFO  @ Tue, 19 Mar 2024 17:56:44: #3 Pre-compute pvalue-qvalue table... 
INFO  @ Tue, 19 Mar 2024 18:00:33: #3 Call peaks for each chromosome... 
INFO  @ Tue, 19 Mar 2024 18:02:34: #4 Write output xls file... /storage/zhangyanxiaoLab/suzhuojie/projects/Aging_CUT_Tag/data/samples/bonemarrow/H3K4me1/peaks/macs_narrowpeak/H3K4me1_peaks.xls 
INFO  @ Tue, 19 Mar 2024 18:02:34: #4 Write peak in narrowPeak format file... /storage/zhangyanxiaoLab/suzhuojie/projects/Aging_CUT_Tag/data/samples/bonemarrow/H3K4me1/peaks/macs_narrowpeak/H3K4me1_peaks.narrowPeak 
INFO  @ Tue, 19 Mar 2024 18:02:34: #4 Write summits bed file... /storage/zhangyanxiaoLab/suzhuojie/projects/Aging_CUT_Tag/data/samples/bonemarrow/H3K4me1/peaks/macs_narrowpeak/H3K4me1_summits.bed 
INFO  @ Tue, 19 Mar 2024 18:02:34: Done! 
input file: /storage/zhangyanxiaoLab/suzhuojie/projects/Aging_CUT_Tag/data/samples/bonemarrow/H3K4me1/bed/H3K4me1_macs_narrowpeak.bed
output file: /storage/zhangyanxiaoLab/suzhuojie/projects/Aging_CUT_Tag/data/samples/bonemarrow/H3K4me1/bed/H3K4me1_macs_narrowpeak.saf

        ==========     _____ _    _ ____  _____  ______          _____  
        =====         / ____| |  | |  _ \|  __ \|  ____|   /\   |  __ \ 
          =====      | (___ | |  | | |_) | |__) | |__     /  \  | |  | |
            ====      \___ \| |  | |  _ <|  _  /|  __|   / /\ \ | |  | |
              ====    ____) | |__| | |_) | | \ \| |____ / ____ \| |__| |
        ==========   |_____/ \____/|____/|_|  \_\______/_/    \_\_____/
	  v2.0.1

//========================== featureCounts setting ===========================\\
||                                                                            ||
||             Input files : 4 BAM files                                      ||
||                           o LLX341_S19_L002.nodup.bam                      ||
||                           o LLX347_S20_L002.nodup.bam                      ||
||                           o LLX355_S44_L003.nodup.bam                      ||
||                           o LLX361_S36_L004.nodup.bam                      ||
||                                                                            ||
||             Output file : H3K4me1_macs_narrowpeak.counts                   ||
||                 Summary : H3K4me1_macs_narrowpeak.counts.summary           ||
||              Annotation : H3K4me1_macs_narrowpeak.saf (SAF)                ||
||      Dir for temp files : /storage/zhangyanxiaoLab/suzhuojie/projects/ ... ||
||                                                                            ||
||                 Threads : 8                                                ||
||                   Level : meta-feature level                               ||
||              Paired-end : yes                                              ||
||      Multimapping reads : not counted                                      ||
|| Multi-overlapping reads : not counted                                      ||
||   Min overlapping bases : 1                                                ||
||                                                                            ||
||          Chimeric reads : counted                                          ||
||        Both ends mapped : not required                                     ||
||                                                                            ||
\\============================================================================//

//================================= Running ==================================\\
||                                                                            ||
|| Load annotation file H3K4me1_macs_narrowpeak.saf ...                       ||
||    Features : 82266                                                        ||
||    Meta-features : 82266                                                   ||
||    Chromosomes/contigs : 21                                                ||
||                                                                            ||
|| Process BAM file LLX341_S19_L002.nodup.bam...                              ||
||    Paired-end reads are included.                                          ||
||    Total alignments : 34375532                                             ||
||    Successfully assigned alignments : 6954621 (20.2%)                      ||
||    Running time : 0.17 minutes                                             ||
||                                                                            ||
|| Process BAM file LLX347_S20_L002.nodup.bam...                              ||
||    Paired-end reads are included.                                          ||
||    Total alignments : 33074706                                             ||
||    Successfully assigned alignments : 5915304 (17.9%)                      ||
||    Running time : 0.18 minutes                                             ||
||                                                                            ||
|| Process BAM file LLX355_S44_L003.nodup.bam...                              ||
||    Paired-end reads are included.                                          ||
||    Total alignments : 24063713                                             ||
||    Successfully assigned alignments : 6232618 (25.9%)                      ||
||    Running time : 0.11 minutes                                             ||
||                                                                            ||
|| Process BAM file LLX361_S36_L004.nodup.bam...                              ||
||    Paired-end reads are included.                                          ||
||    Total alignments : 30073646                                             ||
||    Successfully assigned alignments : 6008051 (20.0%)                      ||
||    Running time : 0.15 minutes                                             ||
||                                                                            ||
|| Write the final count table.                                               ||
|| Write the read assignment summary.                                         ||
||                                                                            ||
|| Summary of counting results can be found in file "/storage/zhangyanxiaoLa  ||
|| b/suzhuojie/projects/Aging_CUT_Tag/data/samples/bonemarrow/H3K4me1/H3K4me  ||
|| 1_macs_narrowpeak.counts.summary"                                          ||
||                                                                            ||
\\============================================================================//

mkdir: cannot create directory ‘/storage/zhangyanxiaoLab/suzhuojie/projects/Aging_CUT_Tag/result/bonemarrow’: File exists
done
