mkdir: cannot create directory '/storage/zhangyanxiaoLab/suzhuojie/projects/Aging_CUT_Tag/data/samples/colon/H3K27ac/peaks/': File exists
mkdir: cannot create directory '/storage/zhangyanxiaoLab/suzhuojie/projects/Aging_CUT_Tag/data/samples/colon/H3K27ac/peaks/macs_narrowpeak': File exists
INFO  @ Wed, 17 Jan 2024 22:06:49: 
# Command line: callpeak -t /storage/zhangyanxiaoLab/suzhuojie/projects/Aging_CUT_Tag/data/samples/colon/H3K27ac/tmp.merge.bam -f BAMPE -n H3K27ac --outdir /storage/zhangyanxiaoLab/suzhuojie/projects/Aging_CUT_Tag/data/samples/colon/H3K27ac/peaks/macs_narrowpeak -g mm --nomodel -q 0.0001 --keep-dup all
# ARGUMENTS LIST:
# name = H3K27ac
# format = BAMPE
# ChIP-seq file = ['/storage/zhangyanxiaoLab/suzhuojie/projects/Aging_CUT_Tag/data/samples/colon/H3K27ac/tmp.merge.bam']
# control file = None
# effective genome size = 1.87e+09
# band width = 300
# model fold = [5, 50]
# qvalue cutoff = 1.00e-04
# The maximum gap between significant sites is assigned as the read length/tag size.
# The minimum length of peaks is assigned as the predicted fragment length "d".
# Larger dataset will be scaled towards smaller dataset.
# Range for calculating regional lambda is: 10000 bps
# Broad region calling is off
# Paired-End mode is on
 
INFO  @ Wed, 17 Jan 2024 22:06:49: #1 read fragment files... 
INFO  @ Wed, 17 Jan 2024 22:06:49: #1 read treatment fragments... 
INFO  @ Wed, 17 Jan 2024 22:06:52:  1000000 
INFO  @ Wed, 17 Jan 2024 22:06:55:  2000000 
INFO  @ Wed, 17 Jan 2024 22:06:58:  3000000 
INFO  @ Wed, 17 Jan 2024 22:07:01:  4000000 
INFO  @ Wed, 17 Jan 2024 22:07:04:  5000000 
INFO  @ Wed, 17 Jan 2024 22:07:07:  6000000 
INFO  @ Wed, 17 Jan 2024 22:07:10:  7000000 
INFO  @ Wed, 17 Jan 2024 22:07:13:  8000000 
INFO  @ Wed, 17 Jan 2024 22:07:16:  9000000 
INFO  @ Wed, 17 Jan 2024 22:07:19:  10000000 
INFO  @ Wed, 17 Jan 2024 22:07:22:  11000000 
INFO  @ Wed, 17 Jan 2024 22:07:25:  12000000 
INFO  @ Wed, 17 Jan 2024 22:07:28:  13000000 
INFO  @ Wed, 17 Jan 2024 22:07:31:  14000000 
INFO  @ Wed, 17 Jan 2024 22:07:34:  15000000 
INFO  @ Wed, 17 Jan 2024 22:07:36:  16000000 
INFO  @ Wed, 17 Jan 2024 22:07:40:  17000000 
INFO  @ Wed, 17 Jan 2024 22:07:43:  18000000 
INFO  @ Wed, 17 Jan 2024 22:07:45:  19000000 
INFO  @ Wed, 17 Jan 2024 22:07:48:  20000000 
INFO  @ Wed, 17 Jan 2024 22:07:51:  21000000 
INFO  @ Wed, 17 Jan 2024 22:07:54:  22000000 
INFO  @ Wed, 17 Jan 2024 22:07:57:  23000000 
INFO  @ Wed, 17 Jan 2024 22:08:00:  24000000 
INFO  @ Wed, 17 Jan 2024 22:08:03:  25000000 
INFO  @ Wed, 17 Jan 2024 22:08:06:  26000000 
INFO  @ Wed, 17 Jan 2024 22:08:08:  27000000 
INFO  @ Wed, 17 Jan 2024 22:08:11:  28000000 
INFO  @ Wed, 17 Jan 2024 22:08:14:  29000000 
INFO  @ Wed, 17 Jan 2024 22:08:17:  30000000 
INFO  @ Wed, 17 Jan 2024 22:08:20:  31000000 
INFO  @ Wed, 17 Jan 2024 22:08:22:  32000000 
INFO  @ Wed, 17 Jan 2024 22:08:25:  33000000 
INFO  @ Wed, 17 Jan 2024 22:08:28:  34000000 
INFO  @ Wed, 17 Jan 2024 22:08:31:  35000000 
INFO  @ Wed, 17 Jan 2024 22:08:33:  36000000 
INFO  @ Wed, 17 Jan 2024 22:08:36:  37000000 
INFO  @ Wed, 17 Jan 2024 22:08:39:  38000000 
INFO  @ Wed, 17 Jan 2024 22:08:42:  39000000 
INFO  @ Wed, 17 Jan 2024 22:08:45:  40000000 
INFO  @ Wed, 17 Jan 2024 22:08:48:  41000000 
INFO  @ Wed, 17 Jan 2024 22:08:50:  42000000 
INFO  @ Wed, 17 Jan 2024 22:08:53:  43000000 
INFO  @ Wed, 17 Jan 2024 22:08:56:  44000000 
INFO  @ Wed, 17 Jan 2024 22:08:59:  45000000 
INFO  @ Wed, 17 Jan 2024 22:09:02:  46000000 
INFO  @ Wed, 17 Jan 2024 22:09:04:  47000000 
INFO  @ Wed, 17 Jan 2024 22:09:07:  48000000 
INFO  @ Wed, 17 Jan 2024 22:09:10:  49000000 
INFO  @ Wed, 17 Jan 2024 22:09:13:  50000000 
INFO  @ Wed, 17 Jan 2024 22:09:16:  51000000 
INFO  @ Wed, 17 Jan 2024 22:09:18:  52000000 
INFO  @ Wed, 17 Jan 2024 22:09:21:  53000000 
INFO  @ Wed, 17 Jan 2024 22:09:24:  54000000 
INFO  @ Wed, 17 Jan 2024 22:09:27:  55000000 
INFO  @ Wed, 17 Jan 2024 22:09:30:  56000000 
INFO  @ Wed, 17 Jan 2024 22:09:32:  57000000 
INFO  @ Wed, 17 Jan 2024 22:09:35:  58000000 
INFO  @ Wed, 17 Jan 2024 22:09:38:  59000000 
INFO  @ Wed, 17 Jan 2024 22:09:41:  60000000 
INFO  @ Wed, 17 Jan 2024 22:09:44:  61000000 
INFO  @ Wed, 17 Jan 2024 22:09:46:  62000000 
INFO  @ Wed, 17 Jan 2024 22:09:49:  63000000 
INFO  @ Wed, 17 Jan 2024 22:09:52:  64000000 
INFO  @ Wed, 17 Jan 2024 22:09:55:  65000000 
INFO  @ Wed, 17 Jan 2024 22:09:58:  66000000 
INFO  @ Wed, 17 Jan 2024 22:10:01:  67000000 
INFO  @ Wed, 17 Jan 2024 22:10:03:  68000000 
INFO  @ Wed, 17 Jan 2024 22:10:06:  69000000 
INFO  @ Wed, 17 Jan 2024 22:10:09:  70000000 
INFO  @ Wed, 17 Jan 2024 22:10:12:  71000000 
INFO  @ Wed, 17 Jan 2024 22:10:15:  72000000 
INFO  @ Wed, 17 Jan 2024 22:10:18:  73000000 
INFO  @ Wed, 17 Jan 2024 22:10:20:  74000000 
INFO  @ Wed, 17 Jan 2024 22:10:23:  75000000 
INFO  @ Wed, 17 Jan 2024 22:10:26:  76000000 
INFO  @ Wed, 17 Jan 2024 22:10:29:  77000000 
INFO  @ Wed, 17 Jan 2024 22:10:32:  78000000 
INFO  @ Wed, 17 Jan 2024 22:10:35:  79000000 
INFO  @ Wed, 17 Jan 2024 22:10:37:  80000000 
INFO  @ Wed, 17 Jan 2024 22:10:40:  81000000 
INFO  @ Wed, 17 Jan 2024 22:10:43:  82000000 
INFO  @ Wed, 17 Jan 2024 22:10:46:  83000000 
INFO  @ Wed, 17 Jan 2024 22:10:49:  84000000 
INFO  @ Wed, 17 Jan 2024 22:10:52:  85000000 
INFO  @ Wed, 17 Jan 2024 22:10:54:  86000000 
INFO  @ Wed, 17 Jan 2024 22:10:57:  87000000 
INFO  @ Wed, 17 Jan 2024 22:11:00:  88000000 
INFO  @ Wed, 17 Jan 2024 22:11:03:  89000000 
INFO  @ Wed, 17 Jan 2024 22:11:06:  90000000 
INFO  @ Wed, 17 Jan 2024 22:11:09:  91000000 
INFO  @ Wed, 17 Jan 2024 22:11:12:  92000000 
INFO  @ Wed, 17 Jan 2024 22:11:15:  93000000 
INFO  @ Wed, 17 Jan 2024 22:11:17:  94000000 
INFO  @ Wed, 17 Jan 2024 22:11:20:  95000000 
INFO  @ Wed, 17 Jan 2024 22:11:23:  96000000 
INFO  @ Wed, 17 Jan 2024 22:11:26:  97000000 
INFO  @ Wed, 17 Jan 2024 22:11:29:  98000000 
INFO  @ Wed, 17 Jan 2024 22:11:32:  99000000 
INFO  @ Wed, 17 Jan 2024 22:11:35:  100000000 
INFO  @ Wed, 17 Jan 2024 22:11:38:  101000000 
INFO  @ Wed, 17 Jan 2024 22:11:41:  102000000 
INFO  @ Wed, 17 Jan 2024 22:11:44:  103000000 
INFO  @ Wed, 17 Jan 2024 22:11:47:  104000000 
INFO  @ Wed, 17 Jan 2024 22:11:50:  105000000 
INFO  @ Wed, 17 Jan 2024 22:11:52:  106000000 
INFO  @ Wed, 17 Jan 2024 22:11:55:  107000000 
INFO  @ Wed, 17 Jan 2024 22:11:58:  108000000 
INFO  @ Wed, 17 Jan 2024 22:12:01:  109000000 
INFO  @ Wed, 17 Jan 2024 22:12:04:  110000000 
INFO  @ Wed, 17 Jan 2024 22:12:07:  111000000 
INFO  @ Wed, 17 Jan 2024 22:12:10:  112000000 
INFO  @ Wed, 17 Jan 2024 22:12:13:  113000000 
INFO  @ Wed, 17 Jan 2024 22:12:16:  114000000 
INFO  @ Wed, 17 Jan 2024 22:12:19:  115000000 
INFO  @ Wed, 17 Jan 2024 22:12:23: 115376370 fragments have been read. 
INFO  @ Wed, 17 Jan 2024 22:13:20: #1 mean fragment size is determined as 372.0 bp from treatment 
INFO  @ Wed, 17 Jan 2024 22:13:20: #1 fragment size = 372.0 
INFO  @ Wed, 17 Jan 2024 22:13:20: #1  total fragments in treatment: 115376370 
INFO  @ Wed, 17 Jan 2024 22:13:20: #1 finished! 
INFO  @ Wed, 17 Jan 2024 22:13:20: #2 Build Peak Model... 
INFO  @ Wed, 17 Jan 2024 22:13:20: #2 Skipped... 
INFO  @ Wed, 17 Jan 2024 22:13:20: #3 Call peaks... 
INFO  @ Wed, 17 Jan 2024 22:13:20: #3 Pre-compute pvalue-qvalue table... 
INFO  @ Wed, 17 Jan 2024 22:18:29: #3 Call peaks for each chromosome... 
INFO  @ Wed, 17 Jan 2024 22:20:47: #4 Write output xls file... /storage/zhangyanxiaoLab/suzhuojie/projects/Aging_CUT_Tag/data/samples/colon/H3K27ac/peaks/macs_narrowpeak/H3K27ac_peaks.xls 
INFO  @ Wed, 17 Jan 2024 22:20:48: #4 Write peak in narrowPeak format file... /storage/zhangyanxiaoLab/suzhuojie/projects/Aging_CUT_Tag/data/samples/colon/H3K27ac/peaks/macs_narrowpeak/H3K27ac_peaks.narrowPeak 
INFO  @ Wed, 17 Jan 2024 22:20:48: #4 Write summits bed file... /storage/zhangyanxiaoLab/suzhuojie/projects/Aging_CUT_Tag/data/samples/colon/H3K27ac/peaks/macs_narrowpeak/H3K27ac_summits.bed 
INFO  @ Wed, 17 Jan 2024 22:20:48: Done! 
During startup - Warning messages:
1: Setting LC_CTYPE failed, using "C" 
2: Setting LC_COLLATE failed, using "C" 
3: Setting LC_TIME failed, using "C" 
4: Setting LC_MESSAGES failed, using "C" 
5: Setting LC_MONETARY failed, using "C" 
6: Setting LC_PAPER failed, using "C" 
7: Setting LC_MEASUREMENT failed, using "C" 
input file: /storage/zhangyanxiaoLab/suzhuojie/projects/Aging_CUT_Tag/data/samples/colon/H3K27ac/bed/H3K27ac_macs_narrowpeak.bed
output file: /storage/zhangyanxiaoLab/suzhuojie/projects/Aging_CUT_Tag/data/samples/colon/H3K27ac/bed/H3K27ac_macs_narrowpeak.saf

        ==========     _____ _    _ ____  _____  ______          _____  
        =====         / ____| |  | |  _ \|  __ \|  ____|   /\   |  __ \ 
          =====      | (___ | |  | | |_) | |__) | |__     /  \  | |  | |
            ====      \___ \| |  | |  _ <|  _  /|  __|   / /\ \ | |  | |
              ====    ____) | |__| | |_) | | \ \| |____ / ____ \| |__| |
        ==========   |_____/ \____/|____/|_|  \_\______/_/    \_\_____/
	  v2.0.1

//========================== featureCounts setting ===========================\\
||                                                                            ||
||             Input files : 4 BAM files                                      ||
||                           o LLX203_S46_L002.nodup.bam                      ||
||                           o LLX209_S64_L003.nodup.bam                      ||
||                           o LLX215_S235_L001.nodup.bam                     ||
||                           o LLX221_S239_L001.nodup.bam                     ||
||                                                                            ||
||             Output file : H3K27ac_macs_narrowpeak.counts                   ||
||                 Summary : H3K27ac_macs_narrowpeak.counts.summary           ||
||              Annotation : H3K27ac_macs_narrowpeak.saf (SAF)                ||
||      Dir for temp files : /storage/zhangyanxiaoLab/suzhuojie/projects/ ... ||
||                                                                            ||
||                 Threads : 8                                                ||
||                   Level : meta-feature level                               ||
||              Paired-end : yes                                              ||
||      Multimapping reads : not counted                                      ||
|| Multi-overlapping reads : not counted                                      ||
||   Min overlapping bases : 1                                                ||
||                                                                            ||
||          Chimeric reads : counted                                          ||
||        Both ends mapped : not required                                     ||
||                                                                            ||
\\============================================================================//

//================================= Running ==================================\\
||                                                                            ||
|| Load annotation file H3K27ac_macs_narrowpeak.saf ...                       ||
||    Features : 74046                                                        ||
||    Meta-features : 74046                                                   ||
||    Chromosomes/contigs : 21                                                ||
||                                                                            ||
|| Process BAM file LLX203_S46_L002.nodup.bam...                              ||
||    Paired-end reads are included.                                          ||
||    Total alignments : 34152802                                             ||
||    Successfully assigned alignments : 11444316 (33.5%)                     ||
||    Running time : 0.20 minutes                                             ||
||                                                                            ||
|| Process BAM file LLX209_S64_L003.nodup.bam...                              ||
||    Paired-end reads are included.                                          ||
||    Total alignments : 26997080                                             ||
||    Successfully assigned alignments : 9122030 (33.8%)                      ||
||    Running time : 0.16 minutes                                             ||
||                                                                            ||
|| Process BAM file LLX215_S235_L001.nodup.bam...                             ||
||    Paired-end reads are included.                                          ||
||    Total alignments : 34558042                                             ||
||    Successfully assigned alignments : 12826886 (37.1%)                     ||
||    Running time : 0.20 minutes                                             ||
||                                                                            ||
|| Process BAM file LLX221_S239_L001.nodup.bam...                             ||
||    Paired-end reads are included.                                          ||
||    Total alignments : 28614903                                             ||
||    Successfully assigned alignments : 8597716 (30.0%)                      ||
||    Running time : 0.16 minutes                                             ||
||                                                                            ||
|| Write the final count table.                                               ||
|| Write the read assignment summary.                                         ||
||                                                                            ||
|| Summary of counting results can be found in file "/storage/zhangyanxiaoLa  ||
|| b/suzhuojie/projects/Aging_CUT_Tag/data/samples/colon/H3K27ac/H3K27ac_mac  ||
|| s_narrowpeak.counts.summary"                                               ||
||                                                                            ||
\\============================================================================//

mkdir: cannot create directory '/storage/zhangyanxiaoLab/suzhuojie/projects/Aging_CUT_Tag/data/samples/colon/H3K27ac/matrix': File exists
mkdir: cannot create directory '/storage/zhangyanxiaoLab/suzhuojie/projects/Aging_CUT_Tag/result/colon': File exists
mkdir: cannot create directory '/storage/zhangyanxiaoLab/suzhuojie/projects/Aging_CUT_Tag/data/samples/colon/H3K4me1/peaks/': File exists
mkdir: cannot create directory '/storage/zhangyanxiaoLab/suzhuojie/projects/Aging_CUT_Tag/data/samples/colon/H3K4me1/peaks/macs_narrowpeak': File exists
INFO  @ Wed, 17 Jan 2024 22:32:16: 
# Command line: callpeak -t /storage/zhangyanxiaoLab/suzhuojie/projects/Aging_CUT_Tag/data/samples/colon/H3K4me1/tmp.merge.bam -f BAMPE -n H3K4me1 --outdir /storage/zhangyanxiaoLab/suzhuojie/projects/Aging_CUT_Tag/data/samples/colon/H3K4me1/peaks/macs_narrowpeak -g mm --nomodel -q 0.0001 --keep-dup all
# ARGUMENTS LIST:
# name = H3K4me1
# format = BAMPE
# ChIP-seq file = ['/storage/zhangyanxiaoLab/suzhuojie/projects/Aging_CUT_Tag/data/samples/colon/H3K4me1/tmp.merge.bam']
# control file = None
# effective genome size = 1.87e+09
# band width = 300
# model fold = [5, 50]
# qvalue cutoff = 1.00e-04
# The maximum gap between significant sites is assigned as the read length/tag size.
# The minimum length of peaks is assigned as the predicted fragment length "d".
# Larger dataset will be scaled towards smaller dataset.
# Range for calculating regional lambda is: 10000 bps
# Broad region calling is off
# Paired-End mode is on
 
INFO  @ Wed, 17 Jan 2024 22:32:16: #1 read fragment files... 
INFO  @ Wed, 17 Jan 2024 22:32:16: #1 read treatment fragments... 
INFO  @ Wed, 17 Jan 2024 22:32:19:  1000000 
INFO  @ Wed, 17 Jan 2024 22:32:22:  2000000 
INFO  @ Wed, 17 Jan 2024 22:32:25:  3000000 
INFO  @ Wed, 17 Jan 2024 22:32:27:  4000000 
INFO  @ Wed, 17 Jan 2024 22:32:30:  5000000 
INFO  @ Wed, 17 Jan 2024 22:32:33:  6000000 
INFO  @ Wed, 17 Jan 2024 22:32:36:  7000000 
INFO  @ Wed, 17 Jan 2024 22:32:38:  8000000 
INFO  @ Wed, 17 Jan 2024 22:32:41:  9000000 
INFO  @ Wed, 17 Jan 2024 22:32:44:  10000000 
INFO  @ Wed, 17 Jan 2024 22:32:46:  11000000 
INFO  @ Wed, 17 Jan 2024 22:32:49:  12000000 
INFO  @ Wed, 17 Jan 2024 22:32:52:  13000000 
INFO  @ Wed, 17 Jan 2024 22:32:54:  14000000 
INFO  @ Wed, 17 Jan 2024 22:32:57:  15000000 
INFO  @ Wed, 17 Jan 2024 22:33:00:  16000000 
INFO  @ Wed, 17 Jan 2024 22:33:02:  17000000 
INFO  @ Wed, 17 Jan 2024 22:33:05:  18000000 
INFO  @ Wed, 17 Jan 2024 22:33:08:  19000000 
INFO  @ Wed, 17 Jan 2024 22:33:11:  20000000 
INFO  @ Wed, 17 Jan 2024 22:33:13:  21000000 
INFO  @ Wed, 17 Jan 2024 22:33:16:  22000000 
INFO  @ Wed, 17 Jan 2024 22:33:19:  23000000 
INFO  @ Wed, 17 Jan 2024 22:33:22:  24000000 
INFO  @ Wed, 17 Jan 2024 22:33:24:  25000000 
INFO  @ Wed, 17 Jan 2024 22:33:27:  26000000 
INFO  @ Wed, 17 Jan 2024 22:33:30:  27000000 
INFO  @ Wed, 17 Jan 2024 22:33:33:  28000000 
INFO  @ Wed, 17 Jan 2024 22:33:35:  29000000 
INFO  @ Wed, 17 Jan 2024 22:33:38:  30000000 
INFO  @ Wed, 17 Jan 2024 22:33:41:  31000000 
INFO  @ Wed, 17 Jan 2024 22:33:43:  32000000 
INFO  @ Wed, 17 Jan 2024 22:33:46:  33000000 
INFO  @ Wed, 17 Jan 2024 22:33:49:  34000000 
INFO  @ Wed, 17 Jan 2024 22:33:52:  35000000 
INFO  @ Wed, 17 Jan 2024 22:33:54:  36000000 
INFO  @ Wed, 17 Jan 2024 22:33:57:  37000000 
INFO  @ Wed, 17 Jan 2024 22:34:00:  38000000 
INFO  @ Wed, 17 Jan 2024 22:34:03:  39000000 
INFO  @ Wed, 17 Jan 2024 22:34:05:  40000000 
INFO  @ Wed, 17 Jan 2024 22:34:08:  41000000 
INFO  @ Wed, 17 Jan 2024 22:34:11:  42000000 
INFO  @ Wed, 17 Jan 2024 22:34:14:  43000000 
INFO  @ Wed, 17 Jan 2024 22:34:16:  44000000 
INFO  @ Wed, 17 Jan 2024 22:34:19:  45000000 
INFO  @ Wed, 17 Jan 2024 22:34:22:  46000000 
INFO  @ Wed, 17 Jan 2024 22:34:25:  47000000 
INFO  @ Wed, 17 Jan 2024 22:34:28:  48000000 
INFO  @ Wed, 17 Jan 2024 22:34:31:  49000000 
INFO  @ Wed, 17 Jan 2024 22:34:33:  50000000 
INFO  @ Wed, 17 Jan 2024 22:34:36:  51000000 
INFO  @ Wed, 17 Jan 2024 22:34:39:  52000000 
INFO  @ Wed, 17 Jan 2024 22:34:42:  53000000 
INFO  @ Wed, 17 Jan 2024 22:34:45:  54000000 
INFO  @ Wed, 17 Jan 2024 22:34:48:  55000000 
INFO  @ Wed, 17 Jan 2024 22:34:50:  56000000 
INFO  @ Wed, 17 Jan 2024 22:34:53:  57000000 
INFO  @ Wed, 17 Jan 2024 22:34:56:  58000000 
INFO  @ Wed, 17 Jan 2024 22:34:59:  59000000 
INFO  @ Wed, 17 Jan 2024 22:35:03:  60000000 
INFO  @ Wed, 17 Jan 2024 22:35:06:  61000000 
INFO  @ Wed, 17 Jan 2024 22:35:09:  62000000 
INFO  @ Wed, 17 Jan 2024 22:35:12:  63000000 
INFO  @ Wed, 17 Jan 2024 22:35:15:  64000000 
INFO  @ Wed, 17 Jan 2024 22:35:17:  65000000 
INFO  @ Wed, 17 Jan 2024 22:35:20:  66000000 
INFO  @ Wed, 17 Jan 2024 22:35:23:  67000000 
INFO  @ Wed, 17 Jan 2024 22:35:26:  68000000 
INFO  @ Wed, 17 Jan 2024 22:35:29:  69000000 
INFO  @ Wed, 17 Jan 2024 22:35:32:  70000000 
INFO  @ Wed, 17 Jan 2024 22:35:35:  71000000 
INFO  @ Wed, 17 Jan 2024 22:35:38:  72000000 
INFO  @ Wed, 17 Jan 2024 22:35:41:  73000000 
INFO  @ Wed, 17 Jan 2024 22:35:45:  74000000 
INFO  @ Wed, 17 Jan 2024 22:35:48:  75000000 
INFO  @ Wed, 17 Jan 2024 22:35:51:  76000000 
INFO  @ Wed, 17 Jan 2024 22:35:54:  77000000 
INFO  @ Wed, 17 Jan 2024 22:35:57:  78000000 
INFO  @ Wed, 17 Jan 2024 22:36:00:  79000000 
INFO  @ Wed, 17 Jan 2024 22:36:03:  80000000 
INFO  @ Wed, 17 Jan 2024 22:36:06:  81000000 
INFO  @ Wed, 17 Jan 2024 22:36:09:  82000000 
INFO  @ Wed, 17 Jan 2024 22:36:12:  83000000 
INFO  @ Wed, 17 Jan 2024 22:36:17:  84000000 
INFO  @ Wed, 17 Jan 2024 22:36:20:  85000000 
INFO  @ Wed, 17 Jan 2024 22:36:23:  86000000 
INFO  @ Wed, 17 Jan 2024 22:36:26:  87000000 
INFO  @ Wed, 17 Jan 2024 22:36:29:  88000000 
INFO  @ Wed, 17 Jan 2024 22:36:32:  89000000 
INFO  @ Wed, 17 Jan 2024 22:36:35:  90000000 
INFO  @ Wed, 17 Jan 2024 22:36:38:  91000000 
INFO  @ Wed, 17 Jan 2024 22:36:41:  92000000 
INFO  @ Wed, 17 Jan 2024 22:36:44:  93000000 
INFO  @ Wed, 17 Jan 2024 22:36:47:  94000000 
INFO  @ Wed, 17 Jan 2024 22:36:50:  95000000 
INFO  @ Wed, 17 Jan 2024 22:36:53:  96000000 
INFO  @ Wed, 17 Jan 2024 22:36:56:  97000000 
INFO  @ Wed, 17 Jan 2024 22:36:59:  98000000 
INFO  @ Wed, 17 Jan 2024 22:37:03:  99000000 
INFO  @ Wed, 17 Jan 2024 22:37:06:  100000000 
INFO  @ Wed, 17 Jan 2024 22:37:09:  101000000 
INFO  @ Wed, 17 Jan 2024 22:37:12:  102000000 
INFO  @ Wed, 17 Jan 2024 22:37:15:  103000000 
INFO  @ Wed, 17 Jan 2024 22:37:18:  104000000 
INFO  @ Wed, 17 Jan 2024 22:37:23:  105000000 
INFO  @ Wed, 17 Jan 2024 22:37:28:  106000000 
INFO  @ Wed, 17 Jan 2024 22:37:34:  107000000 
INFO  @ Wed, 17 Jan 2024 22:37:39:  108000000 
INFO  @ Wed, 17 Jan 2024 22:37:44:  109000000 
INFO  @ Wed, 17 Jan 2024 22:37:49:  110000000 
INFO  @ Wed, 17 Jan 2024 22:37:55:  111000000 
INFO  @ Wed, 17 Jan 2024 22:38:00:  112000000 
INFO  @ Wed, 17 Jan 2024 22:38:03:  113000000 
INFO  @ Wed, 17 Jan 2024 22:38:06:  114000000 
INFO  @ Wed, 17 Jan 2024 22:38:09:  115000000 
INFO  @ Wed, 17 Jan 2024 22:38:12:  116000000 
INFO  @ Wed, 17 Jan 2024 22:38:15:  117000000 
INFO  @ Wed, 17 Jan 2024 22:38:18:  118000000 
INFO  @ Wed, 17 Jan 2024 22:38:21:  119000000 
INFO  @ Wed, 17 Jan 2024 22:38:24:  120000000 
INFO  @ Wed, 17 Jan 2024 22:38:27:  121000000 
INFO  @ Wed, 17 Jan 2024 22:38:30:  122000000 
INFO  @ Wed, 17 Jan 2024 22:38:33:  123000000 
INFO  @ Wed, 17 Jan 2024 22:38:36:  124000000 
INFO  @ Wed, 17 Jan 2024 22:38:39:  125000000 
INFO  @ Wed, 17 Jan 2024 22:38:42:  126000000 
INFO  @ Wed, 17 Jan 2024 22:38:45:  127000000 
INFO  @ Wed, 17 Jan 2024 22:38:48:  128000000 
INFO  @ Wed, 17 Jan 2024 22:38:50:  129000000 
INFO  @ Wed, 17 Jan 2024 22:38:53:  130000000 
INFO  @ Wed, 17 Jan 2024 22:38:56:  131000000 
INFO  @ Wed, 17 Jan 2024 22:38:59:  132000000 
INFO  @ Wed, 17 Jan 2024 22:39:02:  133000000 
INFO  @ Wed, 17 Jan 2024 22:39:05:  134000000 
INFO  @ Wed, 17 Jan 2024 22:39:08:  135000000 
INFO  @ Wed, 17 Jan 2024 22:39:11:  136000000 
INFO  @ Wed, 17 Jan 2024 22:39:14:  137000000 
INFO  @ Wed, 17 Jan 2024 22:39:17:  138000000 
INFO  @ Wed, 17 Jan 2024 22:39:24: 138969019 fragments have been read. 
INFO  @ Wed, 17 Jan 2024 22:40:38: #1 mean fragment size is determined as 331.7 bp from treatment 
INFO  @ Wed, 17 Jan 2024 22:40:38: #1 fragment size = 331.7 
INFO  @ Wed, 17 Jan 2024 22:40:38: #1  total fragments in treatment: 138969019 
INFO  @ Wed, 17 Jan 2024 22:40:38: #1 finished! 
INFO  @ Wed, 17 Jan 2024 22:40:38: #2 Build Peak Model... 
INFO  @ Wed, 17 Jan 2024 22:40:38: #2 Skipped... 
INFO  @ Wed, 17 Jan 2024 22:40:38: #3 Call peaks... 
INFO  @ Wed, 17 Jan 2024 22:40:38: #3 Pre-compute pvalue-qvalue table... 
INFO  @ Wed, 17 Jan 2024 22:46:39: #3 Call peaks for each chromosome... 
INFO  @ Wed, 17 Jan 2024 22:49:34: #4 Write output xls file... /storage/zhangyanxiaoLab/suzhuojie/projects/Aging_CUT_Tag/data/samples/colon/H3K4me1/peaks/macs_narrowpeak/H3K4me1_peaks.xls 
INFO  @ Wed, 17 Jan 2024 22:49:35: #4 Write peak in narrowPeak format file... /storage/zhangyanxiaoLab/suzhuojie/projects/Aging_CUT_Tag/data/samples/colon/H3K4me1/peaks/macs_narrowpeak/H3K4me1_peaks.narrowPeak 
INFO  @ Wed, 17 Jan 2024 22:49:35: #4 Write summits bed file... /storage/zhangyanxiaoLab/suzhuojie/projects/Aging_CUT_Tag/data/samples/colon/H3K4me1/peaks/macs_narrowpeak/H3K4me1_summits.bed 
INFO  @ Wed, 17 Jan 2024 22:49:35: Done! 
During startup - Warning messages:
1: Setting LC_CTYPE failed, using "C" 
2: Setting LC_COLLATE failed, using "C" 
3: Setting LC_TIME failed, using "C" 
4: Setting LC_MESSAGES failed, using "C" 
5: Setting LC_MONETARY failed, using "C" 
6: Setting LC_PAPER failed, using "C" 
7: Setting LC_MEASUREMENT failed, using "C" 
input file: /storage/zhangyanxiaoLab/suzhuojie/projects/Aging_CUT_Tag/data/samples/colon/H3K4me1/bed/H3K4me1_macs_narrowpeak.bed
output file: /storage/zhangyanxiaoLab/suzhuojie/projects/Aging_CUT_Tag/data/samples/colon/H3K4me1/bed/H3K4me1_macs_narrowpeak.saf

        ==========     _____ _    _ ____  _____  ______          _____  
        =====         / ____| |  | |  _ \|  __ \|  ____|   /\   |  __ \ 
          =====      | (___ | |  | | |_) | |__) | |__     /  \  | |  | |
            ====      \___ \| |  | |  _ <|  _  /|  __|   / /\ \ | |  | |
              ====    ____) | |__| | |_) | | \ \| |____ / ____ \| |__| |
        ==========   |_____/ \____/|____/|_|  \_\______/_/    \_\_____/
	  v2.0.1

//========================== featureCounts setting ===========================\\
||                                                                            ||
||             Input files : 4 BAM files                                      ||
||                           o LLX205_S61_L003.nodup.bam                      ||
||                           o LLX211_S66_L003.nodup.bam                      ||
||                           o LLX217_S236_L001.nodup.bam                     ||
||                           o LLX223_S240_L001.nodup.bam                     ||
||                                                                            ||
||             Output file : H3K4me1_macs_narrowpeak.counts                   ||
||                 Summary : H3K4me1_macs_narrowpeak.counts.summary           ||
||              Annotation : H3K4me1_macs_narrowpeak.saf (SAF)                ||
||      Dir for temp files : /storage/zhangyanxiaoLab/suzhuojie/projects/ ... ||
||                                                                            ||
||                 Threads : 8                                                ||
||                   Level : meta-feature level                               ||
||              Paired-end : yes                                              ||
||      Multimapping reads : not counted                                      ||
|| Multi-overlapping reads : not counted                                      ||
||   Min overlapping bases : 1                                                ||
||                                                                            ||
||          Chimeric reads : counted                                          ||
||        Both ends mapped : not required                                     ||
||                                                                            ||
\\============================================================================//

//================================= Running ==================================\\
||                                                                            ||
|| Load annotation file H3K4me1_macs_narrowpeak.saf ...                       ||
||    Features : 97611                                                        ||
||    Meta-features : 97611                                                   ||
||    Chromosomes/contigs : 21                                                ||
||                                                                            ||
|| Process BAM file LLX205_S61_L003.nodup.bam...                              ||
||    Paired-end reads are included.                                          ||
||    Total alignments : 35395769                                             ||
||    Successfully assigned alignments : 11379553 (32.1%)                     ||
||    Running time : 0.24 minutes                                             ||
||                                                                            ||
|| Process BAM file LLX211_S66_L003.nodup.bam...                              ||
||    Paired-end reads are included.                                          ||
||    Total alignments : 29944161                                             ||
||    Successfully assigned alignments : 10174705 (34.0%)                     ||
||    Running time : 0.21 minutes                                             ||
||                                                                            ||
|| Process BAM file LLX217_S236_L001.nodup.bam...                             ||
||    Paired-end reads are included.                                          ||
||    Total alignments : 44041929                                             ||
||    Successfully assigned alignments : 13943390 (31.7%)                     ||
||    Running time : 0.29 minutes                                             ||
||                                                                            ||
|| Process BAM file LLX223_S240_L001.nodup.bam...                             ||
||    Paired-end reads are included.                                          ||
||    Total alignments : 36266432                                             ||
||    Successfully assigned alignments : 11139109 (30.7%)                     ||
||    Running time : 0.23 minutes                                             ||
||                                                                            ||
|| Write the final count table.                                               ||
|| Write the read assignment summary.                                         ||
||                                                                            ||
|| Summary of counting results can be found in file "/storage/zhangyanxiaoLa  ||
|| b/suzhuojie/projects/Aging_CUT_Tag/data/samples/colon/H3K4me1/H3K4me1_mac  ||
|| s_narrowpeak.counts.summary"                                               ||
||                                                                            ||
\\============================================================================//

mkdir: cannot create directory '/storage/zhangyanxiaoLab/suzhuojie/projects/Aging_CUT_Tag/data/samples/colon/H3K4me1/matrix': File exists
mkdir: cannot create directory '/storage/zhangyanxiaoLab/suzhuojie/projects/Aging_CUT_Tag/result/colon': File exists
