normalization: RPKM
*WARNING*: read extension is smaller than read length (read length = 150). Reads will not be extended.
bamFilesList: ['/storage/zhangyanxiaoLab/suzhuojie/projects/Aging_CUT_Tag/data/samples/heart/H3K36me3/bam/LLX403_S1_L001.nodup.bam']
binLength: 1000
numberOfSamples: None
blackListFileName: None
skipZeroOverZero: False
bed_and_bin: False
genomeChunkSize: None
defaultFragmentLength: read length
numberOfProcessors: 30
verbose: False
region: None
bedFile: None
minMappingQuality: None
ignoreDuplicates: False
chrsToSkip: []
stepSize: 1000
center_read: False
samFlag_include: None
samFlag_exclude: None
minFragmentLength: 0
maxFragmentLength: 0
zerosToNans: False
smoothLength: 3000
save_data: False
out_file_for_raw_data: None
maxPairedFragmentLength: 1000
normalization: RPKM
*WARNING*: read extension is smaller than read length (read length = 150). Reads will not be extended.
bamFilesList: ['/storage/zhangyanxiaoLab/suzhuojie/projects/Aging_CUT_Tag/data/samples/heart/H3K36me3/bam/LLX409_S2_L001.nodup.bam']
binLength: 1000
numberOfSamples: None
blackListFileName: None
skipZeroOverZero: False
bed_and_bin: False
genomeChunkSize: None
defaultFragmentLength: read length
numberOfProcessors: 30
verbose: False
region: None
bedFile: None
minMappingQuality: None
ignoreDuplicates: False
chrsToSkip: []
stepSize: 1000
center_read: False
samFlag_include: None
samFlag_exclude: None
minFragmentLength: 0
maxFragmentLength: 0
zerosToNans: False
smoothLength: 3000
save_data: False
out_file_for_raw_data: None
maxPairedFragmentLength: 1000
normalization: RPKM
*WARNING*: read extension is smaller than read length (read length = 150). Reads will not be extended.
bamFilesList: ['/storage/zhangyanxiaoLab/suzhuojie/projects/Aging_CUT_Tag/data/samples/heart/H3K36me3/bam/LLX417_S16_L001.nodup.bam']
binLength: 1000
numberOfSamples: None
blackListFileName: None
skipZeroOverZero: False
bed_and_bin: False
genomeChunkSize: None
defaultFragmentLength: read length
numberOfProcessors: 30
verbose: False
region: None
bedFile: None
minMappingQuality: None
ignoreDuplicates: False
chrsToSkip: []
stepSize: 1000
center_read: False
samFlag_include: None
samFlag_exclude: None
minFragmentLength: 0
maxFragmentLength: 0
zerosToNans: False
smoothLength: 3000
save_data: False
out_file_for_raw_data: None
maxPairedFragmentLength: 1000
normalization: RPKM
*WARNING*: read extension is smaller than read length (read length = 150). Reads will not be extended.
bamFilesList: ['/storage/zhangyanxiaoLab/suzhuojie/projects/Aging_CUT_Tag/data/samples/heart/H3K36me3/bam/LLX423_S1_L002.nodup.bam']
binLength: 1000
numberOfSamples: None
blackListFileName: None
skipZeroOverZero: False
bed_and_bin: False
genomeChunkSize: None
defaultFragmentLength: read length
numberOfProcessors: 30
verbose: False
region: None
bedFile: None
minMappingQuality: None
ignoreDuplicates: False
chrsToSkip: []
stepSize: 1000
center_read: False
samFlag_include: None
samFlag_exclude: None
minFragmentLength: 0
maxFragmentLength: 0
zerosToNans: False
smoothLength: 3000
save_data: False
out_file_for_raw_data: None
maxPairedFragmentLength: 1000
normalization: RPKM
*WARNING*: read extension is smaller than read length (read length = 150). Reads will not be extended.
bamFilesList: ['/storage/zhangyanxiaoLab/suzhuojie/projects/Aging_CUT_Tag/data/samples/heart/H3K27me3/bam/LLX405_S27_L003.nodup.bam']
binLength: 1000
numberOfSamples: None
blackListFileName: None
skipZeroOverZero: False
bed_and_bin: False
genomeChunkSize: None
defaultFragmentLength: read length
numberOfProcessors: 30
verbose: False
region: None
bedFile: None
minMappingQuality: None
ignoreDuplicates: False
chrsToSkip: []
stepSize: 1000
center_read: False
samFlag_include: None
samFlag_exclude: None
minFragmentLength: 0
maxFragmentLength: 0
zerosToNans: False
smoothLength: 3000
save_data: False
out_file_for_raw_data: None
maxPairedFragmentLength: 1000
normalization: RPKM
*WARNING*: read extension is smaller than read length (read length = 150). Reads will not be extended.
bamFilesList: ['/storage/zhangyanxiaoLab/suzhuojie/projects/Aging_CUT_Tag/data/samples/heart/H3K27me3/bam/LLX411_S1_L004.nodup.bam']
binLength: 1000
numberOfSamples: None
blackListFileName: None
skipZeroOverZero: False
bed_and_bin: False
genomeChunkSize: None
defaultFragmentLength: read length
numberOfProcessors: 30
verbose: False
region: None
bedFile: None
minMappingQuality: None
ignoreDuplicates: False
chrsToSkip: []
stepSize: 1000
center_read: False
samFlag_include: None
samFlag_exclude: None
minFragmentLength: 0
maxFragmentLength: 0
zerosToNans: False
smoothLength: 3000
save_data: False
out_file_for_raw_data: None
maxPairedFragmentLength: 1000
normalization: RPKM
*WARNING*: read extension is smaller than read length (read length = 150). Reads will not be extended.
bamFilesList: ['/storage/zhangyanxiaoLab/suzhuojie/projects/Aging_CUT_Tag/data/samples/heart/H3K27me3/bam/LLX419_S3_L004.nodup.bam']
binLength: 1000
numberOfSamples: None
blackListFileName: None
skipZeroOverZero: False
bed_and_bin: False
genomeChunkSize: None
defaultFragmentLength: read length
numberOfProcessors: 30
verbose: False
region: None
bedFile: None
minMappingQuality: None
ignoreDuplicates: False
chrsToSkip: []
stepSize: 1000
center_read: False
samFlag_include: None
samFlag_exclude: None
minFragmentLength: 0
maxFragmentLength: 0
zerosToNans: False
smoothLength: 3000
save_data: False
out_file_for_raw_data: None
maxPairedFragmentLength: 1000
normalization: RPKM
*WARNING*: read extension is smaller than read length (read length = 150). Reads will not be extended.
bamFilesList: ['/storage/zhangyanxiaoLab/suzhuojie/projects/Aging_CUT_Tag/data/samples/heart/H3K27me3/bam/LLX425_S37_L003.nodup.bam']
binLength: 1000
numberOfSamples: None
blackListFileName: None
skipZeroOverZero: False
bed_and_bin: False
genomeChunkSize: None
defaultFragmentLength: read length
numberOfProcessors: 30
verbose: False
region: None
bedFile: None
minMappingQuality: None
ignoreDuplicates: False
chrsToSkip: []
stepSize: 1000
center_read: False
samFlag_include: None
samFlag_exclude: None
minFragmentLength: 0
maxFragmentLength: 0
zerosToNans: False
smoothLength: 3000
save_data: False
out_file_for_raw_data: None
maxPairedFragmentLength: 1000
normalization: RPKM
*WARNING*: read extension is smaller than read length (read length = 149). Reads will not be extended.
bamFilesList: ['/storage/zhangyanxiaoLab/suzhuojie/projects/Aging_CUT_Tag/data/samples/heart/H3K9me3/bam/LLX402_S202_L004.nodup.bam']
binLength: 1000
numberOfSamples: None
blackListFileName: None
skipZeroOverZero: False
bed_and_bin: False
genomeChunkSize: None
defaultFragmentLength: read length
numberOfProcessors: 30
verbose: False
region: None
bedFile: None
minMappingQuality: None
ignoreDuplicates: False
chrsToSkip: []
stepSize: 1000
center_read: False
samFlag_include: None
samFlag_exclude: None
minFragmentLength: 0
maxFragmentLength: 0
zerosToNans: False
smoothLength: 3000
save_data: False
out_file_for_raw_data: None
maxPairedFragmentLength: 1000
normalization: RPKM
*WARNING*: read extension is smaller than read length (read length = 149). Reads will not be extended.
bamFilesList: ['/storage/zhangyanxiaoLab/suzhuojie/projects/Aging_CUT_Tag/data/samples/heart/H3K9me3/bam/LLX408_S203_L004.nodup.bam']
binLength: 1000
numberOfSamples: None
blackListFileName: None
skipZeroOverZero: False
bed_and_bin: False
genomeChunkSize: None
defaultFragmentLength: read length
numberOfProcessors: 30
verbose: False
region: None
bedFile: None
minMappingQuality: None
ignoreDuplicates: False
chrsToSkip: []
stepSize: 1000
center_read: False
samFlag_include: None
samFlag_exclude: None
minFragmentLength: 0
maxFragmentLength: 0
zerosToNans: False
smoothLength: 3000
save_data: False
out_file_for_raw_data: None
maxPairedFragmentLength: 1000
normalization: RPKM
*WARNING*: read extension is smaller than read length (read length = 149). Reads will not be extended.
bamFilesList: ['/storage/zhangyanxiaoLab/suzhuojie/projects/Aging_CUT_Tag/data/samples/heart/H3K9me3/bam/LLX416_S65_L002.nodup.bam']
binLength: 1000
numberOfSamples: None
blackListFileName: None
skipZeroOverZero: False
bed_and_bin: False
genomeChunkSize: None
defaultFragmentLength: read length
numberOfProcessors: 30
verbose: False
region: None
bedFile: None
minMappingQuality: None
ignoreDuplicates: False
chrsToSkip: []
stepSize: 1000
center_read: False
samFlag_include: None
samFlag_exclude: None
minFragmentLength: 0
maxFragmentLength: 0
zerosToNans: False
smoothLength: 3000
save_data: False
out_file_for_raw_data: None
maxPairedFragmentLength: 1000
normalization: RPKM
*WARNING*: read extension is smaller than read length (read length = 150). Reads will not be extended.
bamFilesList: ['/storage/zhangyanxiaoLab/suzhuojie/projects/Aging_CUT_Tag/data/samples/heart/H3K9me3/bam/LLX422_S446_L003.nodup.bam']
binLength: 1000
numberOfSamples: None
blackListFileName: None
skipZeroOverZero: False
bed_and_bin: False
genomeChunkSize: None
defaultFragmentLength: read length
numberOfProcessors: 30
verbose: False
region: None
bedFile: None
minMappingQuality: None
ignoreDuplicates: False
chrsToSkip: []
stepSize: 1000
center_read: False
samFlag_include: None
samFlag_exclude: None
minFragmentLength: 0
maxFragmentLength: 0
zerosToNans: False
smoothLength: 3000
save_data: False
out_file_for_raw_data: None
maxPairedFragmentLength: 1000
normalization: RPKM
*WARNING*: read extension is smaller than read length (read length = 149). Reads will not be extended.
bamFilesList: ['/storage/zhangyanxiaoLab/suzhuojie/projects/Aging_CUT_Tag/data/samples/thymus/H3K36me3/bam/HJC_124.nodup.bam']
binLength: 1000
numberOfSamples: None
blackListFileName: None
skipZeroOverZero: False
bed_and_bin: False
genomeChunkSize: None
defaultFragmentLength: read length
numberOfProcessors: 30
verbose: False
region: None
bedFile: None
minMappingQuality: None
ignoreDuplicates: False
chrsToSkip: []
stepSize: 1000
center_read: False
samFlag_include: None
samFlag_exclude: None
minFragmentLength: 0
maxFragmentLength: 0
zerosToNans: False
smoothLength: 3000
save_data: False
out_file_for_raw_data: None
maxPairedFragmentLength: 1000
normalization: RPKM
*WARNING*: read extension is smaller than read length (read length = 148). Reads will not be extended.
bamFilesList: ['/storage/zhangyanxiaoLab/suzhuojie/projects/Aging_CUT_Tag/data/samples/thymus/H3K36me3/bam/HJC_130.nodup.bam']
binLength: 1000
numberOfSamples: None
blackListFileName: None
skipZeroOverZero: False
bed_and_bin: False
genomeChunkSize: None
defaultFragmentLength: read length
numberOfProcessors: 30
verbose: False
region: None
bedFile: None
minMappingQuality: None
ignoreDuplicates: False
chrsToSkip: []
stepSize: 1000
center_read: False
samFlag_include: None
samFlag_exclude: None
minFragmentLength: 0
maxFragmentLength: 0
zerosToNans: False
smoothLength: 3000
save_data: False
out_file_for_raw_data: None
maxPairedFragmentLength: 1000
normalization: RPKM
*WARNING*: read extension is smaller than read length (read length = 149). Reads will not be extended.
bamFilesList: ['/storage/zhangyanxiaoLab/suzhuojie/projects/Aging_CUT_Tag/data/samples/thymus/H3K36me3/bam/HJC_138.nodup.bam']
binLength: 1000
numberOfSamples: None
blackListFileName: None
skipZeroOverZero: False
bed_and_bin: False
genomeChunkSize: None
defaultFragmentLength: read length
numberOfProcessors: 30
verbose: False
region: None
bedFile: None
minMappingQuality: None
ignoreDuplicates: False
chrsToSkip: []
stepSize: 1000
center_read: False
samFlag_include: None
samFlag_exclude: None
minFragmentLength: 0
maxFragmentLength: 0
zerosToNans: False
smoothLength: 3000
save_data: False
out_file_for_raw_data: None
maxPairedFragmentLength: 1000
normalization: RPKM
*WARNING*: read extension is smaller than read length (read length = 149). Reads will not be extended.
bamFilesList: ['/storage/zhangyanxiaoLab/suzhuojie/projects/Aging_CUT_Tag/data/samples/thymus/H3K36me3/bam/HJC_144.nodup.bam']
binLength: 1000
numberOfSamples: None
blackListFileName: None
skipZeroOverZero: False
bed_and_bin: False
genomeChunkSize: None
defaultFragmentLength: read length
numberOfProcessors: 30
verbose: False
region: None
bedFile: None
minMappingQuality: None
ignoreDuplicates: False
chrsToSkip: []
stepSize: 1000
center_read: False
samFlag_include: None
samFlag_exclude: None
minFragmentLength: 0
maxFragmentLength: 0
zerosToNans: False
smoothLength: 3000
save_data: False
out_file_for_raw_data: None
maxPairedFragmentLength: 1000
normalization: RPKM
*WARNING*: read extension is smaller than read length (read length = 149). Reads will not be extended.
bamFilesList: ['/storage/zhangyanxiaoLab/suzhuojie/projects/Aging_CUT_Tag/data/samples/thymus/H3K27me3/bam/HJC_126.nodup.bam']
binLength: 1000
numberOfSamples: None
blackListFileName: None
skipZeroOverZero: False
bed_and_bin: False
genomeChunkSize: None
defaultFragmentLength: read length
numberOfProcessors: 30
verbose: False
region: None
bedFile: None
minMappingQuality: None
ignoreDuplicates: False
chrsToSkip: []
stepSize: 1000
center_read: False
samFlag_include: None
samFlag_exclude: None
minFragmentLength: 0
maxFragmentLength: 0
zerosToNans: False
smoothLength: 3000
save_data: False
out_file_for_raw_data: None
maxPairedFragmentLength: 1000
normalization: RPKM
*WARNING*: read extension is smaller than read length (read length = 150). Reads will not be extended.
bamFilesList: ['/storage/zhangyanxiaoLab/suzhuojie/projects/Aging_CUT_Tag/data/samples/thymus/H3K27me3/bam/HJC_132.nodup.bam']
binLength: 1000
numberOfSamples: None
blackListFileName: None
skipZeroOverZero: False
bed_and_bin: False
genomeChunkSize: None
defaultFragmentLength: read length
numberOfProcessors: 30
verbose: False
region: None
bedFile: None
minMappingQuality: None
ignoreDuplicates: False
chrsToSkip: []
stepSize: 1000
center_read: False
samFlag_include: None
samFlag_exclude: None
minFragmentLength: 0
maxFragmentLength: 0
zerosToNans: False
smoothLength: 3000
save_data: False
out_file_for_raw_data: None
maxPairedFragmentLength: 1000
normalization: RPKM
*WARNING*: read extension is smaller than read length (read length = 149). Reads will not be extended.
bamFilesList: ['/storage/zhangyanxiaoLab/suzhuojie/projects/Aging_CUT_Tag/data/samples/thymus/H3K27me3/bam/HJC_140.nodup.bam']
binLength: 1000
numberOfSamples: None
blackListFileName: None
skipZeroOverZero: False
bed_and_bin: False
genomeChunkSize: None
defaultFragmentLength: read length
numberOfProcessors: 30
verbose: False
region: None
bedFile: None
minMappingQuality: None
ignoreDuplicates: False
chrsToSkip: []
stepSize: 1000
center_read: False
samFlag_include: None
samFlag_exclude: None
minFragmentLength: 0
maxFragmentLength: 0
zerosToNans: False
smoothLength: 3000
save_data: False
out_file_for_raw_data: None
maxPairedFragmentLength: 1000
normalization: RPKM
*WARNING*: read extension is smaller than read length (read length = 150). Reads will not be extended.
bamFilesList: ['/storage/zhangyanxiaoLab/suzhuojie/projects/Aging_CUT_Tag/data/samples/thymus/H3K27me3/bam/HJC_146.nodup.bam']
binLength: 1000
numberOfSamples: None
blackListFileName: None
skipZeroOverZero: False
bed_and_bin: False
genomeChunkSize: None
defaultFragmentLength: read length
numberOfProcessors: 30
verbose: False
region: None
bedFile: None
minMappingQuality: None
ignoreDuplicates: False
chrsToSkip: []
stepSize: 1000
center_read: False
samFlag_include: None
samFlag_exclude: None
minFragmentLength: 0
maxFragmentLength: 0
zerosToNans: False
smoothLength: 3000
save_data: False
out_file_for_raw_data: None
maxPairedFragmentLength: 1000
normalization: RPKM
*WARNING*: read extension is smaller than read length (read length = 149). Reads will not be extended.
bamFilesList: ['/storage/zhangyanxiaoLab/suzhuojie/projects/Aging_CUT_Tag/data/samples/thymus/H3K9me3/bam/HJC_123.nodup.bam']
binLength: 1000
numberOfSamples: None
blackListFileName: None
skipZeroOverZero: False
bed_and_bin: False
genomeChunkSize: None
defaultFragmentLength: read length
numberOfProcessors: 30
verbose: False
region: None
bedFile: None
minMappingQuality: None
ignoreDuplicates: False
chrsToSkip: []
stepSize: 1000
center_read: False
samFlag_include: None
samFlag_exclude: None
minFragmentLength: 0
maxFragmentLength: 0
zerosToNans: False
smoothLength: 3000
save_data: False
out_file_for_raw_data: None
maxPairedFragmentLength: 1000
normalization: RPKM
*WARNING*: read extension is smaller than read length (read length = 149). Reads will not be extended.
bamFilesList: ['/storage/zhangyanxiaoLab/suzhuojie/projects/Aging_CUT_Tag/data/samples/thymus/H3K9me3/bam/HJC_129.nodup.bam']
binLength: 1000
numberOfSamples: None
blackListFileName: None
skipZeroOverZero: False
bed_and_bin: False
genomeChunkSize: None
defaultFragmentLength: read length
numberOfProcessors: 30
verbose: False
region: None
bedFile: None
minMappingQuality: None
ignoreDuplicates: False
chrsToSkip: []
stepSize: 1000
center_read: False
samFlag_include: None
samFlag_exclude: None
minFragmentLength: 0
maxFragmentLength: 0
zerosToNans: False
smoothLength: 3000
save_data: False
out_file_for_raw_data: None
maxPairedFragmentLength: 1000
normalization: RPKM
*WARNING*: read extension is smaller than read length (read length = 149). Reads will not be extended.
bamFilesList: ['/storage/zhangyanxiaoLab/suzhuojie/projects/Aging_CUT_Tag/data/samples/thymus/H3K9me3/bam/HJC_137.nodup.bam']
binLength: 1000
numberOfSamples: None
blackListFileName: None
skipZeroOverZero: False
bed_and_bin: False
genomeChunkSize: None
defaultFragmentLength: read length
numberOfProcessors: 30
verbose: False
region: None
bedFile: None
minMappingQuality: None
ignoreDuplicates: False
chrsToSkip: []
stepSize: 1000
center_read: False
samFlag_include: None
samFlag_exclude: None
minFragmentLength: 0
maxFragmentLength: 0
zerosToNans: False
smoothLength: 3000
save_data: False
out_file_for_raw_data: None
maxPairedFragmentLength: 1000
normalization: RPKM
*WARNING*: read extension is smaller than read length (read length = 143). Reads will not be extended.
bamFilesList: ['/storage/zhangyanxiaoLab/suzhuojie/projects/Aging_CUT_Tag/data/samples/thymus/H3K9me3/bam/HJC_143.nodup.bam']
binLength: 1000
numberOfSamples: None
blackListFileName: None
skipZeroOverZero: False
bed_and_bin: False
genomeChunkSize: None
defaultFragmentLength: read length
numberOfProcessors: 30
verbose: False
region: None
bedFile: None
minMappingQuality: None
ignoreDuplicates: False
chrsToSkip: []
stepSize: 1000
center_read: False
samFlag_include: None
samFlag_exclude: None
minFragmentLength: 0
maxFragmentLength: 0
zerosToNans: False
smoothLength: 3000
save_data: False
out_file_for_raw_data: None
maxPairedFragmentLength: 1000
normalization: RPKM
*WARNING*: read extension is smaller than read length (read length = 150). Reads will not be extended.
bamFilesList: ['/storage/zhangyanxiaoLab/suzhuojie/projects/Aging_CUT_Tag/data/samples/heart/H3K36me3/bam/LLX403_S1_L001.nodup.bam']
binLength: 10000
numberOfSamples: None
blackListFileName: None
skipZeroOverZero: False
bed_and_bin: False
genomeChunkSize: None
defaultFragmentLength: read length
numberOfProcessors: 30
verbose: False
region: None
bedFile: None
minMappingQuality: None
ignoreDuplicates: False
chrsToSkip: []
stepSize: 10000
center_read: False
samFlag_include: None
samFlag_exclude: None
minFragmentLength: 0
maxFragmentLength: 0
zerosToNans: False
smoothLength: 100000
save_data: False
out_file_for_raw_data: None
maxPairedFragmentLength: 1000
normalization: RPKM
*WARNING*: read extension is smaller than read length (read length = 150). Reads will not be extended.
bamFilesList: ['/storage/zhangyanxiaoLab/suzhuojie/projects/Aging_CUT_Tag/data/samples/heart/H3K36me3/bam/LLX409_S2_L001.nodup.bam']
binLength: 10000
numberOfSamples: None
blackListFileName: None
skipZeroOverZero: False
bed_and_bin: False
genomeChunkSize: None
defaultFragmentLength: read length
numberOfProcessors: 30
verbose: False
region: None
bedFile: None
minMappingQuality: None
ignoreDuplicates: False
chrsToSkip: []
stepSize: 10000
center_read: False
samFlag_include: None
samFlag_exclude: None
minFragmentLength: 0
maxFragmentLength: 0
zerosToNans: False
smoothLength: 100000
save_data: False
out_file_for_raw_data: None
maxPairedFragmentLength: 1000
normalization: RPKM
*WARNING*: read extension is smaller than read length (read length = 150). Reads will not be extended.
bamFilesList: ['/storage/zhangyanxiaoLab/suzhuojie/projects/Aging_CUT_Tag/data/samples/heart/H3K36me3/bam/LLX417_S16_L001.nodup.bam']
binLength: 10000
numberOfSamples: None
blackListFileName: None
skipZeroOverZero: False
bed_and_bin: False
genomeChunkSize: None
defaultFragmentLength: read length
numberOfProcessors: 30
verbose: False
region: None
bedFile: None
minMappingQuality: None
ignoreDuplicates: False
chrsToSkip: []
stepSize: 10000
center_read: False
samFlag_include: None
samFlag_exclude: None
minFragmentLength: 0
maxFragmentLength: 0
zerosToNans: False
smoothLength: 100000
save_data: False
out_file_for_raw_data: None
maxPairedFragmentLength: 1000
normalization: RPKM
*WARNING*: read extension is smaller than read length (read length = 150). Reads will not be extended.
bamFilesList: ['/storage/zhangyanxiaoLab/suzhuojie/projects/Aging_CUT_Tag/data/samples/heart/H3K36me3/bam/LLX423_S1_L002.nodup.bam']
binLength: 10000
numberOfSamples: None
blackListFileName: None
skipZeroOverZero: False
bed_and_bin: False
genomeChunkSize: None
defaultFragmentLength: read length
numberOfProcessors: 30
verbose: False
region: None
bedFile: None
minMappingQuality: None
ignoreDuplicates: False
chrsToSkip: []
stepSize: 10000
center_read: False
samFlag_include: None
samFlag_exclude: None
minFragmentLength: 0
maxFragmentLength: 0
zerosToNans: False
smoothLength: 100000
save_data: False
out_file_for_raw_data: None
maxPairedFragmentLength: 1000
normalization: RPKM
*WARNING*: read extension is smaller than read length (read length = 150). Reads will not be extended.
bamFilesList: ['/storage/zhangyanxiaoLab/suzhuojie/projects/Aging_CUT_Tag/data/samples/heart/H3K27me3/bam/LLX405_S27_L003.nodup.bam']
binLength: 10000
numberOfSamples: None
blackListFileName: None
skipZeroOverZero: False
bed_and_bin: False
genomeChunkSize: None
defaultFragmentLength: read length
numberOfProcessors: 30
verbose: False
region: None
bedFile: None
minMappingQuality: None
ignoreDuplicates: False
chrsToSkip: []
stepSize: 10000
center_read: False
samFlag_include: None
samFlag_exclude: None
minFragmentLength: 0
maxFragmentLength: 0
zerosToNans: False
smoothLength: 100000
save_data: False
out_file_for_raw_data: None
maxPairedFragmentLength: 1000
normalization: RPKM
*WARNING*: read extension is smaller than read length (read length = 150). Reads will not be extended.
bamFilesList: ['/storage/zhangyanxiaoLab/suzhuojie/projects/Aging_CUT_Tag/data/samples/heart/H3K27me3/bam/LLX411_S1_L004.nodup.bam']
binLength: 10000
numberOfSamples: None
blackListFileName: None
skipZeroOverZero: False
bed_and_bin: False
genomeChunkSize: None
defaultFragmentLength: read length
numberOfProcessors: 30
verbose: False
region: None
bedFile: None
minMappingQuality: None
ignoreDuplicates: False
chrsToSkip: []
stepSize: 10000
center_read: False
samFlag_include: None
samFlag_exclude: None
minFragmentLength: 0
maxFragmentLength: 0
zerosToNans: False
smoothLength: 100000
save_data: False
out_file_for_raw_data: None
maxPairedFragmentLength: 1000
normalization: RPKM
*WARNING*: read extension is smaller than read length (read length = 150). Reads will not be extended.
bamFilesList: ['/storage/zhangyanxiaoLab/suzhuojie/projects/Aging_CUT_Tag/data/samples/heart/H3K27me3/bam/LLX419_S3_L004.nodup.bam']
binLength: 10000
numberOfSamples: None
blackListFileName: None
skipZeroOverZero: False
bed_and_bin: False
genomeChunkSize: None
defaultFragmentLength: read length
numberOfProcessors: 30
verbose: False
region: None
bedFile: None
minMappingQuality: None
ignoreDuplicates: False
chrsToSkip: []
stepSize: 10000
center_read: False
samFlag_include: None
samFlag_exclude: None
minFragmentLength: 0
maxFragmentLength: 0
zerosToNans: False
smoothLength: 100000
save_data: False
out_file_for_raw_data: None
maxPairedFragmentLength: 1000
normalization: RPKM
*WARNING*: read extension is smaller than read length (read length = 150). Reads will not be extended.
bamFilesList: ['/storage/zhangyanxiaoLab/suzhuojie/projects/Aging_CUT_Tag/data/samples/heart/H3K27me3/bam/LLX425_S37_L003.nodup.bam']
binLength: 10000
numberOfSamples: None
blackListFileName: None
skipZeroOverZero: False
bed_and_bin: False
genomeChunkSize: None
defaultFragmentLength: read length
numberOfProcessors: 30
verbose: False
region: None
bedFile: None
minMappingQuality: None
ignoreDuplicates: False
chrsToSkip: []
stepSize: 10000
center_read: False
samFlag_include: None
samFlag_exclude: None
minFragmentLength: 0
maxFragmentLength: 0
zerosToNans: False
smoothLength: 100000
save_data: False
out_file_for_raw_data: None
maxPairedFragmentLength: 1000
normalization: RPKM
*WARNING*: read extension is smaller than read length (read length = 149). Reads will not be extended.
bamFilesList: ['/storage/zhangyanxiaoLab/suzhuojie/projects/Aging_CUT_Tag/data/samples/heart/H3K9me3/bam/LLX402_S202_L004.nodup.bam']
binLength: 10000
numberOfSamples: None
blackListFileName: None
skipZeroOverZero: False
bed_and_bin: False
genomeChunkSize: None
defaultFragmentLength: read length
numberOfProcessors: 30
verbose: False
region: None
bedFile: None
minMappingQuality: None
ignoreDuplicates: False
chrsToSkip: []
stepSize: 10000
center_read: False
samFlag_include: None
samFlag_exclude: None
minFragmentLength: 0
maxFragmentLength: 0
zerosToNans: False
smoothLength: 100000
save_data: False
out_file_for_raw_data: None
maxPairedFragmentLength: 1000
normalization: RPKM
*WARNING*: read extension is smaller than read length (read length = 149). Reads will not be extended.
bamFilesList: ['/storage/zhangyanxiaoLab/suzhuojie/projects/Aging_CUT_Tag/data/samples/heart/H3K9me3/bam/LLX408_S203_L004.nodup.bam']
binLength: 10000
numberOfSamples: None
blackListFileName: None
skipZeroOverZero: False
bed_and_bin: False
genomeChunkSize: None
defaultFragmentLength: read length
numberOfProcessors: 30
verbose: False
region: None
bedFile: None
minMappingQuality: None
ignoreDuplicates: False
chrsToSkip: []
stepSize: 10000
center_read: False
samFlag_include: None
samFlag_exclude: None
minFragmentLength: 0
maxFragmentLength: 0
zerosToNans: False
smoothLength: 100000
save_data: False
out_file_for_raw_data: None
maxPairedFragmentLength: 1000
normalization: RPKM
*WARNING*: read extension is smaller than read length (read length = 149). Reads will not be extended.
bamFilesList: ['/storage/zhangyanxiaoLab/suzhuojie/projects/Aging_CUT_Tag/data/samples/heart/H3K9me3/bam/LLX416_S65_L002.nodup.bam']
binLength: 10000
numberOfSamples: None
blackListFileName: None
skipZeroOverZero: False
bed_and_bin: False
genomeChunkSize: None
defaultFragmentLength: read length
numberOfProcessors: 30
verbose: False
region: None
bedFile: None
minMappingQuality: None
ignoreDuplicates: False
chrsToSkip: []
stepSize: 10000
center_read: False
samFlag_include: None
samFlag_exclude: None
minFragmentLength: 0
maxFragmentLength: 0
zerosToNans: False
smoothLength: 100000
save_data: False
out_file_for_raw_data: None
maxPairedFragmentLength: 1000
normalization: RPKM
*WARNING*: read extension is smaller than read length (read length = 150). Reads will not be extended.
bamFilesList: ['/storage/zhangyanxiaoLab/suzhuojie/projects/Aging_CUT_Tag/data/samples/heart/H3K9me3/bam/LLX422_S446_L003.nodup.bam']
binLength: 10000
numberOfSamples: None
blackListFileName: None
skipZeroOverZero: False
bed_and_bin: False
genomeChunkSize: None
defaultFragmentLength: read length
numberOfProcessors: 30
verbose: False
region: None
bedFile: None
minMappingQuality: None
ignoreDuplicates: False
chrsToSkip: []
stepSize: 10000
center_read: False
samFlag_include: None
samFlag_exclude: None
minFragmentLength: 0
maxFragmentLength: 0
zerosToNans: False
smoothLength: 100000
save_data: False
out_file_for_raw_data: None
maxPairedFragmentLength: 1000
normalization: RPKM
*WARNING*: read extension is smaller than read length (read length = 149). Reads will not be extended.
bamFilesList: ['/storage/zhangyanxiaoLab/suzhuojie/projects/Aging_CUT_Tag/data/samples/thymus/H3K36me3/bam/HJC_124.nodup.bam']
binLength: 10000
numberOfSamples: None
blackListFileName: None
skipZeroOverZero: False
bed_and_bin: False
genomeChunkSize: None
defaultFragmentLength: read length
numberOfProcessors: 30
verbose: False
region: None
bedFile: None
minMappingQuality: None
ignoreDuplicates: False
chrsToSkip: []
stepSize: 10000
center_read: False
samFlag_include: None
samFlag_exclude: None
minFragmentLength: 0
maxFragmentLength: 0
zerosToNans: False
smoothLength: 100000
save_data: False
out_file_for_raw_data: None
maxPairedFragmentLength: 1000
normalization: RPKM
*WARNING*: read extension is smaller than read length (read length = 148). Reads will not be extended.
bamFilesList: ['/storage/zhangyanxiaoLab/suzhuojie/projects/Aging_CUT_Tag/data/samples/thymus/H3K36me3/bam/HJC_130.nodup.bam']
binLength: 10000
numberOfSamples: None
blackListFileName: None
skipZeroOverZero: False
bed_and_bin: False
genomeChunkSize: None
defaultFragmentLength: read length
numberOfProcessors: 30
verbose: False
region: None
bedFile: None
minMappingQuality: None
ignoreDuplicates: False
chrsToSkip: []
stepSize: 10000
center_read: False
samFlag_include: None
samFlag_exclude: None
minFragmentLength: 0
maxFragmentLength: 0
zerosToNans: False
smoothLength: 100000
save_data: False
out_file_for_raw_data: None
maxPairedFragmentLength: 1000
normalization: RPKM
*WARNING*: read extension is smaller than read length (read length = 149). Reads will not be extended.
bamFilesList: ['/storage/zhangyanxiaoLab/suzhuojie/projects/Aging_CUT_Tag/data/samples/thymus/H3K36me3/bam/HJC_138.nodup.bam']
binLength: 10000
numberOfSamples: None
blackListFileName: None
skipZeroOverZero: False
bed_and_bin: False
genomeChunkSize: None
defaultFragmentLength: read length
numberOfProcessors: 30
verbose: False
region: None
bedFile: None
minMappingQuality: None
ignoreDuplicates: False
chrsToSkip: []
stepSize: 10000
center_read: False
samFlag_include: None
samFlag_exclude: None
minFragmentLength: 0
maxFragmentLength: 0
zerosToNans: False
smoothLength: 100000
save_data: False
out_file_for_raw_data: None
maxPairedFragmentLength: 1000
normalization: RPKM
*WARNING*: read extension is smaller than read length (read length = 149). Reads will not be extended.
bamFilesList: ['/storage/zhangyanxiaoLab/suzhuojie/projects/Aging_CUT_Tag/data/samples/thymus/H3K36me3/bam/HJC_144.nodup.bam']
binLength: 10000
numberOfSamples: None
blackListFileName: None
skipZeroOverZero: False
bed_and_bin: False
genomeChunkSize: None
defaultFragmentLength: read length
numberOfProcessors: 30
verbose: False
region: None
bedFile: None
minMappingQuality: None
ignoreDuplicates: False
chrsToSkip: []
stepSize: 10000
center_read: False
samFlag_include: None
samFlag_exclude: None
minFragmentLength: 0
maxFragmentLength: 0
zerosToNans: False
smoothLength: 100000
save_data: False
out_file_for_raw_data: None
maxPairedFragmentLength: 1000
normalization: RPKM
*WARNING*: read extension is smaller than read length (read length = 149). Reads will not be extended.
bamFilesList: ['/storage/zhangyanxiaoLab/suzhuojie/projects/Aging_CUT_Tag/data/samples/thymus/H3K27me3/bam/HJC_126.nodup.bam']
binLength: 10000
numberOfSamples: None
blackListFileName: None
skipZeroOverZero: False
bed_and_bin: False
genomeChunkSize: None
defaultFragmentLength: read length
numberOfProcessors: 30
verbose: False
region: None
bedFile: None
minMappingQuality: None
ignoreDuplicates: False
chrsToSkip: []
stepSize: 10000
center_read: False
samFlag_include: None
samFlag_exclude: None
minFragmentLength: 0
maxFragmentLength: 0
zerosToNans: False
smoothLength: 100000
save_data: False
out_file_for_raw_data: None
maxPairedFragmentLength: 1000
normalization: RPKM
*WARNING*: read extension is smaller than read length (read length = 150). Reads will not be extended.
bamFilesList: ['/storage/zhangyanxiaoLab/suzhuojie/projects/Aging_CUT_Tag/data/samples/thymus/H3K27me3/bam/HJC_132.nodup.bam']
binLength: 10000
numberOfSamples: None
blackListFileName: None
skipZeroOverZero: False
bed_and_bin: False
genomeChunkSize: None
defaultFragmentLength: read length
numberOfProcessors: 30
verbose: False
region: None
bedFile: None
minMappingQuality: None
ignoreDuplicates: False
chrsToSkip: []
stepSize: 10000
center_read: False
samFlag_include: None
samFlag_exclude: None
minFragmentLength: 0
maxFragmentLength: 0
zerosToNans: False
smoothLength: 100000
save_data: False
out_file_for_raw_data: None
maxPairedFragmentLength: 1000
normalization: RPKM
*WARNING*: read extension is smaller than read length (read length = 149). Reads will not be extended.
bamFilesList: ['/storage/zhangyanxiaoLab/suzhuojie/projects/Aging_CUT_Tag/data/samples/thymus/H3K27me3/bam/HJC_140.nodup.bam']
binLength: 10000
numberOfSamples: None
blackListFileName: None
skipZeroOverZero: False
bed_and_bin: False
genomeChunkSize: None
defaultFragmentLength: read length
numberOfProcessors: 30
verbose: False
region: None
bedFile: None
minMappingQuality: None
ignoreDuplicates: False
chrsToSkip: []
stepSize: 10000
center_read: False
samFlag_include: None
samFlag_exclude: None
minFragmentLength: 0
maxFragmentLength: 0
zerosToNans: False
smoothLength: 100000
save_data: False
out_file_for_raw_data: None
maxPairedFragmentLength: 1000
normalization: RPKM
*WARNING*: read extension is smaller than read length (read length = 150). Reads will not be extended.
bamFilesList: ['/storage/zhangyanxiaoLab/suzhuojie/projects/Aging_CUT_Tag/data/samples/thymus/H3K27me3/bam/HJC_146.nodup.bam']
binLength: 10000
numberOfSamples: None
blackListFileName: None
skipZeroOverZero: False
bed_and_bin: False
genomeChunkSize: None
defaultFragmentLength: read length
numberOfProcessors: 30
verbose: False
region: None
bedFile: None
minMappingQuality: None
ignoreDuplicates: False
chrsToSkip: []
stepSize: 10000
center_read: False
samFlag_include: None
samFlag_exclude: None
minFragmentLength: 0
maxFragmentLength: 0
zerosToNans: False
smoothLength: 100000
save_data: False
out_file_for_raw_data: None
maxPairedFragmentLength: 1000
normalization: RPKM
*WARNING*: read extension is smaller than read length (read length = 149). Reads will not be extended.
bamFilesList: ['/storage/zhangyanxiaoLab/suzhuojie/projects/Aging_CUT_Tag/data/samples/thymus/H3K9me3/bam/HJC_123.nodup.bam']
binLength: 10000
numberOfSamples: None
blackListFileName: None
skipZeroOverZero: False
bed_and_bin: False
genomeChunkSize: None
defaultFragmentLength: read length
numberOfProcessors: 30
verbose: False
region: None
bedFile: None
minMappingQuality: None
ignoreDuplicates: False
chrsToSkip: []
stepSize: 10000
center_read: False
samFlag_include: None
samFlag_exclude: None
minFragmentLength: 0
maxFragmentLength: 0
zerosToNans: False
smoothLength: 100000
save_data: False
out_file_for_raw_data: None
maxPairedFragmentLength: 1000
normalization: RPKM
*WARNING*: read extension is smaller than read length (read length = 149). Reads will not be extended.
bamFilesList: ['/storage/zhangyanxiaoLab/suzhuojie/projects/Aging_CUT_Tag/data/samples/thymus/H3K9me3/bam/HJC_129.nodup.bam']
binLength: 10000
numberOfSamples: None
blackListFileName: None
skipZeroOverZero: False
bed_and_bin: False
genomeChunkSize: None
defaultFragmentLength: read length
numberOfProcessors: 30
verbose: False
region: None
bedFile: None
minMappingQuality: None
ignoreDuplicates: False
chrsToSkip: []
stepSize: 10000
center_read: False
samFlag_include: None
samFlag_exclude: None
minFragmentLength: 0
maxFragmentLength: 0
zerosToNans: False
smoothLength: 100000
save_data: False
out_file_for_raw_data: None
maxPairedFragmentLength: 1000
normalization: RPKM
*WARNING*: read extension is smaller than read length (read length = 149). Reads will not be extended.
bamFilesList: ['/storage/zhangyanxiaoLab/suzhuojie/projects/Aging_CUT_Tag/data/samples/thymus/H3K9me3/bam/HJC_137.nodup.bam']
binLength: 10000
numberOfSamples: None
blackListFileName: None
skipZeroOverZero: False
bed_and_bin: False
genomeChunkSize: None
defaultFragmentLength: read length
numberOfProcessors: 30
verbose: False
region: None
bedFile: None
minMappingQuality: None
ignoreDuplicates: False
chrsToSkip: []
stepSize: 10000
center_read: False
samFlag_include: None
samFlag_exclude: None
minFragmentLength: 0
maxFragmentLength: 0
zerosToNans: False
smoothLength: 100000
save_data: False
out_file_for_raw_data: None
maxPairedFragmentLength: 1000
normalization: RPKM
*WARNING*: read extension is smaller than read length (read length = 143). Reads will not be extended.
bamFilesList: ['/storage/zhangyanxiaoLab/suzhuojie/projects/Aging_CUT_Tag/data/samples/thymus/H3K9me3/bam/HJC_143.nodup.bam']
binLength: 10000
numberOfSamples: None
blackListFileName: None
skipZeroOverZero: False
bed_and_bin: False
genomeChunkSize: None
defaultFragmentLength: read length
numberOfProcessors: 30
verbose: False
region: None
bedFile: None
minMappingQuality: None
ignoreDuplicates: False
chrsToSkip: []
stepSize: 10000
center_read: False
samFlag_include: None
samFlag_exclude: None
minFragmentLength: 0
maxFragmentLength: 0
zerosToNans: False
smoothLength: 100000
save_data: False
out_file_for_raw_data: None
maxPairedFragmentLength: 1000
