INFO  @ Sun, 31 Mar 2024 13:11:09: 
# Command line: callpeak -t /storage/zhangyanxiaoLab/suzhuojie/projects/Aging_CUT_Tag/data/samples/ileum/H3K27ac/tmp.merge.bam -f BAMPE -n H3K27ac --outdir /storage/zhangyanxiaoLab/suzhuojie/projects/Aging_CUT_Tag/data/samples/ileum/H3K27ac/peaks/macs_narrowpeak -g mm --nomodel -q 0.0001 --keep-dup all
# ARGUMENTS LIST:
# name = H3K27ac
# format = BAMPE
# ChIP-seq file = ['/storage/zhangyanxiaoLab/suzhuojie/projects/Aging_CUT_Tag/data/samples/ileum/H3K27ac/tmp.merge.bam']
# control file = None
# effective genome size = 1.87e+09
# band width = 300
# model fold = [5, 50]
# qvalue cutoff = 1.00e-04
# The maximum gap between significant sites is assigned as the read length/tag size.
# The minimum length of peaks is assigned as the predicted fragment length "d".
# Larger dataset will be scaled towards smaller dataset.
# Range for calculating regional lambda is: 10000 bps
# Broad region calling is off
# Paired-End mode is on
 
INFO  @ Sun, 31 Mar 2024 13:11:09: #1 read fragment files... 
INFO  @ Sun, 31 Mar 2024 13:11:09: #1 read treatment fragments... 
INFO  @ Sun, 31 Mar 2024 13:11:12:  1000000 
INFO  @ Sun, 31 Mar 2024 13:11:14:  2000000 
INFO  @ Sun, 31 Mar 2024 13:11:17:  3000000 
INFO  @ Sun, 31 Mar 2024 13:11:20:  4000000 
INFO  @ Sun, 31 Mar 2024 13:11:23:  5000000 
INFO  @ Sun, 31 Mar 2024 13:11:26:  6000000 
INFO  @ Sun, 31 Mar 2024 13:11:29:  7000000 
INFO  @ Sun, 31 Mar 2024 13:11:32:  8000000 
INFO  @ Sun, 31 Mar 2024 13:11:34:  9000000 
INFO  @ Sun, 31 Mar 2024 13:11:37:  10000000 
INFO  @ Sun, 31 Mar 2024 13:11:40:  11000000 
INFO  @ Sun, 31 Mar 2024 13:11:43:  12000000 
INFO  @ Sun, 31 Mar 2024 13:11:46:  13000000 
INFO  @ Sun, 31 Mar 2024 13:11:49:  14000000 
INFO  @ Sun, 31 Mar 2024 13:11:52:  15000000 
INFO  @ Sun, 31 Mar 2024 13:11:55:  16000000 
INFO  @ Sun, 31 Mar 2024 13:11:58:  17000000 
INFO  @ Sun, 31 Mar 2024 13:12:01:  18000000 
INFO  @ Sun, 31 Mar 2024 13:12:04:  19000000 
INFO  @ Sun, 31 Mar 2024 13:12:07:  20000000 
INFO  @ Sun, 31 Mar 2024 13:12:10:  21000000 
INFO  @ Sun, 31 Mar 2024 13:12:13:  22000000 
INFO  @ Sun, 31 Mar 2024 13:12:16:  23000000 
INFO  @ Sun, 31 Mar 2024 13:12:18:  24000000 
INFO  @ Sun, 31 Mar 2024 13:12:21:  25000000 
INFO  @ Sun, 31 Mar 2024 13:12:24:  26000000 
INFO  @ Sun, 31 Mar 2024 13:12:27:  27000000 
INFO  @ Sun, 31 Mar 2024 13:12:30:  28000000 
INFO  @ Sun, 31 Mar 2024 13:12:33:  29000000 
INFO  @ Sun, 31 Mar 2024 13:12:36:  30000000 
INFO  @ Sun, 31 Mar 2024 13:12:39:  31000000 
INFO  @ Sun, 31 Mar 2024 13:12:42:  32000000 
INFO  @ Sun, 31 Mar 2024 13:12:45:  33000000 
INFO  @ Sun, 31 Mar 2024 13:12:48:  34000000 
INFO  @ Sun, 31 Mar 2024 13:12:51:  35000000 
INFO  @ Sun, 31 Mar 2024 13:12:53:  36000000 
INFO  @ Sun, 31 Mar 2024 13:12:56:  37000000 
INFO  @ Sun, 31 Mar 2024 13:12:59:  38000000 
INFO  @ Sun, 31 Mar 2024 13:13:02:  39000000 
INFO  @ Sun, 31 Mar 2024 13:13:05:  40000000 
INFO  @ Sun, 31 Mar 2024 13:13:08:  41000000 
INFO  @ Sun, 31 Mar 2024 13:13:11:  42000000 
INFO  @ Sun, 31 Mar 2024 13:13:14:  43000000 
INFO  @ Sun, 31 Mar 2024 13:13:17:  44000000 
INFO  @ Sun, 31 Mar 2024 13:13:20:  45000000 
INFO  @ Sun, 31 Mar 2024 13:13:22:  46000000 
INFO  @ Sun, 31 Mar 2024 13:13:25:  47000000 
INFO  @ Sun, 31 Mar 2024 13:13:28:  48000000 
INFO  @ Sun, 31 Mar 2024 13:13:31:  49000000 
INFO  @ Sun, 31 Mar 2024 13:13:34:  50000000 
INFO  @ Sun, 31 Mar 2024 13:13:37:  51000000 
INFO  @ Sun, 31 Mar 2024 13:13:40:  52000000 
INFO  @ Sun, 31 Mar 2024 13:13:43:  53000000 
INFO  @ Sun, 31 Mar 2024 13:13:46:  54000000 
INFO  @ Sun, 31 Mar 2024 13:13:49:  55000000 
INFO  @ Sun, 31 Mar 2024 13:13:52:  56000000 
INFO  @ Sun, 31 Mar 2024 13:13:55:  57000000 
INFO  @ Sun, 31 Mar 2024 13:13:58:  58000000 
INFO  @ Sun, 31 Mar 2024 13:14:01:  59000000 
INFO  @ Sun, 31 Mar 2024 13:14:04:  60000000 
INFO  @ Sun, 31 Mar 2024 13:14:06:  61000000 
INFO  @ Sun, 31 Mar 2024 13:14:10:  62000000 
INFO  @ Sun, 31 Mar 2024 13:14:12:  63000000 
INFO  @ Sun, 31 Mar 2024 13:14:15:  64000000 
INFO  @ Sun, 31 Mar 2024 13:14:18:  65000000 
INFO  @ Sun, 31 Mar 2024 13:14:21:  66000000 
INFO  @ Sun, 31 Mar 2024 13:14:24:  67000000 
INFO  @ Sun, 31 Mar 2024 13:14:27:  68000000 
INFO  @ Sun, 31 Mar 2024 13:14:30:  69000000 
INFO  @ Sun, 31 Mar 2024 13:14:33:  70000000 
INFO  @ Sun, 31 Mar 2024 13:14:35:  71000000 
INFO  @ Sun, 31 Mar 2024 13:14:38:  72000000 
INFO  @ Sun, 31 Mar 2024 13:14:41:  73000000 
INFO  @ Sun, 31 Mar 2024 13:14:44:  74000000 
INFO  @ Sun, 31 Mar 2024 13:14:47:  75000000 
INFO  @ Sun, 31 Mar 2024 13:14:50:  76000000 
INFO  @ Sun, 31 Mar 2024 13:14:53:  77000000 
INFO  @ Sun, 31 Mar 2024 13:14:56:  78000000 
INFO  @ Sun, 31 Mar 2024 13:14:59:  79000000 
INFO  @ Sun, 31 Mar 2024 13:15:01:  80000000 
INFO  @ Sun, 31 Mar 2024 13:15:04:  81000000 
INFO  @ Sun, 31 Mar 2024 13:15:07:  82000000 
INFO  @ Sun, 31 Mar 2024 13:15:11: 82343950 fragments have been read. 
INFO  @ Sun, 31 Mar 2024 13:15:49: #1 mean fragment size is determined as 354.8 bp from treatment 
INFO  @ Sun, 31 Mar 2024 13:15:49: #1 fragment size = 354.8 
INFO  @ Sun, 31 Mar 2024 13:15:49: #1  total fragments in treatment: 82343950 
INFO  @ Sun, 31 Mar 2024 13:15:49: #1 finished! 
INFO  @ Sun, 31 Mar 2024 13:15:49: #2 Build Peak Model... 
INFO  @ Sun, 31 Mar 2024 13:15:49: #2 Skipped... 
INFO  @ Sun, 31 Mar 2024 13:15:49: #3 Call peaks... 
INFO  @ Sun, 31 Mar 2024 13:15:49: #3 Pre-compute pvalue-qvalue table... 
INFO  @ Sun, 31 Mar 2024 13:19:44: #3 Call peaks for each chromosome... 
INFO  @ Sun, 31 Mar 2024 13:21:37: #4 Write output xls file... /storage/zhangyanxiaoLab/suzhuojie/projects/Aging_CUT_Tag/data/samples/ileum/H3K27ac/peaks/macs_narrowpeak/H3K27ac_peaks.xls 
INFO  @ Sun, 31 Mar 2024 13:21:37: #4 Write peak in narrowPeak format file... /storage/zhangyanxiaoLab/suzhuojie/projects/Aging_CUT_Tag/data/samples/ileum/H3K27ac/peaks/macs_narrowpeak/H3K27ac_peaks.narrowPeak 
INFO  @ Sun, 31 Mar 2024 13:21:37: #4 Write summits bed file... /storage/zhangyanxiaoLab/suzhuojie/projects/Aging_CUT_Tag/data/samples/ileum/H3K27ac/peaks/macs_narrowpeak/H3K27ac_summits.bed 
INFO  @ Sun, 31 Mar 2024 13:21:37: Done! 
During startup - Warning messages:
1: Setting LC_CTYPE failed, using "C" 
2: Setting LC_COLLATE failed, using "C" 
3: Setting LC_TIME failed, using "C" 
4: Setting LC_MESSAGES failed, using "C" 
5: Setting LC_MONETARY failed, using "C" 
6: Setting LC_PAPER failed, using "C" 
7: Setting LC_MEASUREMENT failed, using "C" 
input file: /storage/zhangyanxiaoLab/suzhuojie/projects/Aging_CUT_Tag/data/samples/ileum/H3K27ac/bed/H3K27ac_macs_narrowpeak.bed
output file: /storage/zhangyanxiaoLab/suzhuojie/projects/Aging_CUT_Tag/data/samples/ileum/H3K27ac/bed/H3K27ac_macs_narrowpeak.saf

        ==========     _____ _    _ ____  _____  ______          _____  
        =====         / ____| |  | |  _ \|  __ \|  ____|   /\   |  __ \ 
          =====      | (___ | |  | | |_) | |__) | |__     /  \  | |  | |
            ====      \___ \| |  | |  _ <|  _  /|  __|   / /\ \ | |  | |
              ====    ____) | |__| | |_) | | \ \| |____ / ____ \| |__| |
        ==========   |_____/ \____/|____/|_|  \_\______/_/    \_\_____/
	  v2.0.1

//========================== featureCounts setting ===========================\\
||                                                                            ||
||             Input files : 4 BAM files                                      ||
||                           o HJC_095_S1_L001.nodup.bam                      ||
||                           o HJC_101_S5_L001.nodup.bam                      ||
||                           o HJC_111_S53_L001.nodup.bam                     ||
||                           o HJC_117_S316_L001.nodup.bam                    ||
||                                                                            ||
||             Output file : H3K27ac_macs_narrowpeak.counts                   ||
||                 Summary : H3K27ac_macs_narrowpeak.counts.summary           ||
||              Annotation : H3K27ac_macs_narrowpeak.saf (SAF)                ||
||      Dir for temp files : /storage/zhangyanxiaoLab/suzhuojie/projects/ ... ||
||                                                                            ||
||                 Threads : 8                                                ||
||                   Level : meta-feature level                               ||
||              Paired-end : yes                                              ||
||      Multimapping reads : not counted                                      ||
|| Multi-overlapping reads : not counted                                      ||
||   Min overlapping bases : 1                                                ||
||                                                                            ||
||          Chimeric reads : counted                                          ||
||        Both ends mapped : not required                                     ||
||                                                                            ||
\\============================================================================//

//================================= Running ==================================\\
||                                                                            ||
|| Load annotation file H3K27ac_macs_narrowpeak.saf ...                       ||
||    Features : 52214                                                        ||
||    Meta-features : 52214                                                   ||
||    Chromosomes/contigs : 21                                                ||
||                                                                            ||
|| Process BAM file HJC_095_S1_L001.nodup.bam...                              ||
||    Paired-end reads are included.                                          ||
||    Total alignments : 26336442                                             ||
||    Successfully assigned alignments : 5669405 (21.5%)                      ||
||    Running time : 0.16 minutes                                             ||
||                                                                            ||
|| Process BAM file HJC_101_S5_L001.nodup.bam...                              ||
||    Paired-end reads are included.                                          ||
||    Total alignments : 21046646                                             ||
||    Successfully assigned alignments : 5496065 (26.1%)                      ||
||    Running time : 0.12 minutes                                             ||
||                                                                            ||
|| Process BAM file HJC_111_S53_L001.nodup.bam...                             ||
||    Paired-end reads are included.                                          ||
||    Total alignments : 22872774                                             ||
||    Successfully assigned alignments : 3818978 (16.7%)                      ||
||    Running time : 0.12 minutes                                             ||
||                                                                            ||
|| Process BAM file HJC_117_S316_L001.nodup.bam...                            ||
||    Paired-end reads are included.                                          ||
||    Total alignments : 20153968                                             ||
||    Successfully assigned alignments : 5032098 (25.0%)                      ||
||    Running time : 0.11 minutes                                             ||
||                                                                            ||
|| Write the final count table.                                               ||
|| Write the read assignment summary.                                         ||
||                                                                            ||
|| Summary of counting results can be found in file "/storage/zhangyanxiaoLa  ||
|| b/suzhuojie/projects/Aging_CUT_Tag/data/samples/ileum/H3K27ac/H3K27ac_mac  ||
|| s_narrowpeak.counts.summary"                                               ||
||                                                                            ||
\\============================================================================//

mkdir: cannot create directory '/storage/zhangyanxiaoLab/suzhuojie/projects/Aging_CUT_Tag/result/ileum': File exists
done
INFO  @ Sun, 31 Mar 2024 13:30:05: 
# Command line: callpeak -t /storage/zhangyanxiaoLab/suzhuojie/projects/Aging_CUT_Tag/data/samples/ileum/H3K4me3/tmp.merge.bam -f BAMPE -n H3K4me3 --outdir /storage/zhangyanxiaoLab/suzhuojie/projects/Aging_CUT_Tag/data/samples/ileum/H3K4me3/peaks/macs_narrowpeak -g mm --nomodel -q 0.0001 --keep-dup all
# ARGUMENTS LIST:
# name = H3K4me3
# format = BAMPE
# ChIP-seq file = ['/storage/zhangyanxiaoLab/suzhuojie/projects/Aging_CUT_Tag/data/samples/ileum/H3K4me3/tmp.merge.bam']
# control file = None
# effective genome size = 1.87e+09
# band width = 300
# model fold = [5, 50]
# qvalue cutoff = 1.00e-04
# The maximum gap between significant sites is assigned as the read length/tag size.
# The minimum length of peaks is assigned as the predicted fragment length "d".
# Larger dataset will be scaled towards smaller dataset.
# Range for calculating regional lambda is: 10000 bps
# Broad region calling is off
# Paired-End mode is on
 
INFO  @ Sun, 31 Mar 2024 13:30:05: #1 read fragment files... 
INFO  @ Sun, 31 Mar 2024 13:30:05: #1 read treatment fragments... 
INFO  @ Sun, 31 Mar 2024 13:30:08:  1000000 
INFO  @ Sun, 31 Mar 2024 13:30:10:  2000000 
INFO  @ Sun, 31 Mar 2024 13:30:13:  3000000 
INFO  @ Sun, 31 Mar 2024 13:30:16:  4000000 
INFO  @ Sun, 31 Mar 2024 13:30:19:  5000000 
INFO  @ Sun, 31 Mar 2024 13:30:21:  6000000 
INFO  @ Sun, 31 Mar 2024 13:30:24:  7000000 
INFO  @ Sun, 31 Mar 2024 13:30:27:  8000000 
INFO  @ Sun, 31 Mar 2024 13:30:30:  9000000 
INFO  @ Sun, 31 Mar 2024 13:30:32:  10000000 
INFO  @ Sun, 31 Mar 2024 13:30:35:  11000000 
INFO  @ Sun, 31 Mar 2024 13:30:38:  12000000 
INFO  @ Sun, 31 Mar 2024 13:30:41:  13000000 
INFO  @ Sun, 31 Mar 2024 13:30:43:  14000000 
INFO  @ Sun, 31 Mar 2024 13:30:46:  15000000 
INFO  @ Sun, 31 Mar 2024 13:30:49:  16000000 
INFO  @ Sun, 31 Mar 2024 13:30:52:  17000000 
INFO  @ Sun, 31 Mar 2024 13:30:55:  18000000 
INFO  @ Sun, 31 Mar 2024 13:30:57:  19000000 
INFO  @ Sun, 31 Mar 2024 13:31:00:  20000000 
INFO  @ Sun, 31 Mar 2024 13:31:03:  21000000 
INFO  @ Sun, 31 Mar 2024 13:31:06:  22000000 
INFO  @ Sun, 31 Mar 2024 13:31:09:  23000000 
INFO  @ Sun, 31 Mar 2024 13:31:11:  24000000 
INFO  @ Sun, 31 Mar 2024 13:31:14:  25000000 
INFO  @ Sun, 31 Mar 2024 13:31:17:  26000000 
INFO  @ Sun, 31 Mar 2024 13:31:20:  27000000 
INFO  @ Sun, 31 Mar 2024 13:31:22:  28000000 
INFO  @ Sun, 31 Mar 2024 13:31:25:  29000000 
INFO  @ Sun, 31 Mar 2024 13:31:28:  30000000 
INFO  @ Sun, 31 Mar 2024 13:31:31:  31000000 
INFO  @ Sun, 31 Mar 2024 13:31:34:  32000000 
INFO  @ Sun, 31 Mar 2024 13:31:37:  33000000 
INFO  @ Sun, 31 Mar 2024 13:31:39:  34000000 
INFO  @ Sun, 31 Mar 2024 13:31:42:  35000000 
INFO  @ Sun, 31 Mar 2024 13:31:45:  36000000 
INFO  @ Sun, 31 Mar 2024 13:31:48:  37000000 
INFO  @ Sun, 31 Mar 2024 13:31:51:  38000000 
INFO  @ Sun, 31 Mar 2024 13:31:54:  39000000 
INFO  @ Sun, 31 Mar 2024 13:31:57:  40000000 
INFO  @ Sun, 31 Mar 2024 13:31:59:  41000000 
INFO  @ Sun, 31 Mar 2024 13:32:02:  42000000 
INFO  @ Sun, 31 Mar 2024 13:32:05:  43000000 
INFO  @ Sun, 31 Mar 2024 13:32:08:  44000000 
INFO  @ Sun, 31 Mar 2024 13:32:11:  45000000 
INFO  @ Sun, 31 Mar 2024 13:32:14:  46000000 
INFO  @ Sun, 31 Mar 2024 13:32:17:  47000000 
INFO  @ Sun, 31 Mar 2024 13:32:20:  48000000 
INFO  @ Sun, 31 Mar 2024 13:32:24:  49000000 
INFO  @ Sun, 31 Mar 2024 13:32:27:  50000000 
INFO  @ Sun, 31 Mar 2024 13:32:30:  51000000 
INFO  @ Sun, 31 Mar 2024 13:32:33:  52000000 
INFO  @ Sun, 31 Mar 2024 13:32:36:  53000000 
INFO  @ Sun, 31 Mar 2024 13:32:38:  54000000 
INFO  @ Sun, 31 Mar 2024 13:32:41:  55000000 
INFO  @ Sun, 31 Mar 2024 13:32:44:  56000000 
INFO  @ Sun, 31 Mar 2024 13:32:47:  57000000 
INFO  @ Sun, 31 Mar 2024 13:32:49:  58000000 
INFO  @ Sun, 31 Mar 2024 13:32:52:  59000000 
INFO  @ Sun, 31 Mar 2024 13:32:55:  60000000 
INFO  @ Sun, 31 Mar 2024 13:32:58:  61000000 
INFO  @ Sun, 31 Mar 2024 13:33:01:  62000000 
INFO  @ Sun, 31 Mar 2024 13:33:03:  63000000 
INFO  @ Sun, 31 Mar 2024 13:33:06:  64000000 
INFO  @ Sun, 31 Mar 2024 13:33:09:  65000000 
INFO  @ Sun, 31 Mar 2024 13:33:12:  66000000 
INFO  @ Sun, 31 Mar 2024 13:33:15:  67000000 
INFO  @ Sun, 31 Mar 2024 13:33:17:  68000000 
INFO  @ Sun, 31 Mar 2024 13:33:20:  69000000 
INFO  @ Sun, 31 Mar 2024 13:33:23:  70000000 
INFO  @ Sun, 31 Mar 2024 13:33:26:  71000000 
INFO  @ Sun, 31 Mar 2024 13:33:28:  72000000 
INFO  @ Sun, 31 Mar 2024 13:33:31:  73000000 
INFO  @ Sun, 31 Mar 2024 13:33:34:  74000000 
INFO  @ Sun, 31 Mar 2024 13:33:37:  75000000 
INFO  @ Sun, 31 Mar 2024 13:33:40:  76000000 
INFO  @ Sun, 31 Mar 2024 13:33:42:  77000000 
INFO  @ Sun, 31 Mar 2024 13:33:45:  78000000 
INFO  @ Sun, 31 Mar 2024 13:33:48:  79000000 
INFO  @ Sun, 31 Mar 2024 13:33:51:  80000000 
INFO  @ Sun, 31 Mar 2024 13:33:57: 80653795 fragments have been read. 
INFO  @ Sun, 31 Mar 2024 13:34:35: #1 mean fragment size is determined as 370.8 bp from treatment 
INFO  @ Sun, 31 Mar 2024 13:34:35: #1 fragment size = 370.8 
INFO  @ Sun, 31 Mar 2024 13:34:35: #1  total fragments in treatment: 80653795 
INFO  @ Sun, 31 Mar 2024 13:34:35: #1 finished! 
INFO  @ Sun, 31 Mar 2024 13:34:35: #2 Build Peak Model... 
INFO  @ Sun, 31 Mar 2024 13:34:35: #2 Skipped... 
INFO  @ Sun, 31 Mar 2024 13:34:35: #3 Call peaks... 
INFO  @ Sun, 31 Mar 2024 13:34:35: #3 Pre-compute pvalue-qvalue table... 
INFO  @ Sun, 31 Mar 2024 13:38:22: #3 Call peaks for each chromosome... 
INFO  @ Sun, 31 Mar 2024 13:40:13: #4 Write output xls file... /storage/zhangyanxiaoLab/suzhuojie/projects/Aging_CUT_Tag/data/samples/ileum/H3K4me3/peaks/macs_narrowpeak/H3K4me3_peaks.xls 
INFO  @ Sun, 31 Mar 2024 13:40:13: #4 Write peak in narrowPeak format file... /storage/zhangyanxiaoLab/suzhuojie/projects/Aging_CUT_Tag/data/samples/ileum/H3K4me3/peaks/macs_narrowpeak/H3K4me3_peaks.narrowPeak 
INFO  @ Sun, 31 Mar 2024 13:40:13: #4 Write summits bed file... /storage/zhangyanxiaoLab/suzhuojie/projects/Aging_CUT_Tag/data/samples/ileum/H3K4me3/peaks/macs_narrowpeak/H3K4me3_summits.bed 
INFO  @ Sun, 31 Mar 2024 13:40:13: Done! 
During startup - Warning messages:
1: Setting LC_CTYPE failed, using "C" 
2: Setting LC_COLLATE failed, using "C" 
3: Setting LC_TIME failed, using "C" 
4: Setting LC_MESSAGES failed, using "C" 
5: Setting LC_MONETARY failed, using "C" 
6: Setting LC_PAPER failed, using "C" 
7: Setting LC_MEASUREMENT failed, using "C" 
input file: /storage/zhangyanxiaoLab/suzhuojie/projects/Aging_CUT_Tag/data/samples/ileum/H3K4me3/bed/H3K4me3_macs_narrowpeak.bed
output file: /storage/zhangyanxiaoLab/suzhuojie/projects/Aging_CUT_Tag/data/samples/ileum/H3K4me3/bed/H3K4me3_macs_narrowpeak.saf

        ==========     _____ _    _ ____  _____  ______          _____  
        =====         / ____| |  | |  _ \|  __ \|  ____|   /\   |  __ \ 
          =====      | (___ | |  | | |_) | |__) | |__     /  \  | |  | |
            ====      \___ \| |  | |  _ <|  _  /|  __|   / /\ \ | |  | |
              ====    ____) | |__| | |_) | | \ \| |____ / ____ \| |__| |
        ==========   |_____/ \____/|____/|_|  \_\______/_/    \_\_____/
	  v2.0.1

//========================== featureCounts setting ===========================\\
||                                                                            ||
||             Input files : 4 BAM files                                      ||
||                           o HJC_098_S3_L001.nodup.bam                      ||
||                           o HJC_104_S7_L001.nodup.bam                      ||
||                           o HJC_114_S39_L003.nodup.bam                     ||
||                           o HJC_120_S28_L004.nodup.bam                     ||
||                                                                            ||
||             Output file : H3K4me3_macs_narrowpeak.counts                   ||
||                 Summary : H3K4me3_macs_narrowpeak.counts.summary           ||
||              Annotation : H3K4me3_macs_narrowpeak.saf (SAF)                ||
||      Dir for temp files : /storage/zhangyanxiaoLab/suzhuojie/projects/ ... ||
||                                                                            ||
||                 Threads : 8                                                ||
||                   Level : meta-feature level                               ||
||              Paired-end : yes                                              ||
||      Multimapping reads : not counted                                      ||
|| Multi-overlapping reads : not counted                                      ||
||   Min overlapping bases : 1                                                ||
||                                                                            ||
||          Chimeric reads : counted                                          ||
||        Both ends mapped : not required                                     ||
||                                                                            ||
\\============================================================================//

//================================= Running ==================================\\
||                                                                            ||
|| Load annotation file H3K4me3_macs_narrowpeak.saf ...                       ||
||    Features : 55500                                                        ||
||    Meta-features : 55500                                                   ||
||    Chromosomes/contigs : 21                                                ||
||                                                                            ||
|| Process BAM file HJC_098_S3_L001.nodup.bam...                              ||
||    Paired-end reads are included.                                          ||
||    Total alignments : 20961549                                             ||
||    Successfully assigned alignments : 4918877 (23.5%)                      ||
||    Running time : 0.13 minutes                                             ||
||                                                                            ||
|| Process BAM file HJC_104_S7_L001.nodup.bam...                              ||
||    Paired-end reads are included.                                          ||
||    Total alignments : 21975738                                             ||
||    Successfully assigned alignments : 10504412 (47.8%)                     ||
||    Running time : 0.12 minutes                                             ||
||                                                                            ||
|| Process BAM file HJC_114_S39_L003.nodup.bam...                             ||
||    Paired-end reads are included.                                          ||
||    Total alignments : 18286258                                             ||
||    Successfully assigned alignments : 4309976 (23.6%)                      ||
||    Running time : 0.10 minutes                                             ||
||                                                                            ||
|| Process BAM file HJC_120_S28_L004.nodup.bam...                             ||
||    Paired-end reads are included.                                          ||
||    Total alignments : 26815103                                             ||
||    Successfully assigned alignments : 12328136 (46.0%)                     ||
||    Running time : 0.15 minutes                                             ||
||                                                                            ||
|| Write the final count table.                                               ||
|| Write the read assignment summary.                                         ||
||                                                                            ||
|| Summary of counting results can be found in file "/storage/zhangyanxiaoLa  ||
|| b/suzhuojie/projects/Aging_CUT_Tag/data/samples/ileum/H3K4me3/H3K4me3_mac  ||
|| s_narrowpeak.counts.summary"                                               ||
||                                                                            ||
\\============================================================================//

mkdir: cannot create directory '/storage/zhangyanxiaoLab/suzhuojie/projects/Aging_CUT_Tag/result/ileum': File exists
done
INFO  @ Sun, 31 Mar 2024 13:49:44: 
# Command line: callpeak -t /storage/zhangyanxiaoLab/suzhuojie/projects/Aging_CUT_Tag/data/samples/ileum/H3K4me1/tmp.merge.bam -f BAMPE -n H3K4me1 --outdir /storage/zhangyanxiaoLab/suzhuojie/projects/Aging_CUT_Tag/data/samples/ileum/H3K4me1/peaks/macs_narrowpeak -g mm --nomodel -q 0.0001 --keep-dup all
# ARGUMENTS LIST:
# name = H3K4me1
# format = BAMPE
# ChIP-seq file = ['/storage/zhangyanxiaoLab/suzhuojie/projects/Aging_CUT_Tag/data/samples/ileum/H3K4me1/tmp.merge.bam']
# control file = None
# effective genome size = 1.87e+09
# band width = 300
# model fold = [5, 50]
# qvalue cutoff = 1.00e-04
# The maximum gap between significant sites is assigned as the read length/tag size.
# The minimum length of peaks is assigned as the predicted fragment length "d".
# Larger dataset will be scaled towards smaller dataset.
# Range for calculating regional lambda is: 10000 bps
# Broad region calling is off
# Paired-End mode is on
 
INFO  @ Sun, 31 Mar 2024 13:49:44: #1 read fragment files... 
INFO  @ Sun, 31 Mar 2024 13:49:44: #1 read treatment fragments... 
INFO  @ Sun, 31 Mar 2024 13:49:47:  1000000 
INFO  @ Sun, 31 Mar 2024 13:49:50:  2000000 
INFO  @ Sun, 31 Mar 2024 13:49:52:  3000000 
INFO  @ Sun, 31 Mar 2024 13:49:55:  4000000 
INFO  @ Sun, 31 Mar 2024 13:49:58:  5000000 
INFO  @ Sun, 31 Mar 2024 13:50:00:  6000000 
INFO  @ Sun, 31 Mar 2024 13:50:03:  7000000 
INFO  @ Sun, 31 Mar 2024 13:50:06:  8000000 
INFO  @ Sun, 31 Mar 2024 13:50:08:  9000000 
INFO  @ Sun, 31 Mar 2024 13:50:11:  10000000 
INFO  @ Sun, 31 Mar 2024 13:50:14:  11000000 
INFO  @ Sun, 31 Mar 2024 13:50:16:  12000000 
INFO  @ Sun, 31 Mar 2024 13:50:19:  13000000 
INFO  @ Sun, 31 Mar 2024 13:50:22:  14000000 
INFO  @ Sun, 31 Mar 2024 13:50:24:  15000000 
INFO  @ Sun, 31 Mar 2024 13:50:27:  16000000 
INFO  @ Sun, 31 Mar 2024 13:50:30:  17000000 
INFO  @ Sun, 31 Mar 2024 13:50:33:  18000000 
INFO  @ Sun, 31 Mar 2024 13:50:35:  19000000 
INFO  @ Sun, 31 Mar 2024 13:50:38:  20000000 
INFO  @ Sun, 31 Mar 2024 13:50:41:  21000000 
INFO  @ Sun, 31 Mar 2024 13:50:44:  22000000 
INFO  @ Sun, 31 Mar 2024 13:50:47:  23000000 
INFO  @ Sun, 31 Mar 2024 13:50:49:  24000000 
INFO  @ Sun, 31 Mar 2024 13:50:52:  25000000 
INFO  @ Sun, 31 Mar 2024 13:50:55:  26000000 
INFO  @ Sun, 31 Mar 2024 13:50:58:  27000000 
INFO  @ Sun, 31 Mar 2024 13:51:00:  28000000 
INFO  @ Sun, 31 Mar 2024 13:51:03:  29000000 
INFO  @ Sun, 31 Mar 2024 13:51:06:  30000000 
INFO  @ Sun, 31 Mar 2024 13:51:09:  31000000 
INFO  @ Sun, 31 Mar 2024 13:51:11:  32000000 
INFO  @ Sun, 31 Mar 2024 13:51:14:  33000000 
INFO  @ Sun, 31 Mar 2024 13:51:17:  34000000 
INFO  @ Sun, 31 Mar 2024 13:51:20:  35000000 
INFO  @ Sun, 31 Mar 2024 13:51:22:  36000000 
INFO  @ Sun, 31 Mar 2024 13:51:25:  37000000 
INFO  @ Sun, 31 Mar 2024 13:51:28:  38000000 
INFO  @ Sun, 31 Mar 2024 13:51:30:  39000000 
INFO  @ Sun, 31 Mar 2024 13:51:33:  40000000 
INFO  @ Sun, 31 Mar 2024 13:51:36:  41000000 
INFO  @ Sun, 31 Mar 2024 13:51:38:  42000000 
INFO  @ Sun, 31 Mar 2024 13:51:41:  43000000 
INFO  @ Sun, 31 Mar 2024 13:51:44:  44000000 
INFO  @ Sun, 31 Mar 2024 13:51:47:  45000000 
INFO  @ Sun, 31 Mar 2024 13:51:50:  46000000 
INFO  @ Sun, 31 Mar 2024 13:51:53:  47000000 
INFO  @ Sun, 31 Mar 2024 13:51:56:  48000000 
INFO  @ Sun, 31 Mar 2024 13:51:58:  49000000 
INFO  @ Sun, 31 Mar 2024 13:52:01:  50000000 
INFO  @ Sun, 31 Mar 2024 13:52:04:  51000000 
INFO  @ Sun, 31 Mar 2024 13:52:07:  52000000 
INFO  @ Sun, 31 Mar 2024 13:52:09:  53000000 
INFO  @ Sun, 31 Mar 2024 13:52:12:  54000000 
INFO  @ Sun, 31 Mar 2024 13:52:15:  55000000 
INFO  @ Sun, 31 Mar 2024 13:52:18:  56000000 
INFO  @ Sun, 31 Mar 2024 13:52:20:  57000000 
INFO  @ Sun, 31 Mar 2024 13:52:23:  58000000 
INFO  @ Sun, 31 Mar 2024 13:52:26:  59000000 
INFO  @ Sun, 31 Mar 2024 13:52:28:  60000000 
INFO  @ Sun, 31 Mar 2024 13:52:31:  61000000 
INFO  @ Sun, 31 Mar 2024 13:52:34:  62000000 
INFO  @ Sun, 31 Mar 2024 13:52:36:  63000000 
INFO  @ Sun, 31 Mar 2024 13:52:39:  64000000 
INFO  @ Sun, 31 Mar 2024 13:52:42:  65000000 
INFO  @ Sun, 31 Mar 2024 13:52:44:  66000000 
INFO  @ Sun, 31 Mar 2024 13:52:47:  67000000 
INFO  @ Sun, 31 Mar 2024 13:52:50:  68000000 
INFO  @ Sun, 31 Mar 2024 13:52:53:  69000000 
INFO  @ Sun, 31 Mar 2024 13:52:55:  70000000 
INFO  @ Sun, 31 Mar 2024 13:52:58:  71000000 
INFO  @ Sun, 31 Mar 2024 13:53:01:  72000000 
INFO  @ Sun, 31 Mar 2024 13:53:03:  73000000 
INFO  @ Sun, 31 Mar 2024 13:53:06:  74000000 
INFO  @ Sun, 31 Mar 2024 13:53:09:  75000000 
INFO  @ Sun, 31 Mar 2024 13:53:11:  76000000 
INFO  @ Sun, 31 Mar 2024 13:53:14:  77000000 
INFO  @ Sun, 31 Mar 2024 13:53:17:  78000000 
INFO  @ Sun, 31 Mar 2024 13:53:19:  79000000 
INFO  @ Sun, 31 Mar 2024 13:53:22:  80000000 
INFO  @ Sun, 31 Mar 2024 13:53:25:  81000000 
INFO  @ Sun, 31 Mar 2024 13:53:27:  82000000 
INFO  @ Sun, 31 Mar 2024 13:53:30:  83000000 
INFO  @ Sun, 31 Mar 2024 13:53:33:  84000000 
INFO  @ Sun, 31 Mar 2024 13:53:35:  85000000 
INFO  @ Sun, 31 Mar 2024 13:53:38:  86000000 
INFO  @ Sun, 31 Mar 2024 13:53:41:  87000000 
INFO  @ Sun, 31 Mar 2024 13:53:44:  88000000 
INFO  @ Sun, 31 Mar 2024 13:53:46:  89000000 
INFO  @ Sun, 31 Mar 2024 13:53:49: 89173664 fragments have been read. 
INFO  @ Sun, 31 Mar 2024 13:54:31: #1 mean fragment size is determined as 304.7 bp from treatment 
INFO  @ Sun, 31 Mar 2024 13:54:31: #1 fragment size = 304.7 
INFO  @ Sun, 31 Mar 2024 13:54:31: #1  total fragments in treatment: 89173664 
INFO  @ Sun, 31 Mar 2024 13:54:31: #1 finished! 
INFO  @ Sun, 31 Mar 2024 13:54:31: #2 Build Peak Model... 
INFO  @ Sun, 31 Mar 2024 13:54:31: #2 Skipped... 
INFO  @ Sun, 31 Mar 2024 13:54:31: #3 Call peaks... 
INFO  @ Sun, 31 Mar 2024 13:54:31: #3 Pre-compute pvalue-qvalue table... 
INFO  @ Sun, 31 Mar 2024 13:57:53: #3 Call peaks for each chromosome... 
INFO  @ Sun, 31 Mar 2024 13:59:43: #4 Write output xls file... /storage/zhangyanxiaoLab/suzhuojie/projects/Aging_CUT_Tag/data/samples/ileum/H3K4me1/peaks/macs_narrowpeak/H3K4me1_peaks.xls 
INFO  @ Sun, 31 Mar 2024 13:59:43: #4 Write peak in narrowPeak format file... /storage/zhangyanxiaoLab/suzhuojie/projects/Aging_CUT_Tag/data/samples/ileum/H3K4me1/peaks/macs_narrowpeak/H3K4me1_peaks.narrowPeak 
INFO  @ Sun, 31 Mar 2024 13:59:44: #4 Write summits bed file... /storage/zhangyanxiaoLab/suzhuojie/projects/Aging_CUT_Tag/data/samples/ileum/H3K4me1/peaks/macs_narrowpeak/H3K4me1_summits.bed 
INFO  @ Sun, 31 Mar 2024 13:59:44: Done! 
During startup - Warning messages:
1: Setting LC_CTYPE failed, using "C" 
2: Setting LC_COLLATE failed, using "C" 
3: Setting LC_TIME failed, using "C" 
4: Setting LC_MESSAGES failed, using "C" 
5: Setting LC_MONETARY failed, using "C" 
6: Setting LC_PAPER failed, using "C" 
7: Setting LC_MEASUREMENT failed, using "C" 
input file: /storage/zhangyanxiaoLab/suzhuojie/projects/Aging_CUT_Tag/data/samples/ileum/H3K4me1/bed/H3K4me1_macs_narrowpeak.bed
output file: /storage/zhangyanxiaoLab/suzhuojie/projects/Aging_CUT_Tag/data/samples/ileum/H3K4me1/bed/H3K4me1_macs_narrowpeak.saf

        ==========     _____ _    _ ____  _____  ______          _____  
        =====         / ____| |  | |  _ \|  __ \|  ____|   /\   |  __ \ 
          =====      | (___ | |  | | |_) | |__) | |__     /  \  | |  | |
            ====      \___ \| |  | |  _ <|  _  /|  __|   / /\ \ | |  | |
              ====    ____) | |__| | |_) | | \ \| |____ / ____ \| |__| |
        ==========   |_____/ \____/|____/|_|  \_\______/_/    \_\_____/
	  v2.0.1

//========================== featureCounts setting ===========================\\
||                                                                            ||
||             Input files : 4 BAM files                                      ||
||                           o HJC_097_S2_L001.nodup.bam                      ||
||                           o HJC_103_S1_L004.nodup.bam                      ||
||                           o HJC_113_S54_L001.nodup.bam                     ||
||                           o HJC_119_S27_L004.nodup.bam                     ||
||                                                                            ||
||             Output file : H3K4me1_macs_narrowpeak.counts                   ||
||                 Summary : H3K4me1_macs_narrowpeak.counts.summary           ||
||              Annotation : H3K4me1_macs_narrowpeak.saf (SAF)                ||
||      Dir for temp files : /storage/zhangyanxiaoLab/suzhuojie/projects/ ... ||
||                                                                            ||
||                 Threads : 8                                                ||
||                   Level : meta-feature level                               ||
||              Paired-end : yes                                              ||
||      Multimapping reads : not counted                                      ||
|| Multi-overlapping reads : not counted                                      ||
||   Min overlapping bases : 1                                                ||
||                                                                            ||
||          Chimeric reads : counted                                          ||
||        Both ends mapped : not required                                     ||
||                                                                            ||
\\============================================================================//

//================================= Running ==================================\\
||                                                                            ||
|| Load annotation file H3K4me1_macs_narrowpeak.saf ...                       ||
||    Features : 62393                                                        ||
||    Meta-features : 62393                                                   ||
||    Chromosomes/contigs : 21                                                ||
||                                                                            ||
|| Process BAM file HJC_097_S2_L001.nodup.bam...                              ||
||    Paired-end reads are included.                                          ||
||    Total alignments : 18873472                                             ||
||    Successfully assigned alignments : 2406857 (12.8%)                      ||
||    Running time : 0.10 minutes                                             ||
||                                                                            ||
|| Process BAM file HJC_103_S1_L004.nodup.bam...                              ||
||    Paired-end reads are included.                                          ||
||    Total alignments : 19512140                                             ||
||    Successfully assigned alignments : 3944182 (20.2%)                      ||
||    Running time : 0.10 minutes                                             ||
||                                                                            ||
|| Process BAM file HJC_113_S54_L001.nodup.bam...                             ||
||    Paired-end reads are included.                                          ||
||    Total alignments : 25213819                                             ||
||    Successfully assigned alignments : 3366916 (13.4%)                      ||
||    Running time : 0.13 minutes                                             ||
||                                                                            ||
|| Process BAM file HJC_119_S27_L004.nodup.bam...                             ||
||    Paired-end reads are included.                                          ||
||    Total alignments : 30216708                                             ||
||    Successfully assigned alignments : 6013676 (19.9%)                      ||
||    Running time : 0.15 minutes                                             ||
||                                                                            ||
|| Write the final count table.                                               ||
|| Write the read assignment summary.                                         ||
||                                                                            ||
|| Summary of counting results can be found in file "/storage/zhangyanxiaoLa  ||
|| b/suzhuojie/projects/Aging_CUT_Tag/data/samples/ileum/H3K4me1/H3K4me1_mac  ||
|| s_narrowpeak.counts.summary"                                               ||
||                                                                            ||
\\============================================================================//

mkdir: cannot create directory '/storage/zhangyanxiaoLab/suzhuojie/projects/Aging_CUT_Tag/result/ileum': File exists
done
