Writing to file /storage/zhangyanxiaoLab/suzhuojie/projects/Aging_CUT_Tag/data/samples/lung/combined_analysis_enhancer/binarizedData/young1_chr1_binary.txt
Writing to file /storage/zhangyanxiaoLab/suzhuojie/projects/Aging_CUT_Tag/data/samples/lung/combined_analysis_enhancer/binarizedData/young1_chr2_binary.txt
Writing to file /storage/zhangyanxiaoLab/suzhuojie/projects/Aging_CUT_Tag/data/samples/lung/combined_analysis_enhancer/binarizedData/young1_chrX_binary.txt
Writing to file /storage/zhangyanxiaoLab/suzhuojie/projects/Aging_CUT_Tag/data/samples/lung/combined_analysis_enhancer/binarizedData/young1_chr3_binary.txt
Writing to file /storage/zhangyanxiaoLab/suzhuojie/projects/Aging_CUT_Tag/data/samples/lung/combined_analysis_enhancer/binarizedData/young1_chr4_binary.txt
Writing to file /storage/zhangyanxiaoLab/suzhuojie/projects/Aging_CUT_Tag/data/samples/lung/combined_analysis_enhancer/binarizedData/young1_chr5_binary.txt
Writing to file /storage/zhangyanxiaoLab/suzhuojie/projects/Aging_CUT_Tag/data/samples/lung/combined_analysis_enhancer/binarizedData/young1_chr6_binary.txt
Writing to file /storage/zhangyanxiaoLab/suzhuojie/projects/Aging_CUT_Tag/data/samples/lung/combined_analysis_enhancer/binarizedData/young1_chr7_binary.txt
Writing to file /storage/zhangyanxiaoLab/suzhuojie/projects/Aging_CUT_Tag/data/samples/lung/combined_analysis_enhancer/binarizedData/young1_chr10_binary.txt
Writing to file /storage/zhangyanxiaoLab/suzhuojie/projects/Aging_CUT_Tag/data/samples/lung/combined_analysis_enhancer/binarizedData/young1_chr8_binary.txt
Writing to file /storage/zhangyanxiaoLab/suzhuojie/projects/Aging_CUT_Tag/data/samples/lung/combined_analysis_enhancer/binarizedData/young1_chr14_binary.txt
Writing to file /storage/zhangyanxiaoLab/suzhuojie/projects/Aging_CUT_Tag/data/samples/lung/combined_analysis_enhancer/binarizedData/young1_chr9_binary.txt
Writing to file /storage/zhangyanxiaoLab/suzhuojie/projects/Aging_CUT_Tag/data/samples/lung/combined_analysis_enhancer/binarizedData/young1_chr11_binary.txt
Writing to file /storage/zhangyanxiaoLab/suzhuojie/projects/Aging_CUT_Tag/data/samples/lung/combined_analysis_enhancer/binarizedData/young1_chr13_binary.txt
Writing to file /storage/zhangyanxiaoLab/suzhuojie/projects/Aging_CUT_Tag/data/samples/lung/combined_analysis_enhancer/binarizedData/young1_chr12_binary.txt
Writing to file /storage/zhangyanxiaoLab/suzhuojie/projects/Aging_CUT_Tag/data/samples/lung/combined_analysis_enhancer/binarizedData/young1_chr15_binary.txt
Writing to file /storage/zhangyanxiaoLab/suzhuojie/projects/Aging_CUT_Tag/data/samples/lung/combined_analysis_enhancer/binarizedData/young1_chr16_binary.txt
Writing to file /storage/zhangyanxiaoLab/suzhuojie/projects/Aging_CUT_Tag/data/samples/lung/combined_analysis_enhancer/binarizedData/young1_chr17_binary.txt
Writing to file /storage/zhangyanxiaoLab/suzhuojie/projects/Aging_CUT_Tag/data/samples/lung/combined_analysis_enhancer/binarizedData/young1_chrY_binary.txt
Writing to file /storage/zhangyanxiaoLab/suzhuojie/projects/Aging_CUT_Tag/data/samples/lung/combined_analysis_enhancer/binarizedData/young1_chr18_binary.txt
Writing to file /storage/zhangyanxiaoLab/suzhuojie/projects/Aging_CUT_Tag/data/samples/lung/combined_analysis_enhancer/binarizedData/young1_chr19_binary.txt
Writing to file /storage/zhangyanxiaoLab/suzhuojie/projects/Aging_CUT_Tag/data/samples/lung/combined_analysis_enhancer/binarizedData/young1_chr5_JH584299_random_binary.txt
Writing to file /storage/zhangyanxiaoLab/suzhuojie/projects/Aging_CUT_Tag/data/samples/lung/combined_analysis_enhancer/binarizedData/young1_chrX_GL456233_random_binary.txt
Writing to file /storage/zhangyanxiaoLab/suzhuojie/projects/Aging_CUT_Tag/data/samples/lung/combined_analysis_enhancer/binarizedData/young1_chrY_JH584301_random_binary.txt
Writing to file /storage/zhangyanxiaoLab/suzhuojie/projects/Aging_CUT_Tag/data/samples/lung/combined_analysis_enhancer/binarizedData/young1_chr1_GL456211_random_binary.txt
Writing to file /storage/zhangyanxiaoLab/suzhuojie/projects/Aging_CUT_Tag/data/samples/lung/combined_analysis_enhancer/binarizedData/young1_chr4_GL456350_random_binary.txt
Writing to file /storage/zhangyanxiaoLab/suzhuojie/projects/Aging_CUT_Tag/data/samples/lung/combined_analysis_enhancer/binarizedData/young1_chr4_JH584293_random_binary.txt
Writing to file /storage/zhangyanxiaoLab/suzhuojie/projects/Aging_CUT_Tag/data/samples/lung/combined_analysis_enhancer/binarizedData/young1_chr1_GL456221_random_binary.txt
Writing to file /storage/zhangyanxiaoLab/suzhuojie/projects/Aging_CUT_Tag/data/samples/lung/combined_analysis_enhancer/binarizedData/young1_chr5_JH584297_random_binary.txt
Writing to file /storage/zhangyanxiaoLab/suzhuojie/projects/Aging_CUT_Tag/data/samples/lung/combined_analysis_enhancer/binarizedData/young1_chr5_JH584296_random_binary.txt
Writing to file /storage/zhangyanxiaoLab/suzhuojie/projects/Aging_CUT_Tag/data/samples/lung/combined_analysis_enhancer/binarizedData/young1_chr5_GL456354_random_binary.txt
Writing to file /storage/zhangyanxiaoLab/suzhuojie/projects/Aging_CUT_Tag/data/samples/lung/combined_analysis_enhancer/binarizedData/young1_chr4_JH584294_random_binary.txt
Writing to file /storage/zhangyanxiaoLab/suzhuojie/projects/Aging_CUT_Tag/data/samples/lung/combined_analysis_enhancer/binarizedData/young1_chr5_JH584298_random_binary.txt
Writing to file /storage/zhangyanxiaoLab/suzhuojie/projects/Aging_CUT_Tag/data/samples/lung/combined_analysis_enhancer/binarizedData/young1_chrY_JH584300_random_binary.txt
Writing to file /storage/zhangyanxiaoLab/suzhuojie/projects/Aging_CUT_Tag/data/samples/lung/combined_analysis_enhancer/binarizedData/young1_chr7_GL456219_random_binary.txt
Writing to file /storage/zhangyanxiaoLab/suzhuojie/projects/Aging_CUT_Tag/data/samples/lung/combined_analysis_enhancer/binarizedData/young1_chr1_GL456210_random_binary.txt
Writing to file /storage/zhangyanxiaoLab/suzhuojie/projects/Aging_CUT_Tag/data/samples/lung/combined_analysis_enhancer/binarizedData/young1_chrY_JH584303_random_binary.txt
Writing to file /storage/zhangyanxiaoLab/suzhuojie/projects/Aging_CUT_Tag/data/samples/lung/combined_analysis_enhancer/binarizedData/young1_chrY_JH584302_random_binary.txt
Writing to file /storage/zhangyanxiaoLab/suzhuojie/projects/Aging_CUT_Tag/data/samples/lung/combined_analysis_enhancer/binarizedData/young1_chr1_GL456212_random_binary.txt
Writing to file /storage/zhangyanxiaoLab/suzhuojie/projects/Aging_CUT_Tag/data/samples/lung/combined_analysis_enhancer/binarizedData/young1_chrUn_JH584304_binary.txt
Writing to file /storage/zhangyanxiaoLab/suzhuojie/projects/Aging_CUT_Tag/data/samples/lung/combined_analysis_enhancer/binarizedData/young1_chrUn_GL456379_binary.txt
Writing to file /storage/zhangyanxiaoLab/suzhuojie/projects/Aging_CUT_Tag/data/samples/lung/combined_analysis_enhancer/binarizedData/young1_chr4_GL456216_random_binary.txt
Writing to file /storage/zhangyanxiaoLab/suzhuojie/projects/Aging_CUT_Tag/data/samples/lung/combined_analysis_enhancer/binarizedData/young1_chrUn_GL456393_binary.txt
Writing to file /storage/zhangyanxiaoLab/suzhuojie/projects/Aging_CUT_Tag/data/samples/lung/combined_analysis_enhancer/binarizedData/young1_chrUn_GL456366_binary.txt
Writing to file /storage/zhangyanxiaoLab/suzhuojie/projects/Aging_CUT_Tag/data/samples/lung/combined_analysis_enhancer/binarizedData/young1_chrUn_GL456367_binary.txt
Writing to file /storage/zhangyanxiaoLab/suzhuojie/projects/Aging_CUT_Tag/data/samples/lung/combined_analysis_enhancer/binarizedData/young1_chrUn_GL456239_binary.txt
Writing to file /storage/zhangyanxiaoLab/suzhuojie/projects/Aging_CUT_Tag/data/samples/lung/combined_analysis_enhancer/binarizedData/young1_chr1_GL456213_random_binary.txt
Writing to file /storage/zhangyanxiaoLab/suzhuojie/projects/Aging_CUT_Tag/data/samples/lung/combined_analysis_enhancer/binarizedData/young1_chrUn_GL456383_binary.txt
Writing to file /storage/zhangyanxiaoLab/suzhuojie/projects/Aging_CUT_Tag/data/samples/lung/combined_analysis_enhancer/binarizedData/young1_chrUn_GL456385_binary.txt
Writing to file /storage/zhangyanxiaoLab/suzhuojie/projects/Aging_CUT_Tag/data/samples/lung/combined_analysis_enhancer/binarizedData/young1_chrUn_GL456360_binary.txt
Writing to file /storage/zhangyanxiaoLab/suzhuojie/projects/Aging_CUT_Tag/data/samples/lung/combined_analysis_enhancer/binarizedData/young1_chrUn_GL456378_binary.txt
Writing to file /storage/zhangyanxiaoLab/suzhuojie/projects/Aging_CUT_Tag/data/samples/lung/combined_analysis_enhancer/binarizedData/young1_chrUn_GL456389_binary.txt
Writing to file /storage/zhangyanxiaoLab/suzhuojie/projects/Aging_CUT_Tag/data/samples/lung/combined_analysis_enhancer/binarizedData/young1_chrUn_GL456372_binary.txt
Writing to file /storage/zhangyanxiaoLab/suzhuojie/projects/Aging_CUT_Tag/data/samples/lung/combined_analysis_enhancer/binarizedData/young1_chrUn_GL456370_binary.txt
Writing to file /storage/zhangyanxiaoLab/suzhuojie/projects/Aging_CUT_Tag/data/samples/lung/combined_analysis_enhancer/binarizedData/young1_chrUn_GL456381_binary.txt
Writing to file /storage/zhangyanxiaoLab/suzhuojie/projects/Aging_CUT_Tag/data/samples/lung/combined_analysis_enhancer/binarizedData/young1_chrUn_GL456387_binary.txt
Writing to file /storage/zhangyanxiaoLab/suzhuojie/projects/Aging_CUT_Tag/data/samples/lung/combined_analysis_enhancer/binarizedData/young1_chrUn_GL456390_binary.txt
Writing to file /storage/zhangyanxiaoLab/suzhuojie/projects/Aging_CUT_Tag/data/samples/lung/combined_analysis_enhancer/binarizedData/young1_chrUn_GL456394_binary.txt
Writing to file /storage/zhangyanxiaoLab/suzhuojie/projects/Aging_CUT_Tag/data/samples/lung/combined_analysis_enhancer/binarizedData/young1_chrUn_GL456392_binary.txt
Writing to file /storage/zhangyanxiaoLab/suzhuojie/projects/Aging_CUT_Tag/data/samples/lung/combined_analysis_enhancer/binarizedData/young1_chrUn_GL456382_binary.txt
Writing to file /storage/zhangyanxiaoLab/suzhuojie/projects/Aging_CUT_Tag/data/samples/lung/combined_analysis_enhancer/binarizedData/young1_chrUn_GL456359_binary.txt
Writing to file /storage/zhangyanxiaoLab/suzhuojie/projects/Aging_CUT_Tag/data/samples/lung/combined_analysis_enhancer/binarizedData/young1_chrUn_GL456396_binary.txt
Writing to file /storage/zhangyanxiaoLab/suzhuojie/projects/Aging_CUT_Tag/data/samples/lung/combined_analysis_enhancer/binarizedData/young1_chrUn_GL456368_binary.txt
Writing to file /storage/zhangyanxiaoLab/suzhuojie/projects/Aging_CUT_Tag/data/samples/lung/combined_analysis_enhancer/binarizedData/young1_chrM_binary.txt
Writing to file /storage/zhangyanxiaoLab/suzhuojie/projects/Aging_CUT_Tag/data/samples/lung/combined_analysis_enhancer/binarizedData/young1_chr4_JH584292_random_binary.txt
Writing to file /storage/zhangyanxiaoLab/suzhuojie/projects/Aging_CUT_Tag/data/samples/lung/combined_analysis_enhancer/binarizedData/young1_chr4_JH584295_random_binary.txt
Writing to file /storage/zhangyanxiaoLab/suzhuojie/projects/Aging_CUT_Tag/data/samples/lung/combined_analysis_enhancer/binarizedData/young2_chr1_binary.txt
Writing to file /storage/zhangyanxiaoLab/suzhuojie/projects/Aging_CUT_Tag/data/samples/lung/combined_analysis_enhancer/binarizedData/young2_chr2_binary.txt
Writing to file /storage/zhangyanxiaoLab/suzhuojie/projects/Aging_CUT_Tag/data/samples/lung/combined_analysis_enhancer/binarizedData/young2_chrX_binary.txt
Writing to file /storage/zhangyanxiaoLab/suzhuojie/projects/Aging_CUT_Tag/data/samples/lung/combined_analysis_enhancer/binarizedData/young2_chr3_binary.txt
Writing to file /storage/zhangyanxiaoLab/suzhuojie/projects/Aging_CUT_Tag/data/samples/lung/combined_analysis_enhancer/binarizedData/young2_chr4_binary.txt
Writing to file /storage/zhangyanxiaoLab/suzhuojie/projects/Aging_CUT_Tag/data/samples/lung/combined_analysis_enhancer/binarizedData/young2_chr5_binary.txt
Writing to file /storage/zhangyanxiaoLab/suzhuojie/projects/Aging_CUT_Tag/data/samples/lung/combined_analysis_enhancer/binarizedData/young2_chr6_binary.txt
Writing to file /storage/zhangyanxiaoLab/suzhuojie/projects/Aging_CUT_Tag/data/samples/lung/combined_analysis_enhancer/binarizedData/young2_chr7_binary.txt
Writing to file /storage/zhangyanxiaoLab/suzhuojie/projects/Aging_CUT_Tag/data/samples/lung/combined_analysis_enhancer/binarizedData/young2_chr10_binary.txt
Writing to file /storage/zhangyanxiaoLab/suzhuojie/projects/Aging_CUT_Tag/data/samples/lung/combined_analysis_enhancer/binarizedData/young2_chr8_binary.txt
Writing to file /storage/zhangyanxiaoLab/suzhuojie/projects/Aging_CUT_Tag/data/samples/lung/combined_analysis_enhancer/binarizedData/young2_chr14_binary.txt
Writing to file /storage/zhangyanxiaoLab/suzhuojie/projects/Aging_CUT_Tag/data/samples/lung/combined_analysis_enhancer/binarizedData/young2_chr9_binary.txt
Writing to file /storage/zhangyanxiaoLab/suzhuojie/projects/Aging_CUT_Tag/data/samples/lung/combined_analysis_enhancer/binarizedData/young2_chr11_binary.txt
Writing to file /storage/zhangyanxiaoLab/suzhuojie/projects/Aging_CUT_Tag/data/samples/lung/combined_analysis_enhancer/binarizedData/young2_chr13_binary.txt
Writing to file /storage/zhangyanxiaoLab/suzhuojie/projects/Aging_CUT_Tag/data/samples/lung/combined_analysis_enhancer/binarizedData/young2_chr12_binary.txt
Writing to file /storage/zhangyanxiaoLab/suzhuojie/projects/Aging_CUT_Tag/data/samples/lung/combined_analysis_enhancer/binarizedData/young2_chr15_binary.txt
Writing to file /storage/zhangyanxiaoLab/suzhuojie/projects/Aging_CUT_Tag/data/samples/lung/combined_analysis_enhancer/binarizedData/young2_chr16_binary.txt
Writing to file /storage/zhangyanxiaoLab/suzhuojie/projects/Aging_CUT_Tag/data/samples/lung/combined_analysis_enhancer/binarizedData/young2_chr17_binary.txt
Writing to file /storage/zhangyanxiaoLab/suzhuojie/projects/Aging_CUT_Tag/data/samples/lung/combined_analysis_enhancer/binarizedData/young2_chrY_binary.txt
Writing to file /storage/zhangyanxiaoLab/suzhuojie/projects/Aging_CUT_Tag/data/samples/lung/combined_analysis_enhancer/binarizedData/young2_chr18_binary.txt
Writing to file /storage/zhangyanxiaoLab/suzhuojie/projects/Aging_CUT_Tag/data/samples/lung/combined_analysis_enhancer/binarizedData/young2_chr19_binary.txt
Writing to file /storage/zhangyanxiaoLab/suzhuojie/projects/Aging_CUT_Tag/data/samples/lung/combined_analysis_enhancer/binarizedData/young2_chr5_JH584299_random_binary.txt
Writing to file /storage/zhangyanxiaoLab/suzhuojie/projects/Aging_CUT_Tag/data/samples/lung/combined_analysis_enhancer/binarizedData/young2_chrX_GL456233_random_binary.txt
Writing to file /storage/zhangyanxiaoLab/suzhuojie/projects/Aging_CUT_Tag/data/samples/lung/combined_analysis_enhancer/binarizedData/young2_chrY_JH584301_random_binary.txt
Writing to file /storage/zhangyanxiaoLab/suzhuojie/projects/Aging_CUT_Tag/data/samples/lung/combined_analysis_enhancer/binarizedData/young2_chr1_GL456211_random_binary.txt
Writing to file /storage/zhangyanxiaoLab/suzhuojie/projects/Aging_CUT_Tag/data/samples/lung/combined_analysis_enhancer/binarizedData/young2_chr4_GL456350_random_binary.txt
Writing to file /storage/zhangyanxiaoLab/suzhuojie/projects/Aging_CUT_Tag/data/samples/lung/combined_analysis_enhancer/binarizedData/young2_chr4_JH584293_random_binary.txt
Writing to file /storage/zhangyanxiaoLab/suzhuojie/projects/Aging_CUT_Tag/data/samples/lung/combined_analysis_enhancer/binarizedData/young2_chr1_GL456221_random_binary.txt
Writing to file /storage/zhangyanxiaoLab/suzhuojie/projects/Aging_CUT_Tag/data/samples/lung/combined_analysis_enhancer/binarizedData/young2_chr5_JH584297_random_binary.txt
Writing to file /storage/zhangyanxiaoLab/suzhuojie/projects/Aging_CUT_Tag/data/samples/lung/combined_analysis_enhancer/binarizedData/young2_chr5_JH584296_random_binary.txt
Writing to file /storage/zhangyanxiaoLab/suzhuojie/projects/Aging_CUT_Tag/data/samples/lung/combined_analysis_enhancer/binarizedData/young2_chr5_GL456354_random_binary.txt
Writing to file /storage/zhangyanxiaoLab/suzhuojie/projects/Aging_CUT_Tag/data/samples/lung/combined_analysis_enhancer/binarizedData/young2_chr4_JH584294_random_binary.txt
Writing to file /storage/zhangyanxiaoLab/suzhuojie/projects/Aging_CUT_Tag/data/samples/lung/combined_analysis_enhancer/binarizedData/young2_chr5_JH584298_random_binary.txt
Writing to file /storage/zhangyanxiaoLab/suzhuojie/projects/Aging_CUT_Tag/data/samples/lung/combined_analysis_enhancer/binarizedData/young2_chrY_JH584300_random_binary.txt
Writing to file /storage/zhangyanxiaoLab/suzhuojie/projects/Aging_CUT_Tag/data/samples/lung/combined_analysis_enhancer/binarizedData/young2_chr7_GL456219_random_binary.txt
Writing to file /storage/zhangyanxiaoLab/suzhuojie/projects/Aging_CUT_Tag/data/samples/lung/combined_analysis_enhancer/binarizedData/young2_chr1_GL456210_random_binary.txt
Writing to file /storage/zhangyanxiaoLab/suzhuojie/projects/Aging_CUT_Tag/data/samples/lung/combined_analysis_enhancer/binarizedData/young2_chrY_JH584303_random_binary.txt
Writing to file /storage/zhangyanxiaoLab/suzhuojie/projects/Aging_CUT_Tag/data/samples/lung/combined_analysis_enhancer/binarizedData/young2_chrY_JH584302_random_binary.txt
Writing to file /storage/zhangyanxiaoLab/suzhuojie/projects/Aging_CUT_Tag/data/samples/lung/combined_analysis_enhancer/binarizedData/young2_chr1_GL456212_random_binary.txt
Writing to file /storage/zhangyanxiaoLab/suzhuojie/projects/Aging_CUT_Tag/data/samples/lung/combined_analysis_enhancer/binarizedData/young2_chrUn_JH584304_binary.txt
Writing to file /storage/zhangyanxiaoLab/suzhuojie/projects/Aging_CUT_Tag/data/samples/lung/combined_analysis_enhancer/binarizedData/young2_chrUn_GL456379_binary.txt
Writing to file /storage/zhangyanxiaoLab/suzhuojie/projects/Aging_CUT_Tag/data/samples/lung/combined_analysis_enhancer/binarizedData/young2_chr4_GL456216_random_binary.txt
Writing to file /storage/zhangyanxiaoLab/suzhuojie/projects/Aging_CUT_Tag/data/samples/lung/combined_analysis_enhancer/binarizedData/young2_chrUn_GL456393_binary.txt
Writing to file /storage/zhangyanxiaoLab/suzhuojie/projects/Aging_CUT_Tag/data/samples/lung/combined_analysis_enhancer/binarizedData/young2_chrUn_GL456366_binary.txt
Writing to file /storage/zhangyanxiaoLab/suzhuojie/projects/Aging_CUT_Tag/data/samples/lung/combined_analysis_enhancer/binarizedData/young2_chrUn_GL456367_binary.txt
Writing to file /storage/zhangyanxiaoLab/suzhuojie/projects/Aging_CUT_Tag/data/samples/lung/combined_analysis_enhancer/binarizedData/young2_chrUn_GL456239_binary.txt
Writing to file /storage/zhangyanxiaoLab/suzhuojie/projects/Aging_CUT_Tag/data/samples/lung/combined_analysis_enhancer/binarizedData/young2_chr1_GL456213_random_binary.txt
Writing to file /storage/zhangyanxiaoLab/suzhuojie/projects/Aging_CUT_Tag/data/samples/lung/combined_analysis_enhancer/binarizedData/young2_chrUn_GL456383_binary.txt
Writing to file /storage/zhangyanxiaoLab/suzhuojie/projects/Aging_CUT_Tag/data/samples/lung/combined_analysis_enhancer/binarizedData/young2_chrUn_GL456385_binary.txt
Writing to file /storage/zhangyanxiaoLab/suzhuojie/projects/Aging_CUT_Tag/data/samples/lung/combined_analysis_enhancer/binarizedData/young2_chrUn_GL456360_binary.txt
Writing to file /storage/zhangyanxiaoLab/suzhuojie/projects/Aging_CUT_Tag/data/samples/lung/combined_analysis_enhancer/binarizedData/young2_chrUn_GL456378_binary.txt
Writing to file /storage/zhangyanxiaoLab/suzhuojie/projects/Aging_CUT_Tag/data/samples/lung/combined_analysis_enhancer/binarizedData/young2_chrUn_GL456389_binary.txt
Writing to file /storage/zhangyanxiaoLab/suzhuojie/projects/Aging_CUT_Tag/data/samples/lung/combined_analysis_enhancer/binarizedData/young2_chrUn_GL456372_binary.txt
Writing to file /storage/zhangyanxiaoLab/suzhuojie/projects/Aging_CUT_Tag/data/samples/lung/combined_analysis_enhancer/binarizedData/young2_chrUn_GL456370_binary.txt
Writing to file /storage/zhangyanxiaoLab/suzhuojie/projects/Aging_CUT_Tag/data/samples/lung/combined_analysis_enhancer/binarizedData/young2_chrUn_GL456381_binary.txt
Writing to file /storage/zhangyanxiaoLab/suzhuojie/projects/Aging_CUT_Tag/data/samples/lung/combined_analysis_enhancer/binarizedData/young2_chrUn_GL456387_binary.txt
Writing to file /storage/zhangyanxiaoLab/suzhuojie/projects/Aging_CUT_Tag/data/samples/lung/combined_analysis_enhancer/binarizedData/young2_chrUn_GL456390_binary.txt
Writing to file /storage/zhangyanxiaoLab/suzhuojie/projects/Aging_CUT_Tag/data/samples/lung/combined_analysis_enhancer/binarizedData/young2_chrUn_GL456394_binary.txt
Writing to file /storage/zhangyanxiaoLab/suzhuojie/projects/Aging_CUT_Tag/data/samples/lung/combined_analysis_enhancer/binarizedData/young2_chrUn_GL456392_binary.txt
Writing to file /storage/zhangyanxiaoLab/suzhuojie/projects/Aging_CUT_Tag/data/samples/lung/combined_analysis_enhancer/binarizedData/young2_chrUn_GL456382_binary.txt
Writing to file /storage/zhangyanxiaoLab/suzhuojie/projects/Aging_CUT_Tag/data/samples/lung/combined_analysis_enhancer/binarizedData/young2_chrUn_GL456359_binary.txt
Writing to file /storage/zhangyanxiaoLab/suzhuojie/projects/Aging_CUT_Tag/data/samples/lung/combined_analysis_enhancer/binarizedData/young2_chrUn_GL456396_binary.txt
Writing to file /storage/zhangyanxiaoLab/suzhuojie/projects/Aging_CUT_Tag/data/samples/lung/combined_analysis_enhancer/binarizedData/young2_chrUn_GL456368_binary.txt
Writing to file /storage/zhangyanxiaoLab/suzhuojie/projects/Aging_CUT_Tag/data/samples/lung/combined_analysis_enhancer/binarizedData/young2_chrM_binary.txt
Writing to file /storage/zhangyanxiaoLab/suzhuojie/projects/Aging_CUT_Tag/data/samples/lung/combined_analysis_enhancer/binarizedData/young2_chr4_JH584292_random_binary.txt
Writing to file /storage/zhangyanxiaoLab/suzhuojie/projects/Aging_CUT_Tag/data/samples/lung/combined_analysis_enhancer/binarizedData/young2_chr4_JH584295_random_binary.txt
Writing to file /storage/zhangyanxiaoLab/suzhuojie/projects/Aging_CUT_Tag/data/samples/lung/combined_analysis_enhancer/binarizedData/old1_chr1_binary.txt
Writing to file /storage/zhangyanxiaoLab/suzhuojie/projects/Aging_CUT_Tag/data/samples/lung/combined_analysis_enhancer/binarizedData/old1_chr2_binary.txt
Writing to file /storage/zhangyanxiaoLab/suzhuojie/projects/Aging_CUT_Tag/data/samples/lung/combined_analysis_enhancer/binarizedData/old1_chrX_binary.txt
Writing to file /storage/zhangyanxiaoLab/suzhuojie/projects/Aging_CUT_Tag/data/samples/lung/combined_analysis_enhancer/binarizedData/old1_chr3_binary.txt
Writing to file /storage/zhangyanxiaoLab/suzhuojie/projects/Aging_CUT_Tag/data/samples/lung/combined_analysis_enhancer/binarizedData/old1_chr4_binary.txt
Writing to file /storage/zhangyanxiaoLab/suzhuojie/projects/Aging_CUT_Tag/data/samples/lung/combined_analysis_enhancer/binarizedData/old1_chr5_binary.txt
Writing to file /storage/zhangyanxiaoLab/suzhuojie/projects/Aging_CUT_Tag/data/samples/lung/combined_analysis_enhancer/binarizedData/old1_chr6_binary.txt
Writing to file /storage/zhangyanxiaoLab/suzhuojie/projects/Aging_CUT_Tag/data/samples/lung/combined_analysis_enhancer/binarizedData/old1_chr7_binary.txt
Writing to file /storage/zhangyanxiaoLab/suzhuojie/projects/Aging_CUT_Tag/data/samples/lung/combined_analysis_enhancer/binarizedData/old1_chr10_binary.txt
Writing to file /storage/zhangyanxiaoLab/suzhuojie/projects/Aging_CUT_Tag/data/samples/lung/combined_analysis_enhancer/binarizedData/old1_chr8_binary.txt
Writing to file /storage/zhangyanxiaoLab/suzhuojie/projects/Aging_CUT_Tag/data/samples/lung/combined_analysis_enhancer/binarizedData/old1_chr14_binary.txt
Writing to file /storage/zhangyanxiaoLab/suzhuojie/projects/Aging_CUT_Tag/data/samples/lung/combined_analysis_enhancer/binarizedData/old1_chr9_binary.txt
Writing to file /storage/zhangyanxiaoLab/suzhuojie/projects/Aging_CUT_Tag/data/samples/lung/combined_analysis_enhancer/binarizedData/old1_chr11_binary.txt
Writing to file /storage/zhangyanxiaoLab/suzhuojie/projects/Aging_CUT_Tag/data/samples/lung/combined_analysis_enhancer/binarizedData/old1_chr13_binary.txt
Writing to file /storage/zhangyanxiaoLab/suzhuojie/projects/Aging_CUT_Tag/data/samples/lung/combined_analysis_enhancer/binarizedData/old1_chr12_binary.txt
Writing to file /storage/zhangyanxiaoLab/suzhuojie/projects/Aging_CUT_Tag/data/samples/lung/combined_analysis_enhancer/binarizedData/old1_chr15_binary.txt
Writing to file /storage/zhangyanxiaoLab/suzhuojie/projects/Aging_CUT_Tag/data/samples/lung/combined_analysis_enhancer/binarizedData/old1_chr16_binary.txt
Writing to file /storage/zhangyanxiaoLab/suzhuojie/projects/Aging_CUT_Tag/data/samples/lung/combined_analysis_enhancer/binarizedData/old1_chr17_binary.txt
Writing to file /storage/zhangyanxiaoLab/suzhuojie/projects/Aging_CUT_Tag/data/samples/lung/combined_analysis_enhancer/binarizedData/old1_chrY_binary.txt
Writing to file /storage/zhangyanxiaoLab/suzhuojie/projects/Aging_CUT_Tag/data/samples/lung/combined_analysis_enhancer/binarizedData/old1_chr18_binary.txt
Writing to file /storage/zhangyanxiaoLab/suzhuojie/projects/Aging_CUT_Tag/data/samples/lung/combined_analysis_enhancer/binarizedData/old1_chr19_binary.txt
Writing to file /storage/zhangyanxiaoLab/suzhuojie/projects/Aging_CUT_Tag/data/samples/lung/combined_analysis_enhancer/binarizedData/old1_chr5_JH584299_random_binary.txt
Writing to file /storage/zhangyanxiaoLab/suzhuojie/projects/Aging_CUT_Tag/data/samples/lung/combined_analysis_enhancer/binarizedData/old1_chrX_GL456233_random_binary.txt
Writing to file /storage/zhangyanxiaoLab/suzhuojie/projects/Aging_CUT_Tag/data/samples/lung/combined_analysis_enhancer/binarizedData/old1_chrY_JH584301_random_binary.txt
Writing to file /storage/zhangyanxiaoLab/suzhuojie/projects/Aging_CUT_Tag/data/samples/lung/combined_analysis_enhancer/binarizedData/old1_chr1_GL456211_random_binary.txt
Writing to file /storage/zhangyanxiaoLab/suzhuojie/projects/Aging_CUT_Tag/data/samples/lung/combined_analysis_enhancer/binarizedData/old1_chr4_GL456350_random_binary.txt
Writing to file /storage/zhangyanxiaoLab/suzhuojie/projects/Aging_CUT_Tag/data/samples/lung/combined_analysis_enhancer/binarizedData/old1_chr4_JH584293_random_binary.txt
Writing to file /storage/zhangyanxiaoLab/suzhuojie/projects/Aging_CUT_Tag/data/samples/lung/combined_analysis_enhancer/binarizedData/old1_chr1_GL456221_random_binary.txt
Writing to file /storage/zhangyanxiaoLab/suzhuojie/projects/Aging_CUT_Tag/data/samples/lung/combined_analysis_enhancer/binarizedData/old1_chr5_JH584297_random_binary.txt
Writing to file /storage/zhangyanxiaoLab/suzhuojie/projects/Aging_CUT_Tag/data/samples/lung/combined_analysis_enhancer/binarizedData/old1_chr5_JH584296_random_binary.txt
Writing to file /storage/zhangyanxiaoLab/suzhuojie/projects/Aging_CUT_Tag/data/samples/lung/combined_analysis_enhancer/binarizedData/old1_chr5_GL456354_random_binary.txt
Writing to file /storage/zhangyanxiaoLab/suzhuojie/projects/Aging_CUT_Tag/data/samples/lung/combined_analysis_enhancer/binarizedData/old1_chr4_JH584294_random_binary.txt
Writing to file /storage/zhangyanxiaoLab/suzhuojie/projects/Aging_CUT_Tag/data/samples/lung/combined_analysis_enhancer/binarizedData/old1_chr5_JH584298_random_binary.txt
Writing to file /storage/zhangyanxiaoLab/suzhuojie/projects/Aging_CUT_Tag/data/samples/lung/combined_analysis_enhancer/binarizedData/old1_chrY_JH584300_random_binary.txt
Writing to file /storage/zhangyanxiaoLab/suzhuojie/projects/Aging_CUT_Tag/data/samples/lung/combined_analysis_enhancer/binarizedData/old1_chr7_GL456219_random_binary.txt
Writing to file /storage/zhangyanxiaoLab/suzhuojie/projects/Aging_CUT_Tag/data/samples/lung/combined_analysis_enhancer/binarizedData/old1_chr1_GL456210_random_binary.txt
Writing to file /storage/zhangyanxiaoLab/suzhuojie/projects/Aging_CUT_Tag/data/samples/lung/combined_analysis_enhancer/binarizedData/old1_chrY_JH584303_random_binary.txt
Writing to file /storage/zhangyanxiaoLab/suzhuojie/projects/Aging_CUT_Tag/data/samples/lung/combined_analysis_enhancer/binarizedData/old1_chrY_JH584302_random_binary.txt
Writing to file /storage/zhangyanxiaoLab/suzhuojie/projects/Aging_CUT_Tag/data/samples/lung/combined_analysis_enhancer/binarizedData/old1_chr1_GL456212_random_binary.txt
Writing to file /storage/zhangyanxiaoLab/suzhuojie/projects/Aging_CUT_Tag/data/samples/lung/combined_analysis_enhancer/binarizedData/old1_chrUn_JH584304_binary.txt
Writing to file /storage/zhangyanxiaoLab/suzhuojie/projects/Aging_CUT_Tag/data/samples/lung/combined_analysis_enhancer/binarizedData/old1_chrUn_GL456379_binary.txt
Writing to file /storage/zhangyanxiaoLab/suzhuojie/projects/Aging_CUT_Tag/data/samples/lung/combined_analysis_enhancer/binarizedData/old1_chr4_GL456216_random_binary.txt
Writing to file /storage/zhangyanxiaoLab/suzhuojie/projects/Aging_CUT_Tag/data/samples/lung/combined_analysis_enhancer/binarizedData/old1_chrUn_GL456393_binary.txt
Writing to file /storage/zhangyanxiaoLab/suzhuojie/projects/Aging_CUT_Tag/data/samples/lung/combined_analysis_enhancer/binarizedData/old1_chrUn_GL456366_binary.txt
Writing to file /storage/zhangyanxiaoLab/suzhuojie/projects/Aging_CUT_Tag/data/samples/lung/combined_analysis_enhancer/binarizedData/old1_chrUn_GL456367_binary.txt
Writing to file /storage/zhangyanxiaoLab/suzhuojie/projects/Aging_CUT_Tag/data/samples/lung/combined_analysis_enhancer/binarizedData/old1_chrUn_GL456239_binary.txt
Writing to file /storage/zhangyanxiaoLab/suzhuojie/projects/Aging_CUT_Tag/data/samples/lung/combined_analysis_enhancer/binarizedData/old1_chr1_GL456213_random_binary.txt
Writing to file /storage/zhangyanxiaoLab/suzhuojie/projects/Aging_CUT_Tag/data/samples/lung/combined_analysis_enhancer/binarizedData/old1_chrUn_GL456383_binary.txt
Writing to file /storage/zhangyanxiaoLab/suzhuojie/projects/Aging_CUT_Tag/data/samples/lung/combined_analysis_enhancer/binarizedData/old1_chrUn_GL456385_binary.txt
Writing to file /storage/zhangyanxiaoLab/suzhuojie/projects/Aging_CUT_Tag/data/samples/lung/combined_analysis_enhancer/binarizedData/old1_chrUn_GL456360_binary.txt
Writing to file /storage/zhangyanxiaoLab/suzhuojie/projects/Aging_CUT_Tag/data/samples/lung/combined_analysis_enhancer/binarizedData/old1_chrUn_GL456378_binary.txt
Writing to file /storage/zhangyanxiaoLab/suzhuojie/projects/Aging_CUT_Tag/data/samples/lung/combined_analysis_enhancer/binarizedData/old1_chrUn_GL456389_binary.txt
Writing to file /storage/zhangyanxiaoLab/suzhuojie/projects/Aging_CUT_Tag/data/samples/lung/combined_analysis_enhancer/binarizedData/old1_chrUn_GL456372_binary.txt
Writing to file /storage/zhangyanxiaoLab/suzhuojie/projects/Aging_CUT_Tag/data/samples/lung/combined_analysis_enhancer/binarizedData/old1_chrUn_GL456370_binary.txt
Writing to file /storage/zhangyanxiaoLab/suzhuojie/projects/Aging_CUT_Tag/data/samples/lung/combined_analysis_enhancer/binarizedData/old1_chrUn_GL456381_binary.txt
Writing to file /storage/zhangyanxiaoLab/suzhuojie/projects/Aging_CUT_Tag/data/samples/lung/combined_analysis_enhancer/binarizedData/old1_chrUn_GL456387_binary.txt
Writing to file /storage/zhangyanxiaoLab/suzhuojie/projects/Aging_CUT_Tag/data/samples/lung/combined_analysis_enhancer/binarizedData/old1_chrUn_GL456390_binary.txt
Writing to file /storage/zhangyanxiaoLab/suzhuojie/projects/Aging_CUT_Tag/data/samples/lung/combined_analysis_enhancer/binarizedData/old1_chrUn_GL456394_binary.txt
Writing to file /storage/zhangyanxiaoLab/suzhuojie/projects/Aging_CUT_Tag/data/samples/lung/combined_analysis_enhancer/binarizedData/old1_chrUn_GL456392_binary.txt
Writing to file /storage/zhangyanxiaoLab/suzhuojie/projects/Aging_CUT_Tag/data/samples/lung/combined_analysis_enhancer/binarizedData/old1_chrUn_GL456382_binary.txt
Writing to file /storage/zhangyanxiaoLab/suzhuojie/projects/Aging_CUT_Tag/data/samples/lung/combined_analysis_enhancer/binarizedData/old1_chrUn_GL456359_binary.txt
Writing to file /storage/zhangyanxiaoLab/suzhuojie/projects/Aging_CUT_Tag/data/samples/lung/combined_analysis_enhancer/binarizedData/old1_chrUn_GL456396_binary.txt
Writing to file /storage/zhangyanxiaoLab/suzhuojie/projects/Aging_CUT_Tag/data/samples/lung/combined_analysis_enhancer/binarizedData/old1_chrUn_GL456368_binary.txt
Writing to file /storage/zhangyanxiaoLab/suzhuojie/projects/Aging_CUT_Tag/data/samples/lung/combined_analysis_enhancer/binarizedData/old1_chrM_binary.txt
Writing to file /storage/zhangyanxiaoLab/suzhuojie/projects/Aging_CUT_Tag/data/samples/lung/combined_analysis_enhancer/binarizedData/old1_chr4_JH584292_random_binary.txt
Writing to file /storage/zhangyanxiaoLab/suzhuojie/projects/Aging_CUT_Tag/data/samples/lung/combined_analysis_enhancer/binarizedData/old1_chr4_JH584295_random_binary.txt
Writing to file /storage/zhangyanxiaoLab/suzhuojie/projects/Aging_CUT_Tag/data/samples/lung/combined_analysis_enhancer/binarizedData/old2_chr1_binary.txt
Writing to file /storage/zhangyanxiaoLab/suzhuojie/projects/Aging_CUT_Tag/data/samples/lung/combined_analysis_enhancer/binarizedData/old2_chr2_binary.txt
Writing to file /storage/zhangyanxiaoLab/suzhuojie/projects/Aging_CUT_Tag/data/samples/lung/combined_analysis_enhancer/binarizedData/old2_chrX_binary.txt
Writing to file /storage/zhangyanxiaoLab/suzhuojie/projects/Aging_CUT_Tag/data/samples/lung/combined_analysis_enhancer/binarizedData/old2_chr3_binary.txt
Writing to file /storage/zhangyanxiaoLab/suzhuojie/projects/Aging_CUT_Tag/data/samples/lung/combined_analysis_enhancer/binarizedData/old2_chr4_binary.txt
Writing to file /storage/zhangyanxiaoLab/suzhuojie/projects/Aging_CUT_Tag/data/samples/lung/combined_analysis_enhancer/binarizedData/old2_chr5_binary.txt
Writing to file /storage/zhangyanxiaoLab/suzhuojie/projects/Aging_CUT_Tag/data/samples/lung/combined_analysis_enhancer/binarizedData/old2_chr6_binary.txt
Writing to file /storage/zhangyanxiaoLab/suzhuojie/projects/Aging_CUT_Tag/data/samples/lung/combined_analysis_enhancer/binarizedData/old2_chr7_binary.txt
Writing to file /storage/zhangyanxiaoLab/suzhuojie/projects/Aging_CUT_Tag/data/samples/lung/combined_analysis_enhancer/binarizedData/old2_chr10_binary.txt
Writing to file /storage/zhangyanxiaoLab/suzhuojie/projects/Aging_CUT_Tag/data/samples/lung/combined_analysis_enhancer/binarizedData/old2_chr8_binary.txt
Writing to file /storage/zhangyanxiaoLab/suzhuojie/projects/Aging_CUT_Tag/data/samples/lung/combined_analysis_enhancer/binarizedData/old2_chr14_binary.txt
Writing to file /storage/zhangyanxiaoLab/suzhuojie/projects/Aging_CUT_Tag/data/samples/lung/combined_analysis_enhancer/binarizedData/old2_chr9_binary.txt
Writing to file /storage/zhangyanxiaoLab/suzhuojie/projects/Aging_CUT_Tag/data/samples/lung/combined_analysis_enhancer/binarizedData/old2_chr11_binary.txt
Writing to file /storage/zhangyanxiaoLab/suzhuojie/projects/Aging_CUT_Tag/data/samples/lung/combined_analysis_enhancer/binarizedData/old2_chr13_binary.txt
Writing to file /storage/zhangyanxiaoLab/suzhuojie/projects/Aging_CUT_Tag/data/samples/lung/combined_analysis_enhancer/binarizedData/old2_chr12_binary.txt
Writing to file /storage/zhangyanxiaoLab/suzhuojie/projects/Aging_CUT_Tag/data/samples/lung/combined_analysis_enhancer/binarizedData/old2_chr15_binary.txt
Writing to file /storage/zhangyanxiaoLab/suzhuojie/projects/Aging_CUT_Tag/data/samples/lung/combined_analysis_enhancer/binarizedData/old2_chr16_binary.txt
Writing to file /storage/zhangyanxiaoLab/suzhuojie/projects/Aging_CUT_Tag/data/samples/lung/combined_analysis_enhancer/binarizedData/old2_chr17_binary.txt
Writing to file /storage/zhangyanxiaoLab/suzhuojie/projects/Aging_CUT_Tag/data/samples/lung/combined_analysis_enhancer/binarizedData/old2_chrY_binary.txt
Writing to file /storage/zhangyanxiaoLab/suzhuojie/projects/Aging_CUT_Tag/data/samples/lung/combined_analysis_enhancer/binarizedData/old2_chr18_binary.txt
Writing to file /storage/zhangyanxiaoLab/suzhuojie/projects/Aging_CUT_Tag/data/samples/lung/combined_analysis_enhancer/binarizedData/old2_chr19_binary.txt
Writing to file /storage/zhangyanxiaoLab/suzhuojie/projects/Aging_CUT_Tag/data/samples/lung/combined_analysis_enhancer/binarizedData/old2_chr5_JH584299_random_binary.txt
Writing to file /storage/zhangyanxiaoLab/suzhuojie/projects/Aging_CUT_Tag/data/samples/lung/combined_analysis_enhancer/binarizedData/old2_chrX_GL456233_random_binary.txt
Writing to file /storage/zhangyanxiaoLab/suzhuojie/projects/Aging_CUT_Tag/data/samples/lung/combined_analysis_enhancer/binarizedData/old2_chrY_JH584301_random_binary.txt
Writing to file /storage/zhangyanxiaoLab/suzhuojie/projects/Aging_CUT_Tag/data/samples/lung/combined_analysis_enhancer/binarizedData/old2_chr1_GL456211_random_binary.txt
Writing to file /storage/zhangyanxiaoLab/suzhuojie/projects/Aging_CUT_Tag/data/samples/lung/combined_analysis_enhancer/binarizedData/old2_chr4_GL456350_random_binary.txt
Writing to file /storage/zhangyanxiaoLab/suzhuojie/projects/Aging_CUT_Tag/data/samples/lung/combined_analysis_enhancer/binarizedData/old2_chr4_JH584293_random_binary.txt
Writing to file /storage/zhangyanxiaoLab/suzhuojie/projects/Aging_CUT_Tag/data/samples/lung/combined_analysis_enhancer/binarizedData/old2_chr1_GL456221_random_binary.txt
Writing to file /storage/zhangyanxiaoLab/suzhuojie/projects/Aging_CUT_Tag/data/samples/lung/combined_analysis_enhancer/binarizedData/old2_chr5_JH584297_random_binary.txt
Writing to file /storage/zhangyanxiaoLab/suzhuojie/projects/Aging_CUT_Tag/data/samples/lung/combined_analysis_enhancer/binarizedData/old2_chr5_JH584296_random_binary.txt
Writing to file /storage/zhangyanxiaoLab/suzhuojie/projects/Aging_CUT_Tag/data/samples/lung/combined_analysis_enhancer/binarizedData/old2_chr5_GL456354_random_binary.txt
Writing to file /storage/zhangyanxiaoLab/suzhuojie/projects/Aging_CUT_Tag/data/samples/lung/combined_analysis_enhancer/binarizedData/old2_chr4_JH584294_random_binary.txt
Writing to file /storage/zhangyanxiaoLab/suzhuojie/projects/Aging_CUT_Tag/data/samples/lung/combined_analysis_enhancer/binarizedData/old2_chr5_JH584298_random_binary.txt
Writing to file /storage/zhangyanxiaoLab/suzhuojie/projects/Aging_CUT_Tag/data/samples/lung/combined_analysis_enhancer/binarizedData/old2_chrY_JH584300_random_binary.txt
Writing to file /storage/zhangyanxiaoLab/suzhuojie/projects/Aging_CUT_Tag/data/samples/lung/combined_analysis_enhancer/binarizedData/old2_chr7_GL456219_random_binary.txt
Writing to file /storage/zhangyanxiaoLab/suzhuojie/projects/Aging_CUT_Tag/data/samples/lung/combined_analysis_enhancer/binarizedData/old2_chr1_GL456210_random_binary.txt
Writing to file /storage/zhangyanxiaoLab/suzhuojie/projects/Aging_CUT_Tag/data/samples/lung/combined_analysis_enhancer/binarizedData/old2_chrY_JH584303_random_binary.txt
Writing to file /storage/zhangyanxiaoLab/suzhuojie/projects/Aging_CUT_Tag/data/samples/lung/combined_analysis_enhancer/binarizedData/old2_chrY_JH584302_random_binary.txt
Writing to file /storage/zhangyanxiaoLab/suzhuojie/projects/Aging_CUT_Tag/data/samples/lung/combined_analysis_enhancer/binarizedData/old2_chr1_GL456212_random_binary.txt
Writing to file /storage/zhangyanxiaoLab/suzhuojie/projects/Aging_CUT_Tag/data/samples/lung/combined_analysis_enhancer/binarizedData/old2_chrUn_JH584304_binary.txt
Writing to file /storage/zhangyanxiaoLab/suzhuojie/projects/Aging_CUT_Tag/data/samples/lung/combined_analysis_enhancer/binarizedData/old2_chrUn_GL456379_binary.txt
Writing to file /storage/zhangyanxiaoLab/suzhuojie/projects/Aging_CUT_Tag/data/samples/lung/combined_analysis_enhancer/binarizedData/old2_chr4_GL456216_random_binary.txt
Writing to file /storage/zhangyanxiaoLab/suzhuojie/projects/Aging_CUT_Tag/data/samples/lung/combined_analysis_enhancer/binarizedData/old2_chrUn_GL456393_binary.txt
Writing to file /storage/zhangyanxiaoLab/suzhuojie/projects/Aging_CUT_Tag/data/samples/lung/combined_analysis_enhancer/binarizedData/old2_chrUn_GL456366_binary.txt
Writing to file /storage/zhangyanxiaoLab/suzhuojie/projects/Aging_CUT_Tag/data/samples/lung/combined_analysis_enhancer/binarizedData/old2_chrUn_GL456367_binary.txt
Writing to file /storage/zhangyanxiaoLab/suzhuojie/projects/Aging_CUT_Tag/data/samples/lung/combined_analysis_enhancer/binarizedData/old2_chrUn_GL456239_binary.txt
Writing to file /storage/zhangyanxiaoLab/suzhuojie/projects/Aging_CUT_Tag/data/samples/lung/combined_analysis_enhancer/binarizedData/old2_chr1_GL456213_random_binary.txt
Writing to file /storage/zhangyanxiaoLab/suzhuojie/projects/Aging_CUT_Tag/data/samples/lung/combined_analysis_enhancer/binarizedData/old2_chrUn_GL456383_binary.txt
Writing to file /storage/zhangyanxiaoLab/suzhuojie/projects/Aging_CUT_Tag/data/samples/lung/combined_analysis_enhancer/binarizedData/old2_chrUn_GL456385_binary.txt
Writing to file /storage/zhangyanxiaoLab/suzhuojie/projects/Aging_CUT_Tag/data/samples/lung/combined_analysis_enhancer/binarizedData/old2_chrUn_GL456360_binary.txt
Writing to file /storage/zhangyanxiaoLab/suzhuojie/projects/Aging_CUT_Tag/data/samples/lung/combined_analysis_enhancer/binarizedData/old2_chrUn_GL456378_binary.txt
Writing to file /storage/zhangyanxiaoLab/suzhuojie/projects/Aging_CUT_Tag/data/samples/lung/combined_analysis_enhancer/binarizedData/old2_chrUn_GL456389_binary.txt
Writing to file /storage/zhangyanxiaoLab/suzhuojie/projects/Aging_CUT_Tag/data/samples/lung/combined_analysis_enhancer/binarizedData/old2_chrUn_GL456372_binary.txt
Writing to file /storage/zhangyanxiaoLab/suzhuojie/projects/Aging_CUT_Tag/data/samples/lung/combined_analysis_enhancer/binarizedData/old2_chrUn_GL456370_binary.txt
Writing to file /storage/zhangyanxiaoLab/suzhuojie/projects/Aging_CUT_Tag/data/samples/lung/combined_analysis_enhancer/binarizedData/old2_chrUn_GL456381_binary.txt
Writing to file /storage/zhangyanxiaoLab/suzhuojie/projects/Aging_CUT_Tag/data/samples/lung/combined_analysis_enhancer/binarizedData/old2_chrUn_GL456387_binary.txt
Writing to file /storage/zhangyanxiaoLab/suzhuojie/projects/Aging_CUT_Tag/data/samples/lung/combined_analysis_enhancer/binarizedData/old2_chrUn_GL456390_binary.txt
Writing to file /storage/zhangyanxiaoLab/suzhuojie/projects/Aging_CUT_Tag/data/samples/lung/combined_analysis_enhancer/binarizedData/old2_chrUn_GL456394_binary.txt
Writing to file /storage/zhangyanxiaoLab/suzhuojie/projects/Aging_CUT_Tag/data/samples/lung/combined_analysis_enhancer/binarizedData/old2_chrUn_GL456392_binary.txt
Writing to file /storage/zhangyanxiaoLab/suzhuojie/projects/Aging_CUT_Tag/data/samples/lung/combined_analysis_enhancer/binarizedData/old2_chrUn_GL456382_binary.txt
Writing to file /storage/zhangyanxiaoLab/suzhuojie/projects/Aging_CUT_Tag/data/samples/lung/combined_analysis_enhancer/binarizedData/old2_chrUn_GL456359_binary.txt
Writing to file /storage/zhangyanxiaoLab/suzhuojie/projects/Aging_CUT_Tag/data/samples/lung/combined_analysis_enhancer/binarizedData/old2_chrUn_GL456396_binary.txt
Writing to file /storage/zhangyanxiaoLab/suzhuojie/projects/Aging_CUT_Tag/data/samples/lung/combined_analysis_enhancer/binarizedData/old2_chrUn_GL456368_binary.txt
Writing to file /storage/zhangyanxiaoLab/suzhuojie/projects/Aging_CUT_Tag/data/samples/lung/combined_analysis_enhancer/binarizedData/old2_chrM_binary.txt
Writing to file /storage/zhangyanxiaoLab/suzhuojie/projects/Aging_CUT_Tag/data/samples/lung/combined_analysis_enhancer/binarizedData/old2_chr4_JH584292_random_binary.txt
Writing to file /storage/zhangyanxiaoLab/suzhuojie/projects/Aging_CUT_Tag/data/samples/lung/combined_analysis_enhancer/binarizedData/old2_chr4_JH584295_random_binary.txt
mkdir: cannot create directory '/storage/zhangyanxiaoLab/suzhuojie/projects/Aging_CUT_Tag/result/lung/ChromHMM/15': File exists
Using 8 threads for Baum-Welch training
Writing to file /storage/zhangyanxiaoLab/suzhuojie/projects/Aging_CUT_Tag/result/lung/ChromHMM/15/transitions_15.txt
Writing to file /storage/zhangyanxiaoLab/suzhuojie/projects/Aging_CUT_Tag/result/lung/ChromHMM/15/emissions_15.txt
Writing to file /storage/zhangyanxiaoLab/suzhuojie/projects/Aging_CUT_Tag/result/lung/ChromHMM/15/emissions_15.svg
Writing to file /storage/zhangyanxiaoLab/suzhuojie/projects/Aging_CUT_Tag/result/lung/ChromHMM/15/emissions_15.png
Writing to file /storage/zhangyanxiaoLab/suzhuojie/projects/Aging_CUT_Tag/result/lung/ChromHMM/15/transitions_15.png
Writing to file /storage/zhangyanxiaoLab/suzhuojie/projects/Aging_CUT_Tag/result/lung/ChromHMM/15/transitions_15.svg
Writing to file /storage/zhangyanxiaoLab/suzhuojie/projects/Aging_CUT_Tag/result/lung/ChromHMM/15/model_15.txt
 Iteration  Estimated Log Likelihood     Change    Total Time (secs)
         1             -14210462.270          -                  7.4
         2             -13352221.970 858240.300                  9.5
         3             -13116009.037 236212.933                 11.5
         4             -12962698.777 153310.260                 13.3
         5             -12857535.437 105163.340                 15.1
         6             -12780463.080  77072.356                 16.9
         7             -12718774.125  61688.955                 18.7
         8             -12662934.021  55840.104                 20.5
         9             -12607386.487  55547.534                 22.3
        10             -12553261.949  54124.539                 24.1
        11             -12505236.542  48025.407                 26.0
        12             -12464991.421  40245.121                 27.9
        13             -12430983.896  34007.526                 29.8
        14             -12401928.448  29055.448                 31.7
        15             -12377558.206  24370.241                 34.6
        16             -12357216.030  20342.177                 36.3
        17             -12340238.963  16977.067                 38.2
        18             -12326047.929  14191.033                 40.0
        19             -12313970.254  12077.675                 41.9
        20             -12303651.611  10318.643                 43.7
        21             -12295005.951   8645.660                 45.6
        22             -12287900.984   7104.967                 47.6
        23             -12282081.985   5819.000                 49.4
        24             -12277259.465   4822.519                 51.2
        25             -12273182.574   4076.891                 53.0
        26             -12269667.200   3515.375                 54.9
        27             -12266592.729   3074.470                 57.8
        28             -12263875.270   2717.460                 59.6
        29             -12261414.504   2460.766                 61.5
        30             -12258832.794   2581.710                 63.3
        31             -12253928.850   4903.944                 65.1
        32             -12248270.160   5658.690                 67.0
        33             -12244552.003   3718.156                 68.8
        34             -12241748.300   2803.703                 71.5
        35             -12239411.284   2337.016                 73.3
        36             -12237348.860   2062.424                 75.2
        37             -12235457.020   1891.840                 77.1
        38             -12233668.056   1788.964                 78.9
        39             -12231932.498   1735.558                 80.8
        40             -12230211.485   1721.013                 82.6
        41             -12228472.708   1738.777                 84.4
        42             -12226675.703   1797.005                 86.2
        43             -12224725.111   1950.592                 88.2
        44             -12222720.362   2004.749                 90.1
        45             -12220748.035   1972.327                 91.8
        46             -12218743.885   2004.150                 93.7
        47             -12216715.894   2027.990                 95.6
        48             -12214686.385   2029.509                 97.6
        49             -12212680.178   2006.207                 99.4
        50             -12210720.518   1959.660                101.2
        51             -12208825.621   1894.896                103.0
        52             -12207006.878   1818.743                104.9
        53             -12205268.913   1737.965                106.8
        54             -12203610.981   1657.933                108.7
        55             -12202028.510   1582.471                110.3
        56             -12200514.312   1514.198                112.2
        57             -12199059.400   1454.912                113.9
        58             -12197653.584   1405.816                116.3
        59             -12196286.275   1367.309                118.1
        60             -12194947.442   1338.833                119.9
        61             -12193628.497   1318.945                121.8
        62             -12192322.750   1305.748                123.6
        63             -12191025.356   1297.394                125.3
        64             -12189733.123   1292.233                127.2
        65             -12188444.412   1288.711                129.0
        66             -12187159.051   1285.361                130.8
        67             -12185878.158   1280.892                132.8
        68             -12184603.850   1274.308                134.6
        69             -12183338.871   1264.979                136.5
        70             -12182086.191   1252.680                138.2
        71             -12180848.599   1237.592                140.0
        72             -12179628.347   1220.253                141.9
        73             -12178426.856   1201.491                143.7
        74             -12177244.523   1182.333                145.5
        75             -12176080.562   1163.960                147.3
        76             -12174932.871   1147.691                149.1
        77             -12173797.941   1134.930                151.0
        78             -12172670.893   1127.048                152.8
        79             -12171545.624   1125.269                154.6
        80             -12170415.109   1130.515                157.0
        81             -12169271.870   1143.239                158.8
        82             -12168108.534   1163.336                160.6
        83             -12166918.267   1190.268                162.4
        84             -12165695.171   1223.095                164.3
        85             -12164434.966   1260.206                166.2
        86             -12163134.862   1300.104                168.0
        87             -12161791.279   1343.583                169.8
        88             -12160399.499   1391.780                172.4
        89             -12158957.601   1441.898                174.2
        90             -12157470.232   1487.369                176.1
        91             -12155952.941   1517.292                177.9
        92             -12154435.195   1517.746                179.8
        93             -12152958.300   1476.895                181.7
        94             -12151565.706   1392.595                183.6
        95             -12150292.783   1272.923                185.5
        96             -12149161.099   1131.684                187.4
        97             -12148177.168    983.931                189.2
        98             -12147335.238    841.930                191.1
        99             -12146621.399    713.838                192.8
       100             -12146017.685    603.714                194.5
       101             -12145505.621    512.065                196.4
       102             -12145068.343    437.278                198.2
       103             -12144691.459    376.884                200.0
       104             -12144363.119    328.340                201.9
       105             -12144073.715    289.404                203.8
       106             -12143815.491    258.224                205.7
       107             -12143582.210    233.281                207.5
       108             -12143368.869    213.341                209.4
       109             -12143171.451    197.418                211.3
       110             -12142986.692    184.759                213.2
       111             -12142811.866    174.826                215.1
       112             -12142644.607    167.259                217.0
       113             -12142482.804    161.803                218.8
       114             -12142324.587    158.217                220.6
       115             -12142168.413    156.174                222.4
       116             -12142013.190    155.223                224.3
       117             -12141858.376    154.814                226.1
       118             -12141704.000    154.376                227.9
       119             -12141550.601    153.400                229.8
       120             -12141399.115    151.486                231.6
       121             -12141250.747    148.367                233.4
       122             -12141106.824    143.923                235.3
       123             -12140968.620    138.205                237.2
       124             -12140837.171    131.448                239.0
       125             -12140713.131    124.040                240.9
       126             -12140596.701    116.431                242.7
       127             -12140487.650    109.051                244.5
       128             -12140385.426    102.224                246.3
       129             -12140289.283     96.143                248.2
       130             -12140198.405     90.878                250.1
       131             -12140111.993     86.412                251.9
       132             -12140029.318     82.675                253.7
       133             -12139949.743     79.575                255.6
       134             -12139872.721     77.022                257.3
       135             -12139797.783     74.938                259.2
       136             -12139724.523     73.260                260.9
       137             -12139652.574     71.949                262.7
       138             -12139581.605     70.969                265.1
       139             -12139511.286     70.319                267.0
       140             -12139441.289     69.997                268.8
       141             -12139371.275     70.014                270.6
       142             -12139300.889     70.386                272.3
       143             -12139229.756     71.133                274.0
       144             -12139157.486     72.270                276.4
       145             -12139083.680     73.806                278.2
       146             -12139007.942     75.738                280.1
       147             -12138929.897     78.045                281.9
       148             -12138849.205     80.692                283.8
       149             -12138765.587     83.618                285.7
       150             -12138678.836     86.751                287.5
       151             -12138588.835     90.001                289.4
       152             -12138495.561     93.274                291.2
       153             -12138399.087     96.474                292.9
       154             -12138299.573     99.513                294.8
       155             -12138197.260    102.314                296.6
       156             -12138092.444    104.816                298.9
       157             -12137985.462    106.981                300.7
       158             -12137876.672    108.790                302.4
       159             -12137766.429    110.244                306.1
       160             -12137655.070    111.359                308.1
       161             -12137542.909    112.161                310.0
       162             -12137430.226    112.683                311.8
       163             -12137317.276    112.951                313.6
       164             -12137204.286    112.990                315.4
       165             -12137091.467    112.820                317.1
       166             -12136979.011    112.455                319.2
       167             -12136867.101    111.910                320.9
       168             -12136755.901    111.200                322.7
       169             -12136645.560    110.341                324.4
       170             -12136536.208    109.353                326.3
       171             -12136427.950    108.258                328.2
       172             -12136320.869    107.080                330.0
       173             -12136215.026    105.843                331.9
       174             -12136110.458    104.568                333.6
       175             -12136007.183    103.275                335.3
       176             -12135905.202    101.981                337.1
       177             -12135804.505    100.698                338.9
       178             -12135705.069     99.436                340.7
       179             -12135606.865     98.203                342.5
       180             -12135509.861     97.005                344.3
       181             -12135414.016     95.844                346.1
       182             -12135319.291     94.725                347.9
       183             -12135225.641     93.650                349.6
       184             -12135133.017     92.624                351.3
       185             -12135041.367     91.650                353.1
       186             -12134950.633     90.734                354.8
       187             -12134860.749     89.884                356.6
       188             -12134771.641     89.108                358.4
       189             -12134683.226     88.415                360.1
       190             -12134595.410     87.816                361.8
       191             -12134508.087     87.323                363.6
       192             -12134421.138     86.950                365.3
       193             -12134334.428     86.710                367.2
       194             -12134247.807     86.620                368.9
       195             -12134161.110     86.697                370.7
       196             -12134074.149     86.961                372.5
       197             -12133986.717     87.432                374.2
       198             -12133898.581     88.136                376.0
       199             -12133809.476     89.105                377.7
       200             -12133719.123     90.353                379.5
Writing to file /storage/zhangyanxiaoLab/suzhuojie/projects/Aging_CUT_Tag/result/lung/ChromHMM/15/old1_15_segments.bed
Writing to file /storage/zhangyanxiaoLab/suzhuojie/projects/Aging_CUT_Tag/result/lung/ChromHMM/15/old2_15_segments.bed
Writing to file /storage/zhangyanxiaoLab/suzhuojie/projects/Aging_CUT_Tag/result/lung/ChromHMM/15/young1_15_segments.bed
Writing to file /storage/zhangyanxiaoLab/suzhuojie/projects/Aging_CUT_Tag/result/lung/ChromHMM/15/young2_15_segments.bed
Writing to file /storage/zhangyanxiaoLab/suzhuojie/projects/Aging_CUT_Tag/result/lung/ChromHMM/15/old1_15_dense.bed
Writing to file /storage/zhangyanxiaoLab/suzhuojie/projects/Aging_CUT_Tag/result/lung/ChromHMM/15/old1_15_expanded.bed
Writing to file /storage/zhangyanxiaoLab/suzhuojie/projects/Aging_CUT_Tag/result/lung/ChromHMM/15/old2_15_dense.bed
Writing to file /storage/zhangyanxiaoLab/suzhuojie/projects/Aging_CUT_Tag/result/lung/ChromHMM/15/old2_15_expanded.bed
Writing to file /storage/zhangyanxiaoLab/suzhuojie/projects/Aging_CUT_Tag/result/lung/ChromHMM/15/young1_15_dense.bed
Writing to file /storage/zhangyanxiaoLab/suzhuojie/projects/Aging_CUT_Tag/result/lung/ChromHMM/15/young1_15_expanded.bed
Writing to file /storage/zhangyanxiaoLab/suzhuojie/projects/Aging_CUT_Tag/result/lung/ChromHMM/15/young2_15_dense.bed
Writing to file /storage/zhangyanxiaoLab/suzhuojie/projects/Aging_CUT_Tag/result/lung/ChromHMM/15/young2_15_expanded.bed
Writing to file /storage/zhangyanxiaoLab/suzhuojie/projects/Aging_CUT_Tag/result/lung/ChromHMM/15/old1_15_overlap.txt
Writing to file /storage/zhangyanxiaoLab/suzhuojie/projects/Aging_CUT_Tag/result/lung/ChromHMM/15/old1_15_overlap.png
Writing to file /storage/zhangyanxiaoLab/suzhuojie/projects/Aging_CUT_Tag/result/lung/ChromHMM/15/old1_15_overlap.svg
Writing to file /storage/zhangyanxiaoLab/suzhuojie/projects/Aging_CUT_Tag/result/lung/ChromHMM/15/old1_15_RefSeqTES_neighborhood.txt
Writing to file /storage/zhangyanxiaoLab/suzhuojie/projects/Aging_CUT_Tag/result/lung/ChromHMM/15/old1_15_RefSeqTES_neighborhood.png
Writing to file /storage/zhangyanxiaoLab/suzhuojie/projects/Aging_CUT_Tag/result/lung/ChromHMM/15/old1_15_RefSeqTES_neighborhood.svg
Writing to file /storage/zhangyanxiaoLab/suzhuojie/projects/Aging_CUT_Tag/result/lung/ChromHMM/15/old1_15_RefSeqTSS_neighborhood.txt
Writing to file /storage/zhangyanxiaoLab/suzhuojie/projects/Aging_CUT_Tag/result/lung/ChromHMM/15/old1_15_RefSeqTSS_neighborhood.png
Writing to file /storage/zhangyanxiaoLab/suzhuojie/projects/Aging_CUT_Tag/result/lung/ChromHMM/15/old1_15_RefSeqTSS_neighborhood.svg
Writing to file /storage/zhangyanxiaoLab/suzhuojie/projects/Aging_CUT_Tag/result/lung/ChromHMM/15/old2_15_overlap.txt
Writing to file /storage/zhangyanxiaoLab/suzhuojie/projects/Aging_CUT_Tag/result/lung/ChromHMM/15/old2_15_overlap.png
Writing to file /storage/zhangyanxiaoLab/suzhuojie/projects/Aging_CUT_Tag/result/lung/ChromHMM/15/old2_15_overlap.svg
Writing to file /storage/zhangyanxiaoLab/suzhuojie/projects/Aging_CUT_Tag/result/lung/ChromHMM/15/old2_15_RefSeqTES_neighborhood.txt
Writing to file /storage/zhangyanxiaoLab/suzhuojie/projects/Aging_CUT_Tag/result/lung/ChromHMM/15/old2_15_RefSeqTES_neighborhood.png
Writing to file /storage/zhangyanxiaoLab/suzhuojie/projects/Aging_CUT_Tag/result/lung/ChromHMM/15/old2_15_RefSeqTES_neighborhood.svg
Writing to file /storage/zhangyanxiaoLab/suzhuojie/projects/Aging_CUT_Tag/result/lung/ChromHMM/15/old2_15_RefSeqTSS_neighborhood.txt
Writing to file /storage/zhangyanxiaoLab/suzhuojie/projects/Aging_CUT_Tag/result/lung/ChromHMM/15/old2_15_RefSeqTSS_neighborhood.png
Writing to file /storage/zhangyanxiaoLab/suzhuojie/projects/Aging_CUT_Tag/result/lung/ChromHMM/15/old2_15_RefSeqTSS_neighborhood.svg
Writing to file /storage/zhangyanxiaoLab/suzhuojie/projects/Aging_CUT_Tag/result/lung/ChromHMM/15/young1_15_overlap.txt
Writing to file /storage/zhangyanxiaoLab/suzhuojie/projects/Aging_CUT_Tag/result/lung/ChromHMM/15/young1_15_overlap.png
Writing to file /storage/zhangyanxiaoLab/suzhuojie/projects/Aging_CUT_Tag/result/lung/ChromHMM/15/young1_15_overlap.svg
Writing to file /storage/zhangyanxiaoLab/suzhuojie/projects/Aging_CUT_Tag/result/lung/ChromHMM/15/young1_15_RefSeqTES_neighborhood.txt
Writing to file /storage/zhangyanxiaoLab/suzhuojie/projects/Aging_CUT_Tag/result/lung/ChromHMM/15/young1_15_RefSeqTES_neighborhood.png
Writing to file /storage/zhangyanxiaoLab/suzhuojie/projects/Aging_CUT_Tag/result/lung/ChromHMM/15/young1_15_RefSeqTES_neighborhood.svg
Writing to file /storage/zhangyanxiaoLab/suzhuojie/projects/Aging_CUT_Tag/result/lung/ChromHMM/15/young1_15_RefSeqTSS_neighborhood.txt
Writing to file /storage/zhangyanxiaoLab/suzhuojie/projects/Aging_CUT_Tag/result/lung/ChromHMM/15/young1_15_RefSeqTSS_neighborhood.png
Writing to file /storage/zhangyanxiaoLab/suzhuojie/projects/Aging_CUT_Tag/result/lung/ChromHMM/15/young1_15_RefSeqTSS_neighborhood.svg
Writing to file /storage/zhangyanxiaoLab/suzhuojie/projects/Aging_CUT_Tag/result/lung/ChromHMM/15/young2_15_overlap.txt
Writing to file /storage/zhangyanxiaoLab/suzhuojie/projects/Aging_CUT_Tag/result/lung/ChromHMM/15/young2_15_overlap.png
Writing to file /storage/zhangyanxiaoLab/suzhuojie/projects/Aging_CUT_Tag/result/lung/ChromHMM/15/young2_15_overlap.svg
Writing to file /storage/zhangyanxiaoLab/suzhuojie/projects/Aging_CUT_Tag/result/lung/ChromHMM/15/young2_15_RefSeqTES_neighborhood.txt
Writing to file /storage/zhangyanxiaoLab/suzhuojie/projects/Aging_CUT_Tag/result/lung/ChromHMM/15/young2_15_RefSeqTES_neighborhood.png
Writing to file /storage/zhangyanxiaoLab/suzhuojie/projects/Aging_CUT_Tag/result/lung/ChromHMM/15/young2_15_RefSeqTES_neighborhood.svg
Writing to file /storage/zhangyanxiaoLab/suzhuojie/projects/Aging_CUT_Tag/result/lung/ChromHMM/15/young2_15_RefSeqTSS_neighborhood.txt
Writing to file /storage/zhangyanxiaoLab/suzhuojie/projects/Aging_CUT_Tag/result/lung/ChromHMM/15/young2_15_RefSeqTSS_neighborhood.png
Writing to file /storage/zhangyanxiaoLab/suzhuojie/projects/Aging_CUT_Tag/result/lung/ChromHMM/15/young2_15_RefSeqTSS_neighborhood.svg
Warning could not automatically open in a browser /storage/zhangyanxiaoLab/suzhuojie/projects/Aging_CUT_Tag/result/lung/ChromHMM/15/webpage_15.html
