INFO  @ Fri, 02 Feb 2024 21:47:32: 
# Command line: callpeak -t /storage/zhangyanxiaoLab/suzhuojie/projects/Aging_CUT_Tag/data/samples/lung/H3K27ac/tmp.merge.bam -f BAMPE -n H3K27ac --outdir /storage/zhangyanxiaoLab/suzhuojie/projects/Aging_CUT_Tag/data/samples/lung/H3K27ac/peaks/macs_narrowpeak -g mm --nomodel -q 0.0001 --keep-dup all
# ARGUMENTS LIST:
# name = H3K27ac
# format = BAMPE
# ChIP-seq file = ['/storage/zhangyanxiaoLab/suzhuojie/projects/Aging_CUT_Tag/data/samples/lung/H3K27ac/tmp.merge.bam']
# control file = None
# effective genome size = 1.87e+09
# band width = 300
# model fold = [5, 50]
# qvalue cutoff = 1.00e-04
# The maximum gap between significant sites is assigned as the read length/tag size.
# The minimum length of peaks is assigned as the predicted fragment length "d".
# Larger dataset will be scaled towards smaller dataset.
# Range for calculating regional lambda is: 10000 bps
# Broad region calling is off
# Paired-End mode is on
 
INFO  @ Fri, 02 Feb 2024 21:47:32: #1 read fragment files... 
INFO  @ Fri, 02 Feb 2024 21:47:32: #1 read treatment fragments... 
INFO  @ Fri, 02 Feb 2024 21:47:37:  1000000 
INFO  @ Fri, 02 Feb 2024 21:47:41:  2000000 
INFO  @ Fri, 02 Feb 2024 21:47:45:  3000000 
INFO  @ Fri, 02 Feb 2024 21:47:49:  4000000 
INFO  @ Fri, 02 Feb 2024 21:47:53:  5000000 
INFO  @ Fri, 02 Feb 2024 21:47:55:  6000000 
INFO  @ Fri, 02 Feb 2024 21:47:58:  7000000 
INFO  @ Fri, 02 Feb 2024 21:48:01:  8000000 
INFO  @ Fri, 02 Feb 2024 21:48:03:  9000000 
INFO  @ Fri, 02 Feb 2024 21:48:06:  10000000 
INFO  @ Fri, 02 Feb 2024 21:48:08:  11000000 
INFO  @ Fri, 02 Feb 2024 21:48:11:  12000000 
INFO  @ Fri, 02 Feb 2024 21:48:13:  13000000 
INFO  @ Fri, 02 Feb 2024 21:48:16:  14000000 
INFO  @ Fri, 02 Feb 2024 21:48:19:  15000000 
INFO  @ Fri, 02 Feb 2024 21:48:21:  16000000 
INFO  @ Fri, 02 Feb 2024 21:48:24:  17000000 
INFO  @ Fri, 02 Feb 2024 21:48:28:  18000000 
INFO  @ Fri, 02 Feb 2024 21:48:32:  19000000 
INFO  @ Fri, 02 Feb 2024 21:48:36:  20000000 
INFO  @ Fri, 02 Feb 2024 21:48:39:  21000000 
INFO  @ Fri, 02 Feb 2024 21:48:42:  22000000 
INFO  @ Fri, 02 Feb 2024 21:48:44:  23000000 
INFO  @ Fri, 02 Feb 2024 21:48:47:  24000000 
INFO  @ Fri, 02 Feb 2024 21:48:49:  25000000 
INFO  @ Fri, 02 Feb 2024 21:48:52:  26000000 
INFO  @ Fri, 02 Feb 2024 21:48:56:  27000000 
INFO  @ Fri, 02 Feb 2024 21:48:59:  28000000 
INFO  @ Fri, 02 Feb 2024 21:49:03:  29000000 
INFO  @ Fri, 02 Feb 2024 21:49:05:  30000000 
INFO  @ Fri, 02 Feb 2024 21:49:08:  31000000 
INFO  @ Fri, 02 Feb 2024 21:49:13:  32000000 
INFO  @ Fri, 02 Feb 2024 21:49:15:  33000000 
INFO  @ Fri, 02 Feb 2024 21:49:18:  34000000 
INFO  @ Fri, 02 Feb 2024 21:49:20:  35000000 
INFO  @ Fri, 02 Feb 2024 21:49:23:  36000000 
INFO  @ Fri, 02 Feb 2024 21:49:26:  37000000 
INFO  @ Fri, 02 Feb 2024 21:49:28:  38000000 
INFO  @ Fri, 02 Feb 2024 21:49:31:  39000000 
INFO  @ Fri, 02 Feb 2024 21:49:33:  40000000 
INFO  @ Fri, 02 Feb 2024 21:49:36:  41000000 
INFO  @ Fri, 02 Feb 2024 21:49:38:  42000000 
INFO  @ Fri, 02 Feb 2024 21:49:41:  43000000 
INFO  @ Fri, 02 Feb 2024 21:49:43:  44000000 
INFO  @ Fri, 02 Feb 2024 21:49:46:  45000000 
INFO  @ Fri, 02 Feb 2024 21:49:48:  46000000 
INFO  @ Fri, 02 Feb 2024 21:49:51:  47000000 
INFO  @ Fri, 02 Feb 2024 21:49:54:  48000000 
INFO  @ Fri, 02 Feb 2024 21:49:56:  49000000 
INFO  @ Fri, 02 Feb 2024 21:49:59:  50000000 
INFO  @ Fri, 02 Feb 2024 21:50:01:  51000000 
INFO  @ Fri, 02 Feb 2024 21:50:04:  52000000 
INFO  @ Fri, 02 Feb 2024 21:50:06:  53000000 
INFO  @ Fri, 02 Feb 2024 21:50:09:  54000000 
INFO  @ Fri, 02 Feb 2024 21:50:12:  55000000 
INFO  @ Fri, 02 Feb 2024 21:50:14:  56000000 
INFO  @ Fri, 02 Feb 2024 21:50:17:  57000000 
INFO  @ Fri, 02 Feb 2024 21:50:19:  58000000 
INFO  @ Fri, 02 Feb 2024 21:50:22:  59000000 
INFO  @ Fri, 02 Feb 2024 21:50:24:  60000000 
INFO  @ Fri, 02 Feb 2024 21:50:27:  61000000 
INFO  @ Fri, 02 Feb 2024 21:50:30:  62000000 
INFO  @ Fri, 02 Feb 2024 21:50:33:  63000000 
INFO  @ Fri, 02 Feb 2024 21:50:36:  64000000 
INFO  @ Fri, 02 Feb 2024 21:50:38:  65000000 
INFO  @ Fri, 02 Feb 2024 21:50:41:  66000000 
INFO  @ Fri, 02 Feb 2024 21:50:43:  67000000 
INFO  @ Fri, 02 Feb 2024 21:50:46:  68000000 
INFO  @ Fri, 02 Feb 2024 21:50:48:  69000000 
INFO  @ Fri, 02 Feb 2024 21:50:51:  70000000 
INFO  @ Fri, 02 Feb 2024 21:50:54:  71000000 
INFO  @ Fri, 02 Feb 2024 21:50:56:  72000000 
INFO  @ Fri, 02 Feb 2024 21:50:59:  73000000 
INFO  @ Fri, 02 Feb 2024 21:51:01:  74000000 
INFO  @ Fri, 02 Feb 2024 21:51:04:  75000000 
INFO  @ Fri, 02 Feb 2024 21:51:06:  76000000 
INFO  @ Fri, 02 Feb 2024 21:51:09:  77000000 
INFO  @ Fri, 02 Feb 2024 21:51:12:  78000000 
INFO  @ Fri, 02 Feb 2024 21:51:14:  79000000 
INFO  @ Fri, 02 Feb 2024 21:51:17:  80000000 
INFO  @ Fri, 02 Feb 2024 21:51:21:  81000000 
INFO  @ Fri, 02 Feb 2024 21:51:24:  82000000 
INFO  @ Fri, 02 Feb 2024 21:51:28:  83000000 
INFO  @ Fri, 02 Feb 2024 21:51:32:  84000000 
INFO  @ Fri, 02 Feb 2024 21:51:36:  85000000 
INFO  @ Fri, 02 Feb 2024 21:51:40:  86000000 
INFO  @ Fri, 02 Feb 2024 21:51:42:  87000000 
INFO  @ Fri, 02 Feb 2024 21:51:45:  88000000 
INFO  @ Fri, 02 Feb 2024 21:51:47:  89000000 
INFO  @ Fri, 02 Feb 2024 21:51:50:  90000000 
INFO  @ Fri, 02 Feb 2024 21:51:53:  91000000 
INFO  @ Fri, 02 Feb 2024 21:51:55:  92000000 
INFO  @ Fri, 02 Feb 2024 21:51:58:  93000000 
INFO  @ Fri, 02 Feb 2024 21:52:00:  94000000 
INFO  @ Fri, 02 Feb 2024 21:52:03:  95000000 
INFO  @ Fri, 02 Feb 2024 21:52:05:  96000000 
INFO  @ Fri, 02 Feb 2024 21:52:08:  97000000 
INFO  @ Fri, 02 Feb 2024 21:52:12:  98000000 
INFO  @ Fri, 02 Feb 2024 21:52:15:  99000000 
INFO  @ Fri, 02 Feb 2024 21:52:19:  100000000 
INFO  @ Fri, 02 Feb 2024 21:52:22:  101000000 
INFO  @ Fri, 02 Feb 2024 21:52:25:  102000000 
INFO  @ Fri, 02 Feb 2024 21:52:28:  103000000 
INFO  @ Fri, 02 Feb 2024 21:52:30:  104000000 
INFO  @ Fri, 02 Feb 2024 21:52:33:  105000000 
INFO  @ Fri, 02 Feb 2024 21:52:36:  106000000 
INFO  @ Fri, 02 Feb 2024 21:52:38:  107000000 
INFO  @ Fri, 02 Feb 2024 21:52:41:  108000000 
INFO  @ Fri, 02 Feb 2024 21:52:43:  109000000 
INFO  @ Fri, 02 Feb 2024 21:52:46:  110000000 
INFO  @ Fri, 02 Feb 2024 21:52:48:  111000000 
INFO  @ Fri, 02 Feb 2024 21:52:51:  112000000 
INFO  @ Fri, 02 Feb 2024 21:52:53:  113000000 
INFO  @ Fri, 02 Feb 2024 21:52:56:  114000000 
INFO  @ Fri, 02 Feb 2024 21:52:59:  115000000 
INFO  @ Fri, 02 Feb 2024 21:53:01:  116000000 
INFO  @ Fri, 02 Feb 2024 21:53:04:  117000000 
INFO  @ Fri, 02 Feb 2024 21:53:06:  118000000 
INFO  @ Fri, 02 Feb 2024 21:53:09:  119000000 
INFO  @ Fri, 02 Feb 2024 21:53:14:  120000000 
INFO  @ Fri, 02 Feb 2024 21:53:18:  121000000 
INFO  @ Fri, 02 Feb 2024 21:53:22:  122000000 
INFO  @ Fri, 02 Feb 2024 21:53:27:  123000000 
INFO  @ Fri, 02 Feb 2024 21:53:30:  124000000 
INFO  @ Fri, 02 Feb 2024 21:53:33:  125000000 
INFO  @ Fri, 02 Feb 2024 21:53:36:  126000000 
INFO  @ Fri, 02 Feb 2024 21:53:40:  127000000 
INFO  @ Fri, 02 Feb 2024 21:53:44:  128000000 
INFO  @ Fri, 02 Feb 2024 21:53:49:  129000000 
INFO  @ Fri, 02 Feb 2024 21:53:53:  130000000 
INFO  @ Fri, 02 Feb 2024 21:53:57:  131000000 
INFO  @ Fri, 02 Feb 2024 21:54:01:  132000000 
INFO  @ Fri, 02 Feb 2024 21:54:06:  133000000 
INFO  @ Fri, 02 Feb 2024 21:54:09:  134000000 
INFO  @ Fri, 02 Feb 2024 21:54:11:  135000000 
INFO  @ Fri, 02 Feb 2024 21:54:14:  136000000 
INFO  @ Fri, 02 Feb 2024 21:54:16:  137000000 
INFO  @ Fri, 02 Feb 2024 21:54:19:  138000000 
INFO  @ Fri, 02 Feb 2024 21:54:22:  139000000 
INFO  @ Fri, 02 Feb 2024 21:54:26:  140000000 
INFO  @ Fri, 02 Feb 2024 21:54:32: 140499006 fragments have been read. 
INFO  @ Fri, 02 Feb 2024 21:56:02: #1 mean fragment size is determined as 183.8 bp from treatment 
INFO  @ Fri, 02 Feb 2024 21:56:02: #1 fragment size = 183.8 
INFO  @ Fri, 02 Feb 2024 21:56:02: #1  total fragments in treatment: 140499006 
INFO  @ Fri, 02 Feb 2024 21:56:02: #1 finished! 
INFO  @ Fri, 02 Feb 2024 21:56:02: #2 Build Peak Model... 
INFO  @ Fri, 02 Feb 2024 21:56:02: #2 Skipped... 
INFO  @ Fri, 02 Feb 2024 21:56:02: #3 Call peaks... 
INFO  @ Fri, 02 Feb 2024 21:56:02: #3 Pre-compute pvalue-qvalue table... 
INFO  @ Fri, 02 Feb 2024 22:04:26: #3 Call peaks for each chromosome... 
INFO  @ Fri, 02 Feb 2024 22:08:42: #4 Write output xls file... /storage/zhangyanxiaoLab/suzhuojie/projects/Aging_CUT_Tag/data/samples/lung/H3K27ac/peaks/macs_narrowpeak/H3K27ac_peaks.xls 
INFO  @ Fri, 02 Feb 2024 22:08:43: #4 Write peak in narrowPeak format file... /storage/zhangyanxiaoLab/suzhuojie/projects/Aging_CUT_Tag/data/samples/lung/H3K27ac/peaks/macs_narrowpeak/H3K27ac_peaks.narrowPeak 
INFO  @ Fri, 02 Feb 2024 22:08:43: #4 Write summits bed file... /storage/zhangyanxiaoLab/suzhuojie/projects/Aging_CUT_Tag/data/samples/lung/H3K27ac/peaks/macs_narrowpeak/H3K27ac_summits.bed 
INFO  @ Fri, 02 Feb 2024 22:08:43: Done! 
During startup - Warning messages:
1: Setting LC_CTYPE failed, using "C" 
2: Setting LC_COLLATE failed, using "C" 
3: Setting LC_TIME failed, using "C" 
4: Setting LC_MESSAGES failed, using "C" 
5: Setting LC_MONETARY failed, using "C" 
6: Setting LC_PAPER failed, using "C" 
7: Setting LC_MEASUREMENT failed, using "C" 
input file: /storage/zhangyanxiaoLab/suzhuojie/projects/Aging_CUT_Tag/data/samples/lung/H3K27ac/bed/H3K27ac_macs_narrowpeak.bed
output file: /storage/zhangyanxiaoLab/suzhuojie/projects/Aging_CUT_Tag/data/samples/lung/H3K27ac/bed/H3K27ac_macs_narrowpeak.saf

        ==========     _____ _    _ ____  _____  ______          _____  
        =====         / ____| |  | |  _ \|  __ \|  ____|   /\   |  __ \ 
          =====      | (___ | |  | | |_) | |__) | |__     /  \  | |  | |
            ====      \___ \| |  | |  _ <|  _  /|  __|   / /\ \ | |  | |
              ====    ____) | |__| | |_) | | \ \| |____ / ____ \| |__| |
        ==========   |_____/ \____/|____/|_|  \_\______/_/    \_\_____/
	  v2.0.1

//========================== featureCounts setting ===========================\\
||                                                                            ||
||             Input files : 4 BAM files                                      ||
||                           o HJC033.nodup.bam                               ||
||                           o HJC039.nodup.bam                               ||
||                           o HJC047.nodup.bam                               ||
||                           o HJC053.nodup.bam                               ||
||                                                                            ||
||             Output file : H3K27ac_macs_narrowpeak.counts                   ||
||                 Summary : H3K27ac_macs_narrowpeak.counts.summary           ||
||              Annotation : H3K27ac_macs_narrowpeak.saf (SAF)                ||
||      Dir for temp files : /storage/zhangyanxiaoLab/suzhuojie/projects/ ... ||
||                                                                            ||
||                 Threads : 8                                                ||
||                   Level : meta-feature level                               ||
||              Paired-end : yes                                              ||
||      Multimapping reads : not counted                                      ||
|| Multi-overlapping reads : not counted                                      ||
||   Min overlapping bases : 1                                                ||
||                                                                            ||
||          Chimeric reads : counted                                          ||
||        Both ends mapped : not required                                     ||
||                                                                            ||
\\============================================================================//

//================================= Running ==================================\\
||                                                                            ||
|| Load annotation file H3K27ac_macs_narrowpeak.saf ...                       ||
||    Features : 113490                                                       ||
||    Meta-features : 113490                                                  ||
||    Chromosomes/contigs : 21                                                ||
||                                                                            ||
|| Process BAM file HJC033.nodup.bam...                                       ||
||    Paired-end reads are included.                                          ||
||    Total alignments : 51095962                                             ||
||    Successfully assigned alignments : 19338513 (37.8%)                     ||
||    Running time : 0.38 minutes                                             ||
||                                                                            ||
|| Process BAM file HJC039.nodup.bam...                                       ||
||    Paired-end reads are included.                                          ||
||    Total alignments : 35885344                                             ||
||    Successfully assigned alignments : 13843721 (38.6%)                     ||
||    Running time : 0.32 minutes                                             ||
||                                                                            ||
|| Process BAM file HJC047.nodup.bam...                                       ||
||    Paired-end reads are included.                                          ||
||    Total alignments : 30516694                                             ||
||    Successfully assigned alignments : 12478179 (40.9%)                     ||
||    Running time : 0.23 minutes                                             ||
||                                                                            ||
|| Process BAM file HJC053.nodup.bam...                                       ||
||    Paired-end reads are included.                                          ||
||    Total alignments : 32943957                                             ||
||    Successfully assigned alignments : 11121202 (33.8%)                     ||
||    Running time : 0.27 minutes                                             ||
||                                                                            ||
|| Write the final count table.                                               ||
|| Write the read assignment summary.                                         ||
||                                                                            ||
|| Summary of counting results can be found in file "/storage/zhangyanxiaoLa  ||
|| b/suzhuojie/projects/Aging_CUT_Tag/data/samples/lung/H3K27ac/H3K27ac_macs  ||
|| _narrowpeak.counts.summary"                                                ||
||                                                                            ||
\\============================================================================//

mkdir: cannot create directory '/storage/zhangyanxiaoLab/suzhuojie/projects/Aging_CUT_Tag/result/lung': File exists
done
INFO  @ Fri, 02 Feb 2024 22:30:51: 
# Command line: callpeak -t /storage/zhangyanxiaoLab/suzhuojie/projects/Aging_CUT_Tag/data/samples/lung/H3K4me3/tmp.merge.bam -f BAMPE -n H3K4me3 --outdir /storage/zhangyanxiaoLab/suzhuojie/projects/Aging_CUT_Tag/data/samples/lung/H3K4me3/peaks/macs_narrowpeak -g mm --nomodel -q 0.0001 --keep-dup all
# ARGUMENTS LIST:
# name = H3K4me3
# format = BAMPE
# ChIP-seq file = ['/storage/zhangyanxiaoLab/suzhuojie/projects/Aging_CUT_Tag/data/samples/lung/H3K4me3/tmp.merge.bam']
# control file = None
# effective genome size = 1.87e+09
# band width = 300
# model fold = [5, 50]
# qvalue cutoff = 1.00e-04
# The maximum gap between significant sites is assigned as the read length/tag size.
# The minimum length of peaks is assigned as the predicted fragment length "d".
# Larger dataset will be scaled towards smaller dataset.
# Range for calculating regional lambda is: 10000 bps
# Broad region calling is off
# Paired-End mode is on
 
INFO  @ Fri, 02 Feb 2024 22:30:51: #1 read fragment files... 
INFO  @ Fri, 02 Feb 2024 22:30:51: #1 read treatment fragments... 
INFO  @ Fri, 02 Feb 2024 22:30:54:  1000000 
INFO  @ Fri, 02 Feb 2024 22:30:58:  2000000 
INFO  @ Fri, 02 Feb 2024 22:31:03:  3000000 
INFO  @ Fri, 02 Feb 2024 22:31:06:  4000000 
INFO  @ Fri, 02 Feb 2024 22:31:09:  5000000 
INFO  @ Fri, 02 Feb 2024 22:31:13:  6000000 
INFO  @ Fri, 02 Feb 2024 22:31:17:  7000000 
INFO  @ Fri, 02 Feb 2024 22:31:21:  8000000 
INFO  @ Fri, 02 Feb 2024 22:31:26:  9000000 
INFO  @ Fri, 02 Feb 2024 22:31:30:  10000000 
INFO  @ Fri, 02 Feb 2024 22:31:34:  11000000 
INFO  @ Fri, 02 Feb 2024 22:31:38:  12000000 
INFO  @ Fri, 02 Feb 2024 22:31:43:  13000000 
INFO  @ Fri, 02 Feb 2024 22:31:46:  14000000 
INFO  @ Fri, 02 Feb 2024 22:31:48:  15000000 
INFO  @ Fri, 02 Feb 2024 22:31:51:  16000000 
INFO  @ Fri, 02 Feb 2024 22:31:53:  17000000 
INFO  @ Fri, 02 Feb 2024 22:31:56:  18000000 
INFO  @ Fri, 02 Feb 2024 22:32:00:  19000000 
INFO  @ Fri, 02 Feb 2024 22:32:03:  20000000 
INFO  @ Fri, 02 Feb 2024 22:32:06:  21000000 
INFO  @ Fri, 02 Feb 2024 22:32:08:  22000000 
INFO  @ Fri, 02 Feb 2024 22:32:11:  23000000 
INFO  @ Fri, 02 Feb 2024 22:32:13:  24000000 
INFO  @ Fri, 02 Feb 2024 22:32:16:  25000000 
INFO  @ Fri, 02 Feb 2024 22:32:19:  26000000 
INFO  @ Fri, 02 Feb 2024 22:32:22:  27000000 
INFO  @ Fri, 02 Feb 2024 22:32:24:  28000000 
INFO  @ Fri, 02 Feb 2024 22:32:27:  29000000 
INFO  @ Fri, 02 Feb 2024 22:32:29:  30000000 
INFO  @ Fri, 02 Feb 2024 22:32:32:  31000000 
INFO  @ Fri, 02 Feb 2024 22:32:35:  32000000 
INFO  @ Fri, 02 Feb 2024 22:32:37:  33000000 
INFO  @ Fri, 02 Feb 2024 22:32:40:  34000000 
INFO  @ Fri, 02 Feb 2024 22:32:43:  35000000 
INFO  @ Fri, 02 Feb 2024 22:32:45:  36000000 
INFO  @ Fri, 02 Feb 2024 22:32:48:  37000000 
INFO  @ Fri, 02 Feb 2024 22:32:50:  38000000 
INFO  @ Fri, 02 Feb 2024 22:32:53:  39000000 
INFO  @ Fri, 02 Feb 2024 22:32:55:  40000000 
INFO  @ Fri, 02 Feb 2024 22:32:58:  41000000 
INFO  @ Fri, 02 Feb 2024 22:33:01:  42000000 
INFO  @ Fri, 02 Feb 2024 22:33:04:  43000000 
INFO  @ Fri, 02 Feb 2024 22:33:08:  44000000 
INFO  @ Fri, 02 Feb 2024 22:33:13:  45000000 
INFO  @ Fri, 02 Feb 2024 22:33:17:  46000000 
INFO  @ Fri, 02 Feb 2024 22:33:21:  47000000 
INFO  @ Fri, 02 Feb 2024 22:33:25:  48000000 
INFO  @ Fri, 02 Feb 2024 22:33:30:  49000000 
INFO  @ Fri, 02 Feb 2024 22:33:34:  50000000 
INFO  @ Fri, 02 Feb 2024 22:33:38:  51000000 
INFO  @ Fri, 02 Feb 2024 22:33:43:  52000000 
INFO  @ Fri, 02 Feb 2024 22:33:47:  53000000 
INFO  @ Fri, 02 Feb 2024 22:33:50:  54000000 
INFO  @ Fri, 02 Feb 2024 22:33:52:  55000000 
INFO  @ Fri, 02 Feb 2024 22:33:55:  56000000 
INFO  @ Fri, 02 Feb 2024 22:33:58:  57000000 
INFO  @ Fri, 02 Feb 2024 22:34:00:  58000000 
INFO  @ Fri, 02 Feb 2024 22:34:03:  59000000 
INFO  @ Fri, 02 Feb 2024 22:34:05:  60000000 
INFO  @ Fri, 02 Feb 2024 22:34:08:  61000000 
INFO  @ Fri, 02 Feb 2024 22:34:10:  62000000 
INFO  @ Fri, 02 Feb 2024 22:34:13:  63000000 
INFO  @ Fri, 02 Feb 2024 22:34:16:  64000000 
INFO  @ Fri, 02 Feb 2024 22:34:18:  65000000 
INFO  @ Fri, 02 Feb 2024 22:34:21:  66000000 
INFO  @ Fri, 02 Feb 2024 22:34:23:  67000000 
INFO  @ Fri, 02 Feb 2024 22:34:26:  68000000 
INFO  @ Fri, 02 Feb 2024 22:34:29:  69000000 
INFO  @ Fri, 02 Feb 2024 22:34:31:  70000000 
INFO  @ Fri, 02 Feb 2024 22:34:34:  71000000 
INFO  @ Fri, 02 Feb 2024 22:34:36:  72000000 
INFO  @ Fri, 02 Feb 2024 22:34:39:  73000000 
INFO  @ Fri, 02 Feb 2024 22:34:41:  74000000 
INFO  @ Fri, 02 Feb 2024 22:34:44:  75000000 
INFO  @ Fri, 02 Feb 2024 22:34:46:  76000000 
INFO  @ Fri, 02 Feb 2024 22:34:49:  77000000 
INFO  @ Fri, 02 Feb 2024 22:34:52:  78000000 
INFO  @ Fri, 02 Feb 2024 22:34:56:  79000000 
INFO  @ Fri, 02 Feb 2024 22:34:59:  80000000 
INFO  @ Fri, 02 Feb 2024 22:35:03:  81000000 
INFO  @ Fri, 02 Feb 2024 22:35:06:  82000000 
INFO  @ Fri, 02 Feb 2024 22:35:11:  83000000 
INFO  @ Fri, 02 Feb 2024 22:35:15:  84000000 
INFO  @ Fri, 02 Feb 2024 22:35:18:  85000000 
INFO  @ Fri, 02 Feb 2024 22:35:21:  86000000 
INFO  @ Fri, 02 Feb 2024 22:35:23:  87000000 
INFO  @ Fri, 02 Feb 2024 22:35:26:  88000000 
INFO  @ Fri, 02 Feb 2024 22:35:29:  89000000 
INFO  @ Fri, 02 Feb 2024 22:35:31:  90000000 
INFO  @ Fri, 02 Feb 2024 22:35:35:  91000000 
INFO  @ Fri, 02 Feb 2024 22:35:39:  92000000 
INFO  @ Fri, 02 Feb 2024 22:35:42:  93000000 
INFO  @ Fri, 02 Feb 2024 22:35:44:  94000000 
INFO  @ Fri, 02 Feb 2024 22:35:47:  95000000 
INFO  @ Fri, 02 Feb 2024 22:35:49:  96000000 
INFO  @ Fri, 02 Feb 2024 22:35:52:  97000000 
INFO  @ Fri, 02 Feb 2024 22:35:54:  98000000 
INFO  @ Fri, 02 Feb 2024 22:35:57:  99000000 
INFO  @ Fri, 02 Feb 2024 22:36:00:  100000000 
INFO  @ Fri, 02 Feb 2024 22:36:03:  101000000 
INFO  @ Fri, 02 Feb 2024 22:36:06:  102000000 
INFO  @ Fri, 02 Feb 2024 22:36:09:  103000000 
INFO  @ Fri, 02 Feb 2024 22:36:12:  104000000 
INFO  @ Fri, 02 Feb 2024 22:36:14:  105000000 
INFO  @ Fri, 02 Feb 2024 22:36:17:  106000000 
INFO  @ Fri, 02 Feb 2024 22:36:19:  107000000 
INFO  @ Fri, 02 Feb 2024 22:36:22:  108000000 
INFO  @ Fri, 02 Feb 2024 22:36:25:  109000000 
INFO  @ Fri, 02 Feb 2024 22:36:27:  110000000 
INFO  @ Fri, 02 Feb 2024 22:36:30:  111000000 
INFO  @ Fri, 02 Feb 2024 22:36:33:  112000000 
INFO  @ Fri, 02 Feb 2024 22:36:35:  113000000 
INFO  @ Fri, 02 Feb 2024 22:36:38:  114000000 
INFO  @ Fri, 02 Feb 2024 22:36:41:  115000000 
INFO  @ Fri, 02 Feb 2024 22:36:46:  116000000 
INFO  @ Fri, 02 Feb 2024 22:36:48:  117000000 
INFO  @ Fri, 02 Feb 2024 22:36:51:  118000000 
INFO  @ Fri, 02 Feb 2024 22:36:54:  119000000 
INFO  @ Fri, 02 Feb 2024 22:36:56:  120000000 
INFO  @ Fri, 02 Feb 2024 22:37:00:  121000000 
INFO  @ Fri, 02 Feb 2024 22:37:02:  122000000 
INFO  @ Fri, 02 Feb 2024 22:37:05:  123000000 
INFO  @ Fri, 02 Feb 2024 22:37:09:  124000000 
INFO  @ Fri, 02 Feb 2024 22:37:12:  125000000 
INFO  @ Fri, 02 Feb 2024 22:37:16:  126000000 
INFO  @ Fri, 02 Feb 2024 22:37:19:  127000000 
INFO  @ Fri, 02 Feb 2024 22:37:23:  128000000 
INFO  @ Fri, 02 Feb 2024 22:37:27:  129000000 
INFO  @ Fri, 02 Feb 2024 22:37:30:  130000000 
INFO  @ Fri, 02 Feb 2024 22:37:32:  131000000 
INFO  @ Fri, 02 Feb 2024 22:37:35:  132000000 
INFO  @ Fri, 02 Feb 2024 22:37:38:  133000000 
INFO  @ Fri, 02 Feb 2024 22:37:40:  134000000 
INFO  @ Fri, 02 Feb 2024 22:37:43:  135000000 
INFO  @ Fri, 02 Feb 2024 22:37:47:  136000000 
INFO  @ Fri, 02 Feb 2024 22:37:51:  137000000 
INFO  @ Fri, 02 Feb 2024 22:37:55:  138000000 
INFO  @ Fri, 02 Feb 2024 22:37:59:  139000000 
INFO  @ Fri, 02 Feb 2024 22:38:01:  140000000 
INFO  @ Fri, 02 Feb 2024 22:38:04:  141000000 
INFO  @ Fri, 02 Feb 2024 22:38:07:  142000000 
INFO  @ Fri, 02 Feb 2024 22:38:10:  143000000 
INFO  @ Fri, 02 Feb 2024 22:38:13:  144000000 
INFO  @ Fri, 02 Feb 2024 22:38:16:  145000000 
INFO  @ Fri, 02 Feb 2024 22:38:18:  146000000 
INFO  @ Fri, 02 Feb 2024 22:38:21:  147000000 
INFO  @ Fri, 02 Feb 2024 22:38:23:  148000000 
INFO  @ Fri, 02 Feb 2024 22:38:26:  149000000 
INFO  @ Fri, 02 Feb 2024 22:38:28:  150000000 
INFO  @ Fri, 02 Feb 2024 22:38:31:  151000000 
INFO  @ Fri, 02 Feb 2024 22:38:33:  152000000 
INFO  @ Fri, 02 Feb 2024 22:38:37:  153000000 
INFO  @ Fri, 02 Feb 2024 22:38:39:  154000000 
INFO  @ Fri, 02 Feb 2024 22:38:42:  155000000 
INFO  @ Fri, 02 Feb 2024 22:38:45:  156000000 
INFO  @ Fri, 02 Feb 2024 22:38:52: 156456115 fragments have been read. 
INFO  @ Fri, 02 Feb 2024 22:40:55: #1 mean fragment size is determined as 192.6 bp from treatment 
INFO  @ Fri, 02 Feb 2024 22:40:55: #1 fragment size = 192.6 
INFO  @ Fri, 02 Feb 2024 22:40:55: #1  total fragments in treatment: 156456115 
INFO  @ Fri, 02 Feb 2024 22:40:55: #1 finished! 
INFO  @ Fri, 02 Feb 2024 22:40:55: #2 Build Peak Model... 
INFO  @ Fri, 02 Feb 2024 22:40:55: #2 Skipped... 
INFO  @ Fri, 02 Feb 2024 22:40:55: #3 Call peaks... 
INFO  @ Fri, 02 Feb 2024 22:40:55: #3 Pre-compute pvalue-qvalue table... 
INFO  @ Fri, 02 Feb 2024 22:49:50: #3 Call peaks for each chromosome... 
INFO  @ Fri, 02 Feb 2024 22:52:58: #4 Write output xls file... /storage/zhangyanxiaoLab/suzhuojie/projects/Aging_CUT_Tag/data/samples/lung/H3K4me3/peaks/macs_narrowpeak/H3K4me3_peaks.xls 
INFO  @ Fri, 02 Feb 2024 22:52:58: #4 Write peak in narrowPeak format file... /storage/zhangyanxiaoLab/suzhuojie/projects/Aging_CUT_Tag/data/samples/lung/H3K4me3/peaks/macs_narrowpeak/H3K4me3_peaks.narrowPeak 
INFO  @ Fri, 02 Feb 2024 22:52:58: #4 Write summits bed file... /storage/zhangyanxiaoLab/suzhuojie/projects/Aging_CUT_Tag/data/samples/lung/H3K4me3/peaks/macs_narrowpeak/H3K4me3_summits.bed 
INFO  @ Fri, 02 Feb 2024 22:52:59: Done! 
During startup - Warning messages:
1: Setting LC_CTYPE failed, using "C" 
2: Setting LC_COLLATE failed, using "C" 
3: Setting LC_TIME failed, using "C" 
4: Setting LC_MESSAGES failed, using "C" 
5: Setting LC_MONETARY failed, using "C" 
6: Setting LC_PAPER failed, using "C" 
7: Setting LC_MEASUREMENT failed, using "C" 
input file: /storage/zhangyanxiaoLab/suzhuojie/projects/Aging_CUT_Tag/data/samples/lung/H3K4me3/bed/H3K4me3_macs_narrowpeak.bed
output file: /storage/zhangyanxiaoLab/suzhuojie/projects/Aging_CUT_Tag/data/samples/lung/H3K4me3/bed/H3K4me3_macs_narrowpeak.saf

        ==========     _____ _    _ ____  _____  ______          _____  
        =====         / ____| |  | |  _ \|  __ \|  ____|   /\   |  __ \ 
          =====      | (___ | |  | | |_) | |__) | |__     /  \  | |  | |
            ====      \___ \| |  | |  _ <|  _  /|  __|   / /\ \ | |  | |
              ====    ____) | |__| | |_) | | \ \| |____ / ____ \| |__| |
        ==========   |_____/ \____/|____/|_|  \_\______/_/    \_\_____/
	  v2.0.1

//========================== featureCounts setting ===========================\\
||                                                                            ||
||             Input files : 4 BAM files                                      ||
||                           o HJC036.nodup.bam                               ||
||                           o HJC042.nodup.bam                               ||
||                           o HJC050.nodup.bam                               ||
||                           o HJC056.nodup.bam                               ||
||                                                                            ||
||             Output file : H3K4me3_macs_narrowpeak.counts                   ||
||                 Summary : H3K4me3_macs_narrowpeak.counts.summary           ||
||              Annotation : H3K4me3_macs_narrowpeak.saf (SAF)                ||
||      Dir for temp files : /storage/zhangyanxiaoLab/suzhuojie/projects/ ... ||
||                                                                            ||
||                 Threads : 8                                                ||
||                   Level : meta-feature level                               ||
||              Paired-end : yes                                              ||
||      Multimapping reads : not counted                                      ||
|| Multi-overlapping reads : not counted                                      ||
||   Min overlapping bases : 1                                                ||
||                                                                            ||
||          Chimeric reads : counted                                          ||
||        Both ends mapped : not required                                     ||
||                                                                            ||
\\============================================================================//

//================================= Running ==================================\\
||                                                                            ||
|| Load annotation file H3K4me3_macs_narrowpeak.saf ...                       ||
||    Features : 104204                                                       ||
||    Meta-features : 104204                                                  ||
||    Chromosomes/contigs : 21                                                ||
||                                                                            ||
|| Process BAM file HJC036.nodup.bam...                                       ||
||    Paired-end reads are included.                                          ||
||    Total alignments : 44585694                                             ||
||    Successfully assigned alignments : 25025369 (56.1%)                     ||
||    Running time : 0.32 minutes                                             ||
||                                                                            ||
|| Process BAM file HJC042.nodup.bam...                                       ||
||    Paired-end reads are included.                                          ||
||    Total alignments : 42680354                                             ||
||    Successfully assigned alignments : 24269670 (56.9%)                     ||
||    Running time : 0.40 minutes                                             ||
||                                                                            ||
|| Process BAM file HJC050.nodup.bam...                                       ||
||    Paired-end reads are included.                                          ||
||    Total alignments : 39251931                                             ||
||    Successfully assigned alignments : 21793925 (55.5%)                     ||
||    Running time : 0.34 minutes                                             ||
||                                                                            ||
|| Process BAM file HJC056.nodup.bam...                                       ||
||    Paired-end reads are included.                                          ||
||    Total alignments : 41540390                                             ||
||    Successfully assigned alignments : 20208936 (48.6%)                     ||
||    Running time : 0.28 minutes                                             ||
||                                                                            ||
|| Write the final count table.                                               ||
|| Write the read assignment summary.                                         ||
||                                                                            ||
|| Summary of counting results can be found in file "/storage/zhangyanxiaoLa  ||
|| b/suzhuojie/projects/Aging_CUT_Tag/data/samples/lung/H3K4me3/H3K4me3_macs  ||
|| _narrowpeak.counts.summary"                                                ||
||                                                                            ||
\\============================================================================//

mkdir: cannot create directory '/storage/zhangyanxiaoLab/suzhuojie/projects/Aging_CUT_Tag/result/lung': File exists
done
INFO  @ Fri, 02 Feb 2024 23:13:14: 
# Command line: callpeak -t /storage/zhangyanxiaoLab/suzhuojie/projects/Aging_CUT_Tag/data/samples/lung/H3K4me1/tmp.merge.bam -f BAMPE -n H3K4me1 --outdir /storage/zhangyanxiaoLab/suzhuojie/projects/Aging_CUT_Tag/data/samples/lung/H3K4me1/peaks/macs_narrowpeak -g mm --nomodel -q 0.0001 --keep-dup all
# ARGUMENTS LIST:
# name = H3K4me1
# format = BAMPE
# ChIP-seq file = ['/storage/zhangyanxiaoLab/suzhuojie/projects/Aging_CUT_Tag/data/samples/lung/H3K4me1/tmp.merge.bam']
# control file = None
# effective genome size = 1.87e+09
# band width = 300
# model fold = [5, 50]
# qvalue cutoff = 1.00e-04
# The maximum gap between significant sites is assigned as the read length/tag size.
# The minimum length of peaks is assigned as the predicted fragment length "d".
# Larger dataset will be scaled towards smaller dataset.
# Range for calculating regional lambda is: 10000 bps
# Broad region calling is off
# Paired-End mode is on
 
INFO  @ Fri, 02 Feb 2024 23:13:14: #1 read fragment files... 
INFO  @ Fri, 02 Feb 2024 23:13:14: #1 read treatment fragments... 
INFO  @ Fri, 02 Feb 2024 23:13:18:  1000000 
INFO  @ Fri, 02 Feb 2024 23:13:22:  2000000 
INFO  @ Fri, 02 Feb 2024 23:13:27:  3000000 
INFO  @ Fri, 02 Feb 2024 23:13:31:  4000000 
INFO  @ Fri, 02 Feb 2024 23:13:35:  5000000 
INFO  @ Fri, 02 Feb 2024 23:13:40:  6000000 
INFO  @ Fri, 02 Feb 2024 23:13:43:  7000000 
INFO  @ Fri, 02 Feb 2024 23:13:45:  8000000 
INFO  @ Fri, 02 Feb 2024 23:13:49:  9000000 
INFO  @ Fri, 02 Feb 2024 23:13:53:  10000000 
INFO  @ Fri, 02 Feb 2024 23:13:58:  11000000 
INFO  @ Fri, 02 Feb 2024 23:14:02:  12000000 
INFO  @ Fri, 02 Feb 2024 23:14:06:  13000000 
INFO  @ Fri, 02 Feb 2024 23:14:08:  14000000 
INFO  @ Fri, 02 Feb 2024 23:14:11:  15000000 
INFO  @ Fri, 02 Feb 2024 23:14:14:  16000000 
INFO  @ Fri, 02 Feb 2024 23:14:16:  17000000 
INFO  @ Fri, 02 Feb 2024 23:14:19:  18000000 
INFO  @ Fri, 02 Feb 2024 23:14:22:  19000000 
INFO  @ Fri, 02 Feb 2024 23:14:24:  20000000 
INFO  @ Fri, 02 Feb 2024 23:14:27:  21000000 
INFO  @ Fri, 02 Feb 2024 23:14:29:  22000000 
INFO  @ Fri, 02 Feb 2024 23:14:32:  23000000 
INFO  @ Fri, 02 Feb 2024 23:14:35:  24000000 
INFO  @ Fri, 02 Feb 2024 23:14:38:  25000000 
INFO  @ Fri, 02 Feb 2024 23:14:42:  26000000 
INFO  @ Fri, 02 Feb 2024 23:14:47:  27000000 
INFO  @ Fri, 02 Feb 2024 23:14:51:  28000000 
INFO  @ Fri, 02 Feb 2024 23:14:55:  29000000 
INFO  @ Fri, 02 Feb 2024 23:14:59:  30000000 
INFO  @ Fri, 02 Feb 2024 23:15:02:  31000000 
INFO  @ Fri, 02 Feb 2024 23:15:04:  32000000 
INFO  @ Fri, 02 Feb 2024 23:15:07:  33000000 
INFO  @ Fri, 02 Feb 2024 23:15:10:  34000000 
INFO  @ Fri, 02 Feb 2024 23:15:12:  35000000 
INFO  @ Fri, 02 Feb 2024 23:15:15:  36000000 
INFO  @ Fri, 02 Feb 2024 23:15:18:  37000000 
INFO  @ Fri, 02 Feb 2024 23:15:21:  38000000 
INFO  @ Fri, 02 Feb 2024 23:15:23:  39000000 
INFO  @ Fri, 02 Feb 2024 23:15:26:  40000000 
INFO  @ Fri, 02 Feb 2024 23:15:29:  41000000 
INFO  @ Fri, 02 Feb 2024 23:15:31:  42000000 
INFO  @ Fri, 02 Feb 2024 23:15:34:  43000000 
INFO  @ Fri, 02 Feb 2024 23:15:37:  44000000 
INFO  @ Fri, 02 Feb 2024 23:15:39:  45000000 
INFO  @ Fri, 02 Feb 2024 23:15:42:  46000000 
INFO  @ Fri, 02 Feb 2024 23:15:45:  47000000 
INFO  @ Fri, 02 Feb 2024 23:15:49:  48000000 
INFO  @ Fri, 02 Feb 2024 23:15:51:  49000000 
INFO  @ Fri, 02 Feb 2024 23:15:54:  50000000 
INFO  @ Fri, 02 Feb 2024 23:15:57:  51000000 
INFO  @ Fri, 02 Feb 2024 23:15:59:  52000000 
INFO  @ Fri, 02 Feb 2024 23:16:02:  53000000 
INFO  @ Fri, 02 Feb 2024 23:16:05:  54000000 
INFO  @ Fri, 02 Feb 2024 23:16:07:  55000000 
INFO  @ Fri, 02 Feb 2024 23:16:10:  56000000 
INFO  @ Fri, 02 Feb 2024 23:16:12:  57000000 
INFO  @ Fri, 02 Feb 2024 23:16:15:  58000000 
INFO  @ Fri, 02 Feb 2024 23:16:18:  59000000 
INFO  @ Fri, 02 Feb 2024 23:16:20:  60000000 
INFO  @ Fri, 02 Feb 2024 23:16:23:  61000000 
INFO  @ Fri, 02 Feb 2024 23:16:26:  62000000 
INFO  @ Fri, 02 Feb 2024 23:16:28:  63000000 
INFO  @ Fri, 02 Feb 2024 23:16:31:  64000000 
INFO  @ Fri, 02 Feb 2024 23:16:34:  65000000 
INFO  @ Fri, 02 Feb 2024 23:16:36:  66000000 
INFO  @ Fri, 02 Feb 2024 23:16:40:  67000000 
INFO  @ Fri, 02 Feb 2024 23:16:45:  68000000 
INFO  @ Fri, 02 Feb 2024 23:16:49:  69000000 
INFO  @ Fri, 02 Feb 2024 23:16:53:  70000000 
INFO  @ Fri, 02 Feb 2024 23:16:57:  71000000 
INFO  @ Fri, 02 Feb 2024 23:17:00:  72000000 
INFO  @ Fri, 02 Feb 2024 23:17:02:  73000000 
INFO  @ Fri, 02 Feb 2024 23:17:05:  74000000 
INFO  @ Fri, 02 Feb 2024 23:17:08:  75000000 
INFO  @ Fri, 02 Feb 2024 23:17:10:  76000000 
INFO  @ Fri, 02 Feb 2024 23:17:14:  77000000 
INFO  @ Fri, 02 Feb 2024 23:17:16:  78000000 
INFO  @ Fri, 02 Feb 2024 23:17:19:  79000000 
INFO  @ Fri, 02 Feb 2024 23:17:22:  80000000 
INFO  @ Fri, 02 Feb 2024 23:17:24:  81000000 
INFO  @ Fri, 02 Feb 2024 23:17:27:  82000000 
INFO  @ Fri, 02 Feb 2024 23:17:30:  83000000 
INFO  @ Fri, 02 Feb 2024 23:17:32:  84000000 
INFO  @ Fri, 02 Feb 2024 23:17:35:  85000000 
INFO  @ Fri, 02 Feb 2024 23:17:38:  86000000 
INFO  @ Fri, 02 Feb 2024 23:17:40:  87000000 
INFO  @ Fri, 02 Feb 2024 23:17:44:  88000000 
INFO  @ Fri, 02 Feb 2024 23:17:48:  89000000 
INFO  @ Fri, 02 Feb 2024 23:17:51:  90000000 
INFO  @ Fri, 02 Feb 2024 23:17:54:  91000000 
INFO  @ Fri, 02 Feb 2024 23:17:56:  92000000 
INFO  @ Fri, 02 Feb 2024 23:17:59:  93000000 
INFO  @ Fri, 02 Feb 2024 23:18:02:  94000000 
INFO  @ Fri, 02 Feb 2024 23:18:04:  95000000 
INFO  @ Fri, 02 Feb 2024 23:18:07:  96000000 
INFO  @ Fri, 02 Feb 2024 23:18:10:  97000000 
INFO  @ Fri, 02 Feb 2024 23:18:12:  98000000 
INFO  @ Fri, 02 Feb 2024 23:18:15:  99000000 
INFO  @ Fri, 02 Feb 2024 23:18:18:  100000000 
INFO  @ Fri, 02 Feb 2024 23:18:20:  101000000 
INFO  @ Fri, 02 Feb 2024 23:18:23:  102000000 
INFO  @ Fri, 02 Feb 2024 23:18:26:  103000000 
INFO  @ Fri, 02 Feb 2024 23:18:28:  104000000 
INFO  @ Fri, 02 Feb 2024 23:18:31:  105000000 
INFO  @ Fri, 02 Feb 2024 23:18:34:  106000000 
INFO  @ Fri, 02 Feb 2024 23:18:36:  107000000 
INFO  @ Fri, 02 Feb 2024 23:18:39:  108000000 
INFO  @ Fri, 02 Feb 2024 23:18:42:  109000000 
INFO  @ Fri, 02 Feb 2024 23:18:44:  110000000 
INFO  @ Fri, 02 Feb 2024 23:18:47:  111000000 
INFO  @ Fri, 02 Feb 2024 23:18:50:  112000000 
INFO  @ Fri, 02 Feb 2024 23:18:52:  113000000 
INFO  @ Fri, 02 Feb 2024 23:18:55:  114000000 
INFO  @ Fri, 02 Feb 2024 23:18:58:  115000000 
INFO  @ Fri, 02 Feb 2024 23:19:00:  116000000 
INFO  @ Fri, 02 Feb 2024 23:19:03:  117000000 
INFO  @ Fri, 02 Feb 2024 23:19:05:  118000000 
INFO  @ Fri, 02 Feb 2024 23:19:09:  119000000 
INFO  @ Fri, 02 Feb 2024 23:19:14:  120000000 
INFO  @ Fri, 02 Feb 2024 23:19:17:  121000000 
INFO  @ Fri, 02 Feb 2024 23:19:20:  122000000 
INFO  @ Fri, 02 Feb 2024 23:19:23:  123000000 
INFO  @ Fri, 02 Feb 2024 23:19:25:  124000000 
INFO  @ Fri, 02 Feb 2024 23:19:28:  125000000 
INFO  @ Fri, 02 Feb 2024 23:19:30:  126000000 
INFO  @ Fri, 02 Feb 2024 23:19:33:  127000000 
INFO  @ Fri, 02 Feb 2024 23:19:36:  128000000 
INFO  @ Fri, 02 Feb 2024 23:19:38:  129000000 
INFO  @ Fri, 02 Feb 2024 23:19:41:  130000000 
INFO  @ Fri, 02 Feb 2024 23:19:44:  131000000 
INFO  @ Fri, 02 Feb 2024 23:19:46:  132000000 
INFO  @ Fri, 02 Feb 2024 23:19:49:  133000000 
INFO  @ Fri, 02 Feb 2024 23:19:51:  134000000 
INFO  @ Fri, 02 Feb 2024 23:19:54:  135000000 
INFO  @ Fri, 02 Feb 2024 23:19:57:  136000000 
INFO  @ Fri, 02 Feb 2024 23:19:59:  137000000 
INFO  @ Fri, 02 Feb 2024 23:20:02:  138000000 
INFO  @ Fri, 02 Feb 2024 23:20:05:  139000000 
INFO  @ Fri, 02 Feb 2024 23:20:07:  140000000 
INFO  @ Fri, 02 Feb 2024 23:20:10:  141000000 
INFO  @ Fri, 02 Feb 2024 23:20:13:  142000000 
INFO  @ Fri, 02 Feb 2024 23:20:15:  143000000 
INFO  @ Fri, 02 Feb 2024 23:20:18:  144000000 
INFO  @ Fri, 02 Feb 2024 23:20:21:  145000000 
INFO  @ Fri, 02 Feb 2024 23:20:23:  146000000 
INFO  @ Fri, 02 Feb 2024 23:20:26:  147000000 
INFO  @ Fri, 02 Feb 2024 23:20:29:  148000000 
INFO  @ Fri, 02 Feb 2024 23:20:31:  149000000 
INFO  @ Fri, 02 Feb 2024 23:20:34:  150000000 
INFO  @ Fri, 02 Feb 2024 23:20:37:  151000000 
INFO  @ Fri, 02 Feb 2024 23:20:41:  152000000 
INFO  @ Fri, 02 Feb 2024 23:20:46:  153000000 
INFO  @ Fri, 02 Feb 2024 23:20:50:  154000000 
INFO  @ Fri, 02 Feb 2024 23:20:58: 154557902 fragments have been read. 
INFO  @ Fri, 02 Feb 2024 23:22:53: #1 mean fragment size is determined as 192.9 bp from treatment 
INFO  @ Fri, 02 Feb 2024 23:22:53: #1 fragment size = 192.9 
INFO  @ Fri, 02 Feb 2024 23:22:53: #1  total fragments in treatment: 154557902 
INFO  @ Fri, 02 Feb 2024 23:22:53: #1 finished! 
INFO  @ Fri, 02 Feb 2024 23:22:53: #2 Build Peak Model... 
INFO  @ Fri, 02 Feb 2024 23:22:53: #2 Skipped... 
INFO  @ Fri, 02 Feb 2024 23:22:53: #3 Call peaks... 
INFO  @ Fri, 02 Feb 2024 23:22:53: #3 Pre-compute pvalue-qvalue table... 
INFO  @ Fri, 02 Feb 2024 23:30:30: #3 Call peaks for each chromosome... 
INFO  @ Fri, 02 Feb 2024 23:35:06: #4 Write output xls file... /storage/zhangyanxiaoLab/suzhuojie/projects/Aging_CUT_Tag/data/samples/lung/H3K4me1/peaks/macs_narrowpeak/H3K4me1_peaks.xls 
INFO  @ Fri, 02 Feb 2024 23:35:06: #4 Write peak in narrowPeak format file... /storage/zhangyanxiaoLab/suzhuojie/projects/Aging_CUT_Tag/data/samples/lung/H3K4me1/peaks/macs_narrowpeak/H3K4me1_peaks.narrowPeak 
INFO  @ Fri, 02 Feb 2024 23:35:07: #4 Write summits bed file... /storage/zhangyanxiaoLab/suzhuojie/projects/Aging_CUT_Tag/data/samples/lung/H3K4me1/peaks/macs_narrowpeak/H3K4me1_summits.bed 
INFO  @ Fri, 02 Feb 2024 23:35:07: Done! 
During startup - Warning messages:
1: Setting LC_CTYPE failed, using "C" 
2: Setting LC_COLLATE failed, using "C" 
3: Setting LC_TIME failed, using "C" 
4: Setting LC_MESSAGES failed, using "C" 
5: Setting LC_MONETARY failed, using "C" 
6: Setting LC_PAPER failed, using "C" 
7: Setting LC_MEASUREMENT failed, using "C" 
input file: /storage/zhangyanxiaoLab/suzhuojie/projects/Aging_CUT_Tag/data/samples/lung/H3K4me1/bed/H3K4me1_macs_narrowpeak.bed
output file: /storage/zhangyanxiaoLab/suzhuojie/projects/Aging_CUT_Tag/data/samples/lung/H3K4me1/bed/H3K4me1_macs_narrowpeak.saf

        ==========     _____ _    _ ____  _____  ______          _____  
        =====         / ____| |  | |  _ \|  __ \|  ____|   /\   |  __ \ 
          =====      | (___ | |  | | |_) | |__) | |__     /  \  | |  | |
            ====      \___ \| |  | |  _ <|  _  /|  __|   / /\ \ | |  | |
              ====    ____) | |__| | |_) | | \ \| |____ / ____ \| |__| |
        ==========   |_____/ \____/|____/|_|  \_\______/_/    \_\_____/
	  v2.0.1

//========================== featureCounts setting ===========================\\
||                                                                            ||
||             Input files : 4 BAM files                                      ||
||                           o HJC035.nodup.bam                               ||
||                           o HJC041.nodup.bam                               ||
||                           o HJC049.nodup.bam                               ||
||                           o HJC055.nodup.bam                               ||
||                                                                            ||
||             Output file : H3K4me1_macs_narrowpeak.counts                   ||
||                 Summary : H3K4me1_macs_narrowpeak.counts.summary           ||
||              Annotation : H3K4me1_macs_narrowpeak.saf (SAF)                ||
||      Dir for temp files : /storage/zhangyanxiaoLab/suzhuojie/projects/ ... ||
||                                                                            ||
||                 Threads : 8                                                ||
||                   Level : meta-feature level                               ||
||              Paired-end : yes                                              ||
||      Multimapping reads : not counted                                      ||
|| Multi-overlapping reads : not counted                                      ||
||   Min overlapping bases : 1                                                ||
||                                                                            ||
||          Chimeric reads : counted                                          ||
||        Both ends mapped : not required                                     ||
||                                                                            ||
\\============================================================================//

//================================= Running ==================================\\
||                                                                            ||
|| Load annotation file H3K4me1_macs_narrowpeak.saf ...                       ||
||    Features : 120878                                                       ||
||    Meta-features : 120878                                                  ||
||    Chromosomes/contigs : 21                                                ||
||                                                                            ||
|| Process BAM file HJC035.nodup.bam...                                       ||
||    Paired-end reads are included.                                          ||
||    Total alignments : 43394493                                             ||
||    Successfully assigned alignments : 14028940 (32.3%)                     ||
||    Running time : 0.39 minutes                                             ||
||                                                                            ||
|| Process BAM file HJC041.nodup.bam...                                       ||
||    Paired-end reads are included.                                          ||
||    Total alignments : 44513925                                             ||
||    Successfully assigned alignments : 14463858 (32.5%)                     ||
||    Running time : 0.39 minutes                                             ||
||                                                                            ||
|| Process BAM file HJC049.nodup.bam...                                       ||
||    Paired-end reads are included.                                          ||
||    Total alignments : 37620573                                             ||
||    Successfully assigned alignments : 11727986 (31.2%)                     ||
||    Running time : 0.29 minutes                                             ||
||                                                                            ||
|| Process BAM file HJC055.nodup.bam...                                       ||
||    Paired-end reads are included.                                          ||
||    Total alignments : 38921253                                             ||
||    Successfully assigned alignments : 9362270 (24.1%)                      ||
||    Running time : 0.29 minutes                                             ||
||                                                                            ||
|| Write the final count table.                                               ||
|| Write the read assignment summary.                                         ||
||                                                                            ||
|| Summary of counting results can be found in file "/storage/zhangyanxiaoLa  ||
|| b/suzhuojie/projects/Aging_CUT_Tag/data/samples/lung/H3K4me1/H3K4me1_macs  ||
|| _narrowpeak.counts.summary"                                                ||
||                                                                            ||
\\============================================================================//

mkdir: cannot create directory '/storage/zhangyanxiaoLab/suzhuojie/projects/Aging_CUT_Tag/result/lung': File exists
done
INFO  @ Sat, 03 Feb 2024 00:02:21: 
# Command line: callpeak -t /storage/zhangyanxiaoLab/suzhuojie/projects/Aging_CUT_Tag/data/samples/lung/ATAC/tmp.merge.bam -f BAMPE -n ATAC --outdir /storage/zhangyanxiaoLab/suzhuojie/projects/Aging_CUT_Tag/data/samples/lung/ATAC/peaks/macs_narrowpeak -g mm --nomodel -q 0.0001 --keep-dup all
# ARGUMENTS LIST:
# name = ATAC
# format = BAMPE
# ChIP-seq file = ['/storage/zhangyanxiaoLab/suzhuojie/projects/Aging_CUT_Tag/data/samples/lung/ATAC/tmp.merge.bam']
# control file = None
# effective genome size = 1.87e+09
# band width = 300
# model fold = [5, 50]
# qvalue cutoff = 1.00e-04
# The maximum gap between significant sites is assigned as the read length/tag size.
# The minimum length of peaks is assigned as the predicted fragment length "d".
# Larger dataset will be scaled towards smaller dataset.
# Range for calculating regional lambda is: 10000 bps
# Broad region calling is off
# Paired-End mode is on
 
INFO  @ Sat, 03 Feb 2024 00:02:21: #1 read fragment files... 
INFO  @ Sat, 03 Feb 2024 00:02:21: #1 read treatment fragments... 
INFO  @ Sat, 03 Feb 2024 00:02:25:  1000000 
INFO  @ Sat, 03 Feb 2024 00:02:29:  2000000 
INFO  @ Sat, 03 Feb 2024 00:02:33:  3000000 
INFO  @ Sat, 03 Feb 2024 00:02:36:  4000000 
INFO  @ Sat, 03 Feb 2024 00:02:40:  5000000 
INFO  @ Sat, 03 Feb 2024 00:02:44:  6000000 
INFO  @ Sat, 03 Feb 2024 00:02:48:  7000000 
INFO  @ Sat, 03 Feb 2024 00:02:52:  8000000 
INFO  @ Sat, 03 Feb 2024 00:02:56:  9000000 
INFO  @ Sat, 03 Feb 2024 00:03:00:  10000000 
INFO  @ Sat, 03 Feb 2024 00:03:03:  11000000 
INFO  @ Sat, 03 Feb 2024 00:03:07:  12000000 
INFO  @ Sat, 03 Feb 2024 00:03:11:  13000000 
INFO  @ Sat, 03 Feb 2024 00:03:14:  14000000 
INFO  @ Sat, 03 Feb 2024 00:03:18:  15000000 
INFO  @ Sat, 03 Feb 2024 00:03:22:  16000000 
INFO  @ Sat, 03 Feb 2024 00:03:25:  17000000 
INFO  @ Sat, 03 Feb 2024 00:03:29:  18000000 
INFO  @ Sat, 03 Feb 2024 00:03:32:  19000000 
INFO  @ Sat, 03 Feb 2024 00:03:36:  20000000 
INFO  @ Sat, 03 Feb 2024 00:03:40:  21000000 
INFO  @ Sat, 03 Feb 2024 00:03:43:  22000000 
INFO  @ Sat, 03 Feb 2024 00:03:47:  23000000 
INFO  @ Sat, 03 Feb 2024 00:03:51:  24000000 
INFO  @ Sat, 03 Feb 2024 00:03:55:  25000000 
INFO  @ Sat, 03 Feb 2024 00:03:59:  26000000 
INFO  @ Sat, 03 Feb 2024 00:04:03:  27000000 
INFO  @ Sat, 03 Feb 2024 00:04:07:  28000000 
INFO  @ Sat, 03 Feb 2024 00:04:11:  29000000 
INFO  @ Sat, 03 Feb 2024 00:04:15:  30000000 
INFO  @ Sat, 03 Feb 2024 00:04:19:  31000000 
INFO  @ Sat, 03 Feb 2024 00:04:23:  32000000 
INFO  @ Sat, 03 Feb 2024 00:04:27:  33000000 
INFO  @ Sat, 03 Feb 2024 00:04:31:  34000000 
INFO  @ Sat, 03 Feb 2024 00:04:35:  35000000 
INFO  @ Sat, 03 Feb 2024 00:04:39:  36000000 
INFO  @ Sat, 03 Feb 2024 00:04:42:  37000000 
INFO  @ Sat, 03 Feb 2024 00:04:45:  38000000 
INFO  @ Sat, 03 Feb 2024 00:04:47:  39000000 
INFO  @ Sat, 03 Feb 2024 00:04:50:  40000000 
INFO  @ Sat, 03 Feb 2024 00:04:53:  41000000 
INFO  @ Sat, 03 Feb 2024 00:04:57:  42000000 
INFO  @ Sat, 03 Feb 2024 00:05:01:  43000000 
INFO  @ Sat, 03 Feb 2024 00:05:05:  44000000 
INFO  @ Sat, 03 Feb 2024 00:05:08:  45000000 
INFO  @ Sat, 03 Feb 2024 00:05:12:  46000000 
INFO  @ Sat, 03 Feb 2024 00:05:16:  47000000 
INFO  @ Sat, 03 Feb 2024 00:05:20:  48000000 
INFO  @ Sat, 03 Feb 2024 00:05:24:  49000000 
INFO  @ Sat, 03 Feb 2024 00:05:28:  50000000 
INFO  @ Sat, 03 Feb 2024 00:05:31:  51000000 
INFO  @ Sat, 03 Feb 2024 00:05:34:  52000000 
INFO  @ Sat, 03 Feb 2024 00:05:36:  53000000 
INFO  @ Sat, 03 Feb 2024 00:05:38:  54000000 
INFO  @ Sat, 03 Feb 2024 00:05:41:  55000000 
INFO  @ Sat, 03 Feb 2024 00:05:43:  56000000 
INFO  @ Sat, 03 Feb 2024 00:05:46:  57000000 
INFO  @ Sat, 03 Feb 2024 00:05:48:  58000000 
INFO  @ Sat, 03 Feb 2024 00:05:51:  59000000 
INFO  @ Sat, 03 Feb 2024 00:05:55:  60000000 
INFO  @ Sat, 03 Feb 2024 00:05:59:  61000000 
INFO  @ Sat, 03 Feb 2024 00:06:03:  62000000 
INFO  @ Sat, 03 Feb 2024 00:06:07:  63000000 
INFO  @ Sat, 03 Feb 2024 00:06:11:  64000000 
INFO  @ Sat, 03 Feb 2024 00:06:14:  65000000 
INFO  @ Sat, 03 Feb 2024 00:06:17:  66000000 
INFO  @ Sat, 03 Feb 2024 00:06:19:  67000000 
INFO  @ Sat, 03 Feb 2024 00:06:21:  68000000 
INFO  @ Sat, 03 Feb 2024 00:06:24:  69000000 
INFO  @ Sat, 03 Feb 2024 00:06:26:  70000000 
INFO  @ Sat, 03 Feb 2024 00:06:29:  71000000 
INFO  @ Sat, 03 Feb 2024 00:06:32:  72000000 
INFO  @ Sat, 03 Feb 2024 00:06:35:  73000000 
INFO  @ Sat, 03 Feb 2024 00:06:37:  74000000 
INFO  @ Sat, 03 Feb 2024 00:06:40:  75000000 
INFO  @ Sat, 03 Feb 2024 00:06:42:  76000000 
INFO  @ Sat, 03 Feb 2024 00:06:44:  77000000 
INFO  @ Sat, 03 Feb 2024 00:06:47:  78000000 
INFO  @ Sat, 03 Feb 2024 00:06:49:  79000000 
INFO  @ Sat, 03 Feb 2024 00:06:52:  80000000 
INFO  @ Sat, 03 Feb 2024 00:06:54:  81000000 
INFO  @ Sat, 03 Feb 2024 00:06:56:  82000000 
INFO  @ Sat, 03 Feb 2024 00:06:59:  83000000 
INFO  @ Sat, 03 Feb 2024 00:07:01:  84000000 
INFO  @ Sat, 03 Feb 2024 00:07:04:  85000000 
INFO  @ Sat, 03 Feb 2024 00:07:06:  86000000 
INFO  @ Sat, 03 Feb 2024 00:07:08:  87000000 
INFO  @ Sat, 03 Feb 2024 00:07:11:  88000000 
INFO  @ Sat, 03 Feb 2024 00:07:14:  89000000 
INFO  @ Sat, 03 Feb 2024 00:07:18:  90000000 
INFO  @ Sat, 03 Feb 2024 00:07:22:  91000000 
INFO  @ Sat, 03 Feb 2024 00:07:26:  92000000 
INFO  @ Sat, 03 Feb 2024 00:07:30:  93000000 
INFO  @ Sat, 03 Feb 2024 00:07:34:  94000000 
INFO  @ Sat, 03 Feb 2024 00:07:39:  95000000 
INFO  @ Sat, 03 Feb 2024 00:07:42:  96000000 
INFO  @ Sat, 03 Feb 2024 00:07:46:  97000000 
INFO  @ Sat, 03 Feb 2024 00:07:50:  98000000 
INFO  @ Sat, 03 Feb 2024 00:07:54:  99000000 
INFO  @ Sat, 03 Feb 2024 00:07:58:  100000000 
INFO  @ Sat, 03 Feb 2024 00:08:02:  101000000 
INFO  @ Sat, 03 Feb 2024 00:08:05:  102000000 
INFO  @ Sat, 03 Feb 2024 00:08:09:  103000000 
INFO  @ Sat, 03 Feb 2024 00:08:12:  104000000 
INFO  @ Sat, 03 Feb 2024 00:08:15:  105000000 
INFO  @ Sat, 03 Feb 2024 00:08:18:  106000000 
INFO  @ Sat, 03 Feb 2024 00:08:20:  107000000 
INFO  @ Sat, 03 Feb 2024 00:08:23:  108000000 
INFO  @ Sat, 03 Feb 2024 00:08:25:  109000000 
INFO  @ Sat, 03 Feb 2024 00:08:28:  110000000 
INFO  @ Sat, 03 Feb 2024 00:08:30:  111000000 
INFO  @ Sat, 03 Feb 2024 00:08:33:  112000000 
INFO  @ Sat, 03 Feb 2024 00:08:36:  113000000 
INFO  @ Sat, 03 Feb 2024 00:08:40:  114000000 
INFO  @ Sat, 03 Feb 2024 00:08:44:  115000000 
INFO  @ Sat, 03 Feb 2024 00:08:48:  116000000 
INFO  @ Sat, 03 Feb 2024 00:08:52:  117000000 
INFO  @ Sat, 03 Feb 2024 00:08:56:  118000000 
INFO  @ Sat, 03 Feb 2024 00:09:00:  119000000 
INFO  @ Sat, 03 Feb 2024 00:09:04:  120000000 
INFO  @ Sat, 03 Feb 2024 00:09:08:  121000000 
INFO  @ Sat, 03 Feb 2024 00:09:12:  122000000 
INFO  @ Sat, 03 Feb 2024 00:09:15:  123000000 
INFO  @ Sat, 03 Feb 2024 00:09:19:  124000000 
INFO  @ Sat, 03 Feb 2024 00:09:23:  125000000 
INFO  @ Sat, 03 Feb 2024 00:09:27:  126000000 
INFO  @ Sat, 03 Feb 2024 00:09:31:  127000000 
INFO  @ Sat, 03 Feb 2024 00:09:35:  128000000 
INFO  @ Sat, 03 Feb 2024 00:09:39:  129000000 
INFO  @ Sat, 03 Feb 2024 00:09:43:  130000000 
INFO  @ Sat, 03 Feb 2024 00:09:47:  131000000 
INFO  @ Sat, 03 Feb 2024 00:09:51:  132000000 
INFO  @ Sat, 03 Feb 2024 00:09:55:  133000000 
INFO  @ Sat, 03 Feb 2024 00:09:59:  134000000 
INFO  @ Sat, 03 Feb 2024 00:10:03:  135000000 
INFO  @ Sat, 03 Feb 2024 00:10:07:  136000000 
INFO  @ Sat, 03 Feb 2024 00:10:10:  137000000 
INFO  @ Sat, 03 Feb 2024 00:10:13:  138000000 
INFO  @ Sat, 03 Feb 2024 00:10:16:  139000000 
INFO  @ Sat, 03 Feb 2024 00:10:20:  140000000 
INFO  @ Sat, 03 Feb 2024 00:10:24:  141000000 
INFO  @ Sat, 03 Feb 2024 00:10:28:  142000000 
INFO  @ Sat, 03 Feb 2024 00:10:32:  143000000 
INFO  @ Sat, 03 Feb 2024 00:10:36:  144000000 
INFO  @ Sat, 03 Feb 2024 00:10:40:  145000000 
INFO  @ Sat, 03 Feb 2024 00:10:44:  146000000 
INFO  @ Sat, 03 Feb 2024 00:10:48:  147000000 
INFO  @ Sat, 03 Feb 2024 00:10:52:  148000000 
INFO  @ Sat, 03 Feb 2024 00:10:56:  149000000 
INFO  @ Sat, 03 Feb 2024 00:11:00:  150000000 
INFO  @ Sat, 03 Feb 2024 00:11:04:  151000000 
INFO  @ Sat, 03 Feb 2024 00:11:08:  152000000 
INFO  @ Sat, 03 Feb 2024 00:11:12:  153000000 
INFO  @ Sat, 03 Feb 2024 00:11:16:  154000000 
INFO  @ Sat, 03 Feb 2024 00:11:20:  155000000 
INFO  @ Sat, 03 Feb 2024 00:11:24:  156000000 
INFO  @ Sat, 03 Feb 2024 00:11:28:  157000000 
INFO  @ Sat, 03 Feb 2024 00:11:32:  158000000 
INFO  @ Sat, 03 Feb 2024 00:11:35:  159000000 
INFO  @ Sat, 03 Feb 2024 00:11:37:  160000000 
INFO  @ Sat, 03 Feb 2024 00:11:40:  161000000 
INFO  @ Sat, 03 Feb 2024 00:11:42:  162000000 
INFO  @ Sat, 03 Feb 2024 00:11:45:  163000000 
INFO  @ Sat, 03 Feb 2024 00:11:47:  164000000 
INFO  @ Sat, 03 Feb 2024 00:11:50:  165000000 
INFO  @ Sat, 03 Feb 2024 00:11:52:  166000000 
INFO  @ Sat, 03 Feb 2024 00:11:54:  167000000 
INFO  @ Sat, 03 Feb 2024 00:11:57:  168000000 
INFO  @ Sat, 03 Feb 2024 00:11:59:  169000000 
INFO  @ Sat, 03 Feb 2024 00:12:02:  170000000 
INFO  @ Sat, 03 Feb 2024 00:12:04:  171000000 
INFO  @ Sat, 03 Feb 2024 00:12:07:  172000000 
INFO  @ Sat, 03 Feb 2024 00:12:10:  173000000 
INFO  @ Sat, 03 Feb 2024 00:12:14:  174000000 
INFO  @ Sat, 03 Feb 2024 00:12:17:  175000000 
INFO  @ Sat, 03 Feb 2024 00:12:21:  176000000 
INFO  @ Sat, 03 Feb 2024 00:12:25:  177000000 
INFO  @ Sat, 03 Feb 2024 00:12:29:  178000000 
INFO  @ Sat, 03 Feb 2024 00:12:32:  179000000 
INFO  @ Sat, 03 Feb 2024 00:12:36:  180000000 
INFO  @ Sat, 03 Feb 2024 00:12:39:  181000000 
INFO  @ Sat, 03 Feb 2024 00:12:41:  182000000 
INFO  @ Sat, 03 Feb 2024 00:12:44:  183000000 
INFO  @ Sat, 03 Feb 2024 00:12:46:  184000000 
INFO  @ Sat, 03 Feb 2024 00:12:49:  185000000 
INFO  @ Sat, 03 Feb 2024 00:12:51:  186000000 
INFO  @ Sat, 03 Feb 2024 00:13:02: 186828027 fragments have been read. 
INFO  @ Sat, 03 Feb 2024 00:15:23: #1 mean fragment size is determined as 93.9 bp from treatment 
INFO  @ Sat, 03 Feb 2024 00:15:23: #1 fragment size = 93.9 
INFO  @ Sat, 03 Feb 2024 00:15:23: #1  total fragments in treatment: 186828027 
INFO  @ Sat, 03 Feb 2024 00:15:23: #1 finished! 
INFO  @ Sat, 03 Feb 2024 00:15:23: #2 Build Peak Model... 
INFO  @ Sat, 03 Feb 2024 00:15:23: #2 Skipped... 
INFO  @ Sat, 03 Feb 2024 00:15:23: #3 Call peaks... 
INFO  @ Sat, 03 Feb 2024 00:15:23: #3 Pre-compute pvalue-qvalue table... 
INFO  @ Sat, 03 Feb 2024 00:26:54: #3 Call peaks for each chromosome... 
INFO  @ Sat, 03 Feb 2024 00:32:25: #4 Write output xls file... /storage/zhangyanxiaoLab/suzhuojie/projects/Aging_CUT_Tag/data/samples/lung/ATAC/peaks/macs_narrowpeak/ATAC_peaks.xls 
INFO  @ Sat, 03 Feb 2024 00:32:26: #4 Write peak in narrowPeak format file... /storage/zhangyanxiaoLab/suzhuojie/projects/Aging_CUT_Tag/data/samples/lung/ATAC/peaks/macs_narrowpeak/ATAC_peaks.narrowPeak 
INFO  @ Sat, 03 Feb 2024 00:32:26: #4 Write summits bed file... /storage/zhangyanxiaoLab/suzhuojie/projects/Aging_CUT_Tag/data/samples/lung/ATAC/peaks/macs_narrowpeak/ATAC_summits.bed 
INFO  @ Sat, 03 Feb 2024 00:32:26: Done! 
During startup - Warning messages:
1: Setting LC_CTYPE failed, using "C" 
2: Setting LC_COLLATE failed, using "C" 
3: Setting LC_TIME failed, using "C" 
4: Setting LC_MESSAGES failed, using "C" 
5: Setting LC_MONETARY failed, using "C" 
6: Setting LC_PAPER failed, using "C" 
7: Setting LC_MEASUREMENT failed, using "C" 
input file: /storage/zhangyanxiaoLab/suzhuojie/projects/Aging_CUT_Tag/data/samples/lung/ATAC/bed/ATAC_macs_narrowpeak.bed
output file: /storage/zhangyanxiaoLab/suzhuojie/projects/Aging_CUT_Tag/data/samples/lung/ATAC/bed/ATAC_macs_narrowpeak.saf

        ==========     _____ _    _ ____  _____  ______          _____  
        =====         / ____| |  | |  _ \|  __ \|  ____|   /\   |  __ \ 
          =====      | (___ | |  | | |_) | |__) | |__     /  \  | |  | |
            ====      \___ \| |  | |  _ <|  _  /|  __|   / /\ \ | |  | |
              ====    ____) | |__| | |_) | | \ \| |____ / ____ \| |__| |
        ==========   |_____/ \____/|____/|_|  \_\______/_/    \_\_____/
	  v2.0.1

//========================== featureCounts setting ===========================\\
||                                                                            ||
||             Input files : 4 BAM files                                      ||
||                           o HJC029.nodup.bam                               ||
||                           o HJC030.nodup.bam                               ||
||                           o HJC043.nodup.bam                               ||
||                           o HJC044.nodup.bam                               ||
||                                                                            ||
||             Output file : ATAC_macs_narrowpeak.counts                      ||
||                 Summary : ATAC_macs_narrowpeak.counts.summary              ||
||              Annotation : ATAC_macs_narrowpeak.saf (SAF)                   ||
||      Dir for temp files : /storage/zhangyanxiaoLab/suzhuojie/projects/ ... ||
||                                                                            ||
||                 Threads : 8                                                ||
||                   Level : meta-feature level                               ||
||              Paired-end : yes                                              ||
||      Multimapping reads : not counted                                      ||
|| Multi-overlapping reads : not counted                                      ||
||   Min overlapping bases : 1                                                ||
||                                                                            ||
||          Chimeric reads : counted                                          ||
||        Both ends mapped : not required                                     ||
||                                                                            ||
\\============================================================================//

//================================= Running ==================================\\
||                                                                            ||
|| Load annotation file ATAC_macs_narrowpeak.saf ...                          ||
||    Features : 116858                                                       ||
||    Meta-features : 116858                                                  ||
||    Chromosomes/contigs : 21                                                ||
||                                                                            ||
|| Process BAM file HJC029.nodup.bam...                                       ||
||    Paired-end reads are included.                                          ||
||    Total alignments : 61385196                                             ||
||    Successfully assigned alignments : 22406819 (36.5%)                     ||
||    Running time : 0.39 minutes                                             ||
||                                                                            ||
|| Process BAM file HJC030.nodup.bam...                                       ||
||    Paired-end reads are included.                                          ||
||    Total alignments : 54575444                                             ||
||    Successfully assigned alignments : 18603627 (34.1%)                     ||
||    Running time : 0.34 minutes                                             ||
||                                                                            ||
|| Process BAM file HJC043.nodup.bam...                                       ||
||    Paired-end reads are included.                                          ||
||    Total alignments : 43337182                                             ||
||    Successfully assigned alignments : 14154733 (32.7%)                     ||
||    Running time : 0.28 minutes                                             ||
||                                                                            ||
|| Process BAM file HJC044.nodup.bam...                                       ||
||    Paired-end reads are included.                                          ||
||    Total alignments : 34811894                                             ||
||    Successfully assigned alignments : 9298409 (26.7%)                      ||
||    Running time : 0.21 minutes                                             ||
||                                                                            ||
|| Write the final count table.                                               ||
|| Write the read assignment summary.                                         ||
||                                                                            ||
|| Summary of counting results can be found in file "/storage/zhangyanxiaoLa  ||
|| b/suzhuojie/projects/Aging_CUT_Tag/data/samples/lung/ATAC/ATAC_macs_narro  ||
|| wpeak.counts.summary"                                                      ||
||                                                                            ||
\\============================================================================//

mkdir: cannot create directory '/storage/zhangyanxiaoLab/suzhuojie/projects/Aging_CUT_Tag/result/lung': File exists
done
