INFO  @ Wed, 21 Feb 2024 11:28:20: 
# Command line: callpeak -t /storage/zhangyanxiaoLab/suzhuojie/projects/Aging_CUT_Tag/data/samples/muscle/H3K27ac/tmp.merge.bam -f BAMPE -n H3K27ac --outdir /storage/zhangyanxiaoLab/suzhuojie/projects/Aging_CUT_Tag/data/samples/muscle/H3K27ac/peaks/macs_narrowpeak -g mm --nomodel -q 0.0001 --keep-dup all
# ARGUMENTS LIST:
# name = H3K27ac
# format = BAMPE
# ChIP-seq file = ['/storage/zhangyanxiaoLab/suzhuojie/projects/Aging_CUT_Tag/data/samples/muscle/H3K27ac/tmp.merge.bam']
# control file = None
# effective genome size = 1.87e+09
# band width = 300
# model fold = [5, 50]
# qvalue cutoff = 1.00e-04
# The maximum gap between significant sites is assigned as the read length/tag size.
# The minimum length of peaks is assigned as the predicted fragment length "d".
# Larger dataset will be scaled towards smaller dataset.
# Range for calculating regional lambda is: 10000 bps
# Broad region calling is off
# Paired-End mode is on
 
INFO  @ Wed, 21 Feb 2024 11:28:20: #1 read fragment files... 
INFO  @ Wed, 21 Feb 2024 11:28:20: #1 read treatment fragments... 
INFO  @ Wed, 21 Feb 2024 11:28:25:  1000000 
INFO  @ Wed, 21 Feb 2024 11:28:29:  2000000 
INFO  @ Wed, 21 Feb 2024 11:28:33:  3000000 
INFO  @ Wed, 21 Feb 2024 11:28:36:  4000000 
INFO  @ Wed, 21 Feb 2024 11:28:41:  5000000 
INFO  @ Wed, 21 Feb 2024 11:28:44:  6000000 
INFO  @ Wed, 21 Feb 2024 11:28:47:  7000000 
INFO  @ Wed, 21 Feb 2024 11:28:51:  8000000 
INFO  @ Wed, 21 Feb 2024 11:28:55:  9000000 
INFO  @ Wed, 21 Feb 2024 11:28:58:  10000000 
INFO  @ Wed, 21 Feb 2024 11:29:02:  11000000 
INFO  @ Wed, 21 Feb 2024 11:29:06:  12000000 
INFO  @ Wed, 21 Feb 2024 11:29:11:  13000000 
INFO  @ Wed, 21 Feb 2024 11:29:15:  14000000 
INFO  @ Wed, 21 Feb 2024 11:29:19:  15000000 
INFO  @ Wed, 21 Feb 2024 11:29:24:  16000000 
INFO  @ Wed, 21 Feb 2024 11:29:30:  17000000 
INFO  @ Wed, 21 Feb 2024 11:29:34:  18000000 
INFO  @ Wed, 21 Feb 2024 11:29:38:  19000000 
INFO  @ Wed, 21 Feb 2024 11:29:43:  20000000 
INFO  @ Wed, 21 Feb 2024 11:29:47:  21000000 
INFO  @ Wed, 21 Feb 2024 11:29:51:  22000000 
INFO  @ Wed, 21 Feb 2024 11:29:54:  23000000 
INFO  @ Wed, 21 Feb 2024 11:29:59:  24000000 
INFO  @ Wed, 21 Feb 2024 11:30:04:  25000000 
INFO  @ Wed, 21 Feb 2024 11:30:07:  26000000 
INFO  @ Wed, 21 Feb 2024 11:30:11:  27000000 
INFO  @ Wed, 21 Feb 2024 11:30:14:  28000000 
INFO  @ Wed, 21 Feb 2024 11:30:20:  29000000 
INFO  @ Wed, 21 Feb 2024 11:30:24:  30000000 
INFO  @ Wed, 21 Feb 2024 11:30:32:  31000000 
INFO  @ Wed, 21 Feb 2024 11:30:36:  32000000 
INFO  @ Wed, 21 Feb 2024 11:30:39:  33000000 
INFO  @ Wed, 21 Feb 2024 11:30:43:  34000000 
INFO  @ Wed, 21 Feb 2024 11:30:47:  35000000 
INFO  @ Wed, 21 Feb 2024 11:30:52:  36000000 
INFO  @ Wed, 21 Feb 2024 11:30:56:  37000000 
INFO  @ Wed, 21 Feb 2024 11:31:01:  38000000 
INFO  @ Wed, 21 Feb 2024 11:31:05:  39000000 
INFO  @ Wed, 21 Feb 2024 11:31:09:  40000000 
INFO  @ Wed, 21 Feb 2024 11:31:13:  41000000 
INFO  @ Wed, 21 Feb 2024 11:31:18:  42000000 
INFO  @ Wed, 21 Feb 2024 11:31:22:  43000000 
INFO  @ Wed, 21 Feb 2024 11:31:26:  44000000 
INFO  @ Wed, 21 Feb 2024 11:31:31:  45000000 
INFO  @ Wed, 21 Feb 2024 11:31:37:  46000000 
INFO  @ Wed, 21 Feb 2024 11:31:42:  47000000 
INFO  @ Wed, 21 Feb 2024 11:31:47:  48000000 
INFO  @ Wed, 21 Feb 2024 11:31:51:  49000000 
INFO  @ Wed, 21 Feb 2024 11:31:55:  50000000 
INFO  @ Wed, 21 Feb 2024 11:32:00:  51000000 
INFO  @ Wed, 21 Feb 2024 11:32:04:  52000000 
INFO  @ Wed, 21 Feb 2024 11:32:09:  53000000 
INFO  @ Wed, 21 Feb 2024 11:32:13:  54000000 
INFO  @ Wed, 21 Feb 2024 11:32:16:  55000000 
INFO  @ Wed, 21 Feb 2024 11:32:19:  56000000 
INFO  @ Wed, 21 Feb 2024 11:32:23:  57000000 
INFO  @ Wed, 21 Feb 2024 11:32:26:  58000000 
INFO  @ Wed, 21 Feb 2024 11:32:29:  59000000 
INFO  @ Wed, 21 Feb 2024 11:32:32:  60000000 
INFO  @ Wed, 21 Feb 2024 11:32:37:  61000000 
INFO  @ Wed, 21 Feb 2024 11:32:41:  62000000 
INFO  @ Wed, 21 Feb 2024 11:32:46:  63000000 
INFO  @ Wed, 21 Feb 2024 11:32:51:  64000000 
INFO  @ Wed, 21 Feb 2024 11:32:55:  65000000 
INFO  @ Wed, 21 Feb 2024 11:32:58:  66000000 
INFO  @ Wed, 21 Feb 2024 11:33:02:  67000000 
INFO  @ Wed, 21 Feb 2024 11:33:06:  68000000 
INFO  @ Wed, 21 Feb 2024 11:33:10:  69000000 
INFO  @ Wed, 21 Feb 2024 11:33:14:  70000000 
INFO  @ Wed, 21 Feb 2024 11:33:19:  71000000 
INFO  @ Wed, 21 Feb 2024 11:33:22:  72000000 
INFO  @ Wed, 21 Feb 2024 11:33:27:  73000000 
INFO  @ Wed, 21 Feb 2024 11:33:31:  74000000 
INFO  @ Wed, 21 Feb 2024 11:33:34:  75000000 
INFO  @ Wed, 21 Feb 2024 11:33:38:  76000000 
INFO  @ Wed, 21 Feb 2024 11:33:46:  77000000 
INFO  @ Wed, 21 Feb 2024 11:33:50:  78000000 
INFO  @ Wed, 21 Feb 2024 11:33:52: 78169391 fragments have been read. 
INFO  @ Wed, 21 Feb 2024 11:34:42: #1 mean fragment size is determined as 249.0 bp from treatment 
INFO  @ Wed, 21 Feb 2024 11:34:42: #1 fragment size = 249.0 
INFO  @ Wed, 21 Feb 2024 11:34:42: #1  total fragments in treatment: 78169391 
INFO  @ Wed, 21 Feb 2024 11:34:42: #1 finished! 
INFO  @ Wed, 21 Feb 2024 11:34:42: #2 Build Peak Model... 
INFO  @ Wed, 21 Feb 2024 11:34:42: #2 Skipped... 
INFO  @ Wed, 21 Feb 2024 11:34:42: #3 Call peaks... 
INFO  @ Wed, 21 Feb 2024 11:34:42: #3 Pre-compute pvalue-qvalue table... 
INFO  @ Wed, 21 Feb 2024 11:39:37: #3 Call peaks for each chromosome... 
INFO  @ Wed, 21 Feb 2024 11:42:08: #4 Write output xls file... /storage/zhangyanxiaoLab/suzhuojie/projects/Aging_CUT_Tag/data/samples/muscle/H3K27ac/peaks/macs_narrowpeak/H3K27ac_peaks.xls 
INFO  @ Wed, 21 Feb 2024 11:42:08: #4 Write peak in narrowPeak format file... /storage/zhangyanxiaoLab/suzhuojie/projects/Aging_CUT_Tag/data/samples/muscle/H3K27ac/peaks/macs_narrowpeak/H3K27ac_peaks.narrowPeak 
INFO  @ Wed, 21 Feb 2024 11:42:08: #4 Write summits bed file... /storage/zhangyanxiaoLab/suzhuojie/projects/Aging_CUT_Tag/data/samples/muscle/H3K27ac/peaks/macs_narrowpeak/H3K27ac_summits.bed 
INFO  @ Wed, 21 Feb 2024 11:42:08: Done! 
input file: /storage/zhangyanxiaoLab/suzhuojie/projects/Aging_CUT_Tag/data/samples/muscle/H3K27ac/bed/H3K27ac_macs_narrowpeak.bed
output file: /storage/zhangyanxiaoLab/suzhuojie/projects/Aging_CUT_Tag/data/samples/muscle/H3K27ac/bed/H3K27ac_macs_narrowpeak.saf

        ==========     _____ _    _ ____  _____  ______          _____  
        =====         / ____| |  | |  _ \|  __ \|  ____|   /\   |  __ \ 
          =====      | (___ | |  | | |_) | |__) | |__     /  \  | |  | |
            ====      \___ \| |  | |  _ <|  _  /|  __|   / /\ \ | |  | |
              ====    ____) | |__| | |_) | | \ \| |____ / ____ \| |__| |
        ==========   |_____/ \____/|____/|_|  \_\______/_/    \_\_____/
	  v2.0.1

//========================== featureCounts setting ===========================\\
||                                                                            ||
||             Input files : 4 BAM files                                      ||
||                           o LLX281.nodup.bam                               ||
||                           o LLX287.nodup.bam                               ||
||                           o LLX293.nodup.bam                               ||
||                           o LLX299.nodup.bam                               ||
||                                                                            ||
||             Output file : H3K27ac_macs_narrowpeak.counts                   ||
||                 Summary : H3K27ac_macs_narrowpeak.counts.summary           ||
||              Annotation : H3K27ac_macs_narrowpeak.saf (SAF)                ||
||      Dir for temp files : /storage/zhangyanxiaoLab/suzhuojie/projects/ ... ||
||                                                                            ||
||                 Threads : 8                                                ||
||                   Level : meta-feature level                               ||
||              Paired-end : yes                                              ||
||      Multimapping reads : not counted                                      ||
|| Multi-overlapping reads : not counted                                      ||
||   Min overlapping bases : 1                                                ||
||                                                                            ||
||          Chimeric reads : counted                                          ||
||        Both ends mapped : not required                                     ||
||                                                                            ||
\\============================================================================//

//================================= Running ==================================\\
||                                                                            ||
|| Load annotation file H3K27ac_macs_narrowpeak.saf ...                       ||
||    Features : 60161                                                        ||
||    Meta-features : 60161                                                   ||
||    Chromosomes/contigs : 21                                                ||
||                                                                            ||
|| Process BAM file LLX281.nodup.bam...                                       ||
||    Paired-end reads are included.                                          ||
||    Total alignments : 27948404                                             ||
||    Successfully assigned alignments : 6158513 (22.0%)                      ||
||    Running time : 0.17 minutes                                             ||
||                                                                            ||
|| Process BAM file LLX287.nodup.bam...                                       ||
||    Paired-end reads are included.                                          ||
||    Total alignments : 26014542                                             ||
||    Successfully assigned alignments : 4936375 (19.0%)                      ||
||    Running time : 0.16 minutes                                             ||
||                                                                            ||
|| Process BAM file LLX293.nodup.bam...                                       ||
||    Paired-end reads are included.                                          ||
||    Total alignments : 16357144                                             ||
||    Successfully assigned alignments : 3143973 (19.2%)                      ||
||    Running time : 0.10 minutes                                             ||
||                                                                            ||
|| Process BAM file LLX299.nodup.bam...                                       ||
||    Paired-end reads are included.                                          ||
||    Total alignments : 13690946                                             ||
||    Successfully assigned alignments : 2658666 (19.4%)                      ||
||    Running time : 0.10 minutes                                             ||
||                                                                            ||
|| Write the final count table.                                               ||
|| Write the read assignment summary.                                         ||
||                                                                            ||
|| Summary of counting results can be found in file "/storage/zhangyanxiaoLa  ||
|| b/suzhuojie/projects/Aging_CUT_Tag/data/samples/muscle/H3K27ac/H3K27ac_ma  ||
|| cs_narrowpeak.counts.summary"                                              ||
||                                                                            ||
\\============================================================================//

mkdir: cannot create directory ‘/storage/zhangyanxiaoLab/suzhuojie/projects/Aging_CUT_Tag/result/muscle’: File exists
done
INFO  @ Wed, 21 Feb 2024 11:54:42: 
# Command line: callpeak -t /storage/zhangyanxiaoLab/suzhuojie/projects/Aging_CUT_Tag/data/samples/muscle/H3K4me3/tmp.merge.bam -f BAMPE -n H3K4me3 --outdir /storage/zhangyanxiaoLab/suzhuojie/projects/Aging_CUT_Tag/data/samples/muscle/H3K4me3/peaks/macs_narrowpeak -g mm --nomodel -q 0.0001 --keep-dup all
# ARGUMENTS LIST:
# name = H3K4me3
# format = BAMPE
# ChIP-seq file = ['/storage/zhangyanxiaoLab/suzhuojie/projects/Aging_CUT_Tag/data/samples/muscle/H3K4me3/tmp.merge.bam']
# control file = None
# effective genome size = 1.87e+09
# band width = 300
# model fold = [5, 50]
# qvalue cutoff = 1.00e-04
# The maximum gap between significant sites is assigned as the read length/tag size.
# The minimum length of peaks is assigned as the predicted fragment length "d".
# Larger dataset will be scaled towards smaller dataset.
# Range for calculating regional lambda is: 10000 bps
# Broad region calling is off
# Paired-End mode is on
 
INFO  @ Wed, 21 Feb 2024 11:54:42: #1 read fragment files... 
INFO  @ Wed, 21 Feb 2024 11:54:42: #1 read treatment fragments... 
INFO  @ Wed, 21 Feb 2024 11:54:46:  1000000 
INFO  @ Wed, 21 Feb 2024 11:54:49:  2000000 
INFO  @ Wed, 21 Feb 2024 11:54:52:  3000000 
INFO  @ Wed, 21 Feb 2024 11:54:55:  4000000 
INFO  @ Wed, 21 Feb 2024 11:54:59:  5000000 
INFO  @ Wed, 21 Feb 2024 11:55:03:  6000000 
INFO  @ Wed, 21 Feb 2024 11:55:06:  7000000 
INFO  @ Wed, 21 Feb 2024 11:55:09:  8000000 
INFO  @ Wed, 21 Feb 2024 11:55:12:  9000000 
INFO  @ Wed, 21 Feb 2024 11:55:16:  10000000 
INFO  @ Wed, 21 Feb 2024 11:55:20:  11000000 
INFO  @ Wed, 21 Feb 2024 11:55:24:  12000000 
INFO  @ Wed, 21 Feb 2024 11:55:29:  13000000 
INFO  @ Wed, 21 Feb 2024 11:55:32:  14000000 
INFO  @ Wed, 21 Feb 2024 11:55:37:  15000000 
INFO  @ Wed, 21 Feb 2024 11:55:41:  16000000 
INFO  @ Wed, 21 Feb 2024 11:55:48:  17000000 
INFO  @ Wed, 21 Feb 2024 11:55:56:  18000000 
INFO  @ Wed, 21 Feb 2024 11:56:04:  19000000 
INFO  @ Wed, 21 Feb 2024 11:56:11:  20000000 
INFO  @ Wed, 21 Feb 2024 11:56:13:  21000000 
INFO  @ Wed, 21 Feb 2024 11:56:17:  22000000 
INFO  @ Wed, 21 Feb 2024 11:56:20:  23000000 
INFO  @ Wed, 21 Feb 2024 11:56:24:  24000000 
INFO  @ Wed, 21 Feb 2024 11:56:27:  25000000 
INFO  @ Wed, 21 Feb 2024 11:56:30:  26000000 
INFO  @ Wed, 21 Feb 2024 11:56:33:  27000000 
INFO  @ Wed, 21 Feb 2024 11:56:36:  28000000 
INFO  @ Wed, 21 Feb 2024 11:56:42:  29000000 
INFO  @ Wed, 21 Feb 2024 11:56:46:  30000000 
INFO  @ Wed, 21 Feb 2024 11:56:50:  31000000 
INFO  @ Wed, 21 Feb 2024 11:56:53:  32000000 
INFO  @ Wed, 21 Feb 2024 11:56:58:  33000000 
INFO  @ Wed, 21 Feb 2024 11:57:04:  34000000 
INFO  @ Wed, 21 Feb 2024 11:57:09:  35000000 
INFO  @ Wed, 21 Feb 2024 11:57:15:  36000000 
INFO  @ Wed, 21 Feb 2024 11:57:21:  37000000 
INFO  @ Wed, 21 Feb 2024 11:57:27:  38000000 
INFO  @ Wed, 21 Feb 2024 11:57:33:  39000000 
INFO  @ Wed, 21 Feb 2024 11:57:36:  40000000 
INFO  @ Wed, 21 Feb 2024 11:57:40:  41000000 
INFO  @ Wed, 21 Feb 2024 11:57:43:  42000000 
INFO  @ Wed, 21 Feb 2024 11:57:48:  43000000 
INFO  @ Wed, 21 Feb 2024 11:57:53:  44000000 
INFO  @ Wed, 21 Feb 2024 11:57:56:  45000000 
INFO  @ Wed, 21 Feb 2024 11:58:01:  46000000 
INFO  @ Wed, 21 Feb 2024 11:58:05:  47000000 
INFO  @ Wed, 21 Feb 2024 11:58:09:  48000000 
INFO  @ Wed, 21 Feb 2024 11:58:12:  49000000 
INFO  @ Wed, 21 Feb 2024 11:58:15:  50000000 
INFO  @ Wed, 21 Feb 2024 11:58:19:  51000000 
INFO  @ Wed, 21 Feb 2024 11:58:22:  52000000 
INFO  @ Wed, 21 Feb 2024 11:58:25:  53000000 
INFO  @ Wed, 21 Feb 2024 11:58:29:  54000000 
INFO  @ Wed, 21 Feb 2024 11:58:32:  55000000 
INFO  @ Wed, 21 Feb 2024 11:58:36:  56000000 
INFO  @ Wed, 21 Feb 2024 11:58:39:  57000000 
INFO  @ Wed, 21 Feb 2024 11:58:43:  58000000 
INFO  @ Wed, 21 Feb 2024 11:58:46:  59000000 
INFO  @ Wed, 21 Feb 2024 11:58:49:  60000000 
INFO  @ Wed, 21 Feb 2024 11:58:52:  61000000 
INFO  @ Wed, 21 Feb 2024 11:58:55:  62000000 
INFO  @ Wed, 21 Feb 2024 11:58:57:  63000000 
INFO  @ Wed, 21 Feb 2024 11:59:00:  64000000 
INFO  @ Wed, 21 Feb 2024 11:59:03:  65000000 
INFO  @ Wed, 21 Feb 2024 11:59:06:  66000000 
INFO  @ Wed, 21 Feb 2024 11:59:09:  67000000 
INFO  @ Wed, 21 Feb 2024 11:59:12:  68000000 
INFO  @ Wed, 21 Feb 2024 11:59:14:  69000000 
INFO  @ Wed, 21 Feb 2024 11:59:17:  70000000 
INFO  @ Wed, 21 Feb 2024 11:59:21:  71000000 
INFO  @ Wed, 21 Feb 2024 11:59:23:  72000000 
INFO  @ Wed, 21 Feb 2024 11:59:26:  73000000 
INFO  @ Wed, 21 Feb 2024 11:59:29:  74000000 
INFO  @ Wed, 21 Feb 2024 11:59:33:  75000000 
INFO  @ Wed, 21 Feb 2024 11:59:38:  76000000 
INFO  @ Wed, 21 Feb 2024 11:59:42:  77000000 
INFO  @ Wed, 21 Feb 2024 11:59:46:  78000000 
INFO  @ Wed, 21 Feb 2024 11:59:50:  79000000 
INFO  @ Wed, 21 Feb 2024 11:59:54:  80000000 
INFO  @ Wed, 21 Feb 2024 11:59:58:  81000000 
INFO  @ Wed, 21 Feb 2024 12:00:01:  82000000 
INFO  @ Wed, 21 Feb 2024 12:00:05:  83000000 
INFO  @ Wed, 21 Feb 2024 12:00:08:  84000000 
INFO  @ Wed, 21 Feb 2024 12:00:12:  85000000 
INFO  @ Wed, 21 Feb 2024 12:00:15:  86000000 
INFO  @ Wed, 21 Feb 2024 12:00:19:  87000000 
INFO  @ Wed, 21 Feb 2024 12:00:22:  88000000 
INFO  @ Wed, 21 Feb 2024 12:00:25: 88031730 fragments have been read. 
INFO  @ Wed, 21 Feb 2024 12:01:14: #1 mean fragment size is determined as 263.3 bp from treatment 
INFO  @ Wed, 21 Feb 2024 12:01:14: #1 fragment size = 263.3 
INFO  @ Wed, 21 Feb 2024 12:01:14: #1  total fragments in treatment: 88031730 
INFO  @ Wed, 21 Feb 2024 12:01:14: #1 finished! 
INFO  @ Wed, 21 Feb 2024 12:01:14: #2 Build Peak Model... 
INFO  @ Wed, 21 Feb 2024 12:01:14: #2 Skipped... 
INFO  @ Wed, 21 Feb 2024 12:01:14: #3 Call peaks... 
INFO  @ Wed, 21 Feb 2024 12:01:14: #3 Pre-compute pvalue-qvalue table... 
INFO  @ Wed, 21 Feb 2024 12:05:57: #3 Call peaks for each chromosome... 
INFO  @ Wed, 21 Feb 2024 12:08:07: #4 Write output xls file... /storage/zhangyanxiaoLab/suzhuojie/projects/Aging_CUT_Tag/data/samples/muscle/H3K4me3/peaks/macs_narrowpeak/H3K4me3_peaks.xls 
INFO  @ Wed, 21 Feb 2024 12:08:07: #4 Write peak in narrowPeak format file... /storage/zhangyanxiaoLab/suzhuojie/projects/Aging_CUT_Tag/data/samples/muscle/H3K4me3/peaks/macs_narrowpeak/H3K4me3_peaks.narrowPeak 
INFO  @ Wed, 21 Feb 2024 12:08:07: #4 Write summits bed file... /storage/zhangyanxiaoLab/suzhuojie/projects/Aging_CUT_Tag/data/samples/muscle/H3K4me3/peaks/macs_narrowpeak/H3K4me3_summits.bed 
INFO  @ Wed, 21 Feb 2024 12:08:07: Done! 
input file: /storage/zhangyanxiaoLab/suzhuojie/projects/Aging_CUT_Tag/data/samples/muscle/H3K4me3/bed/H3K4me3_macs_narrowpeak.bed
output file: /storage/zhangyanxiaoLab/suzhuojie/projects/Aging_CUT_Tag/data/samples/muscle/H3K4me3/bed/H3K4me3_macs_narrowpeak.saf

        ==========     _____ _    _ ____  _____  ______          _____  
        =====         / ____| |  | |  _ \|  __ \|  ____|   /\   |  __ \ 
          =====      | (___ | |  | | |_) | |__) | |__     /  \  | |  | |
            ====      \___ \| |  | |  _ <|  _  /|  __|   / /\ \ | |  | |
              ====    ____) | |__| | |_) | | \ \| |____ / ____ \| |__| |
        ==========   |_____/ \____/|____/|_|  \_\______/_/    \_\_____/
	  v2.0.1

//========================== featureCounts setting ===========================\\
||                                                                            ||
||             Input files : 4 BAM files                                      ||
||                           o LLX284.nodup.bam                               ||
||                           o LLX290.nodup.bam                               ||
||                           o LLX296.nodup.bam                               ||
||                           o LLX302.nodup.bam                               ||
||                                                                            ||
||             Output file : H3K4me3_macs_narrowpeak.counts                   ||
||                 Summary : H3K4me3_macs_narrowpeak.counts.summary           ||
||              Annotation : H3K4me3_macs_narrowpeak.saf (SAF)                ||
||      Dir for temp files : /storage/zhangyanxiaoLab/suzhuojie/projects/ ... ||
||                                                                            ||
||                 Threads : 8                                                ||
||                   Level : meta-feature level                               ||
||              Paired-end : yes                                              ||
||      Multimapping reads : not counted                                      ||
|| Multi-overlapping reads : not counted                                      ||
||   Min overlapping bases : 1                                                ||
||                                                                            ||
||          Chimeric reads : counted                                          ||
||        Both ends mapped : not required                                     ||
||                                                                            ||
\\============================================================================//

//================================= Running ==================================\\
||                                                                            ||
|| Load annotation file H3K4me3_macs_narrowpeak.saf ...                       ||
||    Features : 75890                                                        ||
||    Meta-features : 75890                                                   ||
||    Chromosomes/contigs : 21                                                ||
||                                                                            ||
|| Process BAM file LLX284.nodup.bam...                                       ||
||    Paired-end reads are included.                                          ||
||    Total alignments : 33890879                                             ||
||    Successfully assigned alignments : 11460942 (33.8%)                     ||
||    Running time : 0.27 minutes                                             ||
||                                                                            ||
|| Process BAM file LLX290.nodup.bam...                                       ||
||    Paired-end reads are included.                                          ||
||    Total alignments : 31260398                                             ||
||    Successfully assigned alignments : 9065555 (29.0%)                      ||
||    Running time : 0.19 minutes                                             ||
||                                                                            ||
|| Process BAM file LLX296.nodup.bam...                                       ||
||    Paired-end reads are included.                                          ||
||    Total alignments : 14362058                                             ||
||    Successfully assigned alignments : 4819727 (33.6%)                      ||
||    Running time : 0.09 minutes                                             ||
||                                                                            ||
|| Process BAM file LLX302.nodup.bam...                                       ||
||    Paired-end reads are included.                                          ||
||    Total alignments : 16260386                                             ||
||    Successfully assigned alignments : 4387334 (27.0%)                      ||
||    Running time : 0.12 minutes                                             ||
||                                                                            ||
|| Write the final count table.                                               ||
|| Write the read assignment summary.                                         ||
||                                                                            ||
|| Summary of counting results can be found in file "/storage/zhangyanxiaoLa  ||
|| b/suzhuojie/projects/Aging_CUT_Tag/data/samples/muscle/H3K4me3/H3K4me3_ma  ||
|| cs_narrowpeak.counts.summary"                                              ||
||                                                                            ||
\\============================================================================//

mkdir: cannot create directory ‘/storage/zhangyanxiaoLab/suzhuojie/projects/Aging_CUT_Tag/result/muscle’: File exists
done
INFO  @ Wed, 21 Feb 2024 12:22:57: 
# Command line: callpeak -t /storage/zhangyanxiaoLab/suzhuojie/projects/Aging_CUT_Tag/data/samples/muscle/H3K4me1/tmp.merge.bam -f BAMPE -n H3K4me1 --outdir /storage/zhangyanxiaoLab/suzhuojie/projects/Aging_CUT_Tag/data/samples/muscle/H3K4me1/peaks/macs_narrowpeak -g mm --nomodel -q 0.0001 --keep-dup all
# ARGUMENTS LIST:
# name = H3K4me1
# format = BAMPE
# ChIP-seq file = ['/storage/zhangyanxiaoLab/suzhuojie/projects/Aging_CUT_Tag/data/samples/muscle/H3K4me1/tmp.merge.bam']
# control file = None
# effective genome size = 1.87e+09
# band width = 300
# model fold = [5, 50]
# qvalue cutoff = 1.00e-04
# The maximum gap between significant sites is assigned as the read length/tag size.
# The minimum length of peaks is assigned as the predicted fragment length "d".
# Larger dataset will be scaled towards smaller dataset.
# Range for calculating regional lambda is: 10000 bps
# Broad region calling is off
# Paired-End mode is on
 
INFO  @ Wed, 21 Feb 2024 12:22:57: #1 read fragment files... 
INFO  @ Wed, 21 Feb 2024 12:22:57: #1 read treatment fragments... 
INFO  @ Wed, 21 Feb 2024 12:23:00:  1000000 
INFO  @ Wed, 21 Feb 2024 12:23:02:  2000000 
INFO  @ Wed, 21 Feb 2024 12:23:05:  3000000 
INFO  @ Wed, 21 Feb 2024 12:23:07:  4000000 
INFO  @ Wed, 21 Feb 2024 12:23:10:  5000000 
INFO  @ Wed, 21 Feb 2024 12:23:13:  6000000 
INFO  @ Wed, 21 Feb 2024 12:23:15:  7000000 
INFO  @ Wed, 21 Feb 2024 12:23:18:  8000000 
INFO  @ Wed, 21 Feb 2024 12:23:20:  9000000 
INFO  @ Wed, 21 Feb 2024 12:23:23:  10000000 
INFO  @ Wed, 21 Feb 2024 12:23:25:  11000000 
INFO  @ Wed, 21 Feb 2024 12:23:28:  12000000 
INFO  @ Wed, 21 Feb 2024 12:23:30:  13000000 
INFO  @ Wed, 21 Feb 2024 12:23:33:  14000000 
INFO  @ Wed, 21 Feb 2024 12:23:35:  15000000 
INFO  @ Wed, 21 Feb 2024 12:23:38:  16000000 
INFO  @ Wed, 21 Feb 2024 12:23:40:  17000000 
INFO  @ Wed, 21 Feb 2024 12:23:43:  18000000 
INFO  @ Wed, 21 Feb 2024 12:23:45:  19000000 
INFO  @ Wed, 21 Feb 2024 12:23:48:  20000000 
INFO  @ Wed, 21 Feb 2024 12:23:50:  21000000 
INFO  @ Wed, 21 Feb 2024 12:23:53:  22000000 
INFO  @ Wed, 21 Feb 2024 12:23:55:  23000000 
INFO  @ Wed, 21 Feb 2024 12:23:58:  24000000 
INFO  @ Wed, 21 Feb 2024 12:24:01:  25000000 
INFO  @ Wed, 21 Feb 2024 12:24:03:  26000000 
INFO  @ Wed, 21 Feb 2024 12:24:06:  27000000 
INFO  @ Wed, 21 Feb 2024 12:24:08:  28000000 
INFO  @ Wed, 21 Feb 2024 12:24:11:  29000000 
INFO  @ Wed, 21 Feb 2024 12:24:14:  30000000 
INFO  @ Wed, 21 Feb 2024 12:24:16:  31000000 
INFO  @ Wed, 21 Feb 2024 12:24:19:  32000000 
INFO  @ Wed, 21 Feb 2024 12:24:22:  33000000 
INFO  @ Wed, 21 Feb 2024 12:24:24:  34000000 
INFO  @ Wed, 21 Feb 2024 12:24:27:  35000000 
INFO  @ Wed, 21 Feb 2024 12:24:29:  36000000 
INFO  @ Wed, 21 Feb 2024 12:24:32:  37000000 
INFO  @ Wed, 21 Feb 2024 12:24:34:  38000000 
INFO  @ Wed, 21 Feb 2024 12:24:37:  39000000 
INFO  @ Wed, 21 Feb 2024 12:24:39:  40000000 
INFO  @ Wed, 21 Feb 2024 12:24:42:  41000000 
INFO  @ Wed, 21 Feb 2024 12:24:44:  42000000 
INFO  @ Wed, 21 Feb 2024 12:24:47:  43000000 
INFO  @ Wed, 21 Feb 2024 12:24:50:  44000000 
INFO  @ Wed, 21 Feb 2024 12:24:52:  45000000 
INFO  @ Wed, 21 Feb 2024 12:24:55:  46000000 
INFO  @ Wed, 21 Feb 2024 12:24:57:  47000000 
INFO  @ Wed, 21 Feb 2024 12:25:00:  48000000 
INFO  @ Wed, 21 Feb 2024 12:25:02:  49000000 
INFO  @ Wed, 21 Feb 2024 12:25:05:  50000000 
INFO  @ Wed, 21 Feb 2024 12:25:07:  51000000 
INFO  @ Wed, 21 Feb 2024 12:25:10:  52000000 
INFO  @ Wed, 21 Feb 2024 12:25:12:  53000000 
INFO  @ Wed, 21 Feb 2024 12:25:15:  54000000 
INFO  @ Wed, 21 Feb 2024 12:25:17:  55000000 
INFO  @ Wed, 21 Feb 2024 12:25:20:  56000000 
INFO  @ Wed, 21 Feb 2024 12:25:22:  57000000 
INFO  @ Wed, 21 Feb 2024 12:25:25:  58000000 
INFO  @ Wed, 21 Feb 2024 12:25:28:  59000000 
INFO  @ Wed, 21 Feb 2024 12:25:30:  60000000 
INFO  @ Wed, 21 Feb 2024 12:25:33:  61000000 
INFO  @ Wed, 21 Feb 2024 12:25:35:  62000000 
INFO  @ Wed, 21 Feb 2024 12:25:38:  63000000 
INFO  @ Wed, 21 Feb 2024 12:25:40:  64000000 
INFO  @ Wed, 21 Feb 2024 12:25:43:  65000000 
INFO  @ Wed, 21 Feb 2024 12:25:45:  66000000 
INFO  @ Wed, 21 Feb 2024 12:25:48:  67000000 
INFO  @ Wed, 21 Feb 2024 12:25:51:  68000000 
INFO  @ Wed, 21 Feb 2024 12:25:53:  69000000 
INFO  @ Wed, 21 Feb 2024 12:25:56:  70000000 
INFO  @ Wed, 21 Feb 2024 12:25:58:  71000000 
INFO  @ Wed, 21 Feb 2024 12:26:01:  72000000 
INFO  @ Wed, 21 Feb 2024 12:26:03:  73000000 
INFO  @ Wed, 21 Feb 2024 12:26:06:  74000000 
INFO  @ Wed, 21 Feb 2024 12:26:08:  75000000 
INFO  @ Wed, 21 Feb 2024 12:26:11:  76000000 
INFO  @ Wed, 21 Feb 2024 12:26:13:  77000000 
INFO  @ Wed, 21 Feb 2024 12:26:16:  78000000 
INFO  @ Wed, 21 Feb 2024 12:26:19:  79000000 
INFO  @ Wed, 21 Feb 2024 12:26:21:  80000000 
INFO  @ Wed, 21 Feb 2024 12:26:24:  81000000 
INFO  @ Wed, 21 Feb 2024 12:26:26:  82000000 
INFO  @ Wed, 21 Feb 2024 12:26:29:  83000000 
INFO  @ Wed, 21 Feb 2024 12:26:31:  84000000 
INFO  @ Wed, 21 Feb 2024 12:26:34:  85000000 
INFO  @ Wed, 21 Feb 2024 12:26:36:  86000000 
INFO  @ Wed, 21 Feb 2024 12:26:39:  87000000 
INFO  @ Wed, 21 Feb 2024 12:26:41:  88000000 
INFO  @ Wed, 21 Feb 2024 12:26:44:  89000000 
INFO  @ Wed, 21 Feb 2024 12:26:47:  90000000 
INFO  @ Wed, 21 Feb 2024 12:26:49:  91000000 
INFO  @ Wed, 21 Feb 2024 12:26:52:  92000000 
INFO  @ Wed, 21 Feb 2024 12:26:54:  93000000 
INFO  @ Wed, 21 Feb 2024 12:26:57:  94000000 
INFO  @ Wed, 21 Feb 2024 12:26:59:  95000000 
INFO  @ Wed, 21 Feb 2024 12:27:02:  96000000 
INFO  @ Wed, 21 Feb 2024 12:27:04:  97000000 
INFO  @ Wed, 21 Feb 2024 12:27:07:  98000000 
INFO  @ Wed, 21 Feb 2024 12:27:09:  99000000 
INFO  @ Wed, 21 Feb 2024 12:27:12:  100000000 
INFO  @ Wed, 21 Feb 2024 12:27:14:  101000000 
INFO  @ Wed, 21 Feb 2024 12:27:17:  102000000 
INFO  @ Wed, 21 Feb 2024 12:27:19:  103000000 
INFO  @ Wed, 21 Feb 2024 12:27:22:  104000000 
INFO  @ Wed, 21 Feb 2024 12:27:25:  105000000 
INFO  @ Wed, 21 Feb 2024 12:27:27:  106000000 
INFO  @ Wed, 21 Feb 2024 12:27:30:  107000000 
INFO  @ Wed, 21 Feb 2024 12:27:32:  108000000 
INFO  @ Wed, 21 Feb 2024 12:27:35:  109000000 
INFO  @ Wed, 21 Feb 2024 12:27:37:  110000000 
INFO  @ Wed, 21 Feb 2024 12:27:40:  111000000 
INFO  @ Wed, 21 Feb 2024 12:27:42:  112000000 
INFO  @ Wed, 21 Feb 2024 12:27:45:  113000000 
INFO  @ Wed, 21 Feb 2024 12:27:47:  114000000 
INFO  @ Wed, 21 Feb 2024 12:27:50:  115000000 
INFO  @ Wed, 21 Feb 2024 12:27:52:  116000000 
INFO  @ Wed, 21 Feb 2024 12:27:55:  117000000 
INFO  @ Wed, 21 Feb 2024 12:27:58:  118000000 
INFO  @ Wed, 21 Feb 2024 12:28:01:  119000000 
INFO  @ Wed, 21 Feb 2024 12:28:03:  120000000 
INFO  @ Wed, 21 Feb 2024 12:28:06: 120004640 fragments have been read. 
INFO  @ Wed, 21 Feb 2024 12:29:01: #1 mean fragment size is determined as 254.6 bp from treatment 
INFO  @ Wed, 21 Feb 2024 12:29:01: #1 fragment size = 254.6 
INFO  @ Wed, 21 Feb 2024 12:29:01: #1  total fragments in treatment: 120004640 
INFO  @ Wed, 21 Feb 2024 12:29:01: #1 finished! 
INFO  @ Wed, 21 Feb 2024 12:29:01: #2 Build Peak Model... 
INFO  @ Wed, 21 Feb 2024 12:29:01: #2 Skipped... 
INFO  @ Wed, 21 Feb 2024 12:29:01: #3 Call peaks... 
INFO  @ Wed, 21 Feb 2024 12:29:01: #3 Pre-compute pvalue-qvalue table... 
INFO  @ Wed, 21 Feb 2024 12:32:33: #3 Call peaks for each chromosome... 
INFO  @ Wed, 21 Feb 2024 12:34:19: #4 Write output xls file... /storage/zhangyanxiaoLab/suzhuojie/projects/Aging_CUT_Tag/data/samples/muscle/H3K4me1/peaks/macs_narrowpeak/H3K4me1_peaks.xls 
INFO  @ Wed, 21 Feb 2024 12:34:19: #4 Write peak in narrowPeak format file... /storage/zhangyanxiaoLab/suzhuojie/projects/Aging_CUT_Tag/data/samples/muscle/H3K4me1/peaks/macs_narrowpeak/H3K4me1_peaks.narrowPeak 
INFO  @ Wed, 21 Feb 2024 12:34:19: #4 Write summits bed file... /storage/zhangyanxiaoLab/suzhuojie/projects/Aging_CUT_Tag/data/samples/muscle/H3K4me1/peaks/macs_narrowpeak/H3K4me1_summits.bed 
INFO  @ Wed, 21 Feb 2024 12:34:19: Done! 
input file: /storage/zhangyanxiaoLab/suzhuojie/projects/Aging_CUT_Tag/data/samples/muscle/H3K4me1/bed/H3K4me1_macs_narrowpeak.bed
output file: /storage/zhangyanxiaoLab/suzhuojie/projects/Aging_CUT_Tag/data/samples/muscle/H3K4me1/bed/H3K4me1_macs_narrowpeak.saf

        ==========     _____ _    _ ____  _____  ______          _____  
        =====         / ____| |  | |  _ \|  __ \|  ____|   /\   |  __ \ 
          =====      | (___ | |  | | |_) | |__) | |__     /  \  | |  | |
            ====      \___ \| |  | |  _ <|  _  /|  __|   / /\ \ | |  | |
              ====    ____) | |__| | |_) | | \ \| |____ / ____ \| |__| |
        ==========   |_____/ \____/|____/|_|  \_\______/_/    \_\_____/
	  v2.0.1

//========================== featureCounts setting ===========================\\
||                                                                            ||
||             Input files : 4 BAM files                                      ||
||                           o LLX283.nodup.bam                               ||
||                           o LLX289.nodup.bam                               ||
||                           o LLX295.nodup.bam                               ||
||                           o LLX301.nodup.bam                               ||
||                                                                            ||
||             Output file : H3K4me1_macs_narrowpeak.counts                   ||
||                 Summary : H3K4me1_macs_narrowpeak.counts.summary           ||
||              Annotation : H3K4me1_macs_narrowpeak.saf (SAF)                ||
||      Dir for temp files : /storage/zhangyanxiaoLab/suzhuojie/projects/ ... ||
||                                                                            ||
||                 Threads : 8                                                ||
||                   Level : meta-feature level                               ||
||              Paired-end : yes                                              ||
||      Multimapping reads : not counted                                      ||
|| Multi-overlapping reads : not counted                                      ||
||   Min overlapping bases : 1                                                ||
||                                                                            ||
||          Chimeric reads : counted                                          ||
||        Both ends mapped : not required                                     ||
||                                                                            ||
\\============================================================================//

//================================= Running ==================================\\
||                                                                            ||
|| Load annotation file H3K4me1_macs_narrowpeak.saf ...                       ||
||    Features : 66253                                                        ||
||    Meta-features : 66253                                                   ||
||    Chromosomes/contigs : 21                                                ||
||                                                                            ||
|| Process BAM file LLX283.nodup.bam...                                       ||
||    Paired-end reads are included.                                          ||
||    Total alignments : 47888629                                             ||
||    Successfully assigned alignments : 5980182 (12.5%)                      ||
||    Running time : 0.23 minutes                                             ||
||                                                                            ||
|| Process BAM file LLX289.nodup.bam...                                       ||
||    Paired-end reads are included.                                          ||
||    Total alignments : 46274139                                             ||
||    Successfully assigned alignments : 5155991 (11.1%)                      ||
||    Running time : 0.23 minutes                                             ||
||                                                                            ||
|| Process BAM file LLX295.nodup.bam...                                       ||
||    Paired-end reads are included.                                          ||
||    Total alignments : 14858103                                             ||
||    Successfully assigned alignments : 1617826 (10.9%)                      ||
||    Running time : 0.08 minutes                                             ||
||                                                                            ||
|| Process BAM file LLX301.nodup.bam...                                       ||
||    Paired-end reads are included.                                          ||
||    Total alignments : 19586531                                             ||
||    Successfully assigned alignments : 2027296 (10.4%)                      ||
||    Running time : 0.11 minutes                                             ||
||                                                                            ||
|| Write the final count table.                                               ||
|| Write the read assignment summary.                                         ||
||                                                                            ||
|| Summary of counting results can be found in file "/storage/zhangyanxiaoLa  ||
|| b/suzhuojie/projects/Aging_CUT_Tag/data/samples/muscle/H3K4me1/H3K4me1_ma  ||
|| cs_narrowpeak.counts.summary"                                              ||
||                                                                            ||
\\============================================================================//

mkdir: cannot create directory ‘/storage/zhangyanxiaoLab/suzhuojie/projects/Aging_CUT_Tag/result/muscle’: File exists
done
