INFO  @ Sun, 25 Feb 2024 12:52:25: 
# Command line: callpeak -t /storage/zhangyanxiaoLab/suzhuojie/projects/Aging_CUT_Tag/data/samples/pancreas/H3K27ac/tmp.merge.bam -f BAMPE -n H3K27ac --outdir /storage/zhangyanxiaoLab/suzhuojie/projects/Aging_CUT_Tag/data/samples/pancreas/H3K27ac/peaks/macs_narrowpeak -g mm --nomodel -q 0.0001 --keep-dup all
# ARGUMENTS LIST:
# name = H3K27ac
# format = BAMPE
# ChIP-seq file = ['/storage/zhangyanxiaoLab/suzhuojie/projects/Aging_CUT_Tag/data/samples/pancreas/H3K27ac/tmp.merge.bam']
# control file = None
# effective genome size = 1.87e+09
# band width = 300
# model fold = [5, 50]
# qvalue cutoff = 1.00e-04
# The maximum gap between significant sites is assigned as the read length/tag size.
# The minimum length of peaks is assigned as the predicted fragment length "d".
# Larger dataset will be scaled towards smaller dataset.
# Range for calculating regional lambda is: 10000 bps
# Broad region calling is off
# Paired-End mode is on
 
INFO  @ Sun, 25 Feb 2024 12:52:25: #1 read fragment files... 
INFO  @ Sun, 25 Feb 2024 12:52:25: #1 read treatment fragments... 
INFO  @ Sun, 25 Feb 2024 12:52:28:  1000000 
INFO  @ Sun, 25 Feb 2024 12:52:30:  2000000 
INFO  @ Sun, 25 Feb 2024 12:52:33:  3000000 
INFO  @ Sun, 25 Feb 2024 12:52:35:  4000000 
INFO  @ Sun, 25 Feb 2024 12:52:38:  5000000 
INFO  @ Sun, 25 Feb 2024 12:52:40:  6000000 
INFO  @ Sun, 25 Feb 2024 12:52:43:  7000000 
INFO  @ Sun, 25 Feb 2024 12:52:45:  8000000 
INFO  @ Sun, 25 Feb 2024 12:52:48:  9000000 
INFO  @ Sun, 25 Feb 2024 12:52:51:  10000000 
INFO  @ Sun, 25 Feb 2024 12:52:53:  11000000 
INFO  @ Sun, 25 Feb 2024 12:52:56:  12000000 
INFO  @ Sun, 25 Feb 2024 12:52:58:  13000000 
INFO  @ Sun, 25 Feb 2024 12:53:01:  14000000 
INFO  @ Sun, 25 Feb 2024 12:53:03:  15000000 
INFO  @ Sun, 25 Feb 2024 12:53:06:  16000000 
INFO  @ Sun, 25 Feb 2024 12:53:08:  17000000 
INFO  @ Sun, 25 Feb 2024 12:53:11:  18000000 
INFO  @ Sun, 25 Feb 2024 12:53:13:  19000000 
INFO  @ Sun, 25 Feb 2024 12:53:16:  20000000 
INFO  @ Sun, 25 Feb 2024 12:53:19:  21000000 
INFO  @ Sun, 25 Feb 2024 12:53:21:  22000000 
INFO  @ Sun, 25 Feb 2024 12:53:24:  23000000 
INFO  @ Sun, 25 Feb 2024 12:53:27:  24000000 
INFO  @ Sun, 25 Feb 2024 12:53:29:  25000000 
INFO  @ Sun, 25 Feb 2024 12:53:32:  26000000 
INFO  @ Sun, 25 Feb 2024 12:53:34:  27000000 
INFO  @ Sun, 25 Feb 2024 12:53:37:  28000000 
INFO  @ Sun, 25 Feb 2024 12:53:39:  29000000 
INFO  @ Sun, 25 Feb 2024 12:53:42:  30000000 
INFO  @ Sun, 25 Feb 2024 12:53:45:  31000000 
INFO  @ Sun, 25 Feb 2024 12:53:47:  32000000 
INFO  @ Sun, 25 Feb 2024 12:53:50:  33000000 
INFO  @ Sun, 25 Feb 2024 12:53:52:  34000000 
INFO  @ Sun, 25 Feb 2024 12:53:55:  35000000 
INFO  @ Sun, 25 Feb 2024 12:53:57:  36000000 
INFO  @ Sun, 25 Feb 2024 12:54:00:  37000000 
INFO  @ Sun, 25 Feb 2024 12:54:03:  38000000 
INFO  @ Sun, 25 Feb 2024 12:54:05:  39000000 
INFO  @ Sun, 25 Feb 2024 12:54:08:  40000000 
INFO  @ Sun, 25 Feb 2024 12:54:10:  41000000 
INFO  @ Sun, 25 Feb 2024 12:54:13:  42000000 
INFO  @ Sun, 25 Feb 2024 12:54:15:  43000000 
INFO  @ Sun, 25 Feb 2024 12:54:18:  44000000 
INFO  @ Sun, 25 Feb 2024 12:54:21:  45000000 
INFO  @ Sun, 25 Feb 2024 12:54:23:  46000000 
INFO  @ Sun, 25 Feb 2024 12:54:26:  47000000 
INFO  @ Sun, 25 Feb 2024 12:54:28:  48000000 
INFO  @ Sun, 25 Feb 2024 12:54:31:  49000000 
INFO  @ Sun, 25 Feb 2024 12:54:33:  50000000 
INFO  @ Sun, 25 Feb 2024 12:54:36:  51000000 
INFO  @ Sun, 25 Feb 2024 12:54:38:  52000000 
INFO  @ Sun, 25 Feb 2024 12:54:41:  53000000 
INFO  @ Sun, 25 Feb 2024 12:54:43:  54000000 
INFO  @ Sun, 25 Feb 2024 12:54:46:  55000000 
INFO  @ Sun, 25 Feb 2024 12:54:49:  56000000 
INFO  @ Sun, 25 Feb 2024 12:54:51:  57000000 
INFO  @ Sun, 25 Feb 2024 12:54:54:  58000000 
INFO  @ Sun, 25 Feb 2024 12:54:56:  59000000 
INFO  @ Sun, 25 Feb 2024 12:54:59:  60000000 
INFO  @ Sun, 25 Feb 2024 12:55:01:  61000000 
INFO  @ Sun, 25 Feb 2024 12:55:04:  62000000 
INFO  @ Sun, 25 Feb 2024 12:55:07:  63000000 
INFO  @ Sun, 25 Feb 2024 12:55:09:  64000000 
INFO  @ Sun, 25 Feb 2024 12:55:12:  65000000 
INFO  @ Sun, 25 Feb 2024 12:55:14:  66000000 
INFO  @ Sun, 25 Feb 2024 12:55:17:  67000000 
INFO  @ Sun, 25 Feb 2024 12:55:19:  68000000 
INFO  @ Sun, 25 Feb 2024 12:55:22:  69000000 
INFO  @ Sun, 25 Feb 2024 12:55:25:  70000000 
INFO  @ Sun, 25 Feb 2024 12:55:27:  71000000 
INFO  @ Sun, 25 Feb 2024 12:55:30:  72000000 
INFO  @ Sun, 25 Feb 2024 12:55:32:  73000000 
INFO  @ Sun, 25 Feb 2024 12:55:35:  74000000 
INFO  @ Sun, 25 Feb 2024 12:55:37:  75000000 
INFO  @ Sun, 25 Feb 2024 12:55:40:  76000000 
INFO  @ Sun, 25 Feb 2024 12:55:42:  77000000 
INFO  @ Sun, 25 Feb 2024 12:55:45:  78000000 
INFO  @ Sun, 25 Feb 2024 12:55:47:  79000000 
INFO  @ Sun, 25 Feb 2024 12:55:50:  80000000 
INFO  @ Sun, 25 Feb 2024 12:55:53:  81000000 
INFO  @ Sun, 25 Feb 2024 12:55:55:  82000000 
INFO  @ Sun, 25 Feb 2024 12:55:58:  83000000 
INFO  @ Sun, 25 Feb 2024 12:56:00:  84000000 
INFO  @ Sun, 25 Feb 2024 12:56:03:  85000000 
INFO  @ Sun, 25 Feb 2024 12:56:06:  86000000 
INFO  @ Sun, 25 Feb 2024 12:56:08:  87000000 
INFO  @ Sun, 25 Feb 2024 12:56:11:  88000000 
INFO  @ Sun, 25 Feb 2024 12:56:13:  89000000 
INFO  @ Sun, 25 Feb 2024 12:56:16:  90000000 
INFO  @ Sun, 25 Feb 2024 12:56:19:  91000000 
INFO  @ Sun, 25 Feb 2024 12:56:21:  92000000 
INFO  @ Sun, 25 Feb 2024 12:56:24:  93000000 
INFO  @ Sun, 25 Feb 2024 12:56:26:  94000000 
INFO  @ Sun, 25 Feb 2024 12:56:29:  95000000 
INFO  @ Sun, 25 Feb 2024 12:56:31:  96000000 
INFO  @ Sun, 25 Feb 2024 12:56:34:  97000000 
INFO  @ Sun, 25 Feb 2024 12:56:36:  98000000 
INFO  @ Sun, 25 Feb 2024 12:56:39:  99000000 
INFO  @ Sun, 25 Feb 2024 12:56:42:  100000000 
INFO  @ Sun, 25 Feb 2024 12:56:44:  101000000 
INFO  @ Sun, 25 Feb 2024 12:56:47:  102000000 
INFO  @ Sun, 25 Feb 2024 12:56:49:  103000000 
INFO  @ Sun, 25 Feb 2024 12:56:52:  104000000 
INFO  @ Sun, 25 Feb 2024 12:56:54:  105000000 
INFO  @ Sun, 25 Feb 2024 12:56:57:  106000000 
INFO  @ Sun, 25 Feb 2024 12:56:59:  107000000 
INFO  @ Sun, 25 Feb 2024 12:57:02:  108000000 
INFO  @ Sun, 25 Feb 2024 12:57:04:  109000000 
INFO  @ Sun, 25 Feb 2024 12:57:07:  110000000 
INFO  @ Sun, 25 Feb 2024 12:57:10:  111000000 
INFO  @ Sun, 25 Feb 2024 12:57:12:  112000000 
INFO  @ Sun, 25 Feb 2024 12:57:15:  113000000 
INFO  @ Sun, 25 Feb 2024 12:57:17:  114000000 
INFO  @ Sun, 25 Feb 2024 12:57:20:  115000000 
INFO  @ Sun, 25 Feb 2024 12:57:22:  116000000 
INFO  @ Sun, 25 Feb 2024 12:57:25:  117000000 
INFO  @ Sun, 25 Feb 2024 12:57:27:  118000000 
INFO  @ Sun, 25 Feb 2024 12:57:30:  119000000 
INFO  @ Sun, 25 Feb 2024 12:57:33:  120000000 
INFO  @ Sun, 25 Feb 2024 12:57:35:  121000000 
INFO  @ Sun, 25 Feb 2024 12:57:38:  122000000 
INFO  @ Sun, 25 Feb 2024 12:57:40:  123000000 
INFO  @ Sun, 25 Feb 2024 12:57:43:  124000000 
INFO  @ Sun, 25 Feb 2024 12:57:45:  125000000 
INFO  @ Sun, 25 Feb 2024 12:57:48:  126000000 
INFO  @ Sun, 25 Feb 2024 12:57:50:  127000000 
INFO  @ Sun, 25 Feb 2024 12:57:53:  128000000 
INFO  @ Sun, 25 Feb 2024 12:57:56:  129000000 
INFO  @ Sun, 25 Feb 2024 12:57:58:  130000000 
INFO  @ Sun, 25 Feb 2024 12:58:01:  131000000 
INFO  @ Sun, 25 Feb 2024 12:58:03:  132000000 
INFO  @ Sun, 25 Feb 2024 12:58:06:  133000000 
INFO  @ Sun, 25 Feb 2024 12:58:08:  134000000 
INFO  @ Sun, 25 Feb 2024 12:58:11:  135000000 
INFO  @ Sun, 25 Feb 2024 12:58:14:  136000000 
INFO  @ Sun, 25 Feb 2024 12:58:16:  137000000 
INFO  @ Sun, 25 Feb 2024 12:58:21: 137876220 fragments have been read. 
INFO  @ Sun, 25 Feb 2024 12:59:29: #1 mean fragment size is determined as 269.4 bp from treatment 
INFO  @ Sun, 25 Feb 2024 12:59:29: #1 fragment size = 269.4 
INFO  @ Sun, 25 Feb 2024 12:59:29: #1  total fragments in treatment: 137876220 
INFO  @ Sun, 25 Feb 2024 12:59:29: #1 finished! 
INFO  @ Sun, 25 Feb 2024 12:59:29: #2 Build Peak Model... 
INFO  @ Sun, 25 Feb 2024 12:59:29: #2 Skipped... 
INFO  @ Sun, 25 Feb 2024 12:59:29: #3 Call peaks... 
INFO  @ Sun, 25 Feb 2024 12:59:29: #3 Pre-compute pvalue-qvalue table... 
INFO  @ Sun, 25 Feb 2024 13:05:06: #3 Call peaks for each chromosome... 
INFO  @ Sun, 25 Feb 2024 13:07:55: #4 Write output xls file... /storage/zhangyanxiaoLab/suzhuojie/projects/Aging_CUT_Tag/data/samples/pancreas/H3K27ac/peaks/macs_narrowpeak/H3K27ac_peaks.xls 
INFO  @ Sun, 25 Feb 2024 13:07:55: #4 Write peak in narrowPeak format file... /storage/zhangyanxiaoLab/suzhuojie/projects/Aging_CUT_Tag/data/samples/pancreas/H3K27ac/peaks/macs_narrowpeak/H3K27ac_peaks.narrowPeak 
INFO  @ Sun, 25 Feb 2024 13:07:55: #4 Write summits bed file... /storage/zhangyanxiaoLab/suzhuojie/projects/Aging_CUT_Tag/data/samples/pancreas/H3K27ac/peaks/macs_narrowpeak/H3K27ac_summits.bed 
INFO  @ Sun, 25 Feb 2024 13:07:55: Done! 
During startup - Warning messages:
1: Setting LC_CTYPE failed, using "C" 
2: Setting LC_COLLATE failed, using "C" 
3: Setting LC_TIME failed, using "C" 
4: Setting LC_MESSAGES failed, using "C" 
5: Setting LC_MONETARY failed, using "C" 
6: Setting LC_PAPER failed, using "C" 
7: Setting LC_MEASUREMENT failed, using "C" 
input file: /storage/zhangyanxiaoLab/suzhuojie/projects/Aging_CUT_Tag/data/samples/pancreas/H3K27ac/bed/H3K27ac_macs_narrowpeak.bed
output file: /storage/zhangyanxiaoLab/suzhuojie/projects/Aging_CUT_Tag/data/samples/pancreas/H3K27ac/bed/H3K27ac_macs_narrowpeak.saf

        ==========     _____ _    _ ____  _____  ______          _____  
        =====         / ____| |  | |  _ \|  __ \|  ____|   /\   |  __ \ 
          =====      | (___ | |  | | |_) | |__) | |__     /  \  | |  | |
            ====      \___ \| |  | |  _ <|  _  /|  __|   / /\ \ | |  | |
              ====    ____) | |__| | |_) | | \ \| |____ / ____ \| |__| |
        ==========   |_____/ \____/|____/|_|  \_\______/_/    \_\_____/
	  v2.0.1

//========================== featureCounts setting ===========================\\
||                                                                            ||
||             Input files : 4 BAM files                                      ||
||                           o SZJ165.nodup.bam                               ||
||                           o SZJ171.nodup.bam                               ||
||                           o SZJ179.nodup.bam                               ||
||                           o SZJ185.nodup.bam                               ||
||                                                                            ||
||             Output file : H3K27ac_macs_narrowpeak.counts                   ||
||                 Summary : H3K27ac_macs_narrowpeak.counts.summary           ||
||              Annotation : H3K27ac_macs_narrowpeak.saf (SAF)                ||
||      Dir for temp files : /storage/zhangyanxiaoLab/suzhuojie/projects/ ... ||
||                                                                            ||
||                 Threads : 8                                                ||
||                   Level : meta-feature level                               ||
||              Paired-end : yes                                              ||
||      Multimapping reads : not counted                                      ||
|| Multi-overlapping reads : not counted                                      ||
||   Min overlapping bases : 1                                                ||
||                                                                            ||
||          Chimeric reads : counted                                          ||
||        Both ends mapped : not required                                     ||
||                                                                            ||
\\============================================================================//

//================================= Running ==================================\\
||                                                                            ||
|| Load annotation file H3K27ac_macs_narrowpeak.saf ...                       ||
||    Features : 79352                                                        ||
||    Meta-features : 79352                                                   ||
||    Chromosomes/contigs : 21                                                ||
||                                                                            ||
|| Process BAM file SZJ165.nodup.bam...                                       ||
||    Paired-end reads are included.                                          ||
||    Total alignments : 35784214                                             ||
||    Successfully assigned alignments : 13626054 (38.1%)                     ||
||    Running time : 0.21 minutes                                             ||
||                                                                            ||
|| Process BAM file SZJ171.nodup.bam...                                       ||
||    Paired-end reads are included.                                          ||
||    Total alignments : 69037556                                             ||
||    Successfully assigned alignments : 19994608 (29.0%)                     ||
||    Running time : 0.38 minutes                                             ||
||                                                                            ||
|| Process BAM file SZJ179.nodup.bam...                                       ||
||    Paired-end reads are included.                                          ||
||    Total alignments : 25123272                                             ||
||    Successfully assigned alignments : 6505348 (25.9%)                      ||
||    Running time : 0.15 minutes                                             ||
||                                                                            ||
|| Process BAM file SZJ185.nodup.bam...                                       ||
||    Paired-end reads are included.                                          ||
||    Total alignments : 19261646                                             ||
||    Successfully assigned alignments : 4577397 (23.8%)                      ||
||    Running time : 0.11 minutes                                             ||
||                                                                            ||
|| Write the final count table.                                               ||
|| Write the read assignment summary.                                         ||
||                                                                            ||
|| Summary of counting results can be found in file "/storage/zhangyanxiaoLa  ||
|| b/suzhuojie/projects/Aging_CUT_Tag/data/samples/pancreas/H3K27ac/H3K27ac_  ||
|| macs_narrowpeak.counts.summary"                                            ||
||                                                                            ||
\\============================================================================//

mkdir: cannot create directory '/storage/zhangyanxiaoLab/suzhuojie/projects/Aging_CUT_Tag/result/pancreas': File exists
done
INFO  @ Sun, 25 Feb 2024 13:18:28: 
# Command line: callpeak -t /storage/zhangyanxiaoLab/suzhuojie/projects/Aging_CUT_Tag/data/samples/pancreas/H3K4me3/tmp.merge.bam -f BAMPE -n H3K4me3 --outdir /storage/zhangyanxiaoLab/suzhuojie/projects/Aging_CUT_Tag/data/samples/pancreas/H3K4me3/peaks/macs_narrowpeak -g mm --nomodel -q 0.0001 --keep-dup all
# ARGUMENTS LIST:
# name = H3K4me3
# format = BAMPE
# ChIP-seq file = ['/storage/zhangyanxiaoLab/suzhuojie/projects/Aging_CUT_Tag/data/samples/pancreas/H3K4me3/tmp.merge.bam']
# control file = None
# effective genome size = 1.87e+09
# band width = 300
# model fold = [5, 50]
# qvalue cutoff = 1.00e-04
# The maximum gap between significant sites is assigned as the read length/tag size.
# The minimum length of peaks is assigned as the predicted fragment length "d".
# Larger dataset will be scaled towards smaller dataset.
# Range for calculating regional lambda is: 10000 bps
# Broad region calling is off
# Paired-End mode is on
 
INFO  @ Sun, 25 Feb 2024 13:18:28: #1 read fragment files... 
INFO  @ Sun, 25 Feb 2024 13:18:28: #1 read treatment fragments... 
INFO  @ Sun, 25 Feb 2024 13:18:30:  1000000 
INFO  @ Sun, 25 Feb 2024 13:18:33:  2000000 
INFO  @ Sun, 25 Feb 2024 13:18:36:  3000000 
INFO  @ Sun, 25 Feb 2024 13:18:38:  4000000 
INFO  @ Sun, 25 Feb 2024 13:18:41:  5000000 
INFO  @ Sun, 25 Feb 2024 13:18:44:  6000000 
INFO  @ Sun, 25 Feb 2024 13:18:46:  7000000 
INFO  @ Sun, 25 Feb 2024 13:18:49:  8000000 
INFO  @ Sun, 25 Feb 2024 13:18:52:  9000000 
INFO  @ Sun, 25 Feb 2024 13:18:54:  10000000 
INFO  @ Sun, 25 Feb 2024 13:18:57:  11000000 
INFO  @ Sun, 25 Feb 2024 13:19:00:  12000000 
INFO  @ Sun, 25 Feb 2024 13:19:02:  13000000 
INFO  @ Sun, 25 Feb 2024 13:19:05:  14000000 
INFO  @ Sun, 25 Feb 2024 13:19:08:  15000000 
INFO  @ Sun, 25 Feb 2024 13:19:11:  16000000 
INFO  @ Sun, 25 Feb 2024 13:19:15:  17000000 
INFO  @ Sun, 25 Feb 2024 13:19:17:  18000000 
INFO  @ Sun, 25 Feb 2024 13:19:20:  19000000 
INFO  @ Sun, 25 Feb 2024 13:19:23:  20000000 
INFO  @ Sun, 25 Feb 2024 13:19:25:  21000000 
INFO  @ Sun, 25 Feb 2024 13:19:28:  22000000 
INFO  @ Sun, 25 Feb 2024 13:19:30:  23000000 
INFO  @ Sun, 25 Feb 2024 13:19:33:  24000000 
INFO  @ Sun, 25 Feb 2024 13:19:36:  25000000 
INFO  @ Sun, 25 Feb 2024 13:19:39:  26000000 
INFO  @ Sun, 25 Feb 2024 13:19:41:  27000000 
INFO  @ Sun, 25 Feb 2024 13:19:44:  28000000 
INFO  @ Sun, 25 Feb 2024 13:19:47:  29000000 
INFO  @ Sun, 25 Feb 2024 13:19:49:  30000000 
INFO  @ Sun, 25 Feb 2024 13:19:52:  31000000 
INFO  @ Sun, 25 Feb 2024 13:19:54:  32000000 
INFO  @ Sun, 25 Feb 2024 13:19:57:  33000000 
INFO  @ Sun, 25 Feb 2024 13:20:00:  34000000 
INFO  @ Sun, 25 Feb 2024 13:20:02:  35000000 
INFO  @ Sun, 25 Feb 2024 13:20:05:  36000000 
INFO  @ Sun, 25 Feb 2024 13:20:08:  37000000 
INFO  @ Sun, 25 Feb 2024 13:20:10:  38000000 
INFO  @ Sun, 25 Feb 2024 13:20:13:  39000000 
INFO  @ Sun, 25 Feb 2024 13:20:16:  40000000 
INFO  @ Sun, 25 Feb 2024 13:20:18:  41000000 
INFO  @ Sun, 25 Feb 2024 13:20:23:  42000000 
INFO  @ Sun, 25 Feb 2024 13:20:26:  43000000 
INFO  @ Sun, 25 Feb 2024 13:20:28:  44000000 
INFO  @ Sun, 25 Feb 2024 13:20:31:  45000000 
INFO  @ Sun, 25 Feb 2024 13:20:34:  46000000 
INFO  @ Sun, 25 Feb 2024 13:20:36:  47000000 
INFO  @ Sun, 25 Feb 2024 13:20:39:  48000000 
INFO  @ Sun, 25 Feb 2024 13:20:42:  49000000 
INFO  @ Sun, 25 Feb 2024 13:20:44:  50000000 
INFO  @ Sun, 25 Feb 2024 13:20:47:  51000000 
INFO  @ Sun, 25 Feb 2024 13:20:50:  52000000 
INFO  @ Sun, 25 Feb 2024 13:20:52:  53000000 
INFO  @ Sun, 25 Feb 2024 13:20:55:  54000000 
INFO  @ Sun, 25 Feb 2024 13:20:58:  55000000 
INFO  @ Sun, 25 Feb 2024 13:21:00:  56000000 
INFO  @ Sun, 25 Feb 2024 13:21:03:  57000000 
INFO  @ Sun, 25 Feb 2024 13:21:06:  58000000 
INFO  @ Sun, 25 Feb 2024 13:21:08:  59000000 
INFO  @ Sun, 25 Feb 2024 13:21:11:  60000000 
INFO  @ Sun, 25 Feb 2024 13:21:14:  61000000 
INFO  @ Sun, 25 Feb 2024 13:21:16:  62000000 
INFO  @ Sun, 25 Feb 2024 13:21:19:  63000000 
INFO  @ Sun, 25 Feb 2024 13:21:22:  64000000 
INFO  @ Sun, 25 Feb 2024 13:21:24:  65000000 
INFO  @ Sun, 25 Feb 2024 13:21:27:  66000000 
INFO  @ Sun, 25 Feb 2024 13:21:30:  67000000 
INFO  @ Sun, 25 Feb 2024 13:21:32:  68000000 
INFO  @ Sun, 25 Feb 2024 13:21:35:  69000000 
INFO  @ Sun, 25 Feb 2024 13:21:38:  70000000 
INFO  @ Sun, 25 Feb 2024 13:21:40:  71000000 
INFO  @ Sun, 25 Feb 2024 13:21:43:  72000000 
INFO  @ Sun, 25 Feb 2024 13:21:46:  73000000 
INFO  @ Sun, 25 Feb 2024 13:21:49:  74000000 
INFO  @ Sun, 25 Feb 2024 13:21:52:  75000000 
INFO  @ Sun, 25 Feb 2024 13:21:55:  76000000 
INFO  @ Sun, 25 Feb 2024 13:21:58:  77000000 
INFO  @ Sun, 25 Feb 2024 13:22:00:  78000000 
INFO  @ Sun, 25 Feb 2024 13:22:04:  79000000 
INFO  @ Sun, 25 Feb 2024 13:22:06:  80000000 
INFO  @ Sun, 25 Feb 2024 13:22:09:  81000000 
INFO  @ Sun, 25 Feb 2024 13:22:12:  82000000 
INFO  @ Sun, 25 Feb 2024 13:22:15:  83000000 
INFO  @ Sun, 25 Feb 2024 13:22:18:  84000000 
INFO  @ Sun, 25 Feb 2024 13:22:30: 84762938 fragments have been read. 
INFO  @ Sun, 25 Feb 2024 13:23:10: #1 mean fragment size is determined as 302.3 bp from treatment 
INFO  @ Sun, 25 Feb 2024 13:23:10: #1 fragment size = 302.3 
INFO  @ Sun, 25 Feb 2024 13:23:10: #1  total fragments in treatment: 84762938 
INFO  @ Sun, 25 Feb 2024 13:23:10: #1 finished! 
INFO  @ Sun, 25 Feb 2024 13:23:10: #2 Build Peak Model... 
INFO  @ Sun, 25 Feb 2024 13:23:10: #2 Skipped... 
INFO  @ Sun, 25 Feb 2024 13:23:10: #3 Call peaks... 
INFO  @ Sun, 25 Feb 2024 13:23:10: #3 Pre-compute pvalue-qvalue table... 
INFO  @ Sun, 25 Feb 2024 13:26:58: #3 Call peaks for each chromosome... 
INFO  @ Sun, 25 Feb 2024 13:28:23: #4 Write output xls file... /storage/zhangyanxiaoLab/suzhuojie/projects/Aging_CUT_Tag/data/samples/pancreas/H3K4me3/peaks/macs_narrowpeak/H3K4me3_peaks.xls 
INFO  @ Sun, 25 Feb 2024 13:28:23: #4 Write peak in narrowPeak format file... /storage/zhangyanxiaoLab/suzhuojie/projects/Aging_CUT_Tag/data/samples/pancreas/H3K4me3/peaks/macs_narrowpeak/H3K4me3_peaks.narrowPeak 
INFO  @ Sun, 25 Feb 2024 13:28:23: #4 Write summits bed file... /storage/zhangyanxiaoLab/suzhuojie/projects/Aging_CUT_Tag/data/samples/pancreas/H3K4me3/peaks/macs_narrowpeak/H3K4me3_summits.bed 
INFO  @ Sun, 25 Feb 2024 13:28:23: Done! 
During startup - Warning messages:
1: Setting LC_CTYPE failed, using "C" 
2: Setting LC_COLLATE failed, using "C" 
3: Setting LC_TIME failed, using "C" 
4: Setting LC_MESSAGES failed, using "C" 
5: Setting LC_MONETARY failed, using "C" 
6: Setting LC_PAPER failed, using "C" 
7: Setting LC_MEASUREMENT failed, using "C" 
input file: /storage/zhangyanxiaoLab/suzhuojie/projects/Aging_CUT_Tag/data/samples/pancreas/H3K4me3/bed/H3K4me3_macs_narrowpeak.bed
output file: /storage/zhangyanxiaoLab/suzhuojie/projects/Aging_CUT_Tag/data/samples/pancreas/H3K4me3/bed/H3K4me3_macs_narrowpeak.saf

        ==========     _____ _    _ ____  _____  ______          _____  
        =====         / ____| |  | |  _ \|  __ \|  ____|   /\   |  __ \ 
          =====      | (___ | |  | | |_) | |__) | |__     /  \  | |  | |
            ====      \___ \| |  | |  _ <|  _  /|  __|   / /\ \ | |  | |
              ====    ____) | |__| | |_) | | \ \| |____ / ____ \| |__| |
        ==========   |_____/ \____/|____/|_|  \_\______/_/    \_\_____/
	  v2.0.1

//========================== featureCounts setting ===========================\\
||                                                                            ||
||             Input files : 4 BAM files                                      ||
||                           o SZJ167.nodup.bam                               ||
||                           o SZJ173.nodup.bam                               ||
||                           o SZJ181.nodup.bam                               ||
||                           o SZJ187.nodup.bam                               ||
||                                                                            ||
||             Output file : H3K4me3_macs_narrowpeak.counts                   ||
||                 Summary : H3K4me3_macs_narrowpeak.counts.summary           ||
||              Annotation : H3K4me3_macs_narrowpeak.saf (SAF)                ||
||      Dir for temp files : /storage/zhangyanxiaoLab/suzhuojie/projects/ ... ||
||                                                                            ||
||                 Threads : 8                                                ||
||                   Level : meta-feature level                               ||
||              Paired-end : yes                                              ||
||      Multimapping reads : not counted                                      ||
|| Multi-overlapping reads : not counted                                      ||
||   Min overlapping bases : 1                                                ||
||                                                                            ||
||          Chimeric reads : counted                                          ||
||        Both ends mapped : not required                                     ||
||                                                                            ||
\\============================================================================//

//================================= Running ==================================\\
||                                                                            ||
|| Load annotation file H3K4me3_macs_narrowpeak.saf ...                       ||
||    Features : 52007                                                        ||
||    Meta-features : 52007                                                   ||
||    Chromosomes/contigs : 21                                                ||
||                                                                            ||
|| Process BAM file SZJ167.nodup.bam...                                       ||
||    Paired-end reads are included.                                          ||
||    Total alignments : 35880985                                             ||
||    Successfully assigned alignments : 11393297 (31.8%)                     ||
||    Running time : 0.27 minutes                                             ||
||                                                                            ||
|| Process BAM file SZJ173.nodup.bam...                                       ||
||    Paired-end reads are included.                                          ||
||    Total alignments : 37549496                                             ||
||    Successfully assigned alignments : 7987481 (21.3%)                      ||
||    Running time : 0.29 minutes                                             ||
||                                                                            ||
|| Process BAM file SZJ181.nodup.bam...                                       ||
||    Paired-end reads are included.                                          ||
||    Total alignments : 15489499                                             ||
||    Successfully assigned alignments : 3059780 (19.8%)                      ||
||    Running time : 0.13 minutes                                             ||
||                                                                            ||
|| Process BAM file SZJ187.nodup.bam...                                       ||
||    Paired-end reads are included.                                          ||
||    Total alignments : 12016478                                             ||
||    Successfully assigned alignments : 2246042 (18.7%)                      ||
||    Running time : 0.10 minutes                                             ||
||                                                                            ||
|| Write the final count table.                                               ||
|| Write the read assignment summary.                                         ||
||                                                                            ||
|| Summary of counting results can be found in file "/storage/zhangyanxiaoLa  ||
|| b/suzhuojie/projects/Aging_CUT_Tag/data/samples/pancreas/H3K4me3/H3K4me3_  ||
|| macs_narrowpeak.counts.summary"                                            ||
||                                                                            ||
\\============================================================================//

mkdir: cannot create directory '/storage/zhangyanxiaoLab/suzhuojie/projects/Aging_CUT_Tag/result/pancreas': File exists
done
INFO  @ Sun, 25 Feb 2024 13:40:25: 
# Command line: callpeak -t /storage/zhangyanxiaoLab/suzhuojie/projects/Aging_CUT_Tag/data/samples/pancreas/H3K4me1/tmp.merge.bam -f BAMPE -n H3K4me1 --outdir /storage/zhangyanxiaoLab/suzhuojie/projects/Aging_CUT_Tag/data/samples/pancreas/H3K4me1/peaks/macs_narrowpeak -g mm --nomodel -q 0.0001 --keep-dup all
# ARGUMENTS LIST:
# name = H3K4me1
# format = BAMPE
# ChIP-seq file = ['/storage/zhangyanxiaoLab/suzhuojie/projects/Aging_CUT_Tag/data/samples/pancreas/H3K4me1/tmp.merge.bam']
# control file = None
# effective genome size = 1.87e+09
# band width = 300
# model fold = [5, 50]
# qvalue cutoff = 1.00e-04
# The maximum gap between significant sites is assigned as the read length/tag size.
# The minimum length of peaks is assigned as the predicted fragment length "d".
# Larger dataset will be scaled towards smaller dataset.
# Range for calculating regional lambda is: 10000 bps
# Broad region calling is off
# Paired-End mode is on
 
INFO  @ Sun, 25 Feb 2024 13:40:25: #1 read fragment files... 
INFO  @ Sun, 25 Feb 2024 13:40:25: #1 read treatment fragments... 
INFO  @ Sun, 25 Feb 2024 13:40:27:  1000000 
INFO  @ Sun, 25 Feb 2024 13:40:30:  2000000 
INFO  @ Sun, 25 Feb 2024 13:40:33:  3000000 
INFO  @ Sun, 25 Feb 2024 13:40:36:  4000000 
INFO  @ Sun, 25 Feb 2024 13:40:38:  5000000 
INFO  @ Sun, 25 Feb 2024 13:40:41:  6000000 
INFO  @ Sun, 25 Feb 2024 13:40:43:  7000000 
INFO  @ Sun, 25 Feb 2024 13:40:46:  8000000 
INFO  @ Sun, 25 Feb 2024 13:40:49:  9000000 
INFO  @ Sun, 25 Feb 2024 13:40:51:  10000000 
INFO  @ Sun, 25 Feb 2024 13:40:54:  11000000 
INFO  @ Sun, 25 Feb 2024 13:40:56:  12000000 
INFO  @ Sun, 25 Feb 2024 13:40:59:  13000000 
INFO  @ Sun, 25 Feb 2024 13:41:01:  14000000 
INFO  @ Sun, 25 Feb 2024 13:41:04:  15000000 
INFO  @ Sun, 25 Feb 2024 13:41:07:  16000000 
INFO  @ Sun, 25 Feb 2024 13:41:09:  17000000 
INFO  @ Sun, 25 Feb 2024 13:41:12:  18000000 
INFO  @ Sun, 25 Feb 2024 13:41:14:  19000000 
INFO  @ Sun, 25 Feb 2024 13:41:17:  20000000 
INFO  @ Sun, 25 Feb 2024 13:41:20:  21000000 
INFO  @ Sun, 25 Feb 2024 13:41:22:  22000000 
INFO  @ Sun, 25 Feb 2024 13:41:25:  23000000 
INFO  @ Sun, 25 Feb 2024 13:41:27:  24000000 
INFO  @ Sun, 25 Feb 2024 13:41:30:  25000000 
INFO  @ Sun, 25 Feb 2024 13:41:33:  26000000 
INFO  @ Sun, 25 Feb 2024 13:41:35:  27000000 
INFO  @ Sun, 25 Feb 2024 13:41:38:  28000000 
INFO  @ Sun, 25 Feb 2024 13:41:40:  29000000 
INFO  @ Sun, 25 Feb 2024 13:41:43:  30000000 
INFO  @ Sun, 25 Feb 2024 13:41:46:  31000000 
INFO  @ Sun, 25 Feb 2024 13:41:48:  32000000 
INFO  @ Sun, 25 Feb 2024 13:41:51:  33000000 
INFO  @ Sun, 25 Feb 2024 13:41:54:  34000000 
INFO  @ Sun, 25 Feb 2024 13:41:56:  35000000 
INFO  @ Sun, 25 Feb 2024 13:41:59:  36000000 
INFO  @ Sun, 25 Feb 2024 13:42:01:  37000000 
INFO  @ Sun, 25 Feb 2024 13:42:04:  38000000 
INFO  @ Sun, 25 Feb 2024 13:42:07:  39000000 
INFO  @ Sun, 25 Feb 2024 13:42:09:  40000000 
INFO  @ Sun, 25 Feb 2024 13:42:12:  41000000 
INFO  @ Sun, 25 Feb 2024 13:42:14:  42000000 
INFO  @ Sun, 25 Feb 2024 13:42:17:  43000000 
INFO  @ Sun, 25 Feb 2024 13:42:20:  44000000 
INFO  @ Sun, 25 Feb 2024 13:42:22:  45000000 
INFO  @ Sun, 25 Feb 2024 13:42:25:  46000000 
INFO  @ Sun, 25 Feb 2024 13:42:28:  47000000 
INFO  @ Sun, 25 Feb 2024 13:42:30:  48000000 
INFO  @ Sun, 25 Feb 2024 13:42:33:  49000000 
INFO  @ Sun, 25 Feb 2024 13:42:36:  50000000 
INFO  @ Sun, 25 Feb 2024 13:42:38:  51000000 
INFO  @ Sun, 25 Feb 2024 13:42:41:  52000000 
INFO  @ Sun, 25 Feb 2024 13:42:43:  53000000 
INFO  @ Sun, 25 Feb 2024 13:42:46:  54000000 
INFO  @ Sun, 25 Feb 2024 13:42:49:  55000000 
INFO  @ Sun, 25 Feb 2024 13:42:51:  56000000 
INFO  @ Sun, 25 Feb 2024 13:42:54:  57000000 
INFO  @ Sun, 25 Feb 2024 13:42:56:  58000000 
INFO  @ Sun, 25 Feb 2024 13:42:59:  59000000 
INFO  @ Sun, 25 Feb 2024 13:43:02:  60000000 
INFO  @ Sun, 25 Feb 2024 13:43:04:  61000000 
INFO  @ Sun, 25 Feb 2024 13:43:07:  62000000 
INFO  @ Sun, 25 Feb 2024 13:43:10:  63000000 
INFO  @ Sun, 25 Feb 2024 13:43:12:  64000000 
INFO  @ Sun, 25 Feb 2024 13:43:15:  65000000 
INFO  @ Sun, 25 Feb 2024 13:43:17:  66000000 
INFO  @ Sun, 25 Feb 2024 13:43:20:  67000000 
INFO  @ Sun, 25 Feb 2024 13:43:23:  68000000 
INFO  @ Sun, 25 Feb 2024 13:43:25:  69000000 
INFO  @ Sun, 25 Feb 2024 13:43:28:  70000000 
INFO  @ Sun, 25 Feb 2024 13:43:30:  71000000 
INFO  @ Sun, 25 Feb 2024 13:43:33:  72000000 
INFO  @ Sun, 25 Feb 2024 13:43:36:  73000000 
INFO  @ Sun, 25 Feb 2024 13:43:38:  74000000 
INFO  @ Sun, 25 Feb 2024 13:43:41:  75000000 
INFO  @ Sun, 25 Feb 2024 13:43:43:  76000000 
INFO  @ Sun, 25 Feb 2024 13:43:46:  77000000 
INFO  @ Sun, 25 Feb 2024 13:43:49:  78000000 
INFO  @ Sun, 25 Feb 2024 13:43:51:  79000000 
INFO  @ Sun, 25 Feb 2024 13:43:54:  80000000 
INFO  @ Sun, 25 Feb 2024 13:43:57:  81000000 
INFO  @ Sun, 25 Feb 2024 13:43:59:  82000000 
INFO  @ Sun, 25 Feb 2024 13:44:02:  83000000 
INFO  @ Sun, 25 Feb 2024 13:44:04:  84000000 
INFO  @ Sun, 25 Feb 2024 13:44:07:  85000000 
INFO  @ Sun, 25 Feb 2024 13:44:10:  86000000 
INFO  @ Sun, 25 Feb 2024 13:44:12:  87000000 
INFO  @ Sun, 25 Feb 2024 13:44:15:  88000000 
INFO  @ Sun, 25 Feb 2024 13:44:17:  89000000 
INFO  @ Sun, 25 Feb 2024 13:44:20:  90000000 
INFO  @ Sun, 25 Feb 2024 13:44:23:  91000000 
INFO  @ Sun, 25 Feb 2024 13:44:25:  92000000 
INFO  @ Sun, 25 Feb 2024 13:44:28:  93000000 
INFO  @ Sun, 25 Feb 2024 13:44:30:  94000000 
INFO  @ Sun, 25 Feb 2024 13:44:33:  95000000 
INFO  @ Sun, 25 Feb 2024 13:44:36:  96000000 
INFO  @ Sun, 25 Feb 2024 13:44:38:  97000000 
INFO  @ Sun, 25 Feb 2024 13:44:41:  98000000 
INFO  @ Sun, 25 Feb 2024 13:44:43:  99000000 
INFO  @ Sun, 25 Feb 2024 13:44:46:  100000000 
INFO  @ Sun, 25 Feb 2024 13:44:49:  101000000 
INFO  @ Sun, 25 Feb 2024 13:44:51:  102000000 
INFO  @ Sun, 25 Feb 2024 13:44:54:  103000000 
INFO  @ Sun, 25 Feb 2024 13:44:56:  104000000 
INFO  @ Sun, 25 Feb 2024 13:44:59:  105000000 
INFO  @ Sun, 25 Feb 2024 13:45:01:  106000000 
INFO  @ Sun, 25 Feb 2024 13:45:04:  107000000 
INFO  @ Sun, 25 Feb 2024 13:45:07:  108000000 
INFO  @ Sun, 25 Feb 2024 13:45:09:  109000000 
INFO  @ Sun, 25 Feb 2024 13:45:12:  110000000 
INFO  @ Sun, 25 Feb 2024 13:45:15:  111000000 
INFO  @ Sun, 25 Feb 2024 13:45:17:  112000000 
INFO  @ Sun, 25 Feb 2024 13:45:20:  113000000 
INFO  @ Sun, 25 Feb 2024 13:45:23:  114000000 
INFO  @ Sun, 25 Feb 2024 13:45:25:  115000000 
INFO  @ Sun, 25 Feb 2024 13:45:28:  116000000 
INFO  @ Sun, 25 Feb 2024 13:45:30:  117000000 
INFO  @ Sun, 25 Feb 2024 13:45:33:  118000000 
INFO  @ Sun, 25 Feb 2024 13:45:36:  119000000 
INFO  @ Sun, 25 Feb 2024 13:45:38:  120000000 
INFO  @ Sun, 25 Feb 2024 13:45:41:  121000000 
INFO  @ Sun, 25 Feb 2024 13:45:43:  122000000 
INFO  @ Sun, 25 Feb 2024 13:45:46:  123000000 
INFO  @ Sun, 25 Feb 2024 13:45:49:  124000000 
INFO  @ Sun, 25 Feb 2024 13:45:51:  125000000 
INFO  @ Sun, 25 Feb 2024 13:45:54:  126000000 
INFO  @ Sun, 25 Feb 2024 13:45:56:  127000000 
INFO  @ Sun, 25 Feb 2024 13:45:59:  128000000 
INFO  @ Sun, 25 Feb 2024 13:46:02:  129000000 
INFO  @ Sun, 25 Feb 2024 13:46:04:  130000000 
INFO  @ Sun, 25 Feb 2024 13:46:07:  131000000 
INFO  @ Sun, 25 Feb 2024 13:46:09:  132000000 
INFO  @ Sun, 25 Feb 2024 13:46:12:  133000000 
INFO  @ Sun, 25 Feb 2024 13:46:15:  134000000 
INFO  @ Sun, 25 Feb 2024 13:46:17:  135000000 
INFO  @ Sun, 25 Feb 2024 13:46:20:  136000000 
INFO  @ Sun, 25 Feb 2024 13:46:22:  137000000 
INFO  @ Sun, 25 Feb 2024 13:46:25:  138000000 
INFO  @ Sun, 25 Feb 2024 13:46:28:  139000000 
INFO  @ Sun, 25 Feb 2024 13:46:30:  140000000 
INFO  @ Sun, 25 Feb 2024 13:46:33:  141000000 
INFO  @ Sun, 25 Feb 2024 13:46:36:  142000000 
INFO  @ Sun, 25 Feb 2024 13:46:38:  143000000 
INFO  @ Sun, 25 Feb 2024 13:46:41:  144000000 
INFO  @ Sun, 25 Feb 2024 13:46:44:  145000000 
INFO  @ Sun, 25 Feb 2024 13:46:46:  146000000 
INFO  @ Sun, 25 Feb 2024 13:46:49:  147000000 
INFO  @ Sun, 25 Feb 2024 13:46:52:  148000000 
INFO  @ Sun, 25 Feb 2024 13:46:54:  149000000 
INFO  @ Sun, 25 Feb 2024 13:46:57:  150000000 
INFO  @ Sun, 25 Feb 2024 13:47:00:  151000000 
INFO  @ Sun, 25 Feb 2024 13:47:03:  152000000 
INFO  @ Sun, 25 Feb 2024 13:47:05:  153000000 
INFO  @ Sun, 25 Feb 2024 13:47:11: 153147343 fragments have been read. 
INFO  @ Sun, 25 Feb 2024 13:48:26: #1 mean fragment size is determined as 278.9 bp from treatment 
INFO  @ Sun, 25 Feb 2024 13:48:26: #1 fragment size = 278.9 
INFO  @ Sun, 25 Feb 2024 13:48:26: #1  total fragments in treatment: 153147343 
INFO  @ Sun, 25 Feb 2024 13:48:26: #1 finished! 
INFO  @ Sun, 25 Feb 2024 13:48:26: #2 Build Peak Model... 
INFO  @ Sun, 25 Feb 2024 13:48:26: #2 Skipped... 
INFO  @ Sun, 25 Feb 2024 13:48:26: #3 Call peaks... 
INFO  @ Sun, 25 Feb 2024 13:48:26: #3 Pre-compute pvalue-qvalue table... 
INFO  @ Sun, 25 Feb 2024 13:54:07: #3 Call peaks for each chromosome... 
INFO  @ Sun, 25 Feb 2024 13:57:01: #4 Write output xls file... /storage/zhangyanxiaoLab/suzhuojie/projects/Aging_CUT_Tag/data/samples/pancreas/H3K4me1/peaks/macs_narrowpeak/H3K4me1_peaks.xls 
INFO  @ Sun, 25 Feb 2024 13:57:02: #4 Write peak in narrowPeak format file... /storage/zhangyanxiaoLab/suzhuojie/projects/Aging_CUT_Tag/data/samples/pancreas/H3K4me1/peaks/macs_narrowpeak/H3K4me1_peaks.narrowPeak 
INFO  @ Sun, 25 Feb 2024 13:57:02: #4 Write summits bed file... /storage/zhangyanxiaoLab/suzhuojie/projects/Aging_CUT_Tag/data/samples/pancreas/H3K4me1/peaks/macs_narrowpeak/H3K4me1_summits.bed 
INFO  @ Sun, 25 Feb 2024 13:57:02: Done! 
During startup - Warning messages:
1: Setting LC_CTYPE failed, using "C" 
2: Setting LC_COLLATE failed, using "C" 
3: Setting LC_TIME failed, using "C" 
4: Setting LC_MESSAGES failed, using "C" 
5: Setting LC_MONETARY failed, using "C" 
6: Setting LC_PAPER failed, using "C" 
7: Setting LC_MEASUREMENT failed, using "C" 
input file: /storage/zhangyanxiaoLab/suzhuojie/projects/Aging_CUT_Tag/data/samples/pancreas/H3K4me1/bed/H3K4me1_macs_narrowpeak.bed
output file: /storage/zhangyanxiaoLab/suzhuojie/projects/Aging_CUT_Tag/data/samples/pancreas/H3K4me1/bed/H3K4me1_macs_narrowpeak.saf

        ==========     _____ _    _ ____  _____  ______          _____  
        =====         / ____| |  | |  _ \|  __ \|  ____|   /\   |  __ \ 
          =====      | (___ | |  | | |_) | |__) | |__     /  \  | |  | |
            ====      \___ \| |  | |  _ <|  _  /|  __|   / /\ \ | |  | |
              ====    ____) | |__| | |_) | | \ \| |____ / ____ \| |__| |
        ==========   |_____/ \____/|____/|_|  \_\______/_/    \_\_____/
	  v2.0.1

//========================== featureCounts setting ===========================\\
||                                                                            ||
||             Input files : 4 BAM files                                      ||
||                           o SZJ168.nodup.bam                               ||
||                           o SZJ174.nodup.bam                               ||
||                           o SZJ182.nodup.bam                               ||
||                           o SZJ188.nodup.bam                               ||
||                                                                            ||
||             Output file : H3K4me1_macs_narrowpeak.counts                   ||
||                 Summary : H3K4me1_macs_narrowpeak.counts.summary           ||
||              Annotation : H3K4me1_macs_narrowpeak.saf (SAF)                ||
||      Dir for temp files : /storage/zhangyanxiaoLab/suzhuojie/projects/ ... ||
||                                                                            ||
||                 Threads : 8                                                ||
||                   Level : meta-feature level                               ||
||              Paired-end : yes                                              ||
||      Multimapping reads : not counted                                      ||
|| Multi-overlapping reads : not counted                                      ||
||   Min overlapping bases : 1                                                ||
||                                                                            ||
||          Chimeric reads : counted                                          ||
||        Both ends mapped : not required                                     ||
||                                                                            ||
\\============================================================================//

//================================= Running ==================================\\
||                                                                            ||
|| Load annotation file H3K4me1_macs_narrowpeak.saf ...                       ||
||    Features : 84237                                                        ||
||    Meta-features : 84237                                                   ||
||    Chromosomes/contigs : 21                                                ||
||                                                                            ||
|| Process BAM file SZJ168.nodup.bam...                                       ||
||    Paired-end reads are included.                                          ||
||    Total alignments : 57368779                                             ||
||    Successfully assigned alignments : 17114709 (29.8%)                     ||
||    Running time : 0.36 minutes                                             ||
||                                                                            ||
|| Process BAM file SZJ174.nodup.bam...                                       ||
||    Paired-end reads are included.                                          ||
||    Total alignments : 59456467                                             ||
||    Successfully assigned alignments : 12904083 (21.7%)                     ||
||    Running time : 0.39 minutes                                             ||
||                                                                            ||
|| Process BAM file SZJ182.nodup.bam...                                       ||
||    Paired-end reads are included.                                          ||
||    Total alignments : 28642966                                             ||
||    Successfully assigned alignments : 5277604 (18.4%)                      ||
||    Running time : 0.19 minutes                                             ||
||                                                                            ||
|| Process BAM file SZJ188.nodup.bam...                                       ||
||    Paired-end reads are included.                                          ||
||    Total alignments : 21335945                                             ||
||    Successfully assigned alignments : 3824270 (17.9%)                      ||
||    Running time : 0.13 minutes                                             ||
||                                                                            ||
|| Write the final count table.                                               ||
|| Write the read assignment summary.                                         ||
||                                                                            ||
|| Summary of counting results can be found in file "/storage/zhangyanxiaoLa  ||
|| b/suzhuojie/projects/Aging_CUT_Tag/data/samples/pancreas/H3K4me1/H3K4me1_  ||
|| macs_narrowpeak.counts.summary"                                            ||
||                                                                            ||
\\============================================================================//

mkdir: cannot create directory '/storage/zhangyanxiaoLab/suzhuojie/projects/Aging_CUT_Tag/result/pancreas': File exists
done
