INFO  @ Mon, 29 Apr 2024 21:48:53: 
# Command line: callpeak -t /storage/zhangyanxiaoLab/suzhuojie/projects/Aging_CUT_Tag/data/samples/stomach/H3K27ac/tmp.merge.bam -f BAMPE -n H3K27ac --outdir /storage/zhangyanxiaoLab/suzhuojie/projects/Aging_CUT_Tag/data/samples/stomach/H3K27ac/peaks/macs_narrowpeak -g mm --nomodel -q 0.0001 --keep-dup all
# ARGUMENTS LIST:
# name = H3K27ac
# format = BAMPE
# ChIP-seq file = ['/storage/zhangyanxiaoLab/suzhuojie/projects/Aging_CUT_Tag/data/samples/stomach/H3K27ac/tmp.merge.bam']
# control file = None
# effective genome size = 1.87e+09
# band width = 300
# model fold = [5, 50]
# qvalue cutoff = 1.00e-04
# The maximum gap between significant sites is assigned as the read length/tag size.
# The minimum length of peaks is assigned as the predicted fragment length "d".
# Larger dataset will be scaled towards smaller dataset.
# Range for calculating regional lambda is: 10000 bps
# Broad region calling is off
# Paired-End mode is on
 
INFO  @ Mon, 29 Apr 2024 21:48:53: #1 read fragment files... 
INFO  @ Mon, 29 Apr 2024 21:48:53: #1 read treatment fragments... 
INFO  @ Mon, 29 Apr 2024 21:48:55:  1000000 
INFO  @ Mon, 29 Apr 2024 21:48:57:  2000000 
INFO  @ Mon, 29 Apr 2024 21:48:59:  3000000 
INFO  @ Mon, 29 Apr 2024 21:49:02:  4000000 
INFO  @ Mon, 29 Apr 2024 21:49:04:  5000000 
INFO  @ Mon, 29 Apr 2024 21:49:06:  6000000 
INFO  @ Mon, 29 Apr 2024 21:49:08:  7000000 
INFO  @ Mon, 29 Apr 2024 21:49:11:  8000000 
INFO  @ Mon, 29 Apr 2024 21:49:13:  9000000 
INFO  @ Mon, 29 Apr 2024 21:49:15:  10000000 
INFO  @ Mon, 29 Apr 2024 21:49:17:  11000000 
INFO  @ Mon, 29 Apr 2024 21:49:20:  12000000 
INFO  @ Mon, 29 Apr 2024 21:49:22:  13000000 
INFO  @ Mon, 29 Apr 2024 21:49:24:  14000000 
INFO  @ Mon, 29 Apr 2024 21:49:26:  15000000 
INFO  @ Mon, 29 Apr 2024 21:49:29:  16000000 
INFO  @ Mon, 29 Apr 2024 21:49:31:  17000000 
INFO  @ Mon, 29 Apr 2024 21:49:33:  18000000 
INFO  @ Mon, 29 Apr 2024 21:49:35:  19000000 
INFO  @ Mon, 29 Apr 2024 21:49:38:  20000000 
INFO  @ Mon, 29 Apr 2024 21:49:40:  21000000 
INFO  @ Mon, 29 Apr 2024 21:49:42:  22000000 
INFO  @ Mon, 29 Apr 2024 21:49:44:  23000000 
INFO  @ Mon, 29 Apr 2024 21:49:47:  24000000 
INFO  @ Mon, 29 Apr 2024 21:49:49:  25000000 
INFO  @ Mon, 29 Apr 2024 21:49:51:  26000000 
INFO  @ Mon, 29 Apr 2024 21:49:53:  27000000 
INFO  @ Mon, 29 Apr 2024 21:49:56:  28000000 
INFO  @ Mon, 29 Apr 2024 21:49:58:  29000000 
INFO  @ Mon, 29 Apr 2024 21:50:00:  30000000 
INFO  @ Mon, 29 Apr 2024 21:50:02:  31000000 
INFO  @ Mon, 29 Apr 2024 21:50:05:  32000000 
INFO  @ Mon, 29 Apr 2024 21:50:07:  33000000 
INFO  @ Mon, 29 Apr 2024 21:50:09:  34000000 
INFO  @ Mon, 29 Apr 2024 21:50:11:  35000000 
INFO  @ Mon, 29 Apr 2024 21:50:14:  36000000 
INFO  @ Mon, 29 Apr 2024 21:50:16:  37000000 
INFO  @ Mon, 29 Apr 2024 21:50:18:  38000000 
INFO  @ Mon, 29 Apr 2024 21:50:20:  39000000 
INFO  @ Mon, 29 Apr 2024 21:50:22:  40000000 
INFO  @ Mon, 29 Apr 2024 21:50:25:  41000000 
INFO  @ Mon, 29 Apr 2024 21:50:27:  42000000 
INFO  @ Mon, 29 Apr 2024 21:50:29:  43000000 
INFO  @ Mon, 29 Apr 2024 21:50:32:  44000000 
INFO  @ Mon, 29 Apr 2024 21:50:34:  45000000 
INFO  @ Mon, 29 Apr 2024 21:50:36:  46000000 
INFO  @ Mon, 29 Apr 2024 21:50:38:  47000000 
INFO  @ Mon, 29 Apr 2024 21:50:41:  48000000 
INFO  @ Mon, 29 Apr 2024 21:50:43:  49000000 
INFO  @ Mon, 29 Apr 2024 21:50:45:  50000000 
INFO  @ Mon, 29 Apr 2024 21:50:47:  51000000 
INFO  @ Mon, 29 Apr 2024 21:50:50:  52000000 
INFO  @ Mon, 29 Apr 2024 21:50:52:  53000000 
INFO  @ Mon, 29 Apr 2024 21:50:54:  54000000 
INFO  @ Mon, 29 Apr 2024 21:50:56:  55000000 
INFO  @ Mon, 29 Apr 2024 21:50:59:  56000000 
INFO  @ Mon, 29 Apr 2024 21:51:01:  57000000 
INFO  @ Mon, 29 Apr 2024 21:51:03:  58000000 
INFO  @ Mon, 29 Apr 2024 21:51:06:  59000000 
INFO  @ Mon, 29 Apr 2024 21:51:08:  60000000 
INFO  @ Mon, 29 Apr 2024 21:51:10:  61000000 
INFO  @ Mon, 29 Apr 2024 21:51:12:  62000000 
INFO  @ Mon, 29 Apr 2024 21:51:15:  63000000 
INFO  @ Mon, 29 Apr 2024 21:51:17:  64000000 
INFO  @ Mon, 29 Apr 2024 21:51:19:  65000000 
INFO  @ Mon, 29 Apr 2024 21:51:21:  66000000 
INFO  @ Mon, 29 Apr 2024 21:51:24:  67000000 
INFO  @ Mon, 29 Apr 2024 21:51:26:  68000000 
INFO  @ Mon, 29 Apr 2024 21:51:28:  69000000 
INFO  @ Mon, 29 Apr 2024 21:51:30:  70000000 
INFO  @ Mon, 29 Apr 2024 21:51:33:  71000000 
INFO  @ Mon, 29 Apr 2024 21:51:35:  72000000 
INFO  @ Mon, 29 Apr 2024 21:51:37:  73000000 
INFO  @ Mon, 29 Apr 2024 21:51:39:  74000000 
INFO  @ Mon, 29 Apr 2024 21:51:42:  75000000 
INFO  @ Mon, 29 Apr 2024 21:51:44:  76000000 
INFO  @ Mon, 29 Apr 2024 21:51:46:  77000000 
INFO  @ Mon, 29 Apr 2024 21:51:49:  78000000 
INFO  @ Mon, 29 Apr 2024 21:51:51:  79000000 
INFO  @ Mon, 29 Apr 2024 21:51:53:  80000000 
INFO  @ Mon, 29 Apr 2024 21:51:55:  81000000 
INFO  @ Mon, 29 Apr 2024 21:51:58:  82000000 
INFO  @ Mon, 29 Apr 2024 21:52:00:  83000000 
INFO  @ Mon, 29 Apr 2024 21:52:02:  84000000 
INFO  @ Mon, 29 Apr 2024 21:52:04:  85000000 
INFO  @ Mon, 29 Apr 2024 21:52:07:  86000000 
INFO  @ Mon, 29 Apr 2024 21:52:09:  87000000 
INFO  @ Mon, 29 Apr 2024 21:52:11:  88000000 
INFO  @ Mon, 29 Apr 2024 21:52:14:  89000000 
INFO  @ Mon, 29 Apr 2024 21:52:16:  90000000 
INFO  @ Mon, 29 Apr 2024 21:52:18:  91000000 
INFO  @ Mon, 29 Apr 2024 21:52:20:  92000000 
INFO  @ Mon, 29 Apr 2024 21:52:22:  93000000 
INFO  @ Mon, 29 Apr 2024 21:52:25:  94000000 
INFO  @ Mon, 29 Apr 2024 21:52:27:  95000000 
INFO  @ Mon, 29 Apr 2024 21:52:29:  96000000 
INFO  @ Mon, 29 Apr 2024 21:52:31:  97000000 
INFO  @ Mon, 29 Apr 2024 21:52:34:  98000000 
INFO  @ Mon, 29 Apr 2024 21:52:36:  99000000 
INFO  @ Mon, 29 Apr 2024 21:52:38:  100000000 
INFO  @ Mon, 29 Apr 2024 21:52:40:  101000000 
INFO  @ Mon, 29 Apr 2024 21:52:43:  102000000 
INFO  @ Mon, 29 Apr 2024 21:52:45:  103000000 
INFO  @ Mon, 29 Apr 2024 21:52:47:  104000000 
INFO  @ Mon, 29 Apr 2024 21:52:49:  105000000 
INFO  @ Mon, 29 Apr 2024 21:52:52:  106000000 
INFO  @ Mon, 29 Apr 2024 21:52:54:  107000000 
INFO  @ Mon, 29 Apr 2024 21:52:56:  108000000 
INFO  @ Mon, 29 Apr 2024 21:52:58:  109000000 
INFO  @ Mon, 29 Apr 2024 21:53:01:  110000000 
INFO  @ Mon, 29 Apr 2024 21:53:03:  111000000 
INFO  @ Mon, 29 Apr 2024 21:53:05:  112000000 
INFO  @ Mon, 29 Apr 2024 21:53:07:  113000000 
INFO  @ Mon, 29 Apr 2024 21:53:10:  114000000 
INFO  @ Mon, 29 Apr 2024 21:53:12:  115000000 
INFO  @ Mon, 29 Apr 2024 21:53:14:  116000000 
INFO  @ Mon, 29 Apr 2024 21:53:16:  117000000 
INFO  @ Mon, 29 Apr 2024 21:53:19:  118000000 
INFO  @ Mon, 29 Apr 2024 21:53:21:  119000000 
INFO  @ Mon, 29 Apr 2024 21:53:23:  120000000 
INFO  @ Mon, 29 Apr 2024 21:53:25:  121000000 
INFO  @ Mon, 29 Apr 2024 21:53:28:  122000000 
INFO  @ Mon, 29 Apr 2024 21:53:30:  123000000 
INFO  @ Mon, 29 Apr 2024 21:53:32:  124000000 
INFO  @ Mon, 29 Apr 2024 21:53:34:  125000000 
INFO  @ Mon, 29 Apr 2024 21:53:37:  126000000 
INFO  @ Mon, 29 Apr 2024 21:53:39:  127000000 
INFO  @ Mon, 29 Apr 2024 21:53:41:  128000000 
INFO  @ Mon, 29 Apr 2024 21:53:43: 128155839 fragments have been read. 
INFO  @ Mon, 29 Apr 2024 21:54:43: #1 mean fragment size is determined as 136.8 bp from treatment 
INFO  @ Mon, 29 Apr 2024 21:54:43: #1 fragment size = 136.8 
INFO  @ Mon, 29 Apr 2024 21:54:43: #1  total fragments in treatment: 128155839 
INFO  @ Mon, 29 Apr 2024 21:54:43: #1 finished! 
INFO  @ Mon, 29 Apr 2024 21:54:43: #2 Build Peak Model... 
INFO  @ Mon, 29 Apr 2024 21:54:43: #2 Skipped... 
INFO  @ Mon, 29 Apr 2024 21:54:43: #3 Call peaks... 
INFO  @ Mon, 29 Apr 2024 21:54:43: #3 Pre-compute pvalue-qvalue table... 
INFO  @ Mon, 29 Apr 2024 21:58:56: #3 Call peaks for each chromosome... 
INFO  @ Mon, 29 Apr 2024 22:01:17: #4 Write output xls file... /storage/zhangyanxiaoLab/suzhuojie/projects/Aging_CUT_Tag/data/samples/stomach/H3K27ac/peaks/macs_narrowpeak/H3K27ac_peaks.xls 
INFO  @ Mon, 29 Apr 2024 22:01:17: #4 Write peak in narrowPeak format file... /storage/zhangyanxiaoLab/suzhuojie/projects/Aging_CUT_Tag/data/samples/stomach/H3K27ac/peaks/macs_narrowpeak/H3K27ac_peaks.narrowPeak 
INFO  @ Mon, 29 Apr 2024 22:01:17: #4 Write summits bed file... /storage/zhangyanxiaoLab/suzhuojie/projects/Aging_CUT_Tag/data/samples/stomach/H3K27ac/peaks/macs_narrowpeak/H3K27ac_summits.bed 
INFO  @ Mon, 29 Apr 2024 22:01:17: Done! 
During startup - Warning messages:
1: Setting LC_CTYPE failed, using "C" 
2: Setting LC_COLLATE failed, using "C" 
3: Setting LC_TIME failed, using "C" 
4: Setting LC_MESSAGES failed, using "C" 
5: Setting LC_MONETARY failed, using "C" 
6: Setting LC_PAPER failed, using "C" 
7: Setting LC_MEASUREMENT failed, using "C" 
input file: /storage/zhangyanxiaoLab/suzhuojie/projects/Aging_CUT_Tag/data/samples/stomach/H3K27ac/bed/H3K27ac_macs_narrowpeak.bed
output file: /storage/zhangyanxiaoLab/suzhuojie/projects/Aging_CUT_Tag/data/samples/stomach/H3K27ac/bed/H3K27ac_macs_narrowpeak.saf

        ==========     _____ _    _ ____  _____  ______          _____  
        =====         / ____| |  | |  _ \|  __ \|  ____|   /\   |  __ \ 
          =====      | (___ | |  | | |_) | |__) | |__     /  \  | |  | |
            ====      \___ \| |  | |  _ <|  _  /|  __|   / /\ \ | |  | |
              ====    ____) | |__| | |_) | | \ \| |____ / ____ \| |__| |
        ==========   |_____/ \____/|____/|_|  \_\______/_/    \_\_____/
	  v2.0.1

//========================== featureCounts setting ===========================\\
||                                                                            ||
||             Input files : 4 BAM files                                      ||
||                           o LLX432_S19_L007.nodup.bam                      ||
||                           o LLX438_S24_L007.nodup.bam                      ||
||                           o LLX472_S115_L006.nodup.bam                     ||
||                           o LLX478_S121_L006.nodup.bam                     ||
||                                                                            ||
||             Output file : H3K27ac_macs_narrowpeak.counts                   ||
||                 Summary : H3K27ac_macs_narrowpeak.counts.summary           ||
||              Annotation : H3K27ac_macs_narrowpeak.saf (SAF)                ||
||      Dir for temp files : /storage/zhangyanxiaoLab/suzhuojie/projects/ ... ||
||                                                                            ||
||                 Threads : 8                                                ||
||                   Level : meta-feature level                               ||
||              Paired-end : yes                                              ||
||      Multimapping reads : not counted                                      ||
|| Multi-overlapping reads : not counted                                      ||
||   Min overlapping bases : 1                                                ||
||                                                                            ||
||          Chimeric reads : counted                                          ||
||        Both ends mapped : not required                                     ||
||                                                                            ||
\\============================================================================//

//================================= Running ==================================\\
||                                                                            ||
|| Load annotation file H3K27ac_macs_narrowpeak.saf ...                       ||
||    Features : 120458                                                       ||
||    Meta-features : 120458                                                  ||
||    Chromosomes/contigs : 21                                                ||
||                                                                            ||
|| Process BAM file LLX432_S19_L007.nodup.bam...                              ||
||    Paired-end reads are included.                                          ||
||    Total alignments : 37785346                                             ||
||    Successfully assigned alignments : 8464599 (22.4%)                      ||
||    Running time : 0.15 minutes                                             ||
||                                                                            ||
|| Process BAM file LLX438_S24_L007.nodup.bam...                              ||
||    Paired-end reads are included.                                          ||
||    Total alignments : 32373163                                             ||
||    Successfully assigned alignments : 8017098 (24.8%)                      ||
||    Running time : 0.14 minutes                                             ||
||                                                                            ||
|| Process BAM file LLX472_S115_L006.nodup.bam...                             ||
||    Paired-end reads are included.                                          ||
||    Total alignments : 30730173                                             ||
||    Successfully assigned alignments : 6812081 (22.2%)                      ||
||    Running time : 0.12 minutes                                             ||
||                                                                            ||
|| Process BAM file LLX478_S121_L006.nodup.bam...                             ||
||    Paired-end reads are included.                                          ||
||    Total alignments : 30293532                                             ||
||    Successfully assigned alignments : 6169306 (20.4%)                      ||
||    Running time : 0.11 minutes                                             ||
||                                                                            ||
|| Write the final count table.                                               ||
|| Write the read assignment summary.                                         ||
||                                                                            ||
|| Summary of counting results can be found in file "/storage/zhangyanxiaoLa  ||
|| b/suzhuojie/projects/Aging_CUT_Tag/data/samples/stomach/H3K27ac/H3K27ac_m  ||
|| acs_narrowpeak.counts.summary"                                             ||
||                                                                            ||
\\============================================================================//

mkdir: cannot create directory '/storage/zhangyanxiaoLab/suzhuojie/projects/Aging_CUT_Tag/result/stomach': File exists
done
INFO  @ Mon, 29 Apr 2024 22:16:52: 
# Command line: callpeak -t /storage/zhangyanxiaoLab/suzhuojie/projects/Aging_CUT_Tag/data/samples/stomach/H3K4me3/tmp.merge.bam -f BAMPE -n H3K4me3 --outdir /storage/zhangyanxiaoLab/suzhuojie/projects/Aging_CUT_Tag/data/samples/stomach/H3K4me3/peaks/macs_narrowpeak -g mm --nomodel -q 0.0001 --keep-dup all
# ARGUMENTS LIST:
# name = H3K4me3
# format = BAMPE
# ChIP-seq file = ['/storage/zhangyanxiaoLab/suzhuojie/projects/Aging_CUT_Tag/data/samples/stomach/H3K4me3/tmp.merge.bam']
# control file = None
# effective genome size = 1.87e+09
# band width = 300
# model fold = [5, 50]
# qvalue cutoff = 1.00e-04
# The maximum gap between significant sites is assigned as the read length/tag size.
# The minimum length of peaks is assigned as the predicted fragment length "d".
# Larger dataset will be scaled towards smaller dataset.
# Range for calculating regional lambda is: 10000 bps
# Broad region calling is off
# Paired-End mode is on
 
INFO  @ Mon, 29 Apr 2024 22:16:52: #1 read fragment files... 
INFO  @ Mon, 29 Apr 2024 22:16:52: #1 read treatment fragments... 
INFO  @ Mon, 29 Apr 2024 22:16:55:  1000000 
INFO  @ Mon, 29 Apr 2024 22:16:57:  2000000 
INFO  @ Mon, 29 Apr 2024 22:16:59:  3000000 
INFO  @ Mon, 29 Apr 2024 22:17:01:  4000000 
INFO  @ Mon, 29 Apr 2024 22:17:04:  5000000 
INFO  @ Mon, 29 Apr 2024 22:17:06:  6000000 
INFO  @ Mon, 29 Apr 2024 22:17:08:  7000000 
INFO  @ Mon, 29 Apr 2024 22:17:10:  8000000 
INFO  @ Mon, 29 Apr 2024 22:17:13:  9000000 
INFO  @ Mon, 29 Apr 2024 22:17:15:  10000000 
INFO  @ Mon, 29 Apr 2024 22:17:17:  11000000 
INFO  @ Mon, 29 Apr 2024 22:17:20:  12000000 
INFO  @ Mon, 29 Apr 2024 22:17:22:  13000000 
INFO  @ Mon, 29 Apr 2024 22:17:24:  14000000 
INFO  @ Mon, 29 Apr 2024 22:17:26:  15000000 
INFO  @ Mon, 29 Apr 2024 22:17:29:  16000000 
INFO  @ Mon, 29 Apr 2024 22:17:31:  17000000 
INFO  @ Mon, 29 Apr 2024 22:17:33:  18000000 
INFO  @ Mon, 29 Apr 2024 22:17:36:  19000000 
INFO  @ Mon, 29 Apr 2024 22:17:38:  20000000 
INFO  @ Mon, 29 Apr 2024 22:17:40:  21000000 
INFO  @ Mon, 29 Apr 2024 22:17:42:  22000000 
INFO  @ Mon, 29 Apr 2024 22:17:45:  23000000 
INFO  @ Mon, 29 Apr 2024 22:17:47:  24000000 
INFO  @ Mon, 29 Apr 2024 22:17:50:  25000000 
INFO  @ Mon, 29 Apr 2024 22:17:52:  26000000 
INFO  @ Mon, 29 Apr 2024 22:17:54:  27000000 
INFO  @ Mon, 29 Apr 2024 22:17:56:  28000000 
INFO  @ Mon, 29 Apr 2024 22:17:59:  29000000 
INFO  @ Mon, 29 Apr 2024 22:18:01:  30000000 
INFO  @ Mon, 29 Apr 2024 22:18:03:  31000000 
INFO  @ Mon, 29 Apr 2024 22:18:06:  32000000 
INFO  @ Mon, 29 Apr 2024 22:18:08:  33000000 
INFO  @ Mon, 29 Apr 2024 22:18:10:  34000000 
INFO  @ Mon, 29 Apr 2024 22:18:12:  35000000 
INFO  @ Mon, 29 Apr 2024 22:18:15:  36000000 
INFO  @ Mon, 29 Apr 2024 22:18:17:  37000000 
INFO  @ Mon, 29 Apr 2024 22:18:19:  38000000 
INFO  @ Mon, 29 Apr 2024 22:18:22:  39000000 
INFO  @ Mon, 29 Apr 2024 22:18:24:  40000000 
INFO  @ Mon, 29 Apr 2024 22:18:26:  41000000 
INFO  @ Mon, 29 Apr 2024 22:18:28:  42000000 
INFO  @ Mon, 29 Apr 2024 22:18:31:  43000000 
INFO  @ Mon, 29 Apr 2024 22:18:33:  44000000 
INFO  @ Mon, 29 Apr 2024 22:18:35:  45000000 
INFO  @ Mon, 29 Apr 2024 22:18:38:  46000000 
INFO  @ Mon, 29 Apr 2024 22:18:40:  47000000 
INFO  @ Mon, 29 Apr 2024 22:18:42:  48000000 
INFO  @ Mon, 29 Apr 2024 22:18:44:  49000000 
INFO  @ Mon, 29 Apr 2024 22:18:47:  50000000 
INFO  @ Mon, 29 Apr 2024 22:18:49:  51000000 
INFO  @ Mon, 29 Apr 2024 22:18:51:  52000000 
INFO  @ Mon, 29 Apr 2024 22:18:54:  53000000 
INFO  @ Mon, 29 Apr 2024 22:18:56:  54000000 
INFO  @ Mon, 29 Apr 2024 22:18:58:  55000000 
INFO  @ Mon, 29 Apr 2024 22:19:00:  56000000 
INFO  @ Mon, 29 Apr 2024 22:19:03:  57000000 
INFO  @ Mon, 29 Apr 2024 22:19:05:  58000000 
INFO  @ Mon, 29 Apr 2024 22:19:07:  59000000 
INFO  @ Mon, 29 Apr 2024 22:19:10:  60000000 
INFO  @ Mon, 29 Apr 2024 22:19:12:  61000000 
INFO  @ Mon, 29 Apr 2024 22:19:14:  62000000 
INFO  @ Mon, 29 Apr 2024 22:19:17:  63000000 
INFO  @ Mon, 29 Apr 2024 22:19:19:  64000000 
INFO  @ Mon, 29 Apr 2024 22:19:21:  65000000 
INFO  @ Mon, 29 Apr 2024 22:19:24:  66000000 
INFO  @ Mon, 29 Apr 2024 22:19:26:  67000000 
INFO  @ Mon, 29 Apr 2024 22:19:28:  68000000 
INFO  @ Mon, 29 Apr 2024 22:19:31:  69000000 
INFO  @ Mon, 29 Apr 2024 22:19:33:  70000000 
INFO  @ Mon, 29 Apr 2024 22:19:35:  71000000 
INFO  @ Mon, 29 Apr 2024 22:19:37:  72000000 
INFO  @ Mon, 29 Apr 2024 22:19:40:  73000000 
INFO  @ Mon, 29 Apr 2024 22:19:42:  74000000 
INFO  @ Mon, 29 Apr 2024 22:19:44:  75000000 
INFO  @ Mon, 29 Apr 2024 22:19:47:  76000000 
INFO  @ Mon, 29 Apr 2024 22:19:49:  77000000 
INFO  @ Mon, 29 Apr 2024 22:19:51:  78000000 
INFO  @ Mon, 29 Apr 2024 22:19:53:  79000000 
INFO  @ Mon, 29 Apr 2024 22:19:56:  80000000 
INFO  @ Mon, 29 Apr 2024 22:19:58:  81000000 
INFO  @ Mon, 29 Apr 2024 22:20:00:  82000000 
INFO  @ Mon, 29 Apr 2024 22:20:03:  83000000 
INFO  @ Mon, 29 Apr 2024 22:20:05:  84000000 
INFO  @ Mon, 29 Apr 2024 22:20:07:  85000000 
INFO  @ Mon, 29 Apr 2024 22:20:09:  86000000 
INFO  @ Mon, 29 Apr 2024 22:20:12:  87000000 
INFO  @ Mon, 29 Apr 2024 22:20:14:  88000000 
INFO  @ Mon, 29 Apr 2024 22:20:16:  89000000 
INFO  @ Mon, 29 Apr 2024 22:20:19:  90000000 
INFO  @ Mon, 29 Apr 2024 22:20:21:  91000000 
INFO  @ Mon, 29 Apr 2024 22:20:23:  92000000 
INFO  @ Mon, 29 Apr 2024 22:20:25:  93000000 
INFO  @ Mon, 29 Apr 2024 22:20:28:  94000000 
INFO  @ Mon, 29 Apr 2024 22:20:30:  95000000 
INFO  @ Mon, 29 Apr 2024 22:20:32:  96000000 
INFO  @ Mon, 29 Apr 2024 22:20:35:  97000000 
INFO  @ Mon, 29 Apr 2024 22:20:37:  98000000 
INFO  @ Mon, 29 Apr 2024 22:20:39:  99000000 
INFO  @ Mon, 29 Apr 2024 22:20:41:  100000000 
INFO  @ Mon, 29 Apr 2024 22:20:44:  101000000 
INFO  @ Mon, 29 Apr 2024 22:20:46:  102000000 
INFO  @ Mon, 29 Apr 2024 22:20:48:  103000000 
INFO  @ Mon, 29 Apr 2024 22:20:51:  104000000 
INFO  @ Mon, 29 Apr 2024 22:20:53:  105000000 
INFO  @ Mon, 29 Apr 2024 22:20:55:  106000000 
INFO  @ Mon, 29 Apr 2024 22:20:57:  107000000 
INFO  @ Mon, 29 Apr 2024 22:21:00:  108000000 
INFO  @ Mon, 29 Apr 2024 22:21:02:  109000000 
INFO  @ Mon, 29 Apr 2024 22:21:04:  110000000 
INFO  @ Mon, 29 Apr 2024 22:21:07:  111000000 
INFO  @ Mon, 29 Apr 2024 22:21:09:  112000000 
INFO  @ Mon, 29 Apr 2024 22:21:11:  113000000 
INFO  @ Mon, 29 Apr 2024 22:21:14:  114000000 
INFO  @ Mon, 29 Apr 2024 22:21:16:  115000000 
INFO  @ Mon, 29 Apr 2024 22:21:18:  116000000 
INFO  @ Mon, 29 Apr 2024 22:21:21:  117000000 
INFO  @ Mon, 29 Apr 2024 22:21:23:  118000000 
INFO  @ Mon, 29 Apr 2024 22:21:26:  119000000 
INFO  @ Mon, 29 Apr 2024 22:21:28:  120000000 
INFO  @ Mon, 29 Apr 2024 22:21:30:  121000000 
INFO  @ Mon, 29 Apr 2024 22:21:35: 121180089 fragments have been read. 
INFO  @ Mon, 29 Apr 2024 22:22:32: #1 mean fragment size is determined as 153.6 bp from treatment 
INFO  @ Mon, 29 Apr 2024 22:22:32: #1 fragment size = 153.6 
INFO  @ Mon, 29 Apr 2024 22:22:32: #1  total fragments in treatment: 121180089 
INFO  @ Mon, 29 Apr 2024 22:22:32: #1 finished! 
INFO  @ Mon, 29 Apr 2024 22:22:32: #2 Build Peak Model... 
INFO  @ Mon, 29 Apr 2024 22:22:32: #2 Skipped... 
INFO  @ Mon, 29 Apr 2024 22:22:32: #3 Call peaks... 
INFO  @ Mon, 29 Apr 2024 22:22:32: #3 Pre-compute pvalue-qvalue table... 
INFO  @ Mon, 29 Apr 2024 22:26:36: #3 Call peaks for each chromosome... 
INFO  @ Mon, 29 Apr 2024 22:28:35: #4 Write output xls file... /storage/zhangyanxiaoLab/suzhuojie/projects/Aging_CUT_Tag/data/samples/stomach/H3K4me3/peaks/macs_narrowpeak/H3K4me3_peaks.xls 
INFO  @ Mon, 29 Apr 2024 22:28:35: #4 Write peak in narrowPeak format file... /storage/zhangyanxiaoLab/suzhuojie/projects/Aging_CUT_Tag/data/samples/stomach/H3K4me3/peaks/macs_narrowpeak/H3K4me3_peaks.narrowPeak 
INFO  @ Mon, 29 Apr 2024 22:28:36: #4 Write summits bed file... /storage/zhangyanxiaoLab/suzhuojie/projects/Aging_CUT_Tag/data/samples/stomach/H3K4me3/peaks/macs_narrowpeak/H3K4me3_summits.bed 
INFO  @ Mon, 29 Apr 2024 22:28:36: Done! 
During startup - Warning messages:
1: Setting LC_CTYPE failed, using "C" 
2: Setting LC_COLLATE failed, using "C" 
3: Setting LC_TIME failed, using "C" 
4: Setting LC_MESSAGES failed, using "C" 
5: Setting LC_MONETARY failed, using "C" 
6: Setting LC_PAPER failed, using "C" 
7: Setting LC_MEASUREMENT failed, using "C" 
input file: /storage/zhangyanxiaoLab/suzhuojie/projects/Aging_CUT_Tag/data/samples/stomach/H3K4me3/bed/H3K4me3_macs_narrowpeak.bed
output file: /storage/zhangyanxiaoLab/suzhuojie/projects/Aging_CUT_Tag/data/samples/stomach/H3K4me3/bed/H3K4me3_macs_narrowpeak.saf

        ==========     _____ _    _ ____  _____  ______          _____  
        =====         / ____| |  | |  _ \|  __ \|  ____|   /\   |  __ \ 
          =====      | (___ | |  | | |_) | |__) | |__     /  \  | |  | |
            ====      \___ \| |  | |  _ <|  _  /|  __|   / /\ \ | |  | |
              ====    ____) | |__| | |_) | | \ \| |____ / ____ \| |__| |
        ==========   |_____/ \____/|____/|_|  \_\______/_/    \_\_____/
	  v2.0.1

//========================== featureCounts setting ===========================\\
||                                                                            ||
||             Input files : 4 BAM files                                      ||
||                           o LLX435_S22_L007.nodup.bam                      ||
||                           o LLX441_S27_L007.nodup.bam                      ||
||                           o LLX475_S118_L006.nodup.bam                     ||
||                           o LLX481_S124_L006.nodup.bam                     ||
||                                                                            ||
||             Output file : H3K4me3_macs_narrowpeak.counts                   ||
||                 Summary : H3K4me3_macs_narrowpeak.counts.summary           ||
||              Annotation : H3K4me3_macs_narrowpeak.saf (SAF)                ||
||      Dir for temp files : /storage/zhangyanxiaoLab/suzhuojie/projects/ ... ||
||                                                                            ||
||                 Threads : 8                                                ||
||                   Level : meta-feature level                               ||
||              Paired-end : yes                                              ||
||      Multimapping reads : not counted                                      ||
|| Multi-overlapping reads : not counted                                      ||
||   Min overlapping bases : 1                                                ||
||                                                                            ||
||          Chimeric reads : counted                                          ||
||        Both ends mapped : not required                                     ||
||                                                                            ||
\\============================================================================//

//================================= Running ==================================\\
||                                                                            ||
|| Load annotation file H3K4me3_macs_narrowpeak.saf ...                       ||
||    Features : 100670                                                       ||
||    Meta-features : 100670                                                  ||
||    Chromosomes/contigs : 21                                                ||
||                                                                            ||
|| Process BAM file LLX435_S22_L007.nodup.bam...                              ||
||    Paired-end reads are included.                                          ||
||    Total alignments : 43633435                                             ||
||    Successfully assigned alignments : 14706040 (33.7%)                     ||
||    Running time : 0.19 minutes                                             ||
||                                                                            ||
|| Process BAM file LLX441_S27_L007.nodup.bam...                              ||
||    Paired-end reads are included.                                          ||
||    Total alignments : 30916205                                             ||
||    Successfully assigned alignments : 11072477 (35.8%)                     ||
||    Running time : 0.14 minutes                                             ||
||                                                                            ||
|| Process BAM file LLX475_S118_L006.nodup.bam...                             ||
||    Paired-end reads are included.                                          ||
||    Total alignments : 26573952                                             ||
||    Successfully assigned alignments : 6667744 (25.1%)                      ||
||    Running time : 0.11 minutes                                             ||
||                                                                            ||
|| Process BAM file LLX481_S124_L006.nodup.bam...                             ||
||    Paired-end reads are included.                                          ||
||    Total alignments : 24988756                                             ||
||    Successfully assigned alignments : 5623368 (22.5%)                      ||
||    Running time : 0.11 minutes                                             ||
||                                                                            ||
|| Write the final count table.                                               ||
|| Write the read assignment summary.                                         ||
||                                                                            ||
|| Summary of counting results can be found in file "/storage/zhangyanxiaoLa  ||
|| b/suzhuojie/projects/Aging_CUT_Tag/data/samples/stomach/H3K4me3/H3K4me3_m  ||
|| acs_narrowpeak.counts.summary"                                             ||
||                                                                            ||
\\============================================================================//

mkdir: cannot create directory '/storage/zhangyanxiaoLab/suzhuojie/projects/Aging_CUT_Tag/result/stomach': File exists
done
INFO  @ Mon, 29 Apr 2024 22:42:30: 
# Command line: callpeak -t /storage/zhangyanxiaoLab/suzhuojie/projects/Aging_CUT_Tag/data/samples/stomach/H3K4me1/tmp.merge.bam -f BAMPE -n H3K4me1 --outdir /storage/zhangyanxiaoLab/suzhuojie/projects/Aging_CUT_Tag/data/samples/stomach/H3K4me1/peaks/macs_narrowpeak -g mm --nomodel -q 0.0001 --keep-dup all
# ARGUMENTS LIST:
# name = H3K4me1
# format = BAMPE
# ChIP-seq file = ['/storage/zhangyanxiaoLab/suzhuojie/projects/Aging_CUT_Tag/data/samples/stomach/H3K4me1/tmp.merge.bam']
# control file = None
# effective genome size = 1.87e+09
# band width = 300
# model fold = [5, 50]
# qvalue cutoff = 1.00e-04
# The maximum gap between significant sites is assigned as the read length/tag size.
# The minimum length of peaks is assigned as the predicted fragment length "d".
# Larger dataset will be scaled towards smaller dataset.
# Range for calculating regional lambda is: 10000 bps
# Broad region calling is off
# Paired-End mode is on
 
INFO  @ Mon, 29 Apr 2024 22:42:30: #1 read fragment files... 
INFO  @ Mon, 29 Apr 2024 22:42:30: #1 read treatment fragments... 
INFO  @ Mon, 29 Apr 2024 22:42:32:  1000000 
INFO  @ Mon, 29 Apr 2024 22:42:34:  2000000 
INFO  @ Mon, 29 Apr 2024 22:42:36:  3000000 
INFO  @ Mon, 29 Apr 2024 22:42:39:  4000000 
INFO  @ Mon, 29 Apr 2024 22:42:41:  5000000 
INFO  @ Mon, 29 Apr 2024 22:42:43:  6000000 
INFO  @ Mon, 29 Apr 2024 22:42:45:  7000000 
INFO  @ Mon, 29 Apr 2024 22:42:48:  8000000 
INFO  @ Mon, 29 Apr 2024 22:42:50:  9000000 
INFO  @ Mon, 29 Apr 2024 22:42:52:  10000000 
INFO  @ Mon, 29 Apr 2024 22:42:54:  11000000 
INFO  @ Mon, 29 Apr 2024 22:42:57:  12000000 
INFO  @ Mon, 29 Apr 2024 22:42:59:  13000000 
INFO  @ Mon, 29 Apr 2024 22:43:01:  14000000 
INFO  @ Mon, 29 Apr 2024 22:43:03:  15000000 
INFO  @ Mon, 29 Apr 2024 22:43:06:  16000000 
INFO  @ Mon, 29 Apr 2024 22:43:08:  17000000 
INFO  @ Mon, 29 Apr 2024 22:43:10:  18000000 
INFO  @ Mon, 29 Apr 2024 22:43:12:  19000000 
INFO  @ Mon, 29 Apr 2024 22:43:15:  20000000 
INFO  @ Mon, 29 Apr 2024 22:43:17:  21000000 
INFO  @ Mon, 29 Apr 2024 22:43:19:  22000000 
INFO  @ Mon, 29 Apr 2024 22:43:21:  23000000 
INFO  @ Mon, 29 Apr 2024 22:43:23:  24000000 
INFO  @ Mon, 29 Apr 2024 22:43:26:  25000000 
INFO  @ Mon, 29 Apr 2024 22:43:28:  26000000 
INFO  @ Mon, 29 Apr 2024 22:43:30:  27000000 
INFO  @ Mon, 29 Apr 2024 22:43:33:  28000000 
INFO  @ Mon, 29 Apr 2024 22:43:35:  29000000 
INFO  @ Mon, 29 Apr 2024 22:43:37:  30000000 
INFO  @ Mon, 29 Apr 2024 22:43:39:  31000000 
INFO  @ Mon, 29 Apr 2024 22:43:41:  32000000 
INFO  @ Mon, 29 Apr 2024 22:43:44:  33000000 
INFO  @ Mon, 29 Apr 2024 22:43:46:  34000000 
INFO  @ Mon, 29 Apr 2024 22:43:48:  35000000 
INFO  @ Mon, 29 Apr 2024 22:43:50:  36000000 
INFO  @ Mon, 29 Apr 2024 22:43:53:  37000000 
INFO  @ Mon, 29 Apr 2024 22:43:55:  38000000 
INFO  @ Mon, 29 Apr 2024 22:43:57:  39000000 
INFO  @ Mon, 29 Apr 2024 22:43:59:  40000000 
INFO  @ Mon, 29 Apr 2024 22:44:02:  41000000 
INFO  @ Mon, 29 Apr 2024 22:44:04:  42000000 
INFO  @ Mon, 29 Apr 2024 22:44:06:  43000000 
INFO  @ Mon, 29 Apr 2024 22:44:08:  44000000 
INFO  @ Mon, 29 Apr 2024 22:44:11:  45000000 
INFO  @ Mon, 29 Apr 2024 22:44:13:  46000000 
INFO  @ Mon, 29 Apr 2024 22:44:15:  47000000 
INFO  @ Mon, 29 Apr 2024 22:44:17:  48000000 
INFO  @ Mon, 29 Apr 2024 22:44:19:  49000000 
INFO  @ Mon, 29 Apr 2024 22:44:22:  50000000 
INFO  @ Mon, 29 Apr 2024 22:44:24:  51000000 
INFO  @ Mon, 29 Apr 2024 22:44:26:  52000000 
INFO  @ Mon, 29 Apr 2024 22:44:29:  53000000 
INFO  @ Mon, 29 Apr 2024 22:44:31:  54000000 
INFO  @ Mon, 29 Apr 2024 22:44:33:  55000000 
INFO  @ Mon, 29 Apr 2024 22:44:35:  56000000 
INFO  @ Mon, 29 Apr 2024 22:44:37:  57000000 
INFO  @ Mon, 29 Apr 2024 22:44:40:  58000000 
INFO  @ Mon, 29 Apr 2024 22:44:42:  59000000 
INFO  @ Mon, 29 Apr 2024 22:44:44:  60000000 
INFO  @ Mon, 29 Apr 2024 22:44:46:  61000000 
INFO  @ Mon, 29 Apr 2024 22:44:49:  62000000 
INFO  @ Mon, 29 Apr 2024 22:44:51:  63000000 
INFO  @ Mon, 29 Apr 2024 22:44:53:  64000000 
INFO  @ Mon, 29 Apr 2024 22:44:55:  65000000 
INFO  @ Mon, 29 Apr 2024 22:44:57:  66000000 
INFO  @ Mon, 29 Apr 2024 22:44:59:  67000000 
INFO  @ Mon, 29 Apr 2024 22:45:02:  68000000 
INFO  @ Mon, 29 Apr 2024 22:45:04:  69000000 
INFO  @ Mon, 29 Apr 2024 22:45:06:  70000000 
INFO  @ Mon, 29 Apr 2024 22:45:08:  71000000 
INFO  @ Mon, 29 Apr 2024 22:45:10:  72000000 
INFO  @ Mon, 29 Apr 2024 22:45:13:  73000000 
INFO  @ Mon, 29 Apr 2024 22:45:15:  74000000 
INFO  @ Mon, 29 Apr 2024 22:45:17:  75000000 
INFO  @ Mon, 29 Apr 2024 22:45:19:  76000000 
INFO  @ Mon, 29 Apr 2024 22:45:22:  77000000 
INFO  @ Mon, 29 Apr 2024 22:45:24:  78000000 
INFO  @ Mon, 29 Apr 2024 22:45:26:  79000000 
INFO  @ Mon, 29 Apr 2024 22:45:28:  80000000 
INFO  @ Mon, 29 Apr 2024 22:45:31:  81000000 
INFO  @ Mon, 29 Apr 2024 22:45:33:  82000000 
INFO  @ Mon, 29 Apr 2024 22:45:35:  83000000 
INFO  @ Mon, 29 Apr 2024 22:45:37:  84000000 
INFO  @ Mon, 29 Apr 2024 22:45:40:  85000000 
INFO  @ Mon, 29 Apr 2024 22:45:42:  86000000 
INFO  @ Mon, 29 Apr 2024 22:45:44:  87000000 
INFO  @ Mon, 29 Apr 2024 22:45:47:  88000000 
INFO  @ Mon, 29 Apr 2024 22:45:49:  89000000 
INFO  @ Mon, 29 Apr 2024 22:45:51:  90000000 
INFO  @ Mon, 29 Apr 2024 22:45:53:  91000000 
INFO  @ Mon, 29 Apr 2024 22:45:56:  92000000 
INFO  @ Mon, 29 Apr 2024 22:45:58:  93000000 
INFO  @ Mon, 29 Apr 2024 22:46:00:  94000000 
INFO  @ Mon, 29 Apr 2024 22:46:02:  95000000 
INFO  @ Mon, 29 Apr 2024 22:46:05:  96000000 
INFO  @ Mon, 29 Apr 2024 22:46:07:  97000000 
INFO  @ Mon, 29 Apr 2024 22:46:09:  98000000 
INFO  @ Mon, 29 Apr 2024 22:46:11:  99000000 
INFO  @ Mon, 29 Apr 2024 22:46:14:  100000000 
INFO  @ Mon, 29 Apr 2024 22:46:16:  101000000 
INFO  @ Mon, 29 Apr 2024 22:46:18:  102000000 
INFO  @ Mon, 29 Apr 2024 22:46:20:  103000000 
INFO  @ Mon, 29 Apr 2024 22:46:23:  104000000 
INFO  @ Mon, 29 Apr 2024 22:46:25:  105000000 
INFO  @ Mon, 29 Apr 2024 22:46:27:  106000000 
INFO  @ Mon, 29 Apr 2024 22:46:30:  107000000 
INFO  @ Mon, 29 Apr 2024 22:46:32:  108000000 
INFO  @ Mon, 29 Apr 2024 22:46:34:  109000000 
INFO  @ Mon, 29 Apr 2024 22:46:36:  110000000 
INFO  @ Mon, 29 Apr 2024 22:46:39:  111000000 
INFO  @ Mon, 29 Apr 2024 22:46:41:  112000000 
INFO  @ Mon, 29 Apr 2024 22:46:43:  113000000 
INFO  @ Mon, 29 Apr 2024 22:46:46:  114000000 
INFO  @ Mon, 29 Apr 2024 22:46:48:  115000000 
INFO  @ Mon, 29 Apr 2024 22:46:50:  116000000 
INFO  @ Mon, 29 Apr 2024 22:46:52:  117000000 
INFO  @ Mon, 29 Apr 2024 22:46:55:  118000000 
INFO  @ Mon, 29 Apr 2024 22:46:57:  119000000 
INFO  @ Mon, 29 Apr 2024 22:46:59:  120000000 
INFO  @ Mon, 29 Apr 2024 22:47:02:  121000000 
INFO  @ Mon, 29 Apr 2024 22:47:04:  122000000 
INFO  @ Mon, 29 Apr 2024 22:47:06:  123000000 
INFO  @ Mon, 29 Apr 2024 22:47:08:  124000000 
INFO  @ Mon, 29 Apr 2024 22:47:11:  125000000 
INFO  @ Mon, 29 Apr 2024 22:47:13:  126000000 
INFO  @ Mon, 29 Apr 2024 22:47:15:  127000000 
INFO  @ Mon, 29 Apr 2024 22:47:17:  128000000 
INFO  @ Mon, 29 Apr 2024 22:47:20:  129000000 
INFO  @ Mon, 29 Apr 2024 22:47:22:  130000000 
INFO  @ Mon, 29 Apr 2024 22:47:24:  131000000 
INFO  @ Mon, 29 Apr 2024 22:47:27: 131186373 fragments have been read. 
INFO  @ Mon, 29 Apr 2024 22:48:28: #1 mean fragment size is determined as 115.9 bp from treatment 
INFO  @ Mon, 29 Apr 2024 22:48:28: #1 fragment size = 115.9 
INFO  @ Mon, 29 Apr 2024 22:48:28: #1  total fragments in treatment: 131186373 
INFO  @ Mon, 29 Apr 2024 22:48:28: #1 finished! 
INFO  @ Mon, 29 Apr 2024 22:48:28: #2 Build Peak Model... 
INFO  @ Mon, 29 Apr 2024 22:48:28: #2 Skipped... 
INFO  @ Mon, 29 Apr 2024 22:48:28: #3 Call peaks... 
INFO  @ Mon, 29 Apr 2024 22:48:28: #3 Pre-compute pvalue-qvalue table... 
INFO  @ Mon, 29 Apr 2024 22:52:05: #3 Call peaks for each chromosome... 
INFO  @ Mon, 29 Apr 2024 22:54:03: #4 Write output xls file... /storage/zhangyanxiaoLab/suzhuojie/projects/Aging_CUT_Tag/data/samples/stomach/H3K4me1/peaks/macs_narrowpeak/H3K4me1_peaks.xls 
INFO  @ Mon, 29 Apr 2024 22:54:04: #4 Write peak in narrowPeak format file... /storage/zhangyanxiaoLab/suzhuojie/projects/Aging_CUT_Tag/data/samples/stomach/H3K4me1/peaks/macs_narrowpeak/H3K4me1_peaks.narrowPeak 
INFO  @ Mon, 29 Apr 2024 22:54:04: #4 Write summits bed file... /storage/zhangyanxiaoLab/suzhuojie/projects/Aging_CUT_Tag/data/samples/stomach/H3K4me1/peaks/macs_narrowpeak/H3K4me1_summits.bed 
INFO  @ Mon, 29 Apr 2024 22:54:04: Done! 
During startup - Warning messages:
1: Setting LC_CTYPE failed, using "C" 
2: Setting LC_COLLATE failed, using "C" 
3: Setting LC_TIME failed, using "C" 
4: Setting LC_MESSAGES failed, using "C" 
5: Setting LC_MONETARY failed, using "C" 
6: Setting LC_PAPER failed, using "C" 
7: Setting LC_MEASUREMENT failed, using "C" 
input file: /storage/zhangyanxiaoLab/suzhuojie/projects/Aging_CUT_Tag/data/samples/stomach/H3K4me1/bed/H3K4me1_macs_narrowpeak.bed
output file: /storage/zhangyanxiaoLab/suzhuojie/projects/Aging_CUT_Tag/data/samples/stomach/H3K4me1/bed/H3K4me1_macs_narrowpeak.saf

        ==========     _____ _    _ ____  _____  ______          _____  
        =====         / ____| |  | |  _ \|  __ \|  ____|   /\   |  __ \ 
          =====      | (___ | |  | | |_) | |__) | |__     /  \  | |  | |
            ====      \___ \| |  | |  _ <|  _  /|  __|   / /\ \ | |  | |
              ====    ____) | |__| | |_) | | \ \| |____ / ____ \| |__| |
        ==========   |_____/ \____/|____/|_|  \_\______/_/    \_\_____/
	  v2.0.1

//========================== featureCounts setting ===========================\\
||                                                                            ||
||             Input files : 4 BAM files                                      ||
||                           o LLX434_S21_L007.nodup.bam                      ||
||                           o LLX440_S26_L007.nodup.bam                      ||
||                           o LLX474_S117_L006.nodup.bam                     ||
||                           o LLX480_S123_L006.nodup.bam                     ||
||                                                                            ||
||             Output file : H3K4me1_macs_narrowpeak.counts                   ||
||                 Summary : H3K4me1_macs_narrowpeak.counts.summary           ||
||              Annotation : H3K4me1_macs_narrowpeak.saf (SAF)                ||
||      Dir for temp files : /storage/zhangyanxiaoLab/suzhuojie/projects/ ... ||
||                                                                            ||
||                 Threads : 8                                                ||
||                   Level : meta-feature level                               ||
||              Paired-end : yes                                              ||
||      Multimapping reads : not counted                                      ||
|| Multi-overlapping reads : not counted                                      ||
||   Min overlapping bases : 1                                                ||
||                                                                            ||
||          Chimeric reads : counted                                          ||
||        Both ends mapped : not required                                     ||
||                                                                            ||
\\============================================================================//

//================================= Running ==================================\\
||                                                                            ||
|| Load annotation file H3K4me1_macs_narrowpeak.saf ...                       ||
||    Features : 128948                                                       ||
||    Meta-features : 128948                                                  ||
||    Chromosomes/contigs : 21                                                ||
||                                                                            ||
|| Process BAM file LLX434_S21_L007.nodup.bam...                              ||
||    Paired-end reads are included.                                          ||
||    Total alignments : 41967426                                             ||
||    Successfully assigned alignments : 6345232 (15.1%)                      ||
||    Running time : 0.18 minutes                                             ||
||                                                                            ||
|| Process BAM file LLX440_S26_L007.nodup.bam...                              ||
||    Paired-end reads are included.                                          ||
||    Total alignments : 30986033                                             ||
||    Successfully assigned alignments : 5186893 (16.7%)                      ||
||    Running time : 0.13 minutes                                             ||
||                                                                            ||
|| Process BAM file LLX474_S117_L006.nodup.bam...                             ||
||    Paired-end reads are included.                                          ||
||    Total alignments : 30650798                                             ||
||    Successfully assigned alignments : 4854238 (15.8%)                      ||
||    Running time : 0.12 minutes                                             ||
||                                                                            ||
|| Process BAM file LLX480_S123_L006.nodup.bam...                             ||
||    Paired-end reads are included.                                          ||
||    Total alignments : 30887058                                             ||
||    Successfully assigned alignments : 4760727 (15.4%)                      ||
||    Running time : 0.12 minutes                                             ||
||                                                                            ||
|| Write the final count table.                                               ||
|| Write the read assignment summary.                                         ||
||                                                                            ||
|| Summary of counting results can be found in file "/storage/zhangyanxiaoLa  ||
|| b/suzhuojie/projects/Aging_CUT_Tag/data/samples/stomach/H3K4me1/H3K4me1_m  ||
|| acs_narrowpeak.counts.summary"                                             ||
||                                                                            ||
\\============================================================================//

mkdir: cannot create directory '/storage/zhangyanxiaoLab/suzhuojie/projects/Aging_CUT_Tag/result/stomach': File exists
done
