[M::bwa_idx_load_from_disk] read 0 ALT contigs
[M::bwa_idx_load_from_disk] read 0 ALT contigs
0 [main] INFO main.java.edu.mit.compbio.bisulfitehic.mapping.Bhmem  - Processing reads 100000 ...
1 [main] INFO main.java.edu.mit.compbio.bisulfitehic.mapping.Bhmem  - Unique mapped and paired reads 0 ...
289 [main] INFO main.java.edu.mit.compbio.bisulfitehic.mapping.Bhmem  - Processing reads 200000 ...
289 [main] INFO main.java.edu.mit.compbio.bisulfitehic.mapping.Bhmem  - Unique mapped and paired reads 0 ...
[M::mem_process_seqs] Processed 100001 reads in 153.397 CPU sec, 31.110 real sec
[M::mem_process_seqs] Processed 100001 reads in 132.461 CPU sec, 26.732 real sec
[M::mem_process_seqs] Processed 100001 reads in 133.480 CPU sec, 26.879 real sec
[M::mem_process_seqs] Processed 100001 reads in 150.097 CPU sec, 30.278 real sec
156775 [main] INFO main.java.edu.mit.compbio.bisulfitehic.mapping.Bhmem  - Processing reads 300000 ...
156775 [main] INFO main.java.edu.mit.compbio.bisulfitehic.mapping.Bhmem  - Unique mapped and paired reads 200002 ...
176336 [main] INFO main.java.edu.mit.compbio.bisulfitehic.mapping.Bhmem  - Processing reads 400000 ...
176337 [main] INFO main.java.edu.mit.compbio.bisulfitehic.mapping.Bhmem  - Unique mapped and paired reads 200002 ...
[M::mem_process_seqs] Processed 100001 reads in 143.512 CPU sec, 28.918 real sec
[M::mem_process_seqs] Processed 100001 reads in 130.484 CPU sec, 26.264 real sec
[M::mem_process_seqs] Processed 100001 reads in 132.076 CPU sec, 26.596 real sec
[M::mem_process_seqs] Processed 100001 reads in 125.783 CPU sec, 25.335 real sec
322648 [main] INFO main.java.edu.mit.compbio.bisulfitehic.mapping.Bhmem  - Processing reads 500000 ...
322649 [main] INFO main.java.edu.mit.compbio.bisulfitehic.mapping.Bhmem  - Unique mapped and paired reads 400004 ...
342123 [main] INFO main.java.edu.mit.compbio.bisulfitehic.mapping.Bhmem  - Processing reads 600000 ...
342124 [main] INFO main.java.edu.mit.compbio.bisulfitehic.mapping.Bhmem  - Unique mapped and paired reads 400004 ...
[M::mem_process_seqs] Processed 100001 reads in 158.410 CPU sec, 31.972 real sec
[M::mem_process_seqs] Processed 100001 reads in 166.728 CPU sec, 33.578 real sec
[M::mem_process_seqs] Processed 100001 reads in 163.563 CPU sec, 32.973 real sec
[M::mem_process_seqs] Processed 100001 reads in 155.807 CPU sec, 31.398 real sec
512418 [main] INFO main.java.edu.mit.compbio.bisulfitehic.mapping.Bhmem  - Processing reads 700000 ...
512419 [main] INFO main.java.edu.mit.compbio.bisulfitehic.mapping.Bhmem  - Unique mapped and paired reads 600006 ...
531856 [main] INFO main.java.edu.mit.compbio.bisulfitehic.mapping.Bhmem  - Processing reads 800000 ...
531857 [main] INFO main.java.edu.mit.compbio.bisulfitehic.mapping.Bhmem  - Unique mapped and paired reads 600006 ...
[M::mem_process_seqs] Processed 100001 reads in 164.239 CPU sec, 33.132 real sec
[M::mem_process_seqs] Processed 100001 reads in 167.128 CPU sec, 33.588 real sec
[M::mem_process_seqs] Processed 100001 reads in 192.396 CPU sec, 38.784 real sec
[M::mem_process_seqs] Processed 100001 reads in 172.173 CPU sec, 34.687 real sec
712755 [main] INFO main.java.edu.mit.compbio.bisulfitehic.mapping.Bhmem  - Processing reads 900000 ...
712756 [main] INFO main.java.edu.mit.compbio.bisulfitehic.mapping.Bhmem  - Unique mapped and paired reads 800008 ...
732240 [main] INFO main.java.edu.mit.compbio.bisulfitehic.mapping.Bhmem  - Processing reads 1000000 ...
732241 [main] INFO main.java.edu.mit.compbio.bisulfitehic.mapping.Bhmem  - Unique mapped and paired reads 800008 ...
[M::mem_process_seqs] Processed 100001 reads in 159.132 CPU sec, 32.126 real sec
[M::mem_process_seqs] Processed 100001 reads in 168.209 CPU sec, 33.777 real sec
[M::mem_process_seqs] Processed 100001 reads in 161.209 CPU sec, 32.518 real sec
[M::mem_process_seqs] Processed 100001 reads in 168.945 CPU sec, 33.910 real sec
904602 [main] INFO main.java.edu.mit.compbio.bisulfitehic.mapping.Bhmem  - Processing reads 1100000 ...
904603 [main] INFO main.java.edu.mit.compbio.bisulfitehic.mapping.Bhmem  - Unique mapped and paired reads 1000010 ...
924530 [main] INFO main.java.edu.mit.compbio.bisulfitehic.mapping.Bhmem  - Processing reads 1200000 ...
924531 [main] INFO main.java.edu.mit.compbio.bisulfitehic.mapping.Bhmem  - Unique mapped and paired reads 1000010 ...
[M::mem_process_seqs] Processed 100001 reads in 157.529 CPU sec, 31.626 real sec
[M::mem_process_seqs] Processed 100001 reads in 168.277 CPU sec, 33.884 real sec
[M::mem_process_seqs] Processed 100001 reads in 175.086 CPU sec, 35.159 real sec
[M::mem_process_seqs] Processed 100001 reads in 184.923 CPU sec, 37.343 real sec
1102487 [main] INFO main.java.edu.mit.compbio.bisulfitehic.mapping.Bhmem  - Processing reads 1300000 ...
1102487 [main] INFO main.java.edu.mit.compbio.bisulfitehic.mapping.Bhmem  - Unique mapped and paired reads 1200012 ...
1121985 [main] INFO main.java.edu.mit.compbio.bisulfitehic.mapping.Bhmem  - Processing reads 1400000 ...
1121986 [main] INFO main.java.edu.mit.compbio.bisulfitehic.mapping.Bhmem  - Unique mapped and paired reads 1200012 ...
[M::mem_process_seqs] Processed 100001 reads in 169.337 CPU sec, 34.196 real sec
[M::mem_process_seqs] Processed 100001 reads in 171.604 CPU sec, 34.474 real sec
[M::mem_process_seqs] Processed 100001 reads in 176.759 CPU sec, 35.495 real sec
[M::mem_process_seqs] Processed 100001 reads in 175.896 CPU sec, 35.534 real sec
1301400 [main] INFO main.java.edu.mit.compbio.bisulfitehic.mapping.Bhmem  - Processing reads 1500000 ...
1301400 [main] INFO main.java.edu.mit.compbio.bisulfitehic.mapping.Bhmem  - Unique mapped and paired reads 1400014 ...
1320782 [main] INFO main.java.edu.mit.compbio.bisulfitehic.mapping.Bhmem  - Processing reads 1600000 ...
1320782 [main] INFO main.java.edu.mit.compbio.bisulfitehic.mapping.Bhmem  - Unique mapped and paired reads 1400014 ...
[M::mem_process_seqs] Processed 100001 reads in 176.753 CPU sec, 35.676 real sec
[M::mem_process_seqs] Processed 100001 reads in 172.506 CPU sec, 34.628 real sec
[M::mem_process_seqs] Processed 100001 reads in 169.247 CPU sec, 34.159 real sec
[M::mem_process_seqs] Processed 100001 reads in 181.046 CPU sec, 36.363 real sec
1501650 [main] INFO main.java.edu.mit.compbio.bisulfitehic.mapping.Bhmem  - Processing reads 1700000 ...
1501650 [main] INFO main.java.edu.mit.compbio.bisulfitehic.mapping.Bhmem  - Unique mapped and paired reads 1600016 ...
1521109 [main] INFO main.java.edu.mit.compbio.bisulfitehic.mapping.Bhmem  - Processing reads 1800000 ...
1521110 [main] INFO main.java.edu.mit.compbio.bisulfitehic.mapping.Bhmem  - Unique mapped and paired reads 1600016 ...
[M::mem_process_seqs] Processed 100001 reads in 193.534 CPU sec, 39.172 real sec
[M::mem_process_seqs] Processed 100001 reads in 192.462 CPU sec, 38.652 real sec
[M::mem_process_seqs] Processed 100001 reads in 172.886 CPU sec, 34.940 real sec
[M::mem_process_seqs] Processed 100001 reads in 186.861 CPU sec, 37.536 real sec
1712768 [main] INFO main.java.edu.mit.compbio.bisulfitehic.mapping.Bhmem  - Processing reads 1900000 ...
1712768 [main] INFO main.java.edu.mit.compbio.bisulfitehic.mapping.Bhmem  - Unique mapped and paired reads 1800018 ...
1734957 [main] INFO main.java.edu.mit.compbio.bisulfitehic.mapping.Bhmem  - Processing reads 2000000 ...
1734958 [main] INFO main.java.edu.mit.compbio.bisulfitehic.mapping.Bhmem  - Unique mapped and paired reads 1800018 ...
[M::mem_process_seqs] Processed 100001 reads in 184.797 CPU sec, 37.140 real sec
[M::mem_process_seqs] Processed 100001 reads in 169.250 CPU sec, 34.435 real sec
[M::mem_process_seqs] Processed 100001 reads in 188.395 CPU sec, 37.841 real sec
[M::mem_process_seqs] Processed 100001 reads in 182.563 CPU sec, 36.970 real sec
1925124 [main] INFO main.java.edu.mit.compbio.bisulfitehic.mapping.Bhmem  - Processing reads 2100000 ...
1925125 [main] INFO main.java.edu.mit.compbio.bisulfitehic.mapping.Bhmem  - Unique mapped and paired reads 2000020 ...
1947870 [main] INFO main.java.edu.mit.compbio.bisulfitehic.mapping.Bhmem  - Processing reads 2200000 ...
1947870 [main] INFO main.java.edu.mit.compbio.bisulfitehic.mapping.Bhmem  - Unique mapped and paired reads 2000020 ...
[M::mem_process_seqs] Processed 100001 reads in 180.269 CPU sec, 36.508 real sec
[M::mem_process_seqs] Processed 100001 reads in 134.636 CPU sec, 27.082 real sec
[M::mem_process_seqs] Processed 100001 reads in 150.922 CPU sec, 30.349 real sec
[M::mem_process_seqs] Processed 100001 reads in 167.021 CPU sec, 33.629 real sec
2119468 [main] INFO main.java.edu.mit.compbio.bisulfitehic.mapping.Bhmem  - Processing reads 2300000 ...
2119469 [main] INFO main.java.edu.mit.compbio.bisulfitehic.mapping.Bhmem  - Unique mapped and paired reads 2200022 ...
2144312 [main] INFO main.java.edu.mit.compbio.bisulfitehic.mapping.Bhmem  - Processing reads 2400000 ...
2144313 [main] INFO main.java.edu.mit.compbio.bisulfitehic.mapping.Bhmem  - Unique mapped and paired reads 2200022 ...
[M::mem_process_seqs] Processed 100001 reads in 183.271 CPU sec, 37.101 real sec
[M::mem_process_seqs] Processed 100001 reads in 160.042 CPU sec, 32.262 real sec
[M::mem_process_seqs] Processed 100001 reads in 158.531 CPU sec, 31.907 real sec
[M::mem_process_seqs] Processed 100001 reads in 177.864 CPU sec, 35.939 real sec
2325145 [main] INFO main.java.edu.mit.compbio.bisulfitehic.mapping.Bhmem  - Processing reads 2500000 ...
2325146 [main] INFO main.java.edu.mit.compbio.bisulfitehic.mapping.Bhmem  - Unique mapped and paired reads 2400024 ...
2345480 [main] INFO main.java.edu.mit.compbio.bisulfitehic.mapping.Bhmem  - Processing reads 2600000 ...
2345480 [main] INFO main.java.edu.mit.compbio.bisulfitehic.mapping.Bhmem  - Unique mapped and paired reads 2400024 ...
[M::mem_process_seqs] Processed 100001 reads in 176.224 CPU sec, 35.479 real sec
[M::mem_process_seqs] Processed 100001 reads in 156.133 CPU sec, 31.470 real sec
[M::mem_process_seqs] Processed 100001 reads in 153.377 CPU sec, 30.814 real sec
[M::mem_process_seqs] Processed 100001 reads in 173.092 CPU sec, 34.761 real sec
2528751 [main] INFO main.java.edu.mit.compbio.bisulfitehic.mapping.Bhmem  - Processing reads 2700000 ...
2528752 [main] INFO main.java.edu.mit.compbio.bisulfitehic.mapping.Bhmem  - Unique mapped and paired reads 2600026 ...
2554983 [main] INFO main.java.edu.mit.compbio.bisulfitehic.mapping.Bhmem  - Processing reads 2800000 ...
2554984 [main] INFO main.java.edu.mit.compbio.bisulfitehic.mapping.Bhmem  - Unique mapped and paired reads 2600026 ...
[M::mem_process_seqs] Processed 100001 reads in 179.464 CPU sec, 36.108 real sec
[M::mem_process_seqs] Processed 100001 reads in 169.715 CPU sec, 34.163 real sec
[M::mem_process_seqs] Processed 100001 reads in 172.855 CPU sec, 35.005 real sec
[M::mem_process_seqs] Processed 100001 reads in 163.977 CPU sec, 32.923 real sec
2735558 [main] INFO main.java.edu.mit.compbio.bisulfitehic.mapping.Bhmem  - Processing reads 2900000 ...
2735558 [main] INFO main.java.edu.mit.compbio.bisulfitehic.mapping.Bhmem  - Unique mapped and paired reads 2800028 ...
2757503 [main] INFO main.java.edu.mit.compbio.bisulfitehic.mapping.Bhmem  - Processing reads 3000000 ...
2757504 [main] INFO main.java.edu.mit.compbio.bisulfitehic.mapping.Bhmem  - Unique mapped and paired reads 2800028 ...
[M::mem_process_seqs] Processed 100001 reads in 169.864 CPU sec, 34.372 real sec
[M::mem_process_seqs] Processed 100001 reads in 154.211 CPU sec, 31.051 real sec
[M::mem_process_seqs] Processed 100001 reads in 143.850 CPU sec, 28.934 real sec
[M::mem_process_seqs] Processed 100001 reads in 142.026 CPU sec, 28.552 real sec
2930869 [main] INFO main.java.edu.mit.compbio.bisulfitehic.mapping.Bhmem  - Processing reads 3100000 ...
2930870 [main] INFO main.java.edu.mit.compbio.bisulfitehic.mapping.Bhmem  - Unique mapped and paired reads 3000030 ...
2957166 [main] INFO main.java.edu.mit.compbio.bisulfitehic.mapping.Bhmem  - Processing reads 3200000 ...
2957167 [main] INFO main.java.edu.mit.compbio.bisulfitehic.mapping.Bhmem  - Unique mapped and paired reads 3000030 ...
[M::mem_process_seqs] Processed 100001 reads in 193.721 CPU sec, 39.105 real sec
[M::mem_process_seqs] Processed 100001 reads in 199.574 CPU sec, 40.731 real sec
[M::mem_process_seqs] Processed 100001 reads in 177.882 CPU sec, 35.727 real sec
[M::mem_process_seqs] Processed 100001 reads in 155.952 CPU sec, 31.429 real sec
3147880 [main] INFO main.java.edu.mit.compbio.bisulfitehic.mapping.Bhmem  - Processing reads 3300000 ...
3147881 [main] INFO main.java.edu.mit.compbio.bisulfitehic.mapping.Bhmem  - Unique mapped and paired reads 3200032 ...
3171247 [main] INFO main.java.edu.mit.compbio.bisulfitehic.mapping.Bhmem  - Processing reads 3400000 ...
3171248 [main] INFO main.java.edu.mit.compbio.bisulfitehic.mapping.Bhmem  - Unique mapped and paired reads 3200032 ...
[M::mem_process_seqs] Processed 100001 reads in 181.192 CPU sec, 36.504 real sec
[M::mem_process_seqs] Processed 100001 reads in 139.357 CPU sec, 28.002 real sec
[M::mem_process_seqs] Processed 100001 reads in 142.484 CPU sec, 28.651 real sec
[M::mem_process_seqs] Processed 100001 reads in 145.855 CPU sec, 29.342 real sec
3339288 [main] INFO main.java.edu.mit.compbio.bisulfitehic.mapping.Bhmem  - Processing reads 3500000 ...
3339288 [main] INFO main.java.edu.mit.compbio.bisulfitehic.mapping.Bhmem  - Unique mapped and paired reads 3400034 ...
3365633 [main] INFO main.java.edu.mit.compbio.bisulfitehic.mapping.Bhmem  - Processing reads 3600000 ...
3365634 [main] INFO main.java.edu.mit.compbio.bisulfitehic.mapping.Bhmem  - Unique mapped and paired reads 3400034 ...
[M::mem_process_seqs] Processed 100001 reads in 148.468 CPU sec, 29.884 real sec
[M::mem_process_seqs] Processed 100001 reads in 144.436 CPU sec, 29.103 real sec
[M::mem_process_seqs] Processed 100001 reads in 146.869 CPU sec, 29.534 real sec
[M::mem_process_seqs] Processed 100001 reads in 158.529 CPU sec, 31.812 real sec
3525802 [main] INFO main.java.edu.mit.compbio.bisulfitehic.mapping.Bhmem  - Processing reads 3700000 ...
3525802 [main] INFO main.java.edu.mit.compbio.bisulfitehic.mapping.Bhmem  - Unique mapped and paired reads 3600036 ...
3546466 [main] INFO main.java.edu.mit.compbio.bisulfitehic.mapping.Bhmem  - Processing reads 3800000 ...
3546466 [main] INFO main.java.edu.mit.compbio.bisulfitehic.mapping.Bhmem  - Unique mapped and paired reads 3600036 ...
[M::mem_process_seqs] Processed 100001 reads in 174.313 CPU sec, 35.002 real sec
[M::mem_process_seqs] Processed 100001 reads in 174.974 CPU sec, 35.296 real sec
[M::mem_process_seqs] Processed 100001 reads in 175.219 CPU sec, 35.185 real sec
[M::mem_process_seqs] Processed 100001 reads in 179.576 CPU sec, 36.070 real sec
3729244 [main] INFO main.java.edu.mit.compbio.bisulfitehic.mapping.Bhmem  - Processing reads 3900000 ...
3729245 [main] INFO main.java.edu.mit.compbio.bisulfitehic.mapping.Bhmem  - Unique mapped and paired reads 3800038 ...
3749586 [main] INFO main.java.edu.mit.compbio.bisulfitehic.mapping.Bhmem  - Processing reads 4000000 ...
3749586 [main] INFO main.java.edu.mit.compbio.bisulfitehic.mapping.Bhmem  - Unique mapped and paired reads 3800038 ...
[M::mem_process_seqs] Processed 100001 reads in 180.335 CPU sec, 36.460 real sec
[M::mem_process_seqs] Processed 100001 reads in 181.069 CPU sec, 36.359 real sec
[M::mem_process_seqs] Processed 100001 reads in 180.608 CPU sec, 36.433 real sec
[M::mem_process_seqs] Processed 100001 reads in 172.740 CPU sec, 34.677 real sec
3933885 [main] INFO main.java.edu.mit.compbio.bisulfitehic.mapping.Bhmem  - Processing reads 4100000 ...
3933885 [main] INFO main.java.edu.mit.compbio.bisulfitehic.mapping.Bhmem  - Unique mapped and paired reads 4000040 ...
3953429 [main] INFO main.java.edu.mit.compbio.bisulfitehic.mapping.Bhmem  - Processing reads 4200000 ...
3953430 [main] INFO main.java.edu.mit.compbio.bisulfitehic.mapping.Bhmem  - Unique mapped and paired reads 4000040 ...
[M::mem_process_seqs] Processed 100001 reads in 186.730 CPU sec, 37.710 real sec
[M::mem_process_seqs] Processed 100001 reads in 179.647 CPU sec, 36.062 real sec
[M::mem_process_seqs] Processed 100001 reads in 171.450 CPU sec, 34.571 real sec
[M::mem_process_seqs] Processed 100001 reads in 174.877 CPU sec, 35.270 real sec
4137693 [main] INFO main.java.edu.mit.compbio.bisulfitehic.mapping.Bhmem  - Processing reads 4300000 ...
4137694 [main] INFO main.java.edu.mit.compbio.bisulfitehic.mapping.Bhmem  - Unique mapped and paired reads 4200042 ...
4157350 [main] INFO main.java.edu.mit.compbio.bisulfitehic.mapping.Bhmem  - Processing reads 4400000 ...
4157351 [main] INFO main.java.edu.mit.compbio.bisulfitehic.mapping.Bhmem  - Unique mapped and paired reads 4200042 ...
[M::mem_process_seqs] Processed 100001 reads in 179.967 CPU sec, 36.250 real sec
[M::mem_process_seqs] Processed 100001 reads in 176.983 CPU sec, 35.609 real sec
[M::mem_process_seqs] Processed 100001 reads in 182.481 CPU sec, 36.760 real sec
[M::mem_process_seqs] Processed 100001 reads in 173.096 CPU sec, 34.757 real sec
4340549 [main] INFO main.java.edu.mit.compbio.bisulfitehic.mapping.Bhmem  - Processing reads 4500000 ...
4340549 [main] INFO main.java.edu.mit.compbio.bisulfitehic.mapping.Bhmem  - Unique mapped and paired reads 4400044 ...
4359961 [main] INFO main.java.edu.mit.compbio.bisulfitehic.mapping.Bhmem  - Processing reads 4600000 ...
4359962 [main] INFO main.java.edu.mit.compbio.bisulfitehic.mapping.Bhmem  - Unique mapped and paired reads 4400044 ...
[M::mem_process_seqs] Processed 100001 reads in 170.692 CPU sec, 34.441 real sec
[M::mem_process_seqs] Processed 100001 reads in 177.559 CPU sec, 35.652 real sec
[M::mem_process_seqs] Processed 100001 reads in 180.915 CPU sec, 36.578 real sec
[M::mem_process_seqs] Processed 100001 reads in 167.944 CPU sec, 33.711 real sec
4540847 [main] INFO main.java.edu.mit.compbio.bisulfitehic.mapping.Bhmem  - Processing reads 4700000 ...
4540847 [main] INFO main.java.edu.mit.compbio.bisulfitehic.mapping.Bhmem  - Unique mapped and paired reads 4600046 ...
4560978 [main] INFO main.java.edu.mit.compbio.bisulfitehic.mapping.Bhmem  - Processing reads 4800000 ...
4560978 [main] INFO main.java.edu.mit.compbio.bisulfitehic.mapping.Bhmem  - Unique mapped and paired reads 4600046 ...
[M::mem_process_seqs] Processed 100001 reads in 179.291 CPU sec, 36.148 real sec
[M::mem_process_seqs] Processed 100001 reads in 182.530 CPU sec, 36.733 real sec
[M::mem_process_seqs] Processed 100001 reads in 174.947 CPU sec, 35.118 real sec
[M::mem_process_seqs] Processed 100001 reads in 177.091 CPU sec, 35.600 real sec
4744858 [main] INFO main.java.edu.mit.compbio.bisulfitehic.mapping.Bhmem  - Processing reads 4900000 ...
4744858 [main] INFO main.java.edu.mit.compbio.bisulfitehic.mapping.Bhmem  - Unique mapped and paired reads 4800048 ...
4764718 [main] INFO main.java.edu.mit.compbio.bisulfitehic.mapping.Bhmem  - Processing reads 5000000 ...
4764718 [main] INFO main.java.edu.mit.compbio.bisulfitehic.mapping.Bhmem  - Unique mapped and paired reads 4800048 ...
[M::mem_process_seqs] Processed 100001 reads in 185.779 CPU sec, 37.363 real sec
[M::mem_process_seqs] Processed 100001 reads in 184.972 CPU sec, 37.251 real sec
[M::mem_process_seqs] Processed 100001 reads in 181.130 CPU sec, 36.451 real sec
[M::mem_process_seqs] Processed 100001 reads in 178.276 CPU sec, 35.826 real sec
4952930 [main] INFO main.java.edu.mit.compbio.bisulfitehic.mapping.Bhmem  - Processing reads 5100000 ...
4952931 [main] INFO main.java.edu.mit.compbio.bisulfitehic.mapping.Bhmem  - Unique mapped and paired reads 5000050 ...
4972678 [main] INFO main.java.edu.mit.compbio.bisulfitehic.mapping.Bhmem  - Processing reads 5200000 ...
4972679 [main] INFO main.java.edu.mit.compbio.bisulfitehic.mapping.Bhmem  - Unique mapped and paired reads 5000050 ...
[M::mem_process_seqs] Processed 100001 reads in 193.123 CPU sec, 38.864 real sec
[M::mem_process_seqs] Processed 100001 reads in 202.236 CPU sec, 40.793 real sec
[M::mem_process_seqs] Processed 100001 reads in 184.841 CPU sec, 37.224 real sec
[M::mem_process_seqs] Processed 100001 reads in 178.262 CPU sec, 35.904 real sec
5166637 [main] INFO main.java.edu.mit.compbio.bisulfitehic.mapping.Bhmem  - Processing reads 5300000 ...
5166638 [main] INFO main.java.edu.mit.compbio.bisulfitehic.mapping.Bhmem  - Unique mapped and paired reads 5200052 ...
5186848 [main] INFO main.java.edu.mit.compbio.bisulfitehic.mapping.Bhmem  - Processing reads 5400000 ...
5186848 [main] INFO main.java.edu.mit.compbio.bisulfitehic.mapping.Bhmem  - Unique mapped and paired reads 5200052 ...
[M::mem_process_seqs] Processed 100001 reads in 185.280 CPU sec, 37.343 real sec
[M::mem_process_seqs] Processed 100001 reads in 183.472 CPU sec, 36.893 real sec
[M::mem_process_seqs] Processed 100001 reads in 181.740 CPU sec, 36.571 real sec
[M::mem_process_seqs] Processed 100001 reads in 173.351 CPU sec, 34.913 real sec
5375124 [main] INFO main.java.edu.mit.compbio.bisulfitehic.mapping.Bhmem  - Processing reads 5500000 ...
5375125 [main] INFO main.java.edu.mit.compbio.bisulfitehic.mapping.Bhmem  - Unique mapped and paired reads 5400054 ...
5395007 [main] INFO main.java.edu.mit.compbio.bisulfitehic.mapping.Bhmem  - Processing reads 5600000 ...
5395007 [main] INFO main.java.edu.mit.compbio.bisulfitehic.mapping.Bhmem  - Unique mapped and paired reads 5400054 ...
[M::mem_process_seqs] Processed 100001 reads in 166.632 CPU sec, 33.529 real sec
[M::mem_process_seqs] Processed 100001 reads in 172.505 CPU sec, 34.841 real sec
[M::mem_process_seqs] Processed 100001 reads in 182.935 CPU sec, 36.806 real sec
[M::mem_process_seqs] Processed 100001 reads in 168.071 CPU sec, 33.801 real sec
5575948 [main] INFO main.java.edu.mit.compbio.bisulfitehic.mapping.Bhmem  - Processing reads 5700000 ...
5575952 [main] INFO main.java.edu.mit.compbio.bisulfitehic.mapping.Bhmem  - Unique mapped and paired reads 5600056 ...
5595494 [main] INFO main.java.edu.mit.compbio.bisulfitehic.mapping.Bhmem  - Processing reads 5800000 ...
5595494 [main] INFO main.java.edu.mit.compbio.bisulfitehic.mapping.Bhmem  - Unique mapped and paired reads 5600056 ...
[M::mem_process_seqs] Processed 100001 reads in 170.080 CPU sec, 34.282 real sec
[M::mem_process_seqs] Processed 100001 reads in 136.516 CPU sec, 27.436 real sec
[M::mem_process_seqs] Processed 100001 reads in 128.933 CPU sec, 25.920 real sec
[M::mem_process_seqs] Processed 100001 reads in 136.633 CPU sec, 27.479 real sec
5750698 [main] INFO main.java.edu.mit.compbio.bisulfitehic.mapping.Bhmem  - Processing reads 5900000 ...
5750699 [main] INFO main.java.edu.mit.compbio.bisulfitehic.mapping.Bhmem  - Unique mapped and paired reads 5800058 ...
5770639 [main] INFO main.java.edu.mit.compbio.bisulfitehic.mapping.Bhmem  - Processing reads 6000000 ...
5770639 [main] INFO main.java.edu.mit.compbio.bisulfitehic.mapping.Bhmem  - Unique mapped and paired reads 5800058 ...
[M::mem_process_seqs] Processed 100001 reads in 131.318 CPU sec, 26.431 real sec
[M::mem_process_seqs] Processed 100001 reads in 134.064 CPU sec, 27.001 real sec
[M::mem_process_seqs] Processed 100001 reads in 129.810 CPU sec, 26.147 real sec
[M::mem_process_seqs] Processed 100001 reads in 130.531 CPU sec, 26.283 real sec
5916490 [main] INFO main.java.edu.mit.compbio.bisulfitehic.mapping.Bhmem  - Processing reads 6100000 ...
5916491 [main] INFO main.java.edu.mit.compbio.bisulfitehic.mapping.Bhmem  - Unique mapped and paired reads 6000060 ...
5935950 [main] INFO main.java.edu.mit.compbio.bisulfitehic.mapping.Bhmem  - Processing reads 6200000 ...
5935950 [main] INFO main.java.edu.mit.compbio.bisulfitehic.mapping.Bhmem  - Unique mapped and paired reads 6000060 ...
[M::mem_process_seqs] Processed 100001 reads in 130.927 CPU sec, 26.351 real sec
[M::mem_process_seqs] Processed 100001 reads in 180.660 CPU sec, 36.429 real sec
[M::mem_process_seqs] Processed 100001 reads in 174.791 CPU sec, 35.089 real sec
[M::mem_process_seqs] Processed 100001 reads in 146.053 CPU sec, 29.377 real sec
6102656 [main] INFO main.java.edu.mit.compbio.bisulfitehic.mapping.Bhmem  - Processing reads 6300000 ...
6102656 [main] INFO main.java.edu.mit.compbio.bisulfitehic.mapping.Bhmem  - Unique mapped and paired reads 6200062 ...
6122038 [main] INFO main.java.edu.mit.compbio.bisulfitehic.mapping.Bhmem  - Processing reads 6400000 ...
6122038 [main] INFO main.java.edu.mit.compbio.bisulfitehic.mapping.Bhmem  - Unique mapped and paired reads 6200062 ...
[M::mem_process_seqs] Processed 100001 reads in 132.692 CPU sec, 26.727 real sec
[M::mem_process_seqs] Processed 100001 reads in 134.672 CPU sec, 27.081 real sec
[M::mem_process_seqs] Processed 100001 reads in 130.899 CPU sec, 26.326 real sec
[M::mem_process_seqs] Processed 100001 reads in 132.689 CPU sec, 26.697 real sec
6267779 [main] INFO main.java.edu.mit.compbio.bisulfitehic.mapping.Bhmem  - Processing reads 6500000 ...
6267780 [main] INFO main.java.edu.mit.compbio.bisulfitehic.mapping.Bhmem  - Unique mapped and paired reads 6400064 ...
6287213 [main] INFO main.java.edu.mit.compbio.bisulfitehic.mapping.Bhmem  - Processing reads 6600000 ...
6287213 [main] INFO main.java.edu.mit.compbio.bisulfitehic.mapping.Bhmem  - Unique mapped and paired reads 6400064 ...
[M::mem_process_seqs] Processed 100001 reads in 136.346 CPU sec, 27.464 real sec
[M::mem_process_seqs] Processed 100001 reads in 136.389 CPU sec, 27.422 real sec
[M::mem_process_seqs] Processed 100001 reads in 131.152 CPU sec, 26.364 real sec
[M::mem_process_seqs] Processed 100001 reads in 129.789 CPU sec, 26.102 real sec
6432916 [main] INFO main.java.edu.mit.compbio.bisulfitehic.mapping.Bhmem  - Processing reads 6700000 ...
6432916 [main] INFO main.java.edu.mit.compbio.bisulfitehic.mapping.Bhmem  - Unique mapped and paired reads 6600066 ...
6452404 [main] INFO main.java.edu.mit.compbio.bisulfitehic.mapping.Bhmem  - Processing reads 6800000 ...
6452404 [main] INFO main.java.edu.mit.compbio.bisulfitehic.mapping.Bhmem  - Unique mapped and paired reads 6600066 ...
[M::mem_process_seqs] Processed 100001 reads in 140.219 CPU sec, 28.301 real sec
[M::mem_process_seqs] Processed 100001 reads in 136.207 CPU sec, 27.382 real sec
[M::mem_process_seqs] Processed 100001 reads in 129.612 CPU sec, 26.064 real sec
[M::mem_process_seqs] Processed 100001 reads in 131.489 CPU sec, 26.445 real sec
6599461 [main] INFO main.java.edu.mit.compbio.bisulfitehic.mapping.Bhmem  - Processing reads 6900000 ...
6599461 [main] INFO main.java.edu.mit.compbio.bisulfitehic.mapping.Bhmem  - Unique mapped and paired reads 6800068 ...
6618837 [main] INFO main.java.edu.mit.compbio.bisulfitehic.mapping.Bhmem  - Processing reads 7000000 ...
6618837 [main] INFO main.java.edu.mit.compbio.bisulfitehic.mapping.Bhmem  - Unique mapped and paired reads 6800068 ...
[M::mem_process_seqs] Processed 100001 reads in 135.823 CPU sec, 27.349 real sec
[M::mem_process_seqs] Processed 100001 reads in 136.554 CPU sec, 27.481 real sec
[M::mem_process_seqs] Processed 100001 reads in 132.385 CPU sec, 26.615 real sec
[M::mem_process_seqs] Processed 100001 reads in 131.207 CPU sec, 26.384 real sec
6765008 [main] INFO main.java.edu.mit.compbio.bisulfitehic.mapping.Bhmem  - Processing reads 7100000 ...
6765009 [main] INFO main.java.edu.mit.compbio.bisulfitehic.mapping.Bhmem  - Unique mapped and paired reads 7000070 ...
6784474 [main] INFO main.java.edu.mit.compbio.bisulfitehic.mapping.Bhmem  - Processing reads 7200000 ...
6784475 [main] INFO main.java.edu.mit.compbio.bisulfitehic.mapping.Bhmem  - Unique mapped and paired reads 7000070 ...
[M::mem_process_seqs] Processed 100001 reads in 131.998 CPU sec, 26.540 real sec
[M::mem_process_seqs] Processed 100001 reads in 132.057 CPU sec, 26.565 real sec
[M::mem_process_seqs] Processed 100001 reads in 129.851 CPU sec, 26.129 real sec
[M::mem_process_seqs] Processed 100001 reads in 132.698 CPU sec, 26.695 real sec
6929324 [main] INFO main.java.edu.mit.compbio.bisulfitehic.mapping.Bhmem  - Processing reads 7300000 ...
6929324 [main] INFO main.java.edu.mit.compbio.bisulfitehic.mapping.Bhmem  - Unique mapped and paired reads 7200072 ...
6948786 [main] INFO main.java.edu.mit.compbio.bisulfitehic.mapping.Bhmem  - Processing reads 7400000 ...
6948786 [main] INFO main.java.edu.mit.compbio.bisulfitehic.mapping.Bhmem  - Unique mapped and paired reads 7200072 ...
[M::mem_process_seqs] Processed 100001 reads in 143.519 CPU sec, 28.889 real sec
[M::mem_process_seqs] Processed 100001 reads in 133.097 CPU sec, 26.791 real sec
[M::mem_process_seqs] Processed 100001 reads in 130.497 CPU sec, 26.260 real sec
[M::mem_process_seqs] Processed 100001 reads in 132.108 CPU sec, 26.557 real sec
7095864 [main] INFO main.java.edu.mit.compbio.bisulfitehic.mapping.Bhmem  - Processing reads 7500000 ...
7095864 [main] INFO main.java.edu.mit.compbio.bisulfitehic.mapping.Bhmem  - Unique mapped and paired reads 7400074 ...
7115328 [main] INFO main.java.edu.mit.compbio.bisulfitehic.mapping.Bhmem  - Processing reads 7600000 ...
7115329 [main] INFO main.java.edu.mit.compbio.bisulfitehic.mapping.Bhmem  - Unique mapped and paired reads 7400074 ...
[M::mem_process_seqs] Processed 100001 reads in 131.420 CPU sec, 26.429 real sec
[M::mem_process_seqs] Processed 100001 reads in 133.148 CPU sec, 26.787 real sec
[M::mem_process_seqs] Processed 100001 reads in 130.417 CPU sec, 26.244 real sec
[M::mem_process_seqs] Processed 100001 reads in 134.021 CPU sec, 26.954 real sec
7260639 [main] INFO main.java.edu.mit.compbio.bisulfitehic.mapping.Bhmem  - Processing reads 7700000 ...
7260639 [main] INFO main.java.edu.mit.compbio.bisulfitehic.mapping.Bhmem  - Unique mapped and paired reads 7600076 ...
7280124 [main] INFO main.java.edu.mit.compbio.bisulfitehic.mapping.Bhmem  - Processing reads 7800000 ...
7280124 [main] INFO main.java.edu.mit.compbio.bisulfitehic.mapping.Bhmem  - Unique mapped and paired reads 7600076 ...
[M::mem_process_seqs] Processed 100001 reads in 136.618 CPU sec, 27.566 real sec
[M::mem_process_seqs] Processed 100001 reads in 134.948 CPU sec, 27.129 real sec
[M::mem_process_seqs] Processed 100001 reads in 132.112 CPU sec, 26.553 real sec
[M::mem_process_seqs] Processed 100001 reads in 132.705 CPU sec, 26.674 real sec
7427166 [main] INFO main.java.edu.mit.compbio.bisulfitehic.mapping.Bhmem  - Processing reads 7900000 ...
7427166 [main] INFO main.java.edu.mit.compbio.bisulfitehic.mapping.Bhmem  - Unique mapped and paired reads 7800078 ...
7446640 [main] INFO main.java.edu.mit.compbio.bisulfitehic.mapping.Bhmem  - Processing reads 8000000 ...
7446641 [main] INFO main.java.edu.mit.compbio.bisulfitehic.mapping.Bhmem  - Unique mapped and paired reads 7800078 ...
[M::mem_process_seqs] Processed 100001 reads in 131.881 CPU sec, 26.531 real sec
[M::mem_process_seqs] Processed 100001 reads in 134.030 CPU sec, 26.952 real sec
[M::mem_process_seqs] Processed 100001 reads in 131.140 CPU sec, 26.368 real sec
[M::mem_process_seqs] Processed 100001 reads in 135.244 CPU sec, 27.234 real sec
7592765 [main] INFO main.java.edu.mit.compbio.bisulfitehic.mapping.Bhmem  - Processing reads 8100000 ...
7592765 [main] INFO main.java.edu.mit.compbio.bisulfitehic.mapping.Bhmem  - Unique mapped and paired reads 8000080 ...
7612244 [main] INFO main.java.edu.mit.compbio.bisulfitehic.mapping.Bhmem  - Processing reads 8200000 ...
7612244 [main] INFO main.java.edu.mit.compbio.bisulfitehic.mapping.Bhmem  - Unique mapped and paired reads 8000080 ...
[M::mem_process_seqs] Processed 100001 reads in 133.449 CPU sec, 26.831 real sec
[M::mem_process_seqs] Processed 100001 reads in 131.397 CPU sec, 26.424 real sec
[M::mem_process_seqs] Processed 100001 reads in 134.515 CPU sec, 27.058 real sec
[M::mem_process_seqs] Processed 100001 reads in 134.925 CPU sec, 27.126 real sec
7757996 [main] INFO main.java.edu.mit.compbio.bisulfitehic.mapping.Bhmem  - Processing reads 8300000 ...
7757997 [main] INFO main.java.edu.mit.compbio.bisulfitehic.mapping.Bhmem  - Unique mapped and paired reads 8200082 ...
7777513 [main] INFO main.java.edu.mit.compbio.bisulfitehic.mapping.Bhmem  - Processing reads 8400000 ...
7777513 [main] INFO main.java.edu.mit.compbio.bisulfitehic.mapping.Bhmem  - Unique mapped and paired reads 8200082 ...
[M::mem_process_seqs] Processed 100001 reads in 132.306 CPU sec, 26.607 real sec
[M::mem_process_seqs] Processed 100001 reads in 132.515 CPU sec, 26.653 real sec
[M::mem_process_seqs] Processed 100001 reads in 135.017 CPU sec, 27.163 real sec
[M::mem_process_seqs] Processed 100001 reads in 137.189 CPU sec, 27.622 real sec
7924654 [main] INFO main.java.edu.mit.compbio.bisulfitehic.mapping.Bhmem  - Processing reads 8500000 ...
7924654 [main] INFO main.java.edu.mit.compbio.bisulfitehic.mapping.Bhmem  - Unique mapped and paired reads 8400084 ...
7944127 [main] INFO main.java.edu.mit.compbio.bisulfitehic.mapping.Bhmem  - Processing reads 8600000 ...
7944127 [main] INFO main.java.edu.mit.compbio.bisulfitehic.mapping.Bhmem  - Unique mapped and paired reads 8400084 ...
[M::mem_process_seqs] Processed 100001 reads in 136.220 CPU sec, 27.381 real sec
[M::mem_process_seqs] Processed 100001 reads in 132.702 CPU sec, 26.700 real sec
[M::mem_process_seqs] Processed 100001 reads in 135.574 CPU sec, 27.265 real sec
[M::mem_process_seqs] Processed 100001 reads in 134.392 CPU sec, 27.026 real sec
8090941 [main] INFO main.java.edu.mit.compbio.bisulfitehic.mapping.Bhmem  - Processing reads 8700000 ...
8090941 [main] INFO main.java.edu.mit.compbio.bisulfitehic.mapping.Bhmem  - Unique mapped and paired reads 8600086 ...
8110404 [main] INFO main.java.edu.mit.compbio.bisulfitehic.mapping.Bhmem  - Processing reads 8800000 ...
8110404 [main] INFO main.java.edu.mit.compbio.bisulfitehic.mapping.Bhmem  - Unique mapped and paired reads 8600086 ...
[M::mem_process_seqs] Processed 100001 reads in 132.344 CPU sec, 26.628 real sec
[M::mem_process_seqs] Processed 100001 reads in 143.431 CPU sec, 28.878 real sec
[M::mem_process_seqs] Processed 100001 reads in 137.359 CPU sec, 27.620 real sec
[M::mem_process_seqs] Processed 100001 reads in 136.644 CPU sec, 27.469 real sec
8260061 [main] INFO main.java.edu.mit.compbio.bisulfitehic.mapping.Bhmem  - Processing reads 8900000 ...
8260061 [main] INFO main.java.edu.mit.compbio.bisulfitehic.mapping.Bhmem  - Unique mapped and paired reads 8800088 ...
8279543 [main] INFO main.java.edu.mit.compbio.bisulfitehic.mapping.Bhmem  - Processing reads 9000000 ...
8279543 [main] INFO main.java.edu.mit.compbio.bisulfitehic.mapping.Bhmem  - Unique mapped and paired reads 8800088 ...
[M::mem_process_seqs] Processed 100001 reads in 134.491 CPU sec, 27.076 real sec
[M::mem_process_seqs] Processed 100001 reads in 134.523 CPU sec, 27.066 real sec
[M::mem_process_seqs] Processed 100001 reads in 134.403 CPU sec, 27.033 real sec
[M::mem_process_seqs] Processed 100001 reads in 134.425 CPU sec, 27.034 real sec
8426692 [main] INFO main.java.edu.mit.compbio.bisulfitehic.mapping.Bhmem  - Processing reads 9100000 ...
8426692 [main] INFO main.java.edu.mit.compbio.bisulfitehic.mapping.Bhmem  - Unique mapped and paired reads 9000090 ...
8446159 [main] INFO main.java.edu.mit.compbio.bisulfitehic.mapping.Bhmem  - Processing reads 9200000 ...
8446160 [main] INFO main.java.edu.mit.compbio.bisulfitehic.mapping.Bhmem  - Unique mapped and paired reads 9000090 ...
[M::mem_process_seqs] Processed 100001 reads in 157.725 CPU sec, 31.797 real sec
[M::mem_process_seqs] Processed 100001 reads in 134.948 CPU sec, 27.160 real sec
[M::mem_process_seqs] Processed 100001 reads in 131.979 CPU sec, 26.557 real sec
[M::mem_process_seqs] Processed 100001 reads in 147.538 CPU sec, 29.650 real sec
8600254 [main] INFO main.java.edu.mit.compbio.bisulfitehic.mapping.Bhmem  - Processing reads 9300000 ...
8600254 [main] INFO main.java.edu.mit.compbio.bisulfitehic.mapping.Bhmem  - Unique mapped and paired reads 9200092 ...
8619646 [main] INFO main.java.edu.mit.compbio.bisulfitehic.mapping.Bhmem  - Processing reads 9400000 ...
8619646 [main] INFO main.java.edu.mit.compbio.bisulfitehic.mapping.Bhmem  - Unique mapped and paired reads 9200092 ...
[M::mem_process_seqs] Processed 100001 reads in 147.400 CPU sec, 29.595 real sec
[M::mem_process_seqs] Processed 100001 reads in 162.971 CPU sec, 32.846 real sec
[M::mem_process_seqs] Processed 100001 reads in 165.606 CPU sec, 33.266 real sec
[M::mem_process_seqs] Processed 100001 reads in 149.692 CPU sec, 30.050 real sec
8784266 [main] INFO main.java.edu.mit.compbio.bisulfitehic.mapping.Bhmem  - Processing reads 9500000 ...
8784266 [main] INFO main.java.edu.mit.compbio.bisulfitehic.mapping.Bhmem  - Unique mapped and paired reads 9400094 ...
8803667 [main] INFO main.java.edu.mit.compbio.bisulfitehic.mapping.Bhmem  - Processing reads 9600000 ...
8803667 [main] INFO main.java.edu.mit.compbio.bisulfitehic.mapping.Bhmem  - Unique mapped and paired reads 9400094 ...
[M::mem_process_seqs] Processed 100001 reads in 149.745 CPU sec, 30.228 real sec
[M::mem_process_seqs] Processed 100001 reads in 162.798 CPU sec, 32.796 real sec
[M::mem_process_seqs] Processed 100001 reads in 143.445 CPU sec, 28.824 real sec
[M::mem_process_seqs] Processed 100001 reads in 163.529 CPU sec, 32.834 real sec
8967608 [main] INFO main.java.edu.mit.compbio.bisulfitehic.mapping.Bhmem  - Processing reads 9700000 ...
8967608 [main] INFO main.java.edu.mit.compbio.bisulfitehic.mapping.Bhmem  - Unique mapped and paired reads 9600096 ...
8987089 [main] INFO main.java.edu.mit.compbio.bisulfitehic.mapping.Bhmem  - Processing reads 9800000 ...
8987089 [main] INFO main.java.edu.mit.compbio.bisulfitehic.mapping.Bhmem  - Unique mapped and paired reads 9600096 ...
[M::mem_process_seqs] Processed 100001 reads in 161.762 CPU sec, 32.472 real sec
[M::mem_process_seqs] Processed 100001 reads in 163.129 CPU sec, 32.764 real sec
[M::mem_process_seqs] Processed 100001 reads in 169.543 CPU sec, 34.026 real sec
[M::mem_process_seqs] Processed 100001 reads in 168.907 CPU sec, 34.091 real sec
9159771 [main] INFO main.java.edu.mit.compbio.bisulfitehic.mapping.Bhmem  - Processing reads 9900000 ...
9159772 [main] INFO main.java.edu.mit.compbio.bisulfitehic.mapping.Bhmem  - Unique mapped and paired reads 9800098 ...
9179255 [main] INFO main.java.edu.mit.compbio.bisulfitehic.mapping.Bhmem  - Processing reads 10000000 ...
9179255 [main] INFO main.java.edu.mit.compbio.bisulfitehic.mapping.Bhmem  - Unique mapped and paired reads 9800098 ...
[M::mem_process_seqs] Processed 100001 reads in 153.931 CPU sec, 31.038 real sec
[M::mem_process_seqs] Processed 100001 reads in 157.842 CPU sec, 31.695 real sec
[M::mem_process_seqs] Processed 100001 reads in 160.277 CPU sec, 32.185 real sec
[M::mem_process_seqs] Processed 100001 reads in 170.068 CPU sec, 34.192 real sec
9347989 [main] INFO main.java.edu.mit.compbio.bisulfitehic.mapping.Bhmem  - Processing reads 10100000 ...
9347989 [main] INFO main.java.edu.mit.compbio.bisulfitehic.mapping.Bhmem  - Unique mapped and paired reads 10000100 ...
9367462 [main] INFO main.java.edu.mit.compbio.bisulfitehic.mapping.Bhmem  - Processing reads 10200000 ...
9367465 [main] INFO main.java.edu.mit.compbio.bisulfitehic.mapping.Bhmem  - Unique mapped and paired reads 10000100 ...
[M::mem_process_seqs] Processed 100001 reads in 163.020 CPU sec, 33.003 real sec
[M::mem_process_seqs] Processed 100001 reads in 147.550 CPU sec, 29.636 real sec
[M::mem_process_seqs] Processed 100001 reads in 162.069 CPU sec, 32.691 real sec
[M::mem_process_seqs] Processed 100001 reads in 160.684 CPU sec, 32.282 real sec
9535146 [main] INFO main.java.edu.mit.compbio.bisulfitehic.mapping.Bhmem  - Processing reads 10300000 ...
9535146 [main] INFO main.java.edu.mit.compbio.bisulfitehic.mapping.Bhmem  - Unique mapped and paired reads 10200102 ...
9555096 [main] INFO main.java.edu.mit.compbio.bisulfitehic.mapping.Bhmem  - Processing reads 10400000 ...
9555096 [main] INFO main.java.edu.mit.compbio.bisulfitehic.mapping.Bhmem  - Unique mapped and paired reads 10200102 ...
[M::mem_process_seqs] Processed 100001 reads in 160.552 CPU sec, 32.422 real sec
[M::mem_process_seqs] Processed 100001 reads in 166.604 CPU sec, 33.593 real sec
[M::mem_process_seqs] Processed 100001 reads in 152.500 CPU sec, 30.620 real sec
[M::mem_process_seqs] Processed 100001 reads in 159.129 CPU sec, 32.032 real sec
9723331 [main] INFO main.java.edu.mit.compbio.bisulfitehic.mapping.Bhmem  - Processing reads 10500000 ...
9723331 [main] INFO main.java.edu.mit.compbio.bisulfitehic.mapping.Bhmem  - Unique mapped and paired reads 10400104 ...
9743225 [main] INFO main.java.edu.mit.compbio.bisulfitehic.mapping.Bhmem  - Processing reads 10600000 ...
9743225 [main] INFO main.java.edu.mit.compbio.bisulfitehic.mapping.Bhmem  - Unique mapped and paired reads 10400104 ...
[M::mem_process_seqs] Processed 100001 reads in 163.047 CPU sec, 32.726 real sec
[M::mem_process_seqs] Processed 100001 reads in 163.679 CPU sec, 33.050 real sec
[M::mem_process_seqs] Processed 100001 reads in 141.135 CPU sec, 28.356 real sec
[M::mem_process_seqs] Processed 100001 reads in 167.215 CPU sec, 33.721 real sec
9910141 [main] INFO main.java.edu.mit.compbio.bisulfitehic.mapping.Bhmem  - Processing reads 10700000 ...
9910141 [main] INFO main.java.edu.mit.compbio.bisulfitehic.mapping.Bhmem  - Unique mapped and paired reads 10600106 ...
9929522 [main] INFO main.java.edu.mit.compbio.bisulfitehic.mapping.Bhmem  - Processing reads 10800000 ...
9929523 [main] INFO main.java.edu.mit.compbio.bisulfitehic.mapping.Bhmem  - Unique mapped and paired reads 10600106 ...
[M::mem_process_seqs] Processed 100001 reads in 157.299 CPU sec, 31.769 real sec
[M::mem_process_seqs] Processed 100001 reads in 165.053 CPU sec, 33.177 real sec
[M::mem_process_seqs] Processed 100001 reads in 166.896 CPU sec, 33.707 real sec
[M::mem_process_seqs] Processed 100001 reads in 160.196 CPU sec, 32.176 real sec
10100008 [main] INFO main.java.edu.mit.compbio.bisulfitehic.mapping.Bhmem  - Processing reads 10900000 ...
10100008 [main] INFO main.java.edu.mit.compbio.bisulfitehic.mapping.Bhmem  - Unique mapped and paired reads 10800108 ...
10119868 [main] INFO main.java.edu.mit.compbio.bisulfitehic.mapping.Bhmem  - Processing reads 11000000 ...
10119868 [main] INFO main.java.edu.mit.compbio.bisulfitehic.mapping.Bhmem  - Unique mapped and paired reads 10800108 ...
[M::mem_process_seqs] Processed 100001 reads in 147.275 CPU sec, 29.632 real sec
[M::mem_process_seqs] Processed 100001 reads in 140.183 CPU sec, 28.229 real sec
[M::mem_process_seqs] Processed 100001 reads in 149.358 CPU sec, 30.063 real sec
[M::mem_process_seqs] Processed 100001 reads in 157.727 CPU sec, 31.864 real sec
10278856 [main] INFO main.java.edu.mit.compbio.bisulfitehic.mapping.Bhmem  - Processing reads 11100000 ...
10278856 [main] INFO main.java.edu.mit.compbio.bisulfitehic.mapping.Bhmem  - Unique mapped and paired reads 11000110 ...
10298251 [main] INFO main.java.edu.mit.compbio.bisulfitehic.mapping.Bhmem  - Processing reads 11200000 ...
10298251 [main] INFO main.java.edu.mit.compbio.bisulfitehic.mapping.Bhmem  - Unique mapped and paired reads 11000110 ...
[M::mem_process_seqs] Processed 100001 reads in 160.489 CPU sec, 32.401 real sec
[M::mem_process_seqs] Processed 100001 reads in 156.985 CPU sec, 31.510 real sec
[M::mem_process_seqs] Processed 100001 reads in 166.395 CPU sec, 33.583 real sec
[M::mem_process_seqs] Processed 100001 reads in 165.125 CPU sec, 33.152 real sec
10467895 [main] INFO main.java.edu.mit.compbio.bisulfitehic.mapping.Bhmem  - Processing reads 11300000 ...
10467895 [main] INFO main.java.edu.mit.compbio.bisulfitehic.mapping.Bhmem  - Unique mapped and paired reads 11200112 ...
10487288 [main] INFO main.java.edu.mit.compbio.bisulfitehic.mapping.Bhmem  - Processing reads 11400000 ...
10487288 [main] INFO main.java.edu.mit.compbio.bisulfitehic.mapping.Bhmem  - Unique mapped and paired reads 11200112 ...
[M::mem_process_seqs] Processed 100001 reads in 171.471 CPU sec, 34.575 real sec
[M::mem_process_seqs] Processed 100001 reads in 167.872 CPU sec, 33.703 real sec
[M::mem_process_seqs] Processed 100001 reads in 166.895 CPU sec, 33.707 real sec
[M::mem_process_seqs] Processed 100001 reads in 161.484 CPU sec, 32.415 real sec
10660652 [main] INFO main.java.edu.mit.compbio.bisulfitehic.mapping.Bhmem  - Processing reads 11500000 ...
10660652 [main] INFO main.java.edu.mit.compbio.bisulfitehic.mapping.Bhmem  - Unique mapped and paired reads 11400114 ...
10680039 [main] INFO main.java.edu.mit.compbio.bisulfitehic.mapping.Bhmem  - Processing reads 11600000 ...
10680039 [main] INFO main.java.edu.mit.compbio.bisulfitehic.mapping.Bhmem  - Unique mapped and paired reads 11400114 ...
[M::mem_process_seqs] Processed 100001 reads in 156.876 CPU sec, 31.628 real sec
[M::mem_process_seqs] Processed 100001 reads in 141.812 CPU sec, 28.492 real sec
[M::mem_process_seqs] Processed 100001 reads in 133.806 CPU sec, 26.895 real sec
[M::mem_process_seqs] Processed 100001 reads in 147.401 CPU sec, 29.782 real sec
10836413 [main] INFO main.java.edu.mit.compbio.bisulfitehic.mapping.Bhmem  - Processing reads 11700000 ...
10836413 [main] INFO main.java.edu.mit.compbio.bisulfitehic.mapping.Bhmem  - Unique mapped and paired reads 11600116 ...
10855806 [main] INFO main.java.edu.mit.compbio.bisulfitehic.mapping.Bhmem  - Processing reads 11800000 ...
10855806 [main] INFO main.java.edu.mit.compbio.bisulfitehic.mapping.Bhmem  - Unique mapped and paired reads 11600116 ...
[M::mem_process_seqs] Processed 100001 reads in 147.452 CPU sec, 29.834 real sec
[M::mem_process_seqs] Processed 100001 reads in 156.188 CPU sec, 31.549 real sec
[M::mem_process_seqs] Processed 100001 reads in 154.388 CPU sec, 31.009 real sec
[M::mem_process_seqs] Processed 100001 reads in 173.990 CPU sec, 35.082 real sec
11022427 [main] INFO main.java.edu.mit.compbio.bisulfitehic.mapping.Bhmem  - Processing reads 11900000 ...
11022427 [main] INFO main.java.edu.mit.compbio.bisulfitehic.mapping.Bhmem  - Unique mapped and paired reads 11800118 ...
11041823 [main] INFO main.java.edu.mit.compbio.bisulfitehic.mapping.Bhmem  - Processing reads 12000000 ...
11041823 [main] INFO main.java.edu.mit.compbio.bisulfitehic.mapping.Bhmem  - Unique mapped and paired reads 11800118 ...
[M::mem_process_seqs] Processed 100001 reads in 143.718 CPU sec, 28.867 real sec
[M::mem_process_seqs] Processed 100001 reads in 133.794 CPU sec, 26.886 real sec
[M::mem_process_seqs] Processed 100001 reads in 154.354 CPU sec, 31.001 real sec
[M::mem_process_seqs] Processed 100001 reads in 172.473 CPU sec, 34.797 real sec
11202445 [main] INFO main.java.edu.mit.compbio.bisulfitehic.mapping.Bhmem  - Processing reads 12100000 ...
11202445 [main] INFO main.java.edu.mit.compbio.bisulfitehic.mapping.Bhmem  - Unique mapped and paired reads 12000120 ...
11221841 [main] INFO main.java.edu.mit.compbio.bisulfitehic.mapping.Bhmem  - Processing reads 12200000 ...
11221842 [main] INFO main.java.edu.mit.compbio.bisulfitehic.mapping.Bhmem  - Unique mapped and paired reads 12000120 ...
[M::mem_process_seqs] Processed 100001 reads in 167.994 CPU sec, 33.785 real sec
[M::mem_process_seqs] Processed 100001 reads in 143.453 CPU sec, 28.830 real sec
[M::mem_process_seqs] Processed 100001 reads in 157.622 CPU sec, 31.862 real sec
[M::mem_process_seqs] Processed 100001 reads in 174.400 CPU sec, 35.015 real sec
11390836 [main] INFO main.java.edu.mit.compbio.bisulfitehic.mapping.Bhmem  - Processing reads 12300000 ...
11390836 [main] INFO main.java.edu.mit.compbio.bisulfitehic.mapping.Bhmem  - Unique mapped and paired reads 12200122 ...
11410744 [main] INFO main.java.edu.mit.compbio.bisulfitehic.mapping.Bhmem  - Processing reads 12400000 ...
11410744 [main] INFO main.java.edu.mit.compbio.bisulfitehic.mapping.Bhmem  - Unique mapped and paired reads 12200122 ...
[M::mem_process_seqs] Processed 100001 reads in 143.438 CPU sec, 28.829 real sec
[M::mem_process_seqs] Processed 100001 reads in 142.337 CPU sec, 28.739 real sec
[M::mem_process_seqs] Processed 100001 reads in 164.744 CPU sec, 33.065 real sec
[M::mem_process_seqs] Processed 100001 reads in 136.980 CPU sec, 27.542 real sec
11567675 [main] INFO main.java.edu.mit.compbio.bisulfitehic.mapping.Bhmem  - Processing reads 12500000 ...
11567675 [main] INFO main.java.edu.mit.compbio.bisulfitehic.mapping.Bhmem  - Unique mapped and paired reads 12400124 ...
11587067 [main] INFO main.java.edu.mit.compbio.bisulfitehic.mapping.Bhmem  - Processing reads 12600000 ...
11587067 [main] INFO main.java.edu.mit.compbio.bisulfitehic.mapping.Bhmem  - Unique mapped and paired reads 12400124 ...
[M::mem_process_seqs] Processed 100001 reads in 159.599 CPU sec, 32.206 real sec
[M::mem_process_seqs] Processed 100001 reads in 163.123 CPU sec, 32.737 real sec
[M::mem_process_seqs] Processed 100001 reads in 168.437 CPU sec, 33.967 real sec
[M::mem_process_seqs] Processed 100001 reads in 166.199 CPU sec, 33.380 real sec
11758565 [main] INFO main.java.edu.mit.compbio.bisulfitehic.mapping.Bhmem  - Processing reads 12700000 ...
11758565 [main] INFO main.java.edu.mit.compbio.bisulfitehic.mapping.Bhmem  - Unique mapped and paired reads 12600126 ...
11777962 [main] INFO main.java.edu.mit.compbio.bisulfitehic.mapping.Bhmem  - Processing reads 12800000 ...
11777962 [main] INFO main.java.edu.mit.compbio.bisulfitehic.mapping.Bhmem  - Unique mapped and paired reads 12600126 ...
[M::mem_process_seqs] Processed 100001 reads in 157.223 CPU sec, 31.744 real sec
[M::mem_process_seqs] Processed 100001 reads in 163.219 CPU sec, 32.783 real sec
[M::mem_process_seqs] Processed 100001 reads in 146.509 CPU sec, 29.532 real sec
[M::mem_process_seqs] Processed 100001 reads in 157.376 CPU sec, 31.591 real sec
11943186 [main] INFO main.java.edu.mit.compbio.bisulfitehic.mapping.Bhmem  - Processing reads 12900000 ...
11943186 [main] INFO main.java.edu.mit.compbio.bisulfitehic.mapping.Bhmem  - Unique mapped and paired reads 12800128 ...
11963044 [main] INFO main.java.edu.mit.compbio.bisulfitehic.mapping.Bhmem  - Processing reads 13000000 ...
11963044 [main] INFO main.java.edu.mit.compbio.bisulfitehic.mapping.Bhmem  - Unique mapped and paired reads 12800128 ...
[M::mem_process_seqs] Processed 100001 reads in 152.818 CPU sec, 30.858 real sec
[M::mem_process_seqs] Processed 100001 reads in 145.003 CPU sec, 29.253 real sec
[M::mem_process_seqs] Processed 100001 reads in 136.391 CPU sec, 27.405 real sec
[M::mem_process_seqs] Processed 100001 reads in 135.566 CPU sec, 27.243 real sec
12116774 [main] INFO main.java.edu.mit.compbio.bisulfitehic.mapping.Bhmem  - Processing reads 13100000 ...
12116774 [main] INFO main.java.edu.mit.compbio.bisulfitehic.mapping.Bhmem  - Unique mapped and paired reads 13000130 ...
12136269 [main] INFO main.java.edu.mit.compbio.bisulfitehic.mapping.Bhmem  - Processing reads 13200000 ...
12136269 [main] INFO main.java.edu.mit.compbio.bisulfitehic.mapping.Bhmem  - Unique mapped and paired reads 13000130 ...
[M::mem_process_seqs] Processed 100001 reads in 149.038 CPU sec, 30.071 real sec
[M::mem_process_seqs] Processed 100001 reads in 145.512 CPU sec, 29.231 real sec
[M::mem_process_seqs] Processed 100001 reads in 164.881 CPU sec, 33.512 real sec
[M::mem_process_seqs] Processed 100001 reads in 162.133 CPU sec, 32.812 real sec
12300963 [main] INFO main.java.edu.mit.compbio.bisulfitehic.mapping.Bhmem  - Processing reads 13300000 ...
12300964 [main] INFO main.java.edu.mit.compbio.bisulfitehic.mapping.Bhmem  - Unique mapped and paired reads 13200132 ...
12320363 [main] INFO main.java.edu.mit.compbio.bisulfitehic.mapping.Bhmem  - Processing reads 13400000 ...
12320364 [main] INFO main.java.edu.mit.compbio.bisulfitehic.mapping.Bhmem  - Unique mapped and paired reads 13200132 ...
[M::mem_process_seqs] Processed 100001 reads in 165.053 CPU sec, 33.370 real sec
[M::mem_process_seqs] Processed 100001 reads in 152.020 CPU sec, 30.820 real sec
[M::mem_process_seqs] Processed 100001 reads in 143.671 CPU sec, 28.899 real sec
[M::mem_process_seqs] Processed 100001 reads in 152.159 CPU sec, 30.809 real sec
12483507 [main] INFO main.java.edu.mit.compbio.bisulfitehic.mapping.Bhmem  - Processing reads 13500000 ...
12483507 [main] INFO main.java.edu.mit.compbio.bisulfitehic.mapping.Bhmem  - Unique mapped and paired reads 13400134 ...
12502916 [main] INFO main.java.edu.mit.compbio.bisulfitehic.mapping.Bhmem  - Processing reads 13600000 ...
12502916 [main] INFO main.java.edu.mit.compbio.bisulfitehic.mapping.Bhmem  - Unique mapped and paired reads 13400134 ...
[M::mem_process_seqs] Processed 100001 reads in 170.313 CPU sec, 34.644 real sec
[M::mem_process_seqs] Processed 100001 reads in 152.994 CPU sec, 30.741 real sec
[M::mem_process_seqs] Processed 100001 reads in 166.344 CPU sec, 33.563 real sec
[M::mem_process_seqs] Processed 100001 reads in 139.037 CPU sec, 27.954 real sec
12669005 [main] INFO main.java.edu.mit.compbio.bisulfitehic.mapping.Bhmem  - Processing reads 13700000 ...
12669005 [main] INFO main.java.edu.mit.compbio.bisulfitehic.mapping.Bhmem  - Unique mapped and paired reads 13600136 ...
12688401 [main] INFO main.java.edu.mit.compbio.bisulfitehic.mapping.Bhmem  - Processing reads 13800000 ...
12688401 [main] INFO main.java.edu.mit.compbio.bisulfitehic.mapping.Bhmem  - Unique mapped and paired reads 13600136 ...
[M::mem_process_seqs] Processed 100001 reads in 145.545 CPU sec, 29.447 real sec
[M::mem_process_seqs] Processed 100001 reads in 153.791 CPU sec, 30.996 real sec
[M::mem_process_seqs] Processed 100001 reads in 165.172 CPU sec, 33.598 real sec
[M::mem_process_seqs] Processed 100001 reads in 154.528 CPU sec, 31.057 real sec
12852950 [main] INFO main.java.edu.mit.compbio.bisulfitehic.mapping.Bhmem  - Processing reads 13900000 ...
12852950 [main] INFO main.java.edu.mit.compbio.bisulfitehic.mapping.Bhmem  - Unique mapped and paired reads 13800138 ...
12872871 [main] INFO main.java.edu.mit.compbio.bisulfitehic.mapping.Bhmem  - Processing reads 14000000 ...
12872871 [main] INFO main.java.edu.mit.compbio.bisulfitehic.mapping.Bhmem  - Unique mapped and paired reads 13800138 ...
[M::mem_process_seqs] Processed 100001 reads in 167.981 CPU sec, 33.816 real sec
[M::mem_process_seqs] Processed 100001 reads in 159.750 CPU sec, 32.088 real sec
[M::mem_process_seqs] Processed 100001 reads in 164.219 CPU sec, 33.130 real sec
[M::mem_process_seqs] Processed 100001 reads in 165.322 CPU sec, 33.183 real sec
13044327 [main] INFO main.java.edu.mit.compbio.bisulfitehic.mapping.Bhmem  - Processing reads 14100000 ...
13044327 [main] INFO main.java.edu.mit.compbio.bisulfitehic.mapping.Bhmem  - Unique mapped and paired reads 14000140 ...
13063745 [main] INFO main.java.edu.mit.compbio.bisulfitehic.mapping.Bhmem  - Processing reads 14200000 ...
13063745 [main] INFO main.java.edu.mit.compbio.bisulfitehic.mapping.Bhmem  - Unique mapped and paired reads 14000140 ...
[M::mem_process_seqs] Processed 100001 reads in 159.375 CPU sec, 32.214 real sec
[M::mem_process_seqs] Processed 100001 reads in 161.286 CPU sec, 32.531 real sec
[M::mem_process_seqs] Processed 100001 reads in 137.127 CPU sec, 27.563 real sec
[M::mem_process_seqs] Processed 100001 reads in 132.282 CPU sec, 26.598 real sec
13221476 [main] INFO main.java.edu.mit.compbio.bisulfitehic.mapping.Bhmem  - Processing reads 14300000 ...
13221476 [main] INFO main.java.edu.mit.compbio.bisulfitehic.mapping.Bhmem  - Unique mapped and paired reads 14200142 ...
13240895 [main] INFO main.java.edu.mit.compbio.bisulfitehic.mapping.Bhmem  - Processing reads 14400000 ...
13240895 [main] INFO main.java.edu.mit.compbio.bisulfitehic.mapping.Bhmem  - Unique mapped and paired reads 14200142 ...
[M::mem_process_seqs] Processed 100001 reads in 164.057 CPU sec, 33.225 real sec
[M::mem_process_seqs] Processed 100001 reads in 161.931 CPU sec, 32.844 real sec
[M::mem_process_seqs] Processed 100001 reads in 150.964 CPU sec, 30.543 real sec
[M::mem_process_seqs] Processed 100001 reads in 160.440 CPU sec, 32.198 real sec
13408607 [main] INFO main.java.edu.mit.compbio.bisulfitehic.mapping.Bhmem  - Processing reads 14500000 ...
13408607 [main] INFO main.java.edu.mit.compbio.bisulfitehic.mapping.Bhmem  - Unique mapped and paired reads 14400144 ...
13428111 [main] INFO main.java.edu.mit.compbio.bisulfitehic.mapping.Bhmem  - Processing reads 14600000 ...
13428111 [main] INFO main.java.edu.mit.compbio.bisulfitehic.mapping.Bhmem  - Unique mapped and paired reads 14400144 ...
[M::mem_process_seqs] Processed 100001 reads in 149.015 CPU sec, 30.115 real sec
[M::mem_process_seqs] Processed 100001 reads in 163.627 CPU sec, 32.896 real sec
[M::mem_process_seqs] Processed 100001 reads in 173.165 CPU sec, 34.994 real sec
[M::mem_process_seqs] Processed 100001 reads in 160.929 CPU sec, 32.303 real sec
13598109 [main] INFO main.java.edu.mit.compbio.bisulfitehic.mapping.Bhmem  - Processing reads 14700000 ...
13598109 [main] INFO main.java.edu.mit.compbio.bisulfitehic.mapping.Bhmem  - Unique mapped and paired reads 14600146 ...
13617989 [main] INFO main.java.edu.mit.compbio.bisulfitehic.mapping.Bhmem  - Processing reads 14800000 ...
13617989 [main] INFO main.java.edu.mit.compbio.bisulfitehic.mapping.Bhmem  - Unique mapped and paired reads 14600146 ...
[M::mem_process_seqs] Processed 100001 reads in 156.647 CPU sec, 31.660 real sec
[M::mem_process_seqs] Processed 100001 reads in 152.036 CPU sec, 30.735 real sec
[M::mem_process_seqs] Processed 100001 reads in 166.008 CPU sec, 33.324 real sec
[M::mem_process_seqs] Processed 100001 reads in 163.894 CPU sec, 33.195 real sec
13786939 [main] INFO main.java.edu.mit.compbio.bisulfitehic.mapping.Bhmem  - Processing reads 14900000 ...
13786939 [main] INFO main.java.edu.mit.compbio.bisulfitehic.mapping.Bhmem  - Unique mapped and paired reads 14800148 ...
13806815 [main] INFO main.java.edu.mit.compbio.bisulfitehic.mapping.Bhmem  - Processing reads 15000000 ...
13806815 [main] INFO main.java.edu.mit.compbio.bisulfitehic.mapping.Bhmem  - Unique mapped and paired reads 14800148 ...
[M::mem_process_seqs] Processed 100001 reads in 155.456 CPU sec, 31.481 real sec
[M::mem_process_seqs] Processed 100001 reads in 162.315 CPU sec, 32.836 real sec
[M::mem_process_seqs] Processed 100001 reads in 175.542 CPU sec, 35.688 real sec
[M::mem_process_seqs] Processed 100001 reads in 146.623 CPU sec, 29.525 real sec
13975276 [main] INFO main.java.edu.mit.compbio.bisulfitehic.mapping.Bhmem  - Processing reads 15100000 ...
13975276 [main] INFO main.java.edu.mit.compbio.bisulfitehic.mapping.Bhmem  - Unique mapped and paired reads 15000150 ...
13994683 [main] INFO main.java.edu.mit.compbio.bisulfitehic.mapping.Bhmem  - Processing reads 15200000 ...
13994683 [main] INFO main.java.edu.mit.compbio.bisulfitehic.mapping.Bhmem  - Unique mapped and paired reads 15000150 ...
[M::mem_process_seqs] Processed 100001 reads in 156.304 CPU sec, 31.387 real sec
[M::mem_process_seqs] Processed 100001 reads in 130.878 CPU sec, 26.319 real sec
[M::mem_process_seqs] Processed 100001 reads in 145.910 CPU sec, 29.462 real sec
[M::mem_process_seqs] Processed 100001 reads in 139.402 CPU sec, 28.032 real sec
[M::mem_process_seqs] Processed 8429 reads in 10.856 CPU sec, 2.185 real sec
[M::mem_process_seqs] Processed 8429 reads in 10.925 CPU sec, 2.195 real sec
[M::mem_process_seqs] Processed 8429 reads in 10.786 CPU sec, 2.165 real sec
[M::mem_process_seqs] Processed 8429 reads in 11.212 CPU sec, 2.255 real sec
14144478 [main] INFO main.java.edu.mit.compbio.bisulfitehic.mapping.Bhmem  - 15217010 reads in total
14144535 [main] INFO main.java.edu.mit.compbio.bisulfitehic.mapping.Bhmem  - Unique Mapped and paired 15217010 reads (100.00%)
14144535 [main] INFO main.java.edu.mit.compbio.bisulfitehic.mapping.Bhmem  - Bhmem's running time is: 14151.45 secs, 235.86 mins, 3.93 hours
