[M::bwa_idx_load_from_disk] read 0 ALT contigs
[M::bwa_idx_load_from_disk] read 0 ALT contigs
0 [main] INFO main.java.edu.mit.compbio.bisulfitehic.mapping.Bhmem  - Processing reads 100000 ...
1 [main] INFO main.java.edu.mit.compbio.bisulfitehic.mapping.Bhmem  - Unique mapped and paired reads 0 ...
359 [main] INFO main.java.edu.mit.compbio.bisulfitehic.mapping.Bhmem  - Processing reads 200000 ...
359 [main] INFO main.java.edu.mit.compbio.bisulfitehic.mapping.Bhmem  - Unique mapped and paired reads 0 ...
[M::mem_process_seqs] Processed 100001 reads in 189.528 CPU sec, 39.105 real sec
[M::mem_process_seqs] Processed 100001 reads in 187.475 CPU sec, 37.822 real sec
[M::mem_process_seqs] Processed 100001 reads in 172.977 CPU sec, 35.203 real sec
[M::mem_process_seqs] Processed 100001 reads in 181.788 CPU sec, 36.666 real sec
202783 [main] INFO main.java.edu.mit.compbio.bisulfitehic.mapping.Bhmem  - Processing reads 300000 ...
202784 [main] INFO main.java.edu.mit.compbio.bisulfitehic.mapping.Bhmem  - Unique mapped and paired reads 200002 ...
224565 [main] INFO main.java.edu.mit.compbio.bisulfitehic.mapping.Bhmem  - Processing reads 400000 ...
224566 [main] INFO main.java.edu.mit.compbio.bisulfitehic.mapping.Bhmem  - Unique mapped and paired reads 200002 ...
[M::mem_process_seqs] Processed 100001 reads in 213.625 CPU sec, 43.229 real sec
[M::mem_process_seqs] Processed 100001 reads in 191.641 CPU sec, 38.677 real sec
[M::mem_process_seqs] Processed 100001 reads in 185.866 CPU sec, 37.733 real sec
[M::mem_process_seqs] Processed 100001 reads in 181.966 CPU sec, 36.699 real sec
426339 [main] INFO main.java.edu.mit.compbio.bisulfitehic.mapping.Bhmem  - Processing reads 500000 ...
426340 [main] INFO main.java.edu.mit.compbio.bisulfitehic.mapping.Bhmem  - Unique mapped and paired reads 400004 ...
449415 [main] INFO main.java.edu.mit.compbio.bisulfitehic.mapping.Bhmem  - Processing reads 600000 ...
449416 [main] INFO main.java.edu.mit.compbio.bisulfitehic.mapping.Bhmem  - Unique mapped and paired reads 400004 ...
[M::mem_process_seqs] Processed 100001 reads in 192.368 CPU sec, 38.721 real sec
[M::mem_process_seqs] Processed 100001 reads in 187.541 CPU sec, 37.927 real sec
[M::mem_process_seqs] Processed 100001 reads in 178.590 CPU sec, 35.930 real sec
[M::mem_process_seqs] Processed 100001 reads in 184.324 CPU sec, 37.157 real sec
643976 [main] INFO main.java.edu.mit.compbio.bisulfitehic.mapping.Bhmem  - Processing reads 700000 ...
643978 [main] INFO main.java.edu.mit.compbio.bisulfitehic.mapping.Bhmem  - Unique mapped and paired reads 600006 ...
663471 [main] INFO main.java.edu.mit.compbio.bisulfitehic.mapping.Bhmem  - Processing reads 800000 ...
663471 [main] INFO main.java.edu.mit.compbio.bisulfitehic.mapping.Bhmem  - Unique mapped and paired reads 600006 ...
[M::mem_process_seqs] Processed 100001 reads in 176.647 CPU sec, 35.700 real sec
[M::mem_process_seqs] Processed 100001 reads in 178.763 CPU sec, 36.017 real sec
[M::mem_process_seqs] Processed 100001 reads in 173.416 CPU sec, 35.647 real sec
[M::mem_process_seqs] Processed 100001 reads in 176.803 CPU sec, 36.417 real sec
858973 [main] INFO main.java.edu.mit.compbio.bisulfitehic.mapping.Bhmem  - Processing reads 900000 ...
858974 [main] INFO main.java.edu.mit.compbio.bisulfitehic.mapping.Bhmem  - Unique mapped and paired reads 800008 ...
881382 [main] INFO main.java.edu.mit.compbio.bisulfitehic.mapping.Bhmem  - Processing reads 1000000 ...
881382 [main] INFO main.java.edu.mit.compbio.bisulfitehic.mapping.Bhmem  - Unique mapped and paired reads 800008 ...
[M::mem_process_seqs] Processed 100001 reads in 188.969 CPU sec, 40.191 real sec
[M::mem_process_seqs] Processed 100001 reads in 199.953 CPU sec, 44.804 real sec
[M::mem_process_seqs] Processed 100001 reads in 171.115 CPU sec, 34.659 real sec
[M::mem_process_seqs] Processed 100001 reads in 170.790 CPU sec, 35.009 real sec
1075672 [main] INFO main.java.edu.mit.compbio.bisulfitehic.mapping.Bhmem  - Processing reads 1100000 ...
1075673 [main] INFO main.java.edu.mit.compbio.bisulfitehic.mapping.Bhmem  - Unique mapped and paired reads 1000010 ...
1096080 [main] INFO main.java.edu.mit.compbio.bisulfitehic.mapping.Bhmem  - Processing reads 1200000 ...
1096080 [main] INFO main.java.edu.mit.compbio.bisulfitehic.mapping.Bhmem  - Unique mapped and paired reads 1000010 ...
[M::mem_process_seqs] Processed 100001 reads in 167.202 CPU sec, 34.214 real sec
[M::mem_process_seqs] Processed 100001 reads in 171.233 CPU sec, 34.715 real sec
[M::mem_process_seqs] Processed 100001 reads in 178.395 CPU sec, 37.710 real sec
[M::mem_process_seqs] Processed 100001 reads in 190.577 CPU sec, 39.770 real sec
1294782 [main] INFO main.java.edu.mit.compbio.bisulfitehic.mapping.Bhmem  - Processing reads 1300000 ...
1294783 [main] INFO main.java.edu.mit.compbio.bisulfitehic.mapping.Bhmem  - Unique mapped and paired reads 1200012 ...
1316802 [main] INFO main.java.edu.mit.compbio.bisulfitehic.mapping.Bhmem  - Processing reads 1400000 ...
1316803 [main] INFO main.java.edu.mit.compbio.bisulfitehic.mapping.Bhmem  - Unique mapped and paired reads 1200012 ...
[M::mem_process_seqs] Processed 100001 reads in 183.388 CPU sec, 37.916 real sec
[M::mem_process_seqs] Processed 100001 reads in 186.621 CPU sec, 38.505 real sec
[M::mem_process_seqs] Processed 100001 reads in 173.755 CPU sec, 35.457 real sec
[M::mem_process_seqs] Processed 100001 reads in 190.824 CPU sec, 39.359 real sec
1510834 [main] INFO main.java.edu.mit.compbio.bisulfitehic.mapping.Bhmem  - Processing reads 1500000 ...
1510834 [main] INFO main.java.edu.mit.compbio.bisulfitehic.mapping.Bhmem  - Unique mapped and paired reads 1400014 ...
1530370 [main] INFO main.java.edu.mit.compbio.bisulfitehic.mapping.Bhmem  - Processing reads 1600000 ...
1530371 [main] INFO main.java.edu.mit.compbio.bisulfitehic.mapping.Bhmem  - Unique mapped and paired reads 1400014 ...
[M::mem_process_seqs] Processed 100001 reads in 170.015 CPU sec, 34.217 real sec
[M::mem_process_seqs] Processed 100001 reads in 175.373 CPU sec, 35.316 real sec
[M::mem_process_seqs] Processed 100001 reads in 164.445 CPU sec, 33.141 real sec
[M::mem_process_seqs] Processed 100001 reads in 162.132 CPU sec, 32.646 real sec
1705072 [main] INFO main.java.edu.mit.compbio.bisulfitehic.mapping.Bhmem  - Processing reads 1700000 ...
1705073 [main] INFO main.java.edu.mit.compbio.bisulfitehic.mapping.Bhmem  - Unique mapped and paired reads 1600016 ...
1724151 [main] INFO main.java.edu.mit.compbio.bisulfitehic.mapping.Bhmem  - Processing reads 1800000 ...
1724152 [main] INFO main.java.edu.mit.compbio.bisulfitehic.mapping.Bhmem  - Unique mapped and paired reads 1600016 ...
[M::mem_process_seqs] Processed 100001 reads in 157.909 CPU sec, 31.741 real sec
[M::mem_process_seqs] Processed 100001 reads in 159.020 CPU sec, 32.056 real sec
[M::mem_process_seqs] Processed 100001 reads in 155.936 CPU sec, 31.362 real sec
[M::mem_process_seqs] Processed 100001 reads in 162.547 CPU sec, 32.701 real sec
1891074 [main] INFO main.java.edu.mit.compbio.bisulfitehic.mapping.Bhmem  - Processing reads 1900000 ...
1891075 [main] INFO main.java.edu.mit.compbio.bisulfitehic.mapping.Bhmem  - Unique mapped and paired reads 1800018 ...
1910121 [main] INFO main.java.edu.mit.compbio.bisulfitehic.mapping.Bhmem  - Processing reads 2000000 ...
1910122 [main] INFO main.java.edu.mit.compbio.bisulfitehic.mapping.Bhmem  - Unique mapped and paired reads 1800018 ...
[M::mem_process_seqs] Processed 100001 reads in 158.067 CPU sec, 31.864 real sec
[M::mem_process_seqs] Processed 100001 reads in 162.282 CPU sec, 32.696 real sec
[M::mem_process_seqs] Processed 100001 reads in 157.974 CPU sec, 31.739 real sec
[M::mem_process_seqs] Processed 100001 reads in 165.333 CPU sec, 33.281 real sec
2078175 [main] INFO main.java.edu.mit.compbio.bisulfitehic.mapping.Bhmem  - Processing reads 2100000 ...
2078176 [main] INFO main.java.edu.mit.compbio.bisulfitehic.mapping.Bhmem  - Unique mapped and paired reads 2000020 ...
2097102 [main] INFO main.java.edu.mit.compbio.bisulfitehic.mapping.Bhmem  - Processing reads 2200000 ...
2097102 [main] INFO main.java.edu.mit.compbio.bisulfitehic.mapping.Bhmem  - Unique mapped and paired reads 2000020 ...
[M::mem_process_seqs] Processed 100001 reads in 157.035 CPU sec, 31.536 real sec
[M::mem_process_seqs] Processed 100001 reads in 159.895 CPU sec, 32.126 real sec
[M::mem_process_seqs] Processed 100001 reads in 157.592 CPU sec, 31.689 real sec
[M::mem_process_seqs] Processed 100001 reads in 164.900 CPU sec, 33.140 real sec
2264234 [main] INFO main.java.edu.mit.compbio.bisulfitehic.mapping.Bhmem  - Processing reads 2300000 ...
2264235 [main] INFO main.java.edu.mit.compbio.bisulfitehic.mapping.Bhmem  - Unique mapped and paired reads 2200022 ...
2283569 [main] INFO main.java.edu.mit.compbio.bisulfitehic.mapping.Bhmem  - Processing reads 2400000 ...
2283570 [main] INFO main.java.edu.mit.compbio.bisulfitehic.mapping.Bhmem  - Unique mapped and paired reads 2200022 ...
[M::mem_process_seqs] Processed 100001 reads in 156.960 CPU sec, 31.557 real sec
[M::mem_process_seqs] Processed 100001 reads in 161.460 CPU sec, 32.464 real sec
[M::mem_process_seqs] Processed 100001 reads in 156.235 CPU sec, 31.431 real sec
[M::mem_process_seqs] Processed 100001 reads in 158.875 CPU sec, 31.968 real sec
2449212 [main] INFO main.java.edu.mit.compbio.bisulfitehic.mapping.Bhmem  - Processing reads 2500000 ...
2449213 [main] INFO main.java.edu.mit.compbio.bisulfitehic.mapping.Bhmem  - Unique mapped and paired reads 2400024 ...
2468133 [main] INFO main.java.edu.mit.compbio.bisulfitehic.mapping.Bhmem  - Processing reads 2600000 ...
2468134 [main] INFO main.java.edu.mit.compbio.bisulfitehic.mapping.Bhmem  - Unique mapped and paired reads 2400024 ...
[M::mem_process_seqs] Processed 100001 reads in 159.580 CPU sec, 32.047 real sec
[M::mem_process_seqs] Processed 100001 reads in 162.918 CPU sec, 32.720 real sec
[M::mem_process_seqs] Processed 100001 reads in 154.285 CPU sec, 31.031 real sec
[M::mem_process_seqs] Processed 100001 reads in 169.705 CPU sec, 34.238 real sec
2637101 [main] INFO main.java.edu.mit.compbio.bisulfitehic.mapping.Bhmem  - Processing reads 2700000 ...
2637102 [main] INFO main.java.edu.mit.compbio.bisulfitehic.mapping.Bhmem  - Unique mapped and paired reads 2600026 ...
2656429 [main] INFO main.java.edu.mit.compbio.bisulfitehic.mapping.Bhmem  - Processing reads 2800000 ...
2656429 [main] INFO main.java.edu.mit.compbio.bisulfitehic.mapping.Bhmem  - Unique mapped and paired reads 2600026 ...
[M::mem_process_seqs] Processed 100001 reads in 167.787 CPU sec, 33.837 real sec
[M::mem_process_seqs] Processed 100001 reads in 163.943 CPU sec, 32.972 real sec
[M::mem_process_seqs] Processed 100001 reads in 158.514 CPU sec, 31.895 real sec
[M::mem_process_seqs] Processed 100001 reads in 167.148 CPU sec, 33.797 real sec
2827958 [main] INFO main.java.edu.mit.compbio.bisulfitehic.mapping.Bhmem  - Processing reads 2900000 ...
2827959 [main] INFO main.java.edu.mit.compbio.bisulfitehic.mapping.Bhmem  - Unique mapped and paired reads 2800028 ...
2847274 [main] INFO main.java.edu.mit.compbio.bisulfitehic.mapping.Bhmem  - Processing reads 3000000 ...
2847275 [main] INFO main.java.edu.mit.compbio.bisulfitehic.mapping.Bhmem  - Unique mapped and paired reads 2800028 ...
[M::mem_process_seqs] Processed 100001 reads in 164.286 CPU sec, 33.046 real sec
[M::mem_process_seqs] Processed 100001 reads in 167.501 CPU sec, 33.881 real sec
[M::mem_process_seqs] Processed 100001 reads in 163.432 CPU sec, 32.886 real sec
[M::mem_process_seqs] Processed 100001 reads in 169.325 CPU sec, 34.105 real sec
3019524 [main] INFO main.java.edu.mit.compbio.bisulfitehic.mapping.Bhmem  - Processing reads 3100000 ...
3019524 [main] INFO main.java.edu.mit.compbio.bisulfitehic.mapping.Bhmem  - Unique mapped and paired reads 3000030 ...
3038356 [main] INFO main.java.edu.mit.compbio.bisulfitehic.mapping.Bhmem  - Processing reads 3200000 ...
3038356 [main] INFO main.java.edu.mit.compbio.bisulfitehic.mapping.Bhmem  - Unique mapped and paired reads 3000030 ...
[M::mem_process_seqs] Processed 100001 reads in 164.646 CPU sec, 33.118 real sec
[M::mem_process_seqs] Processed 100001 reads in 160.219 CPU sec, 32.326 real sec
[M::mem_process_seqs] Processed 100001 reads in 165.990 CPU sec, 33.467 real sec
[M::mem_process_seqs] Processed 100001 reads in 170.321 CPU sec, 34.299 real sec
3210469 [main] INFO main.java.edu.mit.compbio.bisulfitehic.mapping.Bhmem  - Processing reads 3300000 ...
3210469 [main] INFO main.java.edu.mit.compbio.bisulfitehic.mapping.Bhmem  - Unique mapped and paired reads 3200032 ...
3229806 [main] INFO main.java.edu.mit.compbio.bisulfitehic.mapping.Bhmem  - Processing reads 3400000 ...
3229807 [main] INFO main.java.edu.mit.compbio.bisulfitehic.mapping.Bhmem  - Unique mapped and paired reads 3200032 ...
[M::mem_process_seqs] Processed 100001 reads in 167.241 CPU sec, 33.605 real sec
[M::mem_process_seqs] Processed 100001 reads in 164.413 CPU sec, 33.084 real sec
[M::mem_process_seqs] Processed 100001 reads in 162.549 CPU sec, 32.692 real sec
[M::mem_process_seqs] Processed 100001 reads in 176.131 CPU sec, 35.416 real sec
3404431 [main] INFO main.java.edu.mit.compbio.bisulfitehic.mapping.Bhmem  - Processing reads 3500000 ...
3404431 [main] INFO main.java.edu.mit.compbio.bisulfitehic.mapping.Bhmem  - Unique mapped and paired reads 3400034 ...
3424266 [main] INFO main.java.edu.mit.compbio.bisulfitehic.mapping.Bhmem  - Processing reads 3600000 ...
3424267 [main] INFO main.java.edu.mit.compbio.bisulfitehic.mapping.Bhmem  - Unique mapped and paired reads 3400034 ...
[M::mem_process_seqs] Processed 100001 reads in 168.023 CPU sec, 33.756 real sec
[M::mem_process_seqs] Processed 100001 reads in 186.247 CPU sec, 37.492 real sec
[M::mem_process_seqs] Processed 100001 reads in 160.566 CPU sec, 32.256 real sec
[M::mem_process_seqs] Processed 100001 reads in 165.055 CPU sec, 33.300 real sec
3600544 [main] INFO main.java.edu.mit.compbio.bisulfitehic.mapping.Bhmem  - Processing reads 3700000 ...
3600545 [main] INFO main.java.edu.mit.compbio.bisulfitehic.mapping.Bhmem  - Unique mapped and paired reads 3600036 ...
3619359 [main] INFO main.java.edu.mit.compbio.bisulfitehic.mapping.Bhmem  - Processing reads 3800000 ...
3619359 [main] INFO main.java.edu.mit.compbio.bisulfitehic.mapping.Bhmem  - Unique mapped and paired reads 3600036 ...
[M::mem_process_seqs] Processed 100001 reads in 167.008 CPU sec, 33.592 real sec
[M::mem_process_seqs] Processed 100001 reads in 167.216 CPU sec, 33.670 real sec
[M::mem_process_seqs] Processed 100001 reads in 159.804 CPU sec, 32.112 real sec
[M::mem_process_seqs] Processed 100001 reads in 171.767 CPU sec, 34.562 real sec
3792647 [main] INFO main.java.edu.mit.compbio.bisulfitehic.mapping.Bhmem  - Processing reads 3900000 ...
3792648 [main] INFO main.java.edu.mit.compbio.bisulfitehic.mapping.Bhmem  - Unique mapped and paired reads 3800038 ...
3811936 [main] INFO main.java.edu.mit.compbio.bisulfitehic.mapping.Bhmem  - Processing reads 4000000 ...
3811936 [main] INFO main.java.edu.mit.compbio.bisulfitehic.mapping.Bhmem  - Unique mapped and paired reads 3800038 ...
[M::mem_process_seqs] Processed 100001 reads in 171.365 CPU sec, 34.460 real sec
[M::mem_process_seqs] Processed 100001 reads in 168.169 CPU sec, 33.811 real sec
[M::mem_process_seqs] Processed 100001 reads in 160.100 CPU sec, 32.181 real sec
[M::mem_process_seqs] Processed 100001 reads in 172.671 CPU sec, 34.777 real sec
3986624 [main] INFO main.java.edu.mit.compbio.bisulfitehic.mapping.Bhmem  - Processing reads 4100000 ...
3986624 [main] INFO main.java.edu.mit.compbio.bisulfitehic.mapping.Bhmem  - Unique mapped and paired reads 4000040 ...
4006443 [main] INFO main.java.edu.mit.compbio.bisulfitehic.mapping.Bhmem  - Processing reads 4200000 ...
4006444 [main] INFO main.java.edu.mit.compbio.bisulfitehic.mapping.Bhmem  - Unique mapped and paired reads 4000040 ...
[M::mem_process_seqs] Processed 100001 reads in 166.848 CPU sec, 33.609 real sec
[M::mem_process_seqs] Processed 100001 reads in 172.165 CPU sec, 34.828 real sec
[M::mem_process_seqs] Processed 100001 reads in 168.077 CPU sec, 33.784 real sec
[M::mem_process_seqs] Processed 100001 reads in 169.109 CPU sec, 33.989 real sec
4182165 [main] INFO main.java.edu.mit.compbio.bisulfitehic.mapping.Bhmem  - Processing reads 4300000 ...
4182165 [main] INFO main.java.edu.mit.compbio.bisulfitehic.mapping.Bhmem  - Unique mapped and paired reads 4200042 ...
4202005 [main] INFO main.java.edu.mit.compbio.bisulfitehic.mapping.Bhmem  - Processing reads 4400000 ...
4202005 [main] INFO main.java.edu.mit.compbio.bisulfitehic.mapping.Bhmem  - Unique mapped and paired reads 4200042 ...
[M::mem_process_seqs] Processed 100001 reads in 169.961 CPU sec, 34.180 real sec
[M::mem_process_seqs] Processed 100001 reads in 170.563 CPU sec, 34.333 real sec
[M::mem_process_seqs] Processed 100001 reads in 170.881 CPU sec, 34.315 real sec
[M::mem_process_seqs] Processed 100001 reads in 171.587 CPU sec, 34.612 real sec
4379030 [main] INFO main.java.edu.mit.compbio.bisulfitehic.mapping.Bhmem  - Processing reads 4500000 ...
4379031 [main] INFO main.java.edu.mit.compbio.bisulfitehic.mapping.Bhmem  - Unique mapped and paired reads 4400044 ...
4398850 [main] INFO main.java.edu.mit.compbio.bisulfitehic.mapping.Bhmem  - Processing reads 4600000 ...
4398850 [main] INFO main.java.edu.mit.compbio.bisulfitehic.mapping.Bhmem  - Unique mapped and paired reads 4400044 ...
[M::mem_process_seqs] Processed 100001 reads in 172.036 CPU sec, 34.598 real sec
[M::mem_process_seqs] Processed 100001 reads in 174.223 CPU sec, 35.094 real sec
[M::mem_process_seqs] Processed 100001 reads in 173.949 CPU sec, 34.964 real sec
[M::mem_process_seqs] Processed 100001 reads in 179.154 CPU sec, 36.120 real sec
4578704 [main] INFO main.java.edu.mit.compbio.bisulfitehic.mapping.Bhmem  - Processing reads 4700000 ...
4578704 [main] INFO main.java.edu.mit.compbio.bisulfitehic.mapping.Bhmem  - Unique mapped and paired reads 4600046 ...
4598069 [main] INFO main.java.edu.mit.compbio.bisulfitehic.mapping.Bhmem  - Processing reads 4800000 ...
4598070 [main] INFO main.java.edu.mit.compbio.bisulfitehic.mapping.Bhmem  - Unique mapped and paired reads 4600046 ...
[M::mem_process_seqs] Processed 100001 reads in 174.748 CPU sec, 35.180 real sec
[M::mem_process_seqs] Processed 100001 reads in 173.315 CPU sec, 34.794 real sec
[M::mem_process_seqs] Processed 100001 reads in 164.563 CPU sec, 33.054 real sec
[M::mem_process_seqs] Processed 100001 reads in 171.396 CPU sec, 34.481 real sec
4776092 [main] INFO main.java.edu.mit.compbio.bisulfitehic.mapping.Bhmem  - Processing reads 4900000 ...
4776092 [main] INFO main.java.edu.mit.compbio.bisulfitehic.mapping.Bhmem  - Unique mapped and paired reads 4800048 ...
4795884 [main] INFO main.java.edu.mit.compbio.bisulfitehic.mapping.Bhmem  - Processing reads 5000000 ...
4795884 [main] INFO main.java.edu.mit.compbio.bisulfitehic.mapping.Bhmem  - Unique mapped and paired reads 4800048 ...
[M::mem_process_seqs] Processed 100001 reads in 166.044 CPU sec, 33.387 real sec
[M::mem_process_seqs] Processed 100001 reads in 172.744 CPU sec, 34.706 real sec
[M::mem_process_seqs] Processed 100001 reads in 165.358 CPU sec, 33.252 real sec
[M::mem_process_seqs] Processed 100001 reads in 170.611 CPU sec, 34.315 real sec
4971500 [main] INFO main.java.edu.mit.compbio.bisulfitehic.mapping.Bhmem  - Processing reads 5100000 ...
4971501 [main] INFO main.java.edu.mit.compbio.bisulfitehic.mapping.Bhmem  - Unique mapped and paired reads 5000050 ...
4991341 [main] INFO main.java.edu.mit.compbio.bisulfitehic.mapping.Bhmem  - Processing reads 5200000 ...
4991341 [main] INFO main.java.edu.mit.compbio.bisulfitehic.mapping.Bhmem  - Unique mapped and paired reads 5000050 ...
[M::mem_process_seqs] Processed 100001 reads in 168.481 CPU sec, 33.856 real sec
[M::mem_process_seqs] Processed 100001 reads in 168.921 CPU sec, 33.998 real sec
[M::mem_process_seqs] Processed 100001 reads in 162.558 CPU sec, 32.637 real sec
[M::mem_process_seqs] Processed 100001 reads in 164.975 CPU sec, 33.204 real sec
5166376 [main] INFO main.java.edu.mit.compbio.bisulfitehic.mapping.Bhmem  - Processing reads 5300000 ...
5166377 [main] INFO main.java.edu.mit.compbio.bisulfitehic.mapping.Bhmem  - Unique mapped and paired reads 5200052 ...
5186384 [main] INFO main.java.edu.mit.compbio.bisulfitehic.mapping.Bhmem  - Processing reads 5400000 ...
5186385 [main] INFO main.java.edu.mit.compbio.bisulfitehic.mapping.Bhmem  - Unique mapped and paired reads 5200052 ...
[M::mem_process_seqs] Processed 100001 reads in 165.540 CPU sec, 33.266 real sec
[M::mem_process_seqs] Processed 100001 reads in 166.445 CPU sec, 33.446 real sec
[M::mem_process_seqs] Processed 100001 reads in 166.257 CPU sec, 33.376 real sec
[M::mem_process_seqs] Processed 100001 reads in 170.106 CPU sec, 34.300 real sec
5360864 [main] INFO main.java.edu.mit.compbio.bisulfitehic.mapping.Bhmem  - Processing reads 5500000 ...
5360864 [main] INFO main.java.edu.mit.compbio.bisulfitehic.mapping.Bhmem  - Unique mapped and paired reads 5400054 ...
5380671 [main] INFO main.java.edu.mit.compbio.bisulfitehic.mapping.Bhmem  - Processing reads 5600000 ...
5380671 [main] INFO main.java.edu.mit.compbio.bisulfitehic.mapping.Bhmem  - Unique mapped and paired reads 5400054 ...
[M::mem_process_seqs] Processed 100001 reads in 168.173 CPU sec, 33.907 real sec
[M::mem_process_seqs] Processed 100001 reads in 167.680 CPU sec, 33.787 real sec
[M::mem_process_seqs] Processed 100001 reads in 172.912 CPU sec, 35.331 real sec
[M::mem_process_seqs] Processed 100001 reads in 195.566 CPU sec, 40.081 real sec
5565487 [main] INFO main.java.edu.mit.compbio.bisulfitehic.mapping.Bhmem  - Processing reads 5700000 ...
5565488 [main] INFO main.java.edu.mit.compbio.bisulfitehic.mapping.Bhmem  - Unique mapped and paired reads 5600056 ...
5585358 [main] INFO main.java.edu.mit.compbio.bisulfitehic.mapping.Bhmem  - Processing reads 5800000 ...
5585358 [main] INFO main.java.edu.mit.compbio.bisulfitehic.mapping.Bhmem  - Unique mapped and paired reads 5600056 ...
[M::mem_process_seqs] Processed 100001 reads in 143.828 CPU sec, 29.106 real sec
[M::mem_process_seqs] Processed 100001 reads in 150.827 CPU sec, 30.466 real sec
[M::mem_process_seqs] Processed 100001 reads in 138.783 CPU sec, 28.025 real sec
[M::mem_process_seqs] Processed 100001 reads in 168.761 CPU sec, 34.265 real sec
5748398 [main] INFO main.java.edu.mit.compbio.bisulfitehic.mapping.Bhmem  - Processing reads 5900000 ...
5748398 [main] INFO main.java.edu.mit.compbio.bisulfitehic.mapping.Bhmem  - Unique mapped and paired reads 5800058 ...
5767909 [main] INFO main.java.edu.mit.compbio.bisulfitehic.mapping.Bhmem  - Processing reads 6000000 ...
5767909 [main] INFO main.java.edu.mit.compbio.bisulfitehic.mapping.Bhmem  - Unique mapped and paired reads 5800058 ...
[M::mem_process_seqs] Processed 100001 reads in 173.131 CPU sec, 35.071 real sec
[M::mem_process_seqs] Processed 100001 reads in 171.606 CPU sec, 34.781 real sec
[M::mem_process_seqs] Processed 100001 reads in 181.126 CPU sec, 36.710 real sec
[M::mem_process_seqs] Processed 100001 reads in 173.055 CPU sec, 34.779 real sec
5949085 [main] INFO main.java.edu.mit.compbio.bisulfitehic.mapping.Bhmem  - Processing reads 6100000 ...
5949086 [main] INFO main.java.edu.mit.compbio.bisulfitehic.mapping.Bhmem  - Unique mapped and paired reads 6000060 ...
5968374 [main] INFO main.java.edu.mit.compbio.bisulfitehic.mapping.Bhmem  - Processing reads 6200000 ...
5968374 [main] INFO main.java.edu.mit.compbio.bisulfitehic.mapping.Bhmem  - Unique mapped and paired reads 6000060 ...
[M::mem_process_seqs] Processed 100001 reads in 167.379 CPU sec, 33.623 real sec
[M::mem_process_seqs] Processed 100001 reads in 167.176 CPU sec, 33.723 real sec
[M::mem_process_seqs] Processed 100001 reads in 175.939 CPU sec, 35.569 real sec
[M::mem_process_seqs] Processed 100001 reads in 171.056 CPU sec, 34.603 real sec
6145569 [main] INFO main.java.edu.mit.compbio.bisulfitehic.mapping.Bhmem  - Processing reads 6300000 ...
6145570 [main] INFO main.java.edu.mit.compbio.bisulfitehic.mapping.Bhmem  - Unique mapped and paired reads 6200062 ...
6165353 [main] INFO main.java.edu.mit.compbio.bisulfitehic.mapping.Bhmem  - Processing reads 6400000 ...
6165353 [main] INFO main.java.edu.mit.compbio.bisulfitehic.mapping.Bhmem  - Unique mapped and paired reads 6200062 ...
[M::mem_process_seqs] Processed 100001 reads in 174.182 CPU sec, 35.104 real sec
[M::mem_process_seqs] Processed 100001 reads in 173.895 CPU sec, 34.980 real sec
[M::mem_process_seqs] Processed 100001 reads in 159.972 CPU sec, 32.189 real sec
[M::mem_process_seqs] Processed 100001 reads in 174.005 CPU sec, 35.097 real sec
6342153 [main] INFO main.java.edu.mit.compbio.bisulfitehic.mapping.Bhmem  - Processing reads 6500000 ...
6342154 [main] INFO main.java.edu.mit.compbio.bisulfitehic.mapping.Bhmem  - Unique mapped and paired reads 6400064 ...
6361395 [main] INFO main.java.edu.mit.compbio.bisulfitehic.mapping.Bhmem  - Processing reads 6600000 ...
6361395 [main] INFO main.java.edu.mit.compbio.bisulfitehic.mapping.Bhmem  - Unique mapped and paired reads 6400064 ...
[M::mem_process_seqs] Processed 100001 reads in 181.592 CPU sec, 36.598 real sec
[M::mem_process_seqs] Processed 100001 reads in 172.477 CPU sec, 34.788 real sec
[M::mem_process_seqs] Processed 100001 reads in 167.652 CPU sec, 33.681 real sec
[M::mem_process_seqs] Processed 100001 reads in 170.721 CPU sec, 34.346 real sec
6540452 [main] INFO main.java.edu.mit.compbio.bisulfitehic.mapping.Bhmem  - Processing reads 6700000 ...
6540452 [main] INFO main.java.edu.mit.compbio.bisulfitehic.mapping.Bhmem  - Unique mapped and paired reads 6600066 ...
6560688 [main] INFO main.java.edu.mit.compbio.bisulfitehic.mapping.Bhmem  - Processing reads 6800000 ...
6560688 [main] INFO main.java.edu.mit.compbio.bisulfitehic.mapping.Bhmem  - Unique mapped and paired reads 6600066 ...
[M::mem_process_seqs] Processed 100001 reads in 161.175 CPU sec, 32.368 real sec
[M::mem_process_seqs] Processed 100001 reads in 172.683 CPU sec, 34.674 real sec
[M::mem_process_seqs] Processed 100001 reads in 174.481 CPU sec, 35.135 real sec
[M::mem_process_seqs] Processed 100001 reads in 183.088 CPU sec, 36.889 real sec
6739286 [main] INFO main.java.edu.mit.compbio.bisulfitehic.mapping.Bhmem  - Processing reads 6900000 ...
6739287 [main] INFO main.java.edu.mit.compbio.bisulfitehic.mapping.Bhmem  - Unique mapped and paired reads 6800068 ...
6758644 [main] INFO main.java.edu.mit.compbio.bisulfitehic.mapping.Bhmem  - Processing reads 7000000 ...
6758644 [main] INFO main.java.edu.mit.compbio.bisulfitehic.mapping.Bhmem  - Unique mapped and paired reads 6800068 ...
[M::mem_process_seqs] Processed 100001 reads in 161.535 CPU sec, 32.545 real sec
[M::mem_process_seqs] Processed 100001 reads in 204.982 CPU sec, 41.301 real sec
[M::mem_process_seqs] Processed 100001 reads in 184.481 CPU sec, 37.130 real sec
[M::mem_process_seqs] Processed 100001 reads in 186.373 CPU sec, 37.575 real sec
6947897 [main] INFO main.java.edu.mit.compbio.bisulfitehic.mapping.Bhmem  - Processing reads 7100000 ...
6947897 [main] INFO main.java.edu.mit.compbio.bisulfitehic.mapping.Bhmem  - Unique mapped and paired reads 7000070 ...
6967622 [main] INFO main.java.edu.mit.compbio.bisulfitehic.mapping.Bhmem  - Processing reads 7200000 ...
6967622 [main] INFO main.java.edu.mit.compbio.bisulfitehic.mapping.Bhmem  - Unique mapped and paired reads 7000070 ...
[M::mem_process_seqs] Processed 100001 reads in 164.003 CPU sec, 33.001 real sec
[M::mem_process_seqs] Processed 100001 reads in 147.070 CPU sec, 29.599 real sec
[M::mem_process_seqs] Processed 100001 reads in 162.865 CPU sec, 32.707 real sec
[M::mem_process_seqs] Processed 100001 reads in 163.719 CPU sec, 33.007 real sec
7135538 [main] INFO main.java.edu.mit.compbio.bisulfitehic.mapping.Bhmem  - Processing reads 7300000 ...
7135538 [main] INFO main.java.edu.mit.compbio.bisulfitehic.mapping.Bhmem  - Unique mapped and paired reads 7200072 ...
7154990 [main] INFO main.java.edu.mit.compbio.bisulfitehic.mapping.Bhmem  - Processing reads 7400000 ...
7154990 [main] INFO main.java.edu.mit.compbio.bisulfitehic.mapping.Bhmem  - Unique mapped and paired reads 7200072 ...
[M::mem_process_seqs] Processed 100001 reads in 166.385 CPU sec, 33.612 real sec
[M::mem_process_seqs] Processed 100001 reads in 158.974 CPU sec, 31.995 real sec
[M::mem_process_seqs] Processed 100001 reads in 175.033 CPU sec, 35.214 real sec
[M::mem_process_seqs] Processed 100001 reads in 160.663 CPU sec, 32.332 real sec
7328743 [main] INFO main.java.edu.mit.compbio.bisulfitehic.mapping.Bhmem  - Processing reads 7500000 ...
7328743 [main] INFO main.java.edu.mit.compbio.bisulfitehic.mapping.Bhmem  - Unique mapped and paired reads 7400074 ...
7348161 [main] INFO main.java.edu.mit.compbio.bisulfitehic.mapping.Bhmem  - Processing reads 7600000 ...
7348161 [main] INFO main.java.edu.mit.compbio.bisulfitehic.mapping.Bhmem  - Unique mapped and paired reads 7400074 ...
[M::mem_process_seqs] Processed 100001 reads in 168.611 CPU sec, 33.939 real sec
[M::mem_process_seqs] Processed 100001 reads in 158.851 CPU sec, 32.013 real sec
[M::mem_process_seqs] Processed 100001 reads in 171.972 CPU sec, 34.546 real sec
[M::mem_process_seqs] Processed 100001 reads in 163.044 CPU sec, 32.872 real sec
7522908 [main] INFO main.java.edu.mit.compbio.bisulfitehic.mapping.Bhmem  - Processing reads 7700000 ...
7522908 [main] INFO main.java.edu.mit.compbio.bisulfitehic.mapping.Bhmem  - Unique mapped and paired reads 7600076 ...
7543251 [main] INFO main.java.edu.mit.compbio.bisulfitehic.mapping.Bhmem  - Processing reads 7800000 ...
7543252 [main] INFO main.java.edu.mit.compbio.bisulfitehic.mapping.Bhmem  - Unique mapped and paired reads 7600076 ...
[M::mem_process_seqs] Processed 100001 reads in 166.735 CPU sec, 33.506 real sec
[M::mem_process_seqs] Processed 100001 reads in 156.466 CPU sec, 31.540 real sec
[M::mem_process_seqs] Processed 100001 reads in 169.599 CPU sec, 34.124 real sec
[M::mem_process_seqs] Processed 100001 reads in 160.200 CPU sec, 32.212 real sec
7715346 [main] INFO main.java.edu.mit.compbio.bisulfitehic.mapping.Bhmem  - Processing reads 7900000 ...
7715346 [main] INFO main.java.edu.mit.compbio.bisulfitehic.mapping.Bhmem  - Unique mapped and paired reads 7800078 ...
7735436 [main] INFO main.java.edu.mit.compbio.bisulfitehic.mapping.Bhmem  - Processing reads 8000000 ...
7735436 [main] INFO main.java.edu.mit.compbio.bisulfitehic.mapping.Bhmem  - Unique mapped and paired reads 7800078 ...
[M::mem_process_seqs] Processed 100001 reads in 162.693 CPU sec, 32.742 real sec
[M::mem_process_seqs] Processed 100001 reads in 163.846 CPU sec, 33.009 real sec
[M::mem_process_seqs] Processed 100001 reads in 177.235 CPU sec, 35.596 real sec
[M::mem_process_seqs] Processed 100001 reads in 163.294 CPU sec, 32.931 real sec
7909256 [main] INFO main.java.edu.mit.compbio.bisulfitehic.mapping.Bhmem  - Processing reads 8100000 ...
7909257 [main] INFO main.java.edu.mit.compbio.bisulfitehic.mapping.Bhmem  - Unique mapped and paired reads 8000080 ...
7929104 [main] INFO main.java.edu.mit.compbio.bisulfitehic.mapping.Bhmem  - Processing reads 8200000 ...
7929105 [main] INFO main.java.edu.mit.compbio.bisulfitehic.mapping.Bhmem  - Unique mapped and paired reads 8000080 ...
[M::mem_process_seqs] Processed 100001 reads in 176.472 CPU sec, 35.590 real sec
[M::mem_process_seqs] Processed 100001 reads in 170.692 CPU sec, 34.568 real sec
[M::mem_process_seqs] Processed 100001 reads in 163.571 CPU sec, 32.865 real sec
[M::mem_process_seqs] Processed 100001 reads in 161.044 CPU sec, 32.483 real sec
8105315 [main] INFO main.java.edu.mit.compbio.bisulfitehic.mapping.Bhmem  - Processing reads 8300000 ...
8105316 [main] INFO main.java.edu.mit.compbio.bisulfitehic.mapping.Bhmem  - Unique mapped and paired reads 8200082 ...
8125042 [main] INFO main.java.edu.mit.compbio.bisulfitehic.mapping.Bhmem  - Processing reads 8400000 ...
8125043 [main] INFO main.java.edu.mit.compbio.bisulfitehic.mapping.Bhmem  - Unique mapped and paired reads 8200082 ...
[M::mem_process_seqs] Processed 100001 reads in 165.074 CPU sec, 33.182 real sec
[M::mem_process_seqs] Processed 100001 reads in 153.568 CPU sec, 30.906 real sec
[M::mem_process_seqs] Processed 100001 reads in 168.173 CPU sec, 33.878 real sec
[M::mem_process_seqs] Processed 100001 reads in 156.695 CPU sec, 31.500 real sec
8294236 [main] INFO main.java.edu.mit.compbio.bisulfitehic.mapping.Bhmem  - Processing reads 8500000 ...
8294237 [main] INFO main.java.edu.mit.compbio.bisulfitehic.mapping.Bhmem  - Unique mapped and paired reads 8400084 ...
8313699 [main] INFO main.java.edu.mit.compbio.bisulfitehic.mapping.Bhmem  - Processing reads 8600000 ...
8313699 [main] INFO main.java.edu.mit.compbio.bisulfitehic.mapping.Bhmem  - Unique mapped and paired reads 8400084 ...
[M::mem_process_seqs] Processed 100001 reads in 169.640 CPU sec, 34.255 real sec
[M::mem_process_seqs] Processed 100001 reads in 161.891 CPU sec, 32.646 real sec
[M::mem_process_seqs] Processed 100001 reads in 175.539 CPU sec, 35.367 real sec
[M::mem_process_seqs] Processed 100001 reads in 169.462 CPU sec, 34.246 real sec
8490558 [main] INFO main.java.edu.mit.compbio.bisulfitehic.mapping.Bhmem  - Processing reads 8700000 ...
8490558 [main] INFO main.java.edu.mit.compbio.bisulfitehic.mapping.Bhmem  - Unique mapped and paired reads 8600086 ...
8510320 [main] INFO main.java.edu.mit.compbio.bisulfitehic.mapping.Bhmem  - Processing reads 8800000 ...
8510320 [main] INFO main.java.edu.mit.compbio.bisulfitehic.mapping.Bhmem  - Unique mapped and paired reads 8600086 ...
[M::mem_process_seqs] Processed 100001 reads in 162.412 CPU sec, 32.621 real sec
[M::mem_process_seqs] Processed 100001 reads in 145.947 CPU sec, 29.377 real sec
[M::mem_process_seqs] Processed 100001 reads in 162.969 CPU sec, 32.830 real sec
[M::mem_process_seqs] Processed 100001 reads in 155.172 CPU sec, 31.344 real sec
8675070 [main] INFO main.java.edu.mit.compbio.bisulfitehic.mapping.Bhmem  - Processing reads 8900000 ...
8675070 [main] INFO main.java.edu.mit.compbio.bisulfitehic.mapping.Bhmem  - Unique mapped and paired reads 8800088 ...
8694082 [main] INFO main.java.edu.mit.compbio.bisulfitehic.mapping.Bhmem  - Processing reads 9000000 ...
8694082 [main] INFO main.java.edu.mit.compbio.bisulfitehic.mapping.Bhmem  - Unique mapped and paired reads 8800088 ...
[M::mem_process_seqs] Processed 100001 reads in 145.507 CPU sec, 29.278 real sec
[M::mem_process_seqs] Processed 100001 reads in 148.300 CPU sec, 29.830 real sec
[M::mem_process_seqs] Processed 100001 reads in 144.771 CPU sec, 29.126 real sec
[M::mem_process_seqs] Processed 100001 reads in 139.920 CPU sec, 28.125 real sec
8848988 [main] INFO main.java.edu.mit.compbio.bisulfitehic.mapping.Bhmem  - Processing reads 9100000 ...
8848988 [main] INFO main.java.edu.mit.compbio.bisulfitehic.mapping.Bhmem  - Unique mapped and paired reads 9000090 ...
8868092 [main] INFO main.java.edu.mit.compbio.bisulfitehic.mapping.Bhmem  - Processing reads 9200000 ...
8868092 [main] INFO main.java.edu.mit.compbio.bisulfitehic.mapping.Bhmem  - Unique mapped and paired reads 9000090 ...
[M::mem_process_seqs] Processed 100001 reads in 154.889 CPU sec, 31.192 real sec
[M::mem_process_seqs] Processed 100001 reads in 150.035 CPU sec, 30.144 real sec
[M::mem_process_seqs] Processed 100001 reads in 139.553 CPU sec, 28.056 real sec
[M::mem_process_seqs] Processed 100001 reads in 137.237 CPU sec, 27.600 real sec
9023848 [main] INFO main.java.edu.mit.compbio.bisulfitehic.mapping.Bhmem  - Processing reads 9300000 ...
9023849 [main] INFO main.java.edu.mit.compbio.bisulfitehic.mapping.Bhmem  - Unique mapped and paired reads 9200092 ...
9042714 [main] INFO main.java.edu.mit.compbio.bisulfitehic.mapping.Bhmem  - Processing reads 9400000 ...
9042715 [main] INFO main.java.edu.mit.compbio.bisulfitehic.mapping.Bhmem  - Unique mapped and paired reads 9200092 ...
[M::mem_process_seqs] Processed 100001 reads in 139.980 CPU sec, 28.115 real sec
[M::mem_process_seqs] Processed 100001 reads in 148.011 CPU sec, 29.830 real sec
[M::mem_process_seqs] Processed 100001 reads in 151.986 CPU sec, 30.638 real sec
[M::mem_process_seqs] Processed 100001 reads in 157.937 CPU sec, 31.822 real sec
9202091 [main] INFO main.java.edu.mit.compbio.bisulfitehic.mapping.Bhmem  - Processing reads 9500000 ...
9202091 [main] INFO main.java.edu.mit.compbio.bisulfitehic.mapping.Bhmem  - Unique mapped and paired reads 9400094 ...
9221551 [main] INFO main.java.edu.mit.compbio.bisulfitehic.mapping.Bhmem  - Processing reads 9600000 ...
9221551 [main] INFO main.java.edu.mit.compbio.bisulfitehic.mapping.Bhmem  - Unique mapped and paired reads 9400094 ...
[M::mem_process_seqs] Processed 100001 reads in 160.411 CPU sec, 32.362 real sec
[M::mem_process_seqs] Processed 100001 reads in 160.023 CPU sec, 32.328 real sec
[M::mem_process_seqs] Processed 100001 reads in 161.252 CPU sec, 32.383 real sec
[M::mem_process_seqs] Processed 100001 reads in 155.575 CPU sec, 31.367 real sec
9388348 [main] INFO main.java.edu.mit.compbio.bisulfitehic.mapping.Bhmem  - Processing reads 9700000 ...
9388349 [main] INFO main.java.edu.mit.compbio.bisulfitehic.mapping.Bhmem  - Unique mapped and paired reads 9600096 ...
9407163 [main] INFO main.java.edu.mit.compbio.bisulfitehic.mapping.Bhmem  - Processing reads 9800000 ...
9407163 [main] INFO main.java.edu.mit.compbio.bisulfitehic.mapping.Bhmem  - Unique mapped and paired reads 9600096 ...
[M::mem_process_seqs] Processed 100001 reads in 159.919 CPU sec, 32.356 real sec
[M::mem_process_seqs] Processed 100001 reads in 145.468 CPU sec, 29.337 real sec
[M::mem_process_seqs] Processed 100001 reads in 140.332 CPU sec, 28.214 real sec
[M::mem_process_seqs] Processed 100001 reads in 131.729 CPU sec, 26.506 real sec
9562048 [main] INFO main.java.edu.mit.compbio.bisulfitehic.mapping.Bhmem  - Processing reads 9900000 ...
9562048 [main] INFO main.java.edu.mit.compbio.bisulfitehic.mapping.Bhmem  - Unique mapped and paired reads 9800098 ...
9580871 [main] INFO main.java.edu.mit.compbio.bisulfitehic.mapping.Bhmem  - Processing reads 10000000 ...
9580871 [main] INFO main.java.edu.mit.compbio.bisulfitehic.mapping.Bhmem  - Unique mapped and paired reads 9800098 ...
[M::mem_process_seqs] Processed 100001 reads in 153.185 CPU sec, 31.024 real sec
[M::mem_process_seqs] Processed 100001 reads in 190.645 CPU sec, 38.491 real sec
[M::mem_process_seqs] Processed 100001 reads in 170.270 CPU sec, 34.294 real sec
[M::mem_process_seqs] Processed 100001 reads in 196.388 CPU sec, 39.524 real sec
9770250 [main] INFO main.java.edu.mit.compbio.bisulfitehic.mapping.Bhmem  - Processing reads 10100000 ...
9770250 [main] INFO main.java.edu.mit.compbio.bisulfitehic.mapping.Bhmem  - Unique mapped and paired reads 10000100 ...
9790490 [main] INFO main.java.edu.mit.compbio.bisulfitehic.mapping.Bhmem  - Processing reads 10200000 ...
9790496 [main] INFO main.java.edu.mit.compbio.bisulfitehic.mapping.Bhmem  - Unique mapped and paired reads 10000100 ...
[M::mem_process_seqs] Processed 100001 reads in 175.829 CPU sec, 35.610 real sec
[M::mem_process_seqs] Processed 100001 reads in 192.100 CPU sec, 38.993 real sec
[M::mem_process_seqs] Processed 100001 reads in 185.714 CPU sec, 37.500 real sec
[M::mem_process_seqs] Processed 100001 reads in 207.277 CPU sec, 41.943 real sec
9996839 [main] INFO main.java.edu.mit.compbio.bisulfitehic.mapping.Bhmem  - Processing reads 10300000 ...
9996839 [main] INFO main.java.edu.mit.compbio.bisulfitehic.mapping.Bhmem  - Unique mapped and paired reads 10200102 ...
10016628 [main] INFO main.java.edu.mit.compbio.bisulfitehic.mapping.Bhmem  - Processing reads 10400000 ...
10016628 [main] INFO main.java.edu.mit.compbio.bisulfitehic.mapping.Bhmem  - Unique mapped and paired reads 10200102 ...
[M::mem_process_seqs] Processed 100001 reads in 206.214 CPU sec, 41.474 real sec
[M::mem_process_seqs] Processed 100001 reads in 195.408 CPU sec, 39.326 real sec
[M::mem_process_seqs] Processed 100001 reads in 192.847 CPU sec, 38.867 real sec
[M::mem_process_seqs] Processed 100001 reads in 195.853 CPU sec, 39.326 real sec
10221604 [main] INFO main.java.edu.mit.compbio.bisulfitehic.mapping.Bhmem  - Processing reads 10500000 ...
10221604 [main] INFO main.java.edu.mit.compbio.bisulfitehic.mapping.Bhmem  - Unique mapped and paired reads 10400104 ...
10241378 [main] INFO main.java.edu.mit.compbio.bisulfitehic.mapping.Bhmem  - Processing reads 10600000 ...
10241378 [main] INFO main.java.edu.mit.compbio.bisulfitehic.mapping.Bhmem  - Unique mapped and paired reads 10400104 ...
[M::mem_process_seqs] Processed 100001 reads in 201.072 CPU sec, 40.610 real sec
[M::mem_process_seqs] Processed 100001 reads in 214.546 CPU sec, 43.346 real sec
[M::mem_process_seqs] Processed 100001 reads in 193.301 CPU sec, 38.981 real sec
[M::mem_process_seqs] Processed 100001 reads in 183.705 CPU sec, 37.412 real sec
10456791 [main] INFO main.java.edu.mit.compbio.bisulfitehic.mapping.Bhmem  - Processing reads 10700000 ...
10456792 [main] INFO main.java.edu.mit.compbio.bisulfitehic.mapping.Bhmem  - Unique mapped and paired reads 10600106 ...
10477467 [main] INFO main.java.edu.mit.compbio.bisulfitehic.mapping.Bhmem  - Processing reads 10800000 ...
10477468 [main] INFO main.java.edu.mit.compbio.bisulfitehic.mapping.Bhmem  - Unique mapped and paired reads 10600106 ...
[M::mem_process_seqs] Processed 100001 reads in 205.825 CPU sec, 41.550 real sec
[M::mem_process_seqs] Processed 100001 reads in 196.828 CPU sec, 39.609 real sec
[M::mem_process_seqs] Processed 100001 reads in 190.977 CPU sec, 38.716 real sec
[M::mem_process_seqs] Processed 100001 reads in 169.841 CPU sec, 34.173 real sec
10671751 [main] INFO main.java.edu.mit.compbio.bisulfitehic.mapping.Bhmem  - Processing reads 10900000 ...
10671751 [main] INFO main.java.edu.mit.compbio.bisulfitehic.mapping.Bhmem  - Unique mapped and paired reads 10800108 ...
10691532 [main] INFO main.java.edu.mit.compbio.bisulfitehic.mapping.Bhmem  - Processing reads 11000000 ...
10691532 [main] INFO main.java.edu.mit.compbio.bisulfitehic.mapping.Bhmem  - Unique mapped and paired reads 10800108 ...
[M::mem_process_seqs] Processed 100001 reads in 168.136 CPU sec, 33.828 real sec
[M::mem_process_seqs] Processed 100001 reads in 170.674 CPU sec, 34.393 real sec
[M::mem_process_seqs] Processed 100001 reads in 172.990 CPU sec, 34.802 real sec
[M::mem_process_seqs] Processed 100001 reads in 172.980 CPU sec, 34.759 real sec
10869310 [main] INFO main.java.edu.mit.compbio.bisulfitehic.mapping.Bhmem  - Processing reads 11100000 ...
10869311 [main] INFO main.java.edu.mit.compbio.bisulfitehic.mapping.Bhmem  - Unique mapped and paired reads 11000110 ...
10888889 [main] INFO main.java.edu.mit.compbio.bisulfitehic.mapping.Bhmem  - Processing reads 11200000 ...
10888890 [main] INFO main.java.edu.mit.compbio.bisulfitehic.mapping.Bhmem  - Unique mapped and paired reads 11000110 ...
[M::mem_process_seqs] Processed 100001 reads in 162.178 CPU sec, 32.627 real sec
[M::mem_process_seqs] Processed 100001 reads in 168.078 CPU sec, 33.770 real sec
[M::mem_process_seqs] Processed 100001 reads in 162.450 CPU sec, 32.602 real sec
[M::mem_process_seqs] Processed 100001 reads in 168.244 CPU sec, 33.789 real sec
11061285 [main] INFO main.java.edu.mit.compbio.bisulfitehic.mapping.Bhmem  - Processing reads 11300000 ...
11061285 [main] INFO main.java.edu.mit.compbio.bisulfitehic.mapping.Bhmem  - Unique mapped and paired reads 11200112 ...
11080566 [main] INFO main.java.edu.mit.compbio.bisulfitehic.mapping.Bhmem  - Processing reads 11400000 ...
11080566 [main] INFO main.java.edu.mit.compbio.bisulfitehic.mapping.Bhmem  - Unique mapped and paired reads 11200112 ...
[M::mem_process_seqs] Processed 100001 reads in 156.675 CPU sec, 31.557 real sec
[M::mem_process_seqs] Processed 100001 reads in 167.615 CPU sec, 33.698 real sec
[M::mem_process_seqs] Processed 100001 reads in 168.378 CPU sec, 34.227 real sec
[M::mem_process_seqs] Processed 100001 reads in 171.386 CPU sec, 34.393 real sec
11254587 [main] INFO main.java.edu.mit.compbio.bisulfitehic.mapping.Bhmem  - Processing reads 11500000 ...
11254587 [main] INFO main.java.edu.mit.compbio.bisulfitehic.mapping.Bhmem  - Unique mapped and paired reads 11400114 ...
11274561 [main] INFO main.java.edu.mit.compbio.bisulfitehic.mapping.Bhmem  - Processing reads 11600000 ...
11274561 [main] INFO main.java.edu.mit.compbio.bisulfitehic.mapping.Bhmem  - Unique mapped and paired reads 11400114 ...
[M::mem_process_seqs] Processed 100001 reads in 163.353 CPU sec, 32.938 real sec
[M::mem_process_seqs] Processed 100001 reads in 171.122 CPU sec, 34.378 real sec
[M::mem_process_seqs] Processed 100001 reads in 161.015 CPU sec, 32.367 real sec
[M::mem_process_seqs] Processed 100001 reads in 167.604 CPU sec, 33.684 real sec
11449920 [main] INFO main.java.edu.mit.compbio.bisulfitehic.mapping.Bhmem  - Processing reads 11700000 ...
11449920 [main] INFO main.java.edu.mit.compbio.bisulfitehic.mapping.Bhmem  - Unique mapped and paired reads 11600116 ...
11470315 [main] INFO main.java.edu.mit.compbio.bisulfitehic.mapping.Bhmem  - Processing reads 11800000 ...
11470315 [main] INFO main.java.edu.mit.compbio.bisulfitehic.mapping.Bhmem  - Unique mapped and paired reads 11600116 ...
[M::mem_process_seqs] Processed 100001 reads in 160.335 CPU sec, 32.199 real sec
[M::mem_process_seqs] Processed 100001 reads in 169.544 CPU sec, 34.167 real sec
[M::mem_process_seqs] Processed 100001 reads in 162.709 CPU sec, 32.985 real sec
[M::mem_process_seqs] Processed 100001 reads in 167.785 CPU sec, 33.898 real sec
11644658 [main] INFO main.java.edu.mit.compbio.bisulfitehic.mapping.Bhmem  - Processing reads 11900000 ...
11644658 [main] INFO main.java.edu.mit.compbio.bisulfitehic.mapping.Bhmem  - Unique mapped and paired reads 11800118 ...
11664995 [main] INFO main.java.edu.mit.compbio.bisulfitehic.mapping.Bhmem  - Processing reads 12000000 ...
11664995 [main] INFO main.java.edu.mit.compbio.bisulfitehic.mapping.Bhmem  - Unique mapped and paired reads 11800118 ...
[M::mem_process_seqs] Processed 100001 reads in 162.142 CPU sec, 32.705 real sec
[M::mem_process_seqs] Processed 100001 reads in 167.814 CPU sec, 33.697 real sec
[M::mem_process_seqs] Processed 100001 reads in 168.566 CPU sec, 33.843 real sec
[M::mem_process_seqs] Processed 100001 reads in 171.766 CPU sec, 34.498 real sec
11840262 [main] INFO main.java.edu.mit.compbio.bisulfitehic.mapping.Bhmem  - Processing reads 12100000 ...
11840263 [main] INFO main.java.edu.mit.compbio.bisulfitehic.mapping.Bhmem  - Unique mapped and paired reads 12000120 ...
11860603 [main] INFO main.java.edu.mit.compbio.bisulfitehic.mapping.Bhmem  - Processing reads 12200000 ...
11860604 [main] INFO main.java.edu.mit.compbio.bisulfitehic.mapping.Bhmem  - Unique mapped and paired reads 12000120 ...
[M::mem_process_seqs] Processed 100001 reads in 160.258 CPU sec, 32.222 real sec
[M::mem_process_seqs] Processed 100001 reads in 170.571 CPU sec, 34.356 real sec
[M::mem_process_seqs] Processed 100001 reads in 168.568 CPU sec, 33.871 real sec
[M::mem_process_seqs] Processed 100001 reads in 174.991 CPU sec, 35.162 real sec
12034917 [main] INFO main.java.edu.mit.compbio.bisulfitehic.mapping.Bhmem  - Processing reads 12300000 ...
12034917 [main] INFO main.java.edu.mit.compbio.bisulfitehic.mapping.Bhmem  - Unique mapped and paired reads 12200122 ...
12054082 [main] INFO main.java.edu.mit.compbio.bisulfitehic.mapping.Bhmem  - Processing reads 12400000 ...
12054082 [main] INFO main.java.edu.mit.compbio.bisulfitehic.mapping.Bhmem  - Unique mapped and paired reads 12200122 ...
[M::mem_process_seqs] Processed 100001 reads in 162.552 CPU sec, 32.884 real sec
[M::mem_process_seqs] Processed 100001 reads in 174.195 CPU sec, 35.016 real sec
[M::mem_process_seqs] Processed 100001 reads in 170.667 CPU sec, 34.354 real sec
[M::mem_process_seqs] Processed 100001 reads in 174.602 CPU sec, 35.222 real sec
12230862 [main] INFO main.java.edu.mit.compbio.bisulfitehic.mapping.Bhmem  - Processing reads 12500000 ...
12230863 [main] INFO main.java.edu.mit.compbio.bisulfitehic.mapping.Bhmem  - Unique mapped and paired reads 12400124 ...
12250652 [main] INFO main.java.edu.mit.compbio.bisulfitehic.mapping.Bhmem  - Processing reads 12600000 ...
12250652 [main] INFO main.java.edu.mit.compbio.bisulfitehic.mapping.Bhmem  - Unique mapped and paired reads 12400124 ...
[M::mem_process_seqs] Processed 100001 reads in 173.579 CPU sec, 34.903 real sec
[M::mem_process_seqs] Processed 100001 reads in 172.758 CPU sec, 34.860 real sec
[M::mem_process_seqs] Processed 100001 reads in 167.001 CPU sec, 33.681 real sec
[M::mem_process_seqs] Processed 100001 reads in 173.976 CPU sec, 35.203 real sec
12429054 [main] INFO main.java.edu.mit.compbio.bisulfitehic.mapping.Bhmem  - Processing reads 12700000 ...
12429054 [main] INFO main.java.edu.mit.compbio.bisulfitehic.mapping.Bhmem  - Unique mapped and paired reads 12600126 ...
12448660 [main] INFO main.java.edu.mit.compbio.bisulfitehic.mapping.Bhmem  - Processing reads 12800000 ...
12448660 [main] INFO main.java.edu.mit.compbio.bisulfitehic.mapping.Bhmem  - Unique mapped and paired reads 12600126 ...
[M::mem_process_seqs] Processed 100001 reads in 177.136 CPU sec, 35.636 real sec
[M::mem_process_seqs] Processed 100001 reads in 173.179 CPU sec, 34.855 real sec
[M::mem_process_seqs] Processed 100001 reads in 173.638 CPU sec, 34.959 real sec
[M::mem_process_seqs] Processed 100001 reads in 174.242 CPU sec, 35.251 real sec
12628557 [main] INFO main.java.edu.mit.compbio.bisulfitehic.mapping.Bhmem  - Processing reads 12900000 ...
12628558 [main] INFO main.java.edu.mit.compbio.bisulfitehic.mapping.Bhmem  - Unique mapped and paired reads 12800128 ...
12648126 [main] INFO main.java.edu.mit.compbio.bisulfitehic.mapping.Bhmem  - Processing reads 13000000 ...
12648126 [main] INFO main.java.edu.mit.compbio.bisulfitehic.mapping.Bhmem  - Unique mapped and paired reads 12800128 ...
[M::mem_process_seqs] Processed 100001 reads in 174.567 CPU sec, 35.124 real sec
[M::mem_process_seqs] Processed 100001 reads in 181.635 CPU sec, 36.603 real sec
[M::mem_process_seqs] Processed 100001 reads in 175.005 CPU sec, 35.211 real sec
[M::mem_process_seqs] Processed 100001 reads in 177.999 CPU sec, 35.741 real sec
12830318 [main] INFO main.java.edu.mit.compbio.bisulfitehic.mapping.Bhmem  - Processing reads 13100000 ...
12830318 [main] INFO main.java.edu.mit.compbio.bisulfitehic.mapping.Bhmem  - Unique mapped and paired reads 13000130 ...
12849923 [main] INFO main.java.edu.mit.compbio.bisulfitehic.mapping.Bhmem  - Processing reads 13200000 ...
12849923 [main] INFO main.java.edu.mit.compbio.bisulfitehic.mapping.Bhmem  - Unique mapped and paired reads 13000130 ...
[M::mem_process_seqs] Processed 100001 reads in 172.513 CPU sec, 34.707 real sec
[M::mem_process_seqs] Processed 100001 reads in 179.371 CPU sec, 36.126 real sec
[M::mem_process_seqs] Processed 100001 reads in 174.897 CPU sec, 35.371 real sec
[M::mem_process_seqs] Processed 100001 reads in 185.846 CPU sec, 37.311 real sec
13032630 [main] INFO main.java.edu.mit.compbio.bisulfitehic.mapping.Bhmem  - Processing reads 13300000 ...
13032630 [main] INFO main.java.edu.mit.compbio.bisulfitehic.mapping.Bhmem  - Unique mapped and paired reads 13200132 ...
13052010 [main] INFO main.java.edu.mit.compbio.bisulfitehic.mapping.Bhmem  - Processing reads 13400000 ...
13052010 [main] INFO main.java.edu.mit.compbio.bisulfitehic.mapping.Bhmem  - Unique mapped and paired reads 13200132 ...
[M::mem_process_seqs] Processed 100001 reads in 168.980 CPU sec, 34.024 real sec
[M::mem_process_seqs] Processed 100001 reads in 177.030 CPU sec, 35.543 real sec
[M::mem_process_seqs] Processed 100001 reads in 177.445 CPU sec, 35.664 real sec
[M::mem_process_seqs] Processed 100001 reads in 181.830 CPU sec, 36.591 real sec
13233224 [main] INFO main.java.edu.mit.compbio.bisulfitehic.mapping.Bhmem  - Processing reads 13500000 ...
13233225 [main] INFO main.java.edu.mit.compbio.bisulfitehic.mapping.Bhmem  - Unique mapped and paired reads 13400134 ...
13252459 [main] INFO main.java.edu.mit.compbio.bisulfitehic.mapping.Bhmem  - Processing reads 13600000 ...
13252459 [main] INFO main.java.edu.mit.compbio.bisulfitehic.mapping.Bhmem  - Unique mapped and paired reads 13400134 ...
[M::mem_process_seqs] Processed 100001 reads in 165.997 CPU sec, 33.563 real sec
[M::mem_process_seqs] Processed 100001 reads in 174.311 CPU sec, 35.017 real sec
[M::mem_process_seqs] Processed 100001 reads in 173.132 CPU sec, 34.868 real sec
[M::mem_process_seqs] Processed 100001 reads in 178.760 CPU sec, 35.953 real sec
[M::mem_process_seqs] Processed 29435 reads in 48.399 CPU sec, 9.736 real sec
[M::mem_process_seqs] Processed 29435 reads in 51.730 CPU sec, 10.387 real sec
[M::mem_process_seqs] Processed 29435 reads in 51.570 CPU sec, 10.372 real sec
[M::mem_process_seqs] Processed 29435 reads in 52.447 CPU sec, 10.555 real sec
13470800 [main] INFO main.java.edu.mit.compbio.bisulfitehic.mapping.Bhmem  - 13659006 reads in total
13470822 [main] INFO main.java.edu.mit.compbio.bisulfitehic.mapping.Bhmem  - Unique Mapped and paired 13659006 reads (100.00%)
13470823 [main] INFO main.java.edu.mit.compbio.bisulfitehic.mapping.Bhmem  - Bhmem's running time is: 13476.60 secs, 224.61 mins, 3.74 hours
